[2023-03-28T21:41:08.214+0000] {taskinstance.py:1084} INFO - Dependencies all met for dep_context=non-requeueable deps ti=<TaskInstance: etl_uniprot_Q9Y261.write_short_names manual__2023-03-28T21:41:00.970517+00:00 [queued]>
[2023-03-28T21:41:08.242+0000] {taskinstance.py:1084} INFO - Dependencies all met for dep_context=requeueable deps ti=<TaskInstance: etl_uniprot_Q9Y261.write_short_names manual__2023-03-28T21:41:00.970517+00:00 [queued]>
[2023-03-28T21:41:08.244+0000] {taskinstance.py:1282} INFO - 
--------------------------------------------------------------------------------
[2023-03-28T21:41:08.246+0000] {taskinstance.py:1283} INFO - Starting attempt 1 of 1
[2023-03-28T21:41:08.247+0000] {taskinstance.py:1284} INFO - 
--------------------------------------------------------------------------------
[2023-03-28T21:41:08.283+0000] {taskinstance.py:1303} INFO - Executing <Task(_PythonDecoratedOperator): write_short_names> on 2023-03-28 21:41:00.970517+00:00
[2023-03-28T21:41:08.293+0000] {standard_task_runner.py:55} INFO - Started process 19493 to run task
[2023-03-28T21:41:08.299+0000] {standard_task_runner.py:82} INFO - Running: ['***', 'tasks', 'run', 'etl_uniprot_Q9Y261', 'write_short_names', 'manual__2023-03-28T21:41:00.970517+00:00', '--job-id', '129', '--raw', '--subdir', 'DAGS_FOLDER/uniprot_Q9Y261/main.py', '--cfg-path', '/tmp/tmpvmk364wd']
[2023-03-28T21:41:08.302+0000] {standard_task_runner.py:83} INFO - Job 129: Subtask write_short_names
[2023-03-28T21:41:08.463+0000] {task_command.py:388} INFO - Running <TaskInstance: etl_uniprot_Q9Y261.write_short_names manual__2023-03-28T21:41:00.970517+00:00 [running]> on host 8482e168b99d
[2023-03-28T21:41:08.697+0000] {taskinstance.py:1511} INFO - Exporting the following env vars:
AIRFLOW_CTX_DAG_OWNER=***
AIRFLOW_CTX_DAG_ID=etl_uniprot_Q9Y261
AIRFLOW_CTX_TASK_ID=write_short_names
AIRFLOW_CTX_EXECUTION_DATE=2023-03-28T21:41:00.970517+00:00
AIRFLOW_CTX_TRY_NUMBER=1
AIRFLOW_CTX_DAG_RUN_ID=manual__2023-03-28T21:41:00.970517+00:00
[2023-03-28T21:41:08.729+0000] {python.py:177} INFO - Done. Returned value was: None
[2023-03-28T21:41:08.754+0000] {taskinstance.py:1326} INFO - Marking task as SUCCESS. dag_id=etl_uniprot_Q9Y261, task_id=write_short_names, execution_date=20230328T214100, start_date=20230328T214108, end_date=20230328T214108
[2023-03-28T21:41:08.798+0000] {local_task_job.py:212} INFO - Task exited with return code 0
[2023-03-28T21:41:08.870+0000] {taskinstance.py:2585} INFO - 0 downstream tasks scheduled from follow-on schedule check
