[2023-03-28T21:41:08.115+0000] {taskinstance.py:1084} INFO - Dependencies all met for dep_context=non-requeueable deps ti=<TaskInstance: etl_uniprot_Q9Y261.write_evidences manual__2023-03-28T21:41:00.970517+00:00 [queued]>
[2023-03-28T21:41:08.139+0000] {taskinstance.py:1084} INFO - Dependencies all met for dep_context=requeueable deps ti=<TaskInstance: etl_uniprot_Q9Y261.write_evidences manual__2023-03-28T21:41:00.970517+00:00 [queued]>
[2023-03-28T21:41:08.140+0000] {taskinstance.py:1282} INFO - 
--------------------------------------------------------------------------------
[2023-03-28T21:41:08.142+0000] {taskinstance.py:1283} INFO - Starting attempt 1 of 1
[2023-03-28T21:41:08.144+0000] {taskinstance.py:1284} INFO - 
--------------------------------------------------------------------------------
[2023-03-28T21:41:08.179+0000] {taskinstance.py:1303} INFO - Executing <Task(_PythonDecoratedOperator): write_evidences> on 2023-03-28 21:41:00.970517+00:00
[2023-03-28T21:41:08.188+0000] {standard_task_runner.py:55} INFO - Started process 19491 to run task
[2023-03-28T21:41:08.199+0000] {standard_task_runner.py:82} INFO - Running: ['***', 'tasks', 'run', 'etl_uniprot_Q9Y261', 'write_evidences', 'manual__2023-03-28T21:41:00.970517+00:00', '--job-id', '126', '--raw', '--subdir', 'DAGS_FOLDER/uniprot_Q9Y261/main.py', '--cfg-path', '/tmp/tmpzyb94507']
[2023-03-28T21:41:08.201+0000] {standard_task_runner.py:83} INFO - Job 126: Subtask write_evidences
[2023-03-28T21:41:08.386+0000] {task_command.py:388} INFO - Running <TaskInstance: etl_uniprot_Q9Y261.write_evidences manual__2023-03-28T21:41:00.970517+00:00 [running]> on host 8482e168b99d
[2023-03-28T21:41:08.606+0000] {taskinstance.py:1511} INFO - Exporting the following env vars:
AIRFLOW_CTX_DAG_OWNER=***
AIRFLOW_CTX_DAG_ID=etl_uniprot_Q9Y261
AIRFLOW_CTX_TASK_ID=write_evidences
AIRFLOW_CTX_EXECUTION_DATE=2023-03-28T21:41:00.970517+00:00
AIRFLOW_CTX_TRY_NUMBER=1
AIRFLOW_CTX_DAG_RUN_ID=manual__2023-03-28T21:41:00.970517+00:00
[2023-03-28T21:41:08.654+0000] {python.py:177} INFO - Done. Returned value was: None
[2023-03-28T21:41:08.688+0000] {taskinstance.py:1326} INFO - Marking task as SUCCESS. dag_id=etl_uniprot_Q9Y261, task_id=write_evidences, execution_date=20230328T214100, start_date=20230328T214108, end_date=20230328T214108
[2023-03-28T21:41:08.730+0000] {local_task_job.py:212} INFO - Task exited with return code 0
[2023-03-28T21:41:08.777+0000] {taskinstance.py:2585} INFO - 0 downstream tasks scheduled from follow-on schedule check
