[2023-03-28T22:28:16.052+0000] {taskinstance.py:1084} INFO - Dependencies all met for dep_context=non-requeueable deps ti=<TaskInstance: etl_uniprot_Q9Y261.write_alternate_names manual__2023-03-28T22:28:08.494448+00:00 [queued]>
[2023-03-28T22:28:16.075+0000] {taskinstance.py:1084} INFO - Dependencies all met for dep_context=requeueable deps ti=<TaskInstance: etl_uniprot_Q9Y261.write_alternate_names manual__2023-03-28T22:28:08.494448+00:00 [queued]>
[2023-03-28T22:28:16.076+0000] {taskinstance.py:1282} INFO - 
--------------------------------------------------------------------------------
[2023-03-28T22:28:16.078+0000] {taskinstance.py:1283} INFO - Starting attempt 1 of 1
[2023-03-28T22:28:16.079+0000] {taskinstance.py:1284} INFO - 
--------------------------------------------------------------------------------
[2023-03-28T22:28:16.118+0000] {taskinstance.py:1303} INFO - Executing <Task(_PythonDecoratedOperator): write_alternate_names> on 2023-03-28 22:28:08.494448+00:00
[2023-03-28T22:28:16.129+0000] {standard_task_runner.py:55} INFO - Started process 683 to run task
[2023-03-28T22:28:16.137+0000] {standard_task_runner.py:82} INFO - Running: ['***', 'tasks', 'run', 'etl_uniprot_Q9Y261', 'write_alternate_names', 'manual__2023-03-28T22:28:08.494448+00:00', '--job-id', '73', '--raw', '--subdir', 'DAGS_FOLDER/uniprot_Q9Y261/main.py', '--cfg-path', '/tmp/tmp71barpfg']
[2023-03-28T22:28:16.139+0000] {standard_task_runner.py:83} INFO - Job 73: Subtask write_alternate_names
[2023-03-28T22:28:16.311+0000] {task_command.py:388} INFO - Running <TaskInstance: etl_uniprot_Q9Y261.write_alternate_names manual__2023-03-28T22:28:08.494448+00:00 [running]> on host 147865a62ab8
[2023-03-28T22:28:16.573+0000] {taskinstance.py:1511} INFO - Exporting the following env vars:
AIRFLOW_CTX_DAG_OWNER=***
AIRFLOW_CTX_DAG_ID=etl_uniprot_Q9Y261
AIRFLOW_CTX_TASK_ID=write_alternate_names
AIRFLOW_CTX_EXECUTION_DATE=2023-03-28T22:28:08.494448+00:00
AIRFLOW_CTX_TRY_NUMBER=1
AIRFLOW_CTX_DAG_RUN_ID=manual__2023-03-28T22:28:08.494448+00:00
[2023-03-28T22:28:16.611+0000] {python.py:177} INFO - Done. Returned value was: None
[2023-03-28T22:28:16.635+0000] {taskinstance.py:1326} INFO - Marking task as SUCCESS. dag_id=etl_uniprot_Q9Y261, task_id=write_alternate_names, execution_date=20230328T222808, start_date=20230328T222816, end_date=20230328T222816
[2023-03-28T22:28:16.712+0000] {local_task_job.py:212} INFO - Task exited with return code 0
[2023-03-28T22:28:16.835+0000] {taskinstance.py:2585} INFO - 0 downstream tasks scheduled from follow-on schedule check
