[2023-03-28T23:07:33.121+0000] {taskinstance.py:1084} INFO - Dependencies all met for dep_context=non-requeueable deps ti=<TaskInstance: etl_uniprot_Q9Y261.write_accession manual__2023-03-28T23:07:29.584411+00:00 [queued]>
[2023-03-28T23:07:33.133+0000] {taskinstance.py:1084} INFO - Dependencies all met for dep_context=requeueable deps ti=<TaskInstance: etl_uniprot_Q9Y261.write_accession manual__2023-03-28T23:07:29.584411+00:00 [queued]>
[2023-03-28T23:07:33.134+0000] {taskinstance.py:1282} INFO - 
--------------------------------------------------------------------------------
[2023-03-28T23:07:33.135+0000] {taskinstance.py:1283} INFO - Starting attempt 1 of 1
[2023-03-28T23:07:33.136+0000] {taskinstance.py:1284} INFO - 
--------------------------------------------------------------------------------
[2023-03-28T23:07:33.150+0000] {taskinstance.py:1303} INFO - Executing <Task(_PythonDecoratedOperator): write_accession> on 2023-03-28 23:07:29.584411+00:00
[2023-03-28T23:07:33.156+0000] {standard_task_runner.py:55} INFO - Started process 2803 to run task
[2023-03-28T23:07:33.160+0000] {standard_task_runner.py:82} INFO - Running: ['***', 'tasks', 'run', 'etl_uniprot_Q9Y261', 'write_accession', 'manual__2023-03-28T23:07:29.584411+00:00', '--job-id', '207', '--raw', '--subdir', 'DAGS_FOLDER/uniprot_Q9Y261/main.py', '--cfg-path', '/tmp/tmpjgflog4d']
[2023-03-28T23:07:33.161+0000] {standard_task_runner.py:83} INFO - Job 207: Subtask write_accession
[2023-03-28T23:07:33.233+0000] {task_command.py:388} INFO - Running <TaskInstance: etl_uniprot_Q9Y261.write_accession manual__2023-03-28T23:07:29.584411+00:00 [running]> on host 147865a62ab8
[2023-03-28T23:07:33.374+0000] {taskinstance.py:1511} INFO - Exporting the following env vars:
AIRFLOW_CTX_DAG_OWNER=***
AIRFLOW_CTX_DAG_ID=etl_uniprot_Q9Y261
AIRFLOW_CTX_TASK_ID=write_accession
AIRFLOW_CTX_EXECUTION_DATE=2023-03-28T23:07:29.584411+00:00
AIRFLOW_CTX_TRY_NUMBER=1
AIRFLOW_CTX_DAG_RUN_ID=manual__2023-03-28T23:07:29.584411+00:00
[2023-03-28T23:07:33.391+0000] {python.py:177} INFO - Done. Returned value was: Q9Y261
[2023-03-28T23:07:33.417+0000] {taskinstance.py:1326} INFO - Marking task as SUCCESS. dag_id=etl_uniprot_Q9Y261, task_id=write_accession, execution_date=20230328T230729, start_date=20230328T230733, end_date=20230328T230733
[2023-03-28T23:07:33.452+0000] {local_task_job.py:212} INFO - Task exited with return code 0
[2023-03-28T23:07:33.492+0000] {taskinstance.py:2585} INFO - 10 downstream tasks scheduled from follow-on schedule check
