[2023-03-27T12:56:30.659+0000] {taskinstance.py:1084} INFO - Dependencies all met for dep_context=non-requeueable deps ti=<TaskInstance: etl_uniprot_Q9Y261.write_evidences scheduled__2023-03-26T00:00:00+00:00 [queued]>
[2023-03-27T12:56:30.690+0000] {taskinstance.py:1084} INFO - Dependencies all met for dep_context=requeueable deps ti=<TaskInstance: etl_uniprot_Q9Y261.write_evidences scheduled__2023-03-26T00:00:00+00:00 [queued]>
[2023-03-27T12:56:30.692+0000] {taskinstance.py:1282} INFO - 
--------------------------------------------------------------------------------
[2023-03-27T12:56:30.694+0000] {taskinstance.py:1283} INFO - Starting attempt 1 of 1
[2023-03-27T12:56:30.696+0000] {taskinstance.py:1284} INFO - 
--------------------------------------------------------------------------------
[2023-03-27T12:56:30.746+0000] {taskinstance.py:1303} INFO - Executing <Task(_PythonDecoratedOperator): write_evidences> on 2023-03-26 00:00:00+00:00
[2023-03-27T12:56:30.756+0000] {standard_task_runner.py:55} INFO - Started process 190 to run task
[2023-03-27T12:56:30.775+0000] {standard_task_runner.py:82} INFO - Running: ['***', 'tasks', 'run', 'etl_uniprot_Q9Y261', 'write_evidences', 'scheduled__2023-03-26T00:00:00+00:00', '--job-id', '8', '--raw', '--subdir', 'DAGS_FOLDER/uniprot_Q9Y261/main.py', '--cfg-path', '/tmp/tmpu12y392i']
[2023-03-27T12:56:30.778+0000] {standard_task_runner.py:83} INFO - Job 8: Subtask write_evidences
[2023-03-27T12:56:30.991+0000] {task_command.py:388} INFO - Running <TaskInstance: etl_uniprot_Q9Y261.write_evidences scheduled__2023-03-26T00:00:00+00:00 [running]> on host 5da03bdb1b9e
[2023-03-27T12:56:31.341+0000] {taskinstance.py:1511} INFO - Exporting the following env vars:
AIRFLOW_CTX_DAG_OWNER=***
AIRFLOW_CTX_DAG_ID=etl_uniprot_Q9Y261
AIRFLOW_CTX_TASK_ID=write_evidences
AIRFLOW_CTX_EXECUTION_DATE=2023-03-26T00:00:00+00:00
AIRFLOW_CTX_TRY_NUMBER=1
AIRFLOW_CTX_DAG_RUN_ID=scheduled__2023-03-26T00:00:00+00:00
[2023-03-27T12:56:32.741+0000] {python.py:177} INFO - Done. Returned value was: None
[2023-03-27T12:56:32.832+0000] {taskinstance.py:1326} INFO - Marking task as SUCCESS. dag_id=etl_uniprot_Q9Y261, task_id=write_evidences, execution_date=20230326T000000, start_date=20230327T125630, end_date=20230327T125632
[2023-03-27T12:56:32.951+0000] {local_task_job.py:212} INFO - Task exited with return code 0
[2023-03-27T12:56:33.094+0000] {taskinstance.py:2585} INFO - 0 downstream tasks scheduled from follow-on schedule check
[2023-03-27T13:04:05.535+0000] {taskinstance.py:1084} INFO - Dependencies all met for dep_context=non-requeueable deps ti=<TaskInstance: etl_uniprot_Q9Y261.write_evidences scheduled__2023-03-26T00:00:00+00:00 [queued]>
[2023-03-27T13:04:05.568+0000] {taskinstance.py:1084} INFO - Dependencies all met for dep_context=requeueable deps ti=<TaskInstance: etl_uniprot_Q9Y261.write_evidences scheduled__2023-03-26T00:00:00+00:00 [queued]>
[2023-03-27T13:04:05.569+0000] {taskinstance.py:1282} INFO - 
--------------------------------------------------------------------------------
[2023-03-27T13:04:05.570+0000] {taskinstance.py:1283} INFO - Starting attempt 1 of 1
[2023-03-27T13:04:05.571+0000] {taskinstance.py:1284} INFO - 
--------------------------------------------------------------------------------
[2023-03-27T13:04:05.610+0000] {taskinstance.py:1303} INFO - Executing <Task(_PythonDecoratedOperator): write_evidences> on 2023-03-26 00:00:00+00:00
[2023-03-27T13:04:05.621+0000] {standard_task_runner.py:55} INFO - Started process 754 to run task
[2023-03-27T13:04:05.628+0000] {standard_task_runner.py:82} INFO - Running: ['***', 'tasks', 'run', 'etl_uniprot_Q9Y261', 'write_evidences', 'scheduled__2023-03-26T00:00:00+00:00', '--job-id', '87', '--raw', '--subdir', 'DAGS_FOLDER/uniprot_Q9Y261/main.py', '--cfg-path', '/tmp/tmpqcglzcr1']
[2023-03-27T13:04:05.629+0000] {standard_task_runner.py:83} INFO - Job 87: Subtask write_evidences
[2023-03-27T13:04:05.822+0000] {task_command.py:388} INFO - Running <TaskInstance: etl_uniprot_Q9Y261.write_evidences scheduled__2023-03-26T00:00:00+00:00 [running]> on host 5da03bdb1b9e
[2023-03-27T13:04:06.061+0000] {taskinstance.py:1511} INFO - Exporting the following env vars:
AIRFLOW_CTX_DAG_OWNER=***
AIRFLOW_CTX_DAG_ID=etl_uniprot_Q9Y261
AIRFLOW_CTX_TASK_ID=write_evidences
AIRFLOW_CTX_EXECUTION_DATE=2023-03-26T00:00:00+00:00
AIRFLOW_CTX_TRY_NUMBER=1
AIRFLOW_CTX_DAG_RUN_ID=scheduled__2023-03-26T00:00:00+00:00
[2023-03-27T13:04:06.107+0000] {python.py:177} INFO - Done. Returned value was: None
[2023-03-27T13:04:06.132+0000] {taskinstance.py:1326} INFO - Marking task as SUCCESS. dag_id=etl_uniprot_Q9Y261, task_id=write_evidences, execution_date=20230326T000000, start_date=20230327T130405, end_date=20230327T130406
[2023-03-27T13:04:06.205+0000] {local_task_job.py:212} INFO - Task exited with return code 0
[2023-03-27T13:04:06.248+0000] {taskinstance.py:2585} INFO - 0 downstream tasks scheduled from follow-on schedule check
[2023-03-27T13:09:15.501+0000] {taskinstance.py:1084} INFO - Dependencies all met for dep_context=non-requeueable deps ti=<TaskInstance: etl_uniprot_Q9Y261.write_evidences scheduled__2023-03-26T00:00:00+00:00 [queued]>
[2023-03-27T13:09:15.521+0000] {taskinstance.py:1084} INFO - Dependencies all met for dep_context=requeueable deps ti=<TaskInstance: etl_uniprot_Q9Y261.write_evidences scheduled__2023-03-26T00:00:00+00:00 [queued]>
[2023-03-27T13:09:15.522+0000] {taskinstance.py:1282} INFO - 
--------------------------------------------------------------------------------
[2023-03-27T13:09:15.524+0000] {taskinstance.py:1283} INFO - Starting attempt 1 of 1
[2023-03-27T13:09:15.525+0000] {taskinstance.py:1284} INFO - 
--------------------------------------------------------------------------------
[2023-03-27T13:09:15.545+0000] {taskinstance.py:1303} INFO - Executing <Task(_PythonDecoratedOperator): write_evidences> on 2023-03-26 00:00:00+00:00
[2023-03-27T13:09:15.552+0000] {standard_task_runner.py:55} INFO - Started process 1050 to run task
[2023-03-27T13:09:15.558+0000] {standard_task_runner.py:82} INFO - Running: ['***', 'tasks', 'run', 'etl_uniprot_Q9Y261', 'write_evidences', 'scheduled__2023-03-26T00:00:00+00:00', '--job-id', '110', '--raw', '--subdir', 'DAGS_FOLDER/uniprot_Q9Y261/main.py', '--cfg-path', '/tmp/tmpc241msxl']
[2023-03-27T13:09:15.560+0000] {standard_task_runner.py:83} INFO - Job 110: Subtask write_evidences
[2023-03-27T13:09:15.674+0000] {task_command.py:388} INFO - Running <TaskInstance: etl_uniprot_Q9Y261.write_evidences scheduled__2023-03-26T00:00:00+00:00 [running]> on host 5da03bdb1b9e
[2023-03-27T13:09:15.810+0000] {taskinstance.py:1511} INFO - Exporting the following env vars:
AIRFLOW_CTX_DAG_OWNER=***
AIRFLOW_CTX_DAG_ID=etl_uniprot_Q9Y261
AIRFLOW_CTX_TASK_ID=write_evidences
AIRFLOW_CTX_EXECUTION_DATE=2023-03-26T00:00:00+00:00
AIRFLOW_CTX_TRY_NUMBER=1
AIRFLOW_CTX_DAG_RUN_ID=scheduled__2023-03-26T00:00:00+00:00
[2023-03-27T13:09:15.842+0000] {python.py:177} INFO - Done. Returned value was: None
[2023-03-27T13:09:15.860+0000] {taskinstance.py:1326} INFO - Marking task as SUCCESS. dag_id=etl_uniprot_Q9Y261, task_id=write_evidences, execution_date=20230326T000000, start_date=20230327T130915, end_date=20230327T130915
[2023-03-27T13:09:15.893+0000] {local_task_job.py:212} INFO - Task exited with return code 0
[2023-03-27T13:09:15.961+0000] {taskinstance.py:2585} INFO - 0 downstream tasks scheduled from follow-on schedule check
[2023-03-27T18:51:41.637+0000] {taskinstance.py:1084} INFO - Dependencies all met for dep_context=non-requeueable deps ti=<TaskInstance: etl_uniprot_Q9Y261.write_evidences scheduled__2023-03-26T00:00:00+00:00 [queued]>
[2023-03-27T18:51:41.657+0000] {taskinstance.py:1084} INFO - Dependencies all met for dep_context=requeueable deps ti=<TaskInstance: etl_uniprot_Q9Y261.write_evidences scheduled__2023-03-26T00:00:00+00:00 [queued]>
[2023-03-27T18:51:41.659+0000] {taskinstance.py:1282} INFO - 
--------------------------------------------------------------------------------
[2023-03-27T18:51:41.659+0000] {taskinstance.py:1283} INFO - Starting attempt 1 of 1
[2023-03-27T18:51:41.661+0000] {taskinstance.py:1284} INFO - 
--------------------------------------------------------------------------------
[2023-03-27T18:51:41.683+0000] {taskinstance.py:1303} INFO - Executing <Task(_PythonDecoratedOperator): write_evidences> on 2023-03-26 00:00:00+00:00
[2023-03-27T18:51:41.691+0000] {standard_task_runner.py:55} INFO - Started process 16206 to run task
[2023-03-27T18:51:41.696+0000] {standard_task_runner.py:82} INFO - Running: ['***', 'tasks', 'run', 'etl_uniprot_Q9Y261', 'write_evidences', 'scheduled__2023-03-26T00:00:00+00:00', '--job-id', '125', '--raw', '--subdir', 'DAGS_FOLDER/uniprot_Q9Y261/main copy.py', '--cfg-path', '/tmp/tmp9o06gwge']
[2023-03-27T18:51:41.698+0000] {standard_task_runner.py:83} INFO - Job 125: Subtask write_evidences
[2023-03-27T18:51:41.810+0000] {task_command.py:388} INFO - Running <TaskInstance: etl_uniprot_Q9Y261.write_evidences scheduled__2023-03-26T00:00:00+00:00 [running]> on host 5da03bdb1b9e
[2023-03-27T18:51:41.952+0000] {taskinstance.py:1511} INFO - Exporting the following env vars:
AIRFLOW_CTX_DAG_OWNER=***
AIRFLOW_CTX_DAG_ID=etl_uniprot_Q9Y261
AIRFLOW_CTX_TASK_ID=write_evidences
AIRFLOW_CTX_EXECUTION_DATE=2023-03-26T00:00:00+00:00
AIRFLOW_CTX_TRY_NUMBER=1
AIRFLOW_CTX_DAG_RUN_ID=scheduled__2023-03-26T00:00:00+00:00
[2023-03-27T18:51:42.012+0000] {python.py:177} INFO - Done. Returned value was: None
[2023-03-27T18:51:42.031+0000] {taskinstance.py:1326} INFO - Marking task as SUCCESS. dag_id=etl_uniprot_Q9Y261, task_id=write_evidences, execution_date=20230326T000000, start_date=20230327T185141, end_date=20230327T185142
[2023-03-27T18:51:42.069+0000] {local_task_job.py:212} INFO - Task exited with return code 0
[2023-03-27T18:51:42.098+0000] {taskinstance.py:2585} INFO - 0 downstream tasks scheduled from follow-on schedule check
[2023-03-27T20:59:31.265+0000] {taskinstance.py:1084} INFO - Dependencies all met for dep_context=non-requeueable deps ti=<TaskInstance: etl_uniprot_Q9Y261.write_evidences scheduled__2023-03-26T00:00:00+00:00 [queued]>
[2023-03-27T20:59:31.290+0000] {taskinstance.py:1084} INFO - Dependencies all met for dep_context=requeueable deps ti=<TaskInstance: etl_uniprot_Q9Y261.write_evidences scheduled__2023-03-26T00:00:00+00:00 [queued]>
[2023-03-27T20:59:31.291+0000] {taskinstance.py:1282} INFO - 
--------------------------------------------------------------------------------
[2023-03-27T20:59:31.292+0000] {taskinstance.py:1283} INFO - Starting attempt 1 of 1
[2023-03-27T20:59:31.293+0000] {taskinstance.py:1284} INFO - 
--------------------------------------------------------------------------------
[2023-03-27T20:59:31.331+0000] {taskinstance.py:1303} INFO - Executing <Task(_PythonDecoratedOperator): write_evidences> on 2023-03-26 00:00:00+00:00
[2023-03-27T20:59:31.342+0000] {standard_task_runner.py:55} INFO - Started process 823 to run task
[2023-03-27T20:59:31.347+0000] {standard_task_runner.py:82} INFO - Running: ['***', 'tasks', 'run', 'etl_uniprot_Q9Y261', 'write_evidences', 'scheduled__2023-03-26T00:00:00+00:00', '--job-id', '38', '--raw', '--subdir', 'DAGS_FOLDER/uniprot_Q9Y261/main.py', '--cfg-path', '/tmp/tmpipq_6jdy']
[2023-03-27T20:59:31.349+0000] {standard_task_runner.py:83} INFO - Job 38: Subtask write_evidences
[2023-03-27T20:59:31.473+0000] {task_command.py:388} INFO - Running <TaskInstance: etl_uniprot_Q9Y261.write_evidences scheduled__2023-03-26T00:00:00+00:00 [running]> on host 1cde6c6ea984
[2023-03-27T20:59:31.643+0000] {taskinstance.py:1511} INFO - Exporting the following env vars:
AIRFLOW_CTX_DAG_OWNER=***
AIRFLOW_CTX_DAG_ID=etl_uniprot_Q9Y261
AIRFLOW_CTX_TASK_ID=write_evidences
AIRFLOW_CTX_EXECUTION_DATE=2023-03-26T00:00:00+00:00
AIRFLOW_CTX_TRY_NUMBER=1
AIRFLOW_CTX_DAG_RUN_ID=scheduled__2023-03-26T00:00:00+00:00
[2023-03-27T20:59:31.725+0000] {python.py:177} INFO - Done. Returned value was: None
[2023-03-27T20:59:31.750+0000] {taskinstance.py:1326} INFO - Marking task as SUCCESS. dag_id=etl_uniprot_Q9Y261, task_id=write_evidences, execution_date=20230326T000000, start_date=20230327T205931, end_date=20230327T205931
[2023-03-27T20:59:31.804+0000] {local_task_job.py:212} INFO - Task exited with return code 0
[2023-03-27T20:59:31.845+0000] {taskinstance.py:2585} INFO - 0 downstream tasks scheduled from follow-on schedule check
[2023-03-27T21:35:39.851+0000] {taskinstance.py:1084} INFO - Dependencies all met for dep_context=non-requeueable deps ti=<TaskInstance: etl_uniprot_Q9Y261.write_evidences scheduled__2023-03-26T00:00:00+00:00 [queued]>
[2023-03-27T21:35:39.874+0000] {taskinstance.py:1084} INFO - Dependencies all met for dep_context=requeueable deps ti=<TaskInstance: etl_uniprot_Q9Y261.write_evidences scheduled__2023-03-26T00:00:00+00:00 [queued]>
[2023-03-27T21:35:39.875+0000] {taskinstance.py:1282} INFO - 
--------------------------------------------------------------------------------
[2023-03-27T21:35:39.877+0000] {taskinstance.py:1283} INFO - Starting attempt 1 of 1
[2023-03-27T21:35:39.878+0000] {taskinstance.py:1284} INFO - 
--------------------------------------------------------------------------------
[2023-03-27T21:35:39.907+0000] {taskinstance.py:1303} INFO - Executing <Task(_PythonDecoratedOperator): write_evidences> on 2023-03-26 00:00:00+00:00
[2023-03-27T21:35:39.915+0000] {standard_task_runner.py:55} INFO - Started process 2528 to run task
[2023-03-27T21:35:39.922+0000] {standard_task_runner.py:82} INFO - Running: ['***', 'tasks', 'run', 'etl_uniprot_Q9Y261', 'write_evidences', 'scheduled__2023-03-26T00:00:00+00:00', '--job-id', '71', '--raw', '--subdir', 'DAGS_FOLDER/uniprot_Q9Y261/main.py', '--cfg-path', '/tmp/tmpweez4_jx']
[2023-03-27T21:35:39.923+0000] {standard_task_runner.py:83} INFO - Job 71: Subtask write_evidences
[2023-03-27T21:35:40.093+0000] {task_command.py:388} INFO - Running <TaskInstance: etl_uniprot_Q9Y261.write_evidences scheduled__2023-03-26T00:00:00+00:00 [running]> on host 1cde6c6ea984
[2023-03-27T21:35:40.321+0000] {taskinstance.py:1511} INFO - Exporting the following env vars:
AIRFLOW_CTX_DAG_OWNER=***
AIRFLOW_CTX_DAG_ID=etl_uniprot_Q9Y261
AIRFLOW_CTX_TASK_ID=write_evidences
AIRFLOW_CTX_EXECUTION_DATE=2023-03-26T00:00:00+00:00
AIRFLOW_CTX_TRY_NUMBER=1
AIRFLOW_CTX_DAG_RUN_ID=scheduled__2023-03-26T00:00:00+00:00
[2023-03-27T21:35:40.356+0000] {python.py:177} INFO - Done. Returned value was: None
[2023-03-27T21:35:40.379+0000] {taskinstance.py:1326} INFO - Marking task as SUCCESS. dag_id=etl_uniprot_Q9Y261, task_id=write_evidences, execution_date=20230326T000000, start_date=20230327T213539, end_date=20230327T213540
[2023-03-27T21:35:40.456+0000] {local_task_job.py:212} INFO - Task exited with return code 0
[2023-03-27T21:35:40.485+0000] {taskinstance.py:2585} INFO - 0 downstream tasks scheduled from follow-on schedule check
