[2023-03-29T00:00:11.081+0000] {taskinstance.py:1084} INFO - Dependencies all met for dep_context=non-requeueable deps ti=<TaskInstance: etl_uniprot_Q9Y261.write_lineages_of_organisms scheduled__2023-03-28T00:00:00+00:00 [queued]>
[2023-03-29T00:00:11.101+0000] {taskinstance.py:1084} INFO - Dependencies all met for dep_context=requeueable deps ti=<TaskInstance: etl_uniprot_Q9Y261.write_lineages_of_organisms scheduled__2023-03-28T00:00:00+00:00 [queued]>
[2023-03-29T00:00:11.102+0000] {taskinstance.py:1282} INFO - 
--------------------------------------------------------------------------------
[2023-03-29T00:00:11.103+0000] {taskinstance.py:1283} INFO - Starting attempt 1 of 1
[2023-03-29T00:00:11.105+0000] {taskinstance.py:1284} INFO - 
--------------------------------------------------------------------------------
[2023-03-29T00:00:11.133+0000] {taskinstance.py:1303} INFO - Executing <Task(_PythonDecoratedOperator): write_lineages_of_organisms> on 2023-03-28 00:00:00+00:00
[2023-03-29T00:00:11.142+0000] {standard_task_runner.py:55} INFO - Started process 485 to run task
[2023-03-29T00:00:11.149+0000] {standard_task_runner.py:82} INFO - Running: ['***', 'tasks', 'run', 'etl_uniprot_Q9Y261', 'write_lineages_of_organisms', 'scheduled__2023-03-28T00:00:00+00:00', '--job-id', '30', '--raw', '--subdir', 'DAGS_FOLDER/uniprot_Q9Y261/main.py', '--cfg-path', '/tmp/tmp8b8ci_vx']
[2023-03-29T00:00:11.152+0000] {standard_task_runner.py:83} INFO - Job 30: Subtask write_lineages_of_organisms
[2023-03-29T00:00:11.306+0000] {task_command.py:388} INFO - Running <TaskInstance: etl_uniprot_Q9Y261.write_lineages_of_organisms scheduled__2023-03-28T00:00:00+00:00 [running]> on host f360a468cd4e
[2023-03-29T00:00:11.486+0000] {taskinstance.py:1511} INFO - Exporting the following env vars:
AIRFLOW_CTX_DAG_OWNER=***
AIRFLOW_CTX_DAG_ID=etl_uniprot_Q9Y261
AIRFLOW_CTX_TASK_ID=write_lineages_of_organisms
AIRFLOW_CTX_EXECUTION_DATE=2023-03-28T00:00:00+00:00
AIRFLOW_CTX_TRY_NUMBER=1
AIRFLOW_CTX_DAG_RUN_ID=scheduled__2023-03-28T00:00:00+00:00
[2023-03-29T00:00:11.757+0000] {python.py:177} INFO - Done. Returned value was: None
[2023-03-29T00:00:11.809+0000] {taskinstance.py:1326} INFO - Marking task as SUCCESS. dag_id=etl_uniprot_Q9Y261, task_id=write_lineages_of_organisms, execution_date=20230328T000000, start_date=20230329T000011, end_date=20230329T000011
[2023-03-29T00:00:11.858+0000] {local_task_job.py:212} INFO - Task exited with return code 0
[2023-03-29T00:00:11.904+0000] {taskinstance.py:2585} INFO - 0 downstream tasks scheduled from follow-on schedule check
