[2023-03-27T12:57:31.126+0000] {taskinstance.py:1084} INFO - Dependencies all met for dep_context=non-requeueable deps ti=<TaskInstance: etl_uniprot_Q9Y261.write_lineages_of_organisms manual__2023-03-27T12:57:21.348365+00:00 [queued]>
[2023-03-27T12:57:31.145+0000] {taskinstance.py:1084} INFO - Dependencies all met for dep_context=requeueable deps ti=<TaskInstance: etl_uniprot_Q9Y261.write_lineages_of_organisms manual__2023-03-27T12:57:21.348365+00:00 [queued]>
[2023-03-27T12:57:31.146+0000] {taskinstance.py:1282} INFO - 
--------------------------------------------------------------------------------
[2023-03-27T12:57:31.147+0000] {taskinstance.py:1283} INFO - Starting attempt 1 of 1
[2023-03-27T12:57:31.148+0000] {taskinstance.py:1284} INFO - 
--------------------------------------------------------------------------------
[2023-03-27T12:57:31.184+0000] {taskinstance.py:1303} INFO - Executing <Task(_PythonDecoratedOperator): write_lineages_of_organisms> on 2023-03-27 12:57:21.348365+00:00
[2023-03-27T12:57:31.192+0000] {standard_task_runner.py:55} INFO - Started process 281 to run task
[2023-03-27T12:57:31.197+0000] {standard_task_runner.py:82} INFO - Running: ['***', 'tasks', 'run', 'etl_uniprot_Q9Y261', 'write_lineages_of_organisms', 'manual__2023-03-27T12:57:21.348365+00:00', '--job-id', '25', '--raw', '--subdir', 'DAGS_FOLDER/uniprot_Q9Y261/main.py', '--cfg-path', '/tmp/tmpxhi2w82s']
[2023-03-27T12:57:31.199+0000] {standard_task_runner.py:83} INFO - Job 25: Subtask write_lineages_of_organisms
[2023-03-27T12:57:31.330+0000] {task_command.py:388} INFO - Running <TaskInstance: etl_uniprot_Q9Y261.write_lineages_of_organisms manual__2023-03-27T12:57:21.348365+00:00 [running]> on host 5da03bdb1b9e
[2023-03-27T12:57:31.507+0000] {taskinstance.py:1511} INFO - Exporting the following env vars:
AIRFLOW_CTX_DAG_OWNER=***
AIRFLOW_CTX_DAG_ID=etl_uniprot_Q9Y261
AIRFLOW_CTX_TASK_ID=write_lineages_of_organisms
AIRFLOW_CTX_EXECUTION_DATE=2023-03-27T12:57:21.348365+00:00
AIRFLOW_CTX_TRY_NUMBER=1
AIRFLOW_CTX_DAG_RUN_ID=manual__2023-03-27T12:57:21.348365+00:00
[2023-03-27T12:57:31.619+0000] {python.py:177} INFO - Done. Returned value was: None
[2023-03-27T12:57:31.653+0000] {taskinstance.py:1326} INFO - Marking task as SUCCESS. dag_id=etl_uniprot_Q9Y261, task_id=write_lineages_of_organisms, execution_date=20230327T125721, start_date=20230327T125731, end_date=20230327T125731
[2023-03-27T12:57:31.696+0000] {local_task_job.py:212} INFO - Task exited with return code 0
[2023-03-27T12:57:31.748+0000] {taskinstance.py:2585} INFO - 0 downstream tasks scheduled from follow-on schedule check
