[2023-03-28T23:23:36.972+0000] {taskinstance.py:1084} INFO - Dependencies all met for dep_context=non-requeueable deps ti=<TaskInstance: etl_uniprot_Q9Y261.write_sequences manual__2023-03-28T23:23:27.805686+00:00 [queued]>
[2023-03-28T23:23:36.995+0000] {taskinstance.py:1084} INFO - Dependencies all met for dep_context=requeueable deps ti=<TaskInstance: etl_uniprot_Q9Y261.write_sequences manual__2023-03-28T23:23:27.805686+00:00 [queued]>
[2023-03-28T23:23:36.996+0000] {taskinstance.py:1282} INFO - 
--------------------------------------------------------------------------------
[2023-03-28T23:23:36.998+0000] {taskinstance.py:1283} INFO - Starting attempt 1 of 1
[2023-03-28T23:23:36.999+0000] {taskinstance.py:1284} INFO - 
--------------------------------------------------------------------------------
[2023-03-28T23:23:37.035+0000] {taskinstance.py:1303} INFO - Executing <Task(_PythonDecoratedOperator): write_sequences> on 2023-03-28 23:23:27.805686+00:00
[2023-03-28T23:23:37.053+0000] {standard_task_runner.py:55} INFO - Started process 3669 to run task
[2023-03-28T23:23:37.058+0000] {standard_task_runner.py:82} INFO - Running: ['***', 'tasks', 'run', 'etl_uniprot_Q9Y261', 'write_sequences', 'manual__2023-03-28T23:23:27.805686+00:00', '--job-id', '257', '--raw', '--subdir', 'DAGS_FOLDER/uniprot_Q9Y261/main.py', '--cfg-path', '/tmp/tmp18u8whc2']
[2023-03-28T23:23:37.062+0000] {standard_task_runner.py:83} INFO - Job 257: Subtask write_sequences
[2023-03-28T23:23:37.260+0000] {task_command.py:388} INFO - Running <TaskInstance: etl_uniprot_Q9Y261.write_sequences manual__2023-03-28T23:23:27.805686+00:00 [running]> on host 147865a62ab8
[2023-03-28T23:23:37.530+0000] {taskinstance.py:1511} INFO - Exporting the following env vars:
AIRFLOW_CTX_DAG_OWNER=***
AIRFLOW_CTX_DAG_ID=etl_uniprot_Q9Y261
AIRFLOW_CTX_TASK_ID=write_sequences
AIRFLOW_CTX_EXECUTION_DATE=2023-03-28T23:23:27.805686+00:00
AIRFLOW_CTX_TRY_NUMBER=1
AIRFLOW_CTX_DAG_RUN_ID=manual__2023-03-28T23:23:27.805686+00:00
[2023-03-28T23:23:37.567+0000] {python.py:177} INFO - Done. Returned value was: None
[2023-03-28T23:23:37.595+0000] {taskinstance.py:1326} INFO - Marking task as SUCCESS. dag_id=etl_uniprot_Q9Y261, task_id=write_sequences, execution_date=20230328T232327, start_date=20230328T232336, end_date=20230328T232337
[2023-03-28T23:23:37.642+0000] {local_task_job.py:212} INFO - Task exited with return code 0
[2023-03-28T23:23:37.708+0000] {taskinstance.py:2585} INFO - 0 downstream tasks scheduled from follow-on schedule check
