[2023-03-28T22:28:15.928+0000] {taskinstance.py:1084} INFO - Dependencies all met for dep_context=non-requeueable deps ti=<TaskInstance: etl_uniprot_Q9Y261.write_short_names manual__2023-03-28T22:28:08.494448+00:00 [queued]>
[2023-03-28T22:28:15.957+0000] {taskinstance.py:1084} INFO - Dependencies all met for dep_context=requeueable deps ti=<TaskInstance: etl_uniprot_Q9Y261.write_short_names manual__2023-03-28T22:28:08.494448+00:00 [queued]>
[2023-03-28T22:28:15.959+0000] {taskinstance.py:1282} INFO - 
--------------------------------------------------------------------------------
[2023-03-28T22:28:15.961+0000] {taskinstance.py:1283} INFO - Starting attempt 1 of 1
[2023-03-28T22:28:15.962+0000] {taskinstance.py:1284} INFO - 
--------------------------------------------------------------------------------
[2023-03-28T22:28:16.014+0000] {taskinstance.py:1303} INFO - Executing <Task(_PythonDecoratedOperator): write_short_names> on 2023-03-28 22:28:08.494448+00:00
[2023-03-28T22:28:16.026+0000] {standard_task_runner.py:55} INFO - Started process 680 to run task
[2023-03-28T22:28:16.037+0000] {standard_task_runner.py:82} INFO - Running: ['***', 'tasks', 'run', 'etl_uniprot_Q9Y261', 'write_short_names', 'manual__2023-03-28T22:28:08.494448+00:00', '--job-id', '69', '--raw', '--subdir', 'DAGS_FOLDER/uniprot_Q9Y261/main.py', '--cfg-path', '/tmp/tmp5x89ll8l']
[2023-03-28T22:28:16.041+0000] {standard_task_runner.py:83} INFO - Job 69: Subtask write_short_names
[2023-03-28T22:28:16.238+0000] {task_command.py:388} INFO - Running <TaskInstance: etl_uniprot_Q9Y261.write_short_names manual__2023-03-28T22:28:08.494448+00:00 [running]> on host 147865a62ab8
[2023-03-28T22:28:16.482+0000] {taskinstance.py:1511} INFO - Exporting the following env vars:
AIRFLOW_CTX_DAG_OWNER=***
AIRFLOW_CTX_DAG_ID=etl_uniprot_Q9Y261
AIRFLOW_CTX_TASK_ID=write_short_names
AIRFLOW_CTX_EXECUTION_DATE=2023-03-28T22:28:08.494448+00:00
AIRFLOW_CTX_TRY_NUMBER=1
AIRFLOW_CTX_DAG_RUN_ID=manual__2023-03-28T22:28:08.494448+00:00
[2023-03-28T22:28:16.541+0000] {python.py:177} INFO - Done. Returned value was: None
[2023-03-28T22:28:16.578+0000] {taskinstance.py:1326} INFO - Marking task as SUCCESS. dag_id=etl_uniprot_Q9Y261, task_id=write_short_names, execution_date=20230328T222808, start_date=20230328T222815, end_date=20230328T222816
[2023-03-28T22:28:16.694+0000] {local_task_job.py:212} INFO - Task exited with return code 0
[2023-03-28T22:28:16.814+0000] {taskinstance.py:2585} INFO - 0 downstream tasks scheduled from follow-on schedule check
