[2023-03-27T23:27:42.815+0000] {taskinstance.py:1084} INFO - Dependencies all met for dep_context=non-requeueable deps ti=<TaskInstance: etl_uniprot_Q9Y261.write_full_name manual__2023-03-27T23:27:36.266456+00:00 [queued]>
[2023-03-27T23:27:42.846+0000] {taskinstance.py:1084} INFO - Dependencies all met for dep_context=requeueable deps ti=<TaskInstance: etl_uniprot_Q9Y261.write_full_name manual__2023-03-27T23:27:36.266456+00:00 [queued]>
[2023-03-27T23:27:42.847+0000] {taskinstance.py:1282} INFO - 
--------------------------------------------------------------------------------
[2023-03-27T23:27:42.849+0000] {taskinstance.py:1283} INFO - Starting attempt 1 of 1
[2023-03-27T23:27:42.850+0000] {taskinstance.py:1284} INFO - 
--------------------------------------------------------------------------------
[2023-03-27T23:27:42.886+0000] {taskinstance.py:1303} INFO - Executing <Task(_PythonDecoratedOperator): write_full_name> on 2023-03-27 23:27:36.266456+00:00
[2023-03-27T23:27:42.897+0000] {standard_task_runner.py:55} INFO - Started process 1520 to run task
[2023-03-27T23:27:42.902+0000] {standard_task_runner.py:82} INFO - Running: ['***', 'tasks', 'run', 'etl_uniprot_Q9Y261', 'write_full_name', 'manual__2023-03-27T23:27:36.266456+00:00', '--job-id', '20', '--raw', '--subdir', 'DAGS_FOLDER/uniprot_Q9Y261/main.py', '--cfg-path', '/tmp/tmpsjitr___']
[2023-03-27T23:27:42.903+0000] {standard_task_runner.py:83} INFO - Job 20: Subtask write_full_name
[2023-03-27T23:27:43.083+0000] {task_command.py:388} INFO - Running <TaskInstance: etl_uniprot_Q9Y261.write_full_name manual__2023-03-27T23:27:36.266456+00:00 [running]> on host 6cb4855fbc69
[2023-03-27T23:27:43.324+0000] {taskinstance.py:1511} INFO - Exporting the following env vars:
AIRFLOW_CTX_DAG_OWNER=***
AIRFLOW_CTX_DAG_ID=etl_uniprot_Q9Y261
AIRFLOW_CTX_TASK_ID=write_full_name
AIRFLOW_CTX_EXECUTION_DATE=2023-03-27T23:27:36.266456+00:00
AIRFLOW_CTX_TRY_NUMBER=1
AIRFLOW_CTX_DAG_RUN_ID=manual__2023-03-27T23:27:36.266456+00:00
[2023-03-27T23:27:43.384+0000] {python.py:177} INFO - Done. Returned value was: None
[2023-03-27T23:27:43.423+0000] {taskinstance.py:1326} INFO - Marking task as SUCCESS. dag_id=etl_uniprot_Q9Y261, task_id=write_full_name, execution_date=20230327T232736, start_date=20230327T232742, end_date=20230327T232743
[2023-03-27T23:27:43.478+0000] {local_task_job.py:212} INFO - Task exited with return code 0
[2023-03-27T23:27:43.608+0000] {taskinstance.py:2585} INFO - 0 downstream tasks scheduled from follow-on schedule check
