[2023-03-28T22:27:04.680+0000] {taskinstance.py:1084} INFO - Dependencies all met for dep_context=non-requeueable deps ti=<TaskInstance: etl_uniprot_Q9Y261.write_alternate_names manual__2023-03-28T22:26:58.406570+00:00 [queued]>
[2023-03-28T22:27:04.702+0000] {taskinstance.py:1084} INFO - Dependencies all met for dep_context=requeueable deps ti=<TaskInstance: etl_uniprot_Q9Y261.write_alternate_names manual__2023-03-28T22:26:58.406570+00:00 [queued]>
[2023-03-28T22:27:04.703+0000] {taskinstance.py:1282} INFO - 
--------------------------------------------------------------------------------
[2023-03-28T22:27:04.705+0000] {taskinstance.py:1283} INFO - Starting attempt 1 of 1
[2023-03-28T22:27:04.706+0000] {taskinstance.py:1284} INFO - 
--------------------------------------------------------------------------------
[2023-03-28T22:27:04.734+0000] {taskinstance.py:1303} INFO - Executing <Task(_PythonDecoratedOperator): write_alternate_names> on 2023-03-28 22:26:58.406570+00:00
[2023-03-28T22:27:04.740+0000] {standard_task_runner.py:55} INFO - Started process 582 to run task
[2023-03-28T22:27:04.746+0000] {standard_task_runner.py:82} INFO - Running: ['***', 'tasks', 'run', 'etl_uniprot_Q9Y261', 'write_alternate_names', 'manual__2023-03-28T22:26:58.406570+00:00', '--job-id', '51', '--raw', '--subdir', 'DAGS_FOLDER/uniprot_Q9Y261/main.py', '--cfg-path', '/tmp/tmpac9ppucp']
[2023-03-28T22:27:04.747+0000] {standard_task_runner.py:83} INFO - Job 51: Subtask write_alternate_names
[2023-03-28T22:27:04.914+0000] {task_command.py:388} INFO - Running <TaskInstance: etl_uniprot_Q9Y261.write_alternate_names manual__2023-03-28T22:26:58.406570+00:00 [running]> on host 147865a62ab8
[2023-03-28T22:27:05.192+0000] {taskinstance.py:1511} INFO - Exporting the following env vars:
AIRFLOW_CTX_DAG_OWNER=***
AIRFLOW_CTX_DAG_ID=etl_uniprot_Q9Y261
AIRFLOW_CTX_TASK_ID=write_alternate_names
AIRFLOW_CTX_EXECUTION_DATE=2023-03-28T22:26:58.406570+00:00
AIRFLOW_CTX_TRY_NUMBER=1
AIRFLOW_CTX_DAG_RUN_ID=manual__2023-03-28T22:26:58.406570+00:00
[2023-03-28T22:27:05.236+0000] {python.py:177} INFO - Done. Returned value was: None
[2023-03-28T22:27:05.271+0000] {taskinstance.py:1326} INFO - Marking task as SUCCESS. dag_id=etl_uniprot_Q9Y261, task_id=write_alternate_names, execution_date=20230328T222658, start_date=20230328T222704, end_date=20230328T222705
[2023-03-28T22:27:05.362+0000] {local_task_job.py:212} INFO - Task exited with return code 0
[2023-03-28T22:27:05.535+0000] {taskinstance.py:2585} INFO - 0 downstream tasks scheduled from follow-on schedule check
