[2023-03-27T13:02:35.244+0000] {taskinstance.py:1084} INFO - Dependencies all met for dep_context=non-requeueable deps ti=<TaskInstance: etl_uniprot_Q9Y261.write_full_name manual__2023-03-27T13:02:08.821918+00:00 [queued]>
[2023-03-27T13:02:35.277+0000] {taskinstance.py:1084} INFO - Dependencies all met for dep_context=requeueable deps ti=<TaskInstance: etl_uniprot_Q9Y261.write_full_name manual__2023-03-27T13:02:08.821918+00:00 [queued]>
[2023-03-27T13:02:35.279+0000] {taskinstance.py:1282} INFO - 
--------------------------------------------------------------------------------
[2023-03-27T13:02:35.281+0000] {taskinstance.py:1283} INFO - Starting attempt 1 of 1
[2023-03-27T13:02:35.282+0000] {taskinstance.py:1284} INFO - 
--------------------------------------------------------------------------------
[2023-03-27T13:02:35.331+0000] {taskinstance.py:1303} INFO - Executing <Task(_PythonDecoratedOperator): write_full_name> on 2023-03-27 13:02:08.821918+00:00
[2023-03-27T13:02:35.348+0000] {standard_task_runner.py:55} INFO - Started process 643 to run task
[2023-03-27T13:02:35.355+0000] {standard_task_runner.py:82} INFO - Running: ['***', 'tasks', 'run', 'etl_uniprot_Q9Y261', 'write_full_name', 'manual__2023-03-27T13:02:08.821918+00:00', '--job-id', '74', '--raw', '--subdir', 'DAGS_FOLDER/uniprot_Q9Y261/main.py', '--cfg-path', '/tmp/tmp6_9nxlc3']
[2023-03-27T13:02:35.358+0000] {standard_task_runner.py:83} INFO - Job 74: Subtask write_full_name
[2023-03-27T13:02:35.678+0000] {task_command.py:388} INFO - Running <TaskInstance: etl_uniprot_Q9Y261.write_full_name manual__2023-03-27T13:02:08.821918+00:00 [running]> on host 5da03bdb1b9e
[2023-03-27T13:02:35.967+0000] {taskinstance.py:1511} INFO - Exporting the following env vars:
AIRFLOW_CTX_DAG_OWNER=***
AIRFLOW_CTX_DAG_ID=etl_uniprot_Q9Y261
AIRFLOW_CTX_TASK_ID=write_full_name
AIRFLOW_CTX_EXECUTION_DATE=2023-03-27T13:02:08.821918+00:00
AIRFLOW_CTX_TRY_NUMBER=1
AIRFLOW_CTX_DAG_RUN_ID=manual__2023-03-27T13:02:08.821918+00:00
[2023-03-27T13:02:36.051+0000] {python.py:177} INFO - Done. Returned value was: None
[2023-03-27T13:02:36.121+0000] {taskinstance.py:1326} INFO - Marking task as SUCCESS. dag_id=etl_uniprot_Q9Y261, task_id=write_full_name, execution_date=20230327T130208, start_date=20230327T130235, end_date=20230327T130236
[2023-03-27T13:02:36.231+0000] {local_task_job.py:212} INFO - Task exited with return code 0
[2023-03-27T13:02:36.411+0000] {taskinstance.py:2585} INFO - 0 downstream tasks scheduled from follow-on schedule check
