[2023-03-27T20:58:49.780+0000] {taskinstance.py:1084} INFO - Dependencies all met for dep_context=non-requeueable deps ti=<TaskInstance: etl_uniprot_Q9Y261.write_authors_of_references manual__2023-03-27T20:58:39.652591+00:00 [queued]>
[2023-03-27T20:58:49.801+0000] {taskinstance.py:1084} INFO - Dependencies all met for dep_context=requeueable deps ti=<TaskInstance: etl_uniprot_Q9Y261.write_authors_of_references manual__2023-03-27T20:58:39.652591+00:00 [queued]>
[2023-03-27T20:58:49.803+0000] {taskinstance.py:1282} INFO - 
--------------------------------------------------------------------------------
[2023-03-27T20:58:49.804+0000] {taskinstance.py:1283} INFO - Starting attempt 1 of 1
[2023-03-27T20:58:49.805+0000] {taskinstance.py:1284} INFO - 
--------------------------------------------------------------------------------
[2023-03-27T20:58:49.834+0000] {taskinstance.py:1303} INFO - Executing <Task(_PythonDecoratedOperator): write_authors_of_references> on 2023-03-27 20:58:39.652591+00:00
[2023-03-27T20:58:49.843+0000] {standard_task_runner.py:55} INFO - Started process 773 to run task
[2023-03-27T20:58:49.848+0000] {standard_task_runner.py:82} INFO - Running: ['***', 'tasks', 'run', 'etl_uniprot_Q9Y261', 'write_authors_of_references', 'manual__2023-03-27T20:58:39.652591+00:00', '--job-id', '30', '--raw', '--subdir', 'DAGS_FOLDER/uniprot_Q9Y261/main.py', '--cfg-path', '/tmp/tmpc9dct68e']
[2023-03-27T20:58:49.849+0000] {standard_task_runner.py:83} INFO - Job 30: Subtask write_authors_of_references
[2023-03-27T20:58:50.005+0000] {task_command.py:388} INFO - Running <TaskInstance: etl_uniprot_Q9Y261.write_authors_of_references manual__2023-03-27T20:58:39.652591+00:00 [running]> on host 1cde6c6ea984
[2023-03-27T20:58:50.221+0000] {taskinstance.py:1511} INFO - Exporting the following env vars:
AIRFLOW_CTX_DAG_OWNER=***
AIRFLOW_CTX_DAG_ID=etl_uniprot_Q9Y261
AIRFLOW_CTX_TASK_ID=write_authors_of_references
AIRFLOW_CTX_EXECUTION_DATE=2023-03-27T20:58:39.652591+00:00
AIRFLOW_CTX_TRY_NUMBER=1
AIRFLOW_CTX_DAG_RUN_ID=manual__2023-03-27T20:58:39.652591+00:00
[2023-03-27T20:58:51.550+0000] {python.py:177} INFO - Done. Returned value was: None
[2023-03-27T20:58:51.576+0000] {taskinstance.py:1326} INFO - Marking task as SUCCESS. dag_id=etl_uniprot_Q9Y261, task_id=write_authors_of_references, execution_date=20230327T205839, start_date=20230327T205849, end_date=20230327T205851
[2023-03-27T20:58:51.673+0000] {local_task_job.py:212} INFO - Task exited with return code 0
[2023-03-27T20:58:51.740+0000] {taskinstance.py:2585} INFO - 0 downstream tasks scheduled from follow-on schedule check
