[2023-03-27T23:27:42.849+0000] {taskinstance.py:1084} INFO - Dependencies all met for dep_context=non-requeueable deps ti=<TaskInstance: etl_uniprot_Q9Y261.write_genes manual__2023-03-27T23:27:36.266456+00:00 [queued]>
[2023-03-27T23:27:42.873+0000] {taskinstance.py:1084} INFO - Dependencies all met for dep_context=requeueable deps ti=<TaskInstance: etl_uniprot_Q9Y261.write_genes manual__2023-03-27T23:27:36.266456+00:00 [queued]>
[2023-03-27T23:27:42.874+0000] {taskinstance.py:1282} INFO - 
--------------------------------------------------------------------------------
[2023-03-27T23:27:42.876+0000] {taskinstance.py:1283} INFO - Starting attempt 1 of 1
[2023-03-27T23:27:42.877+0000] {taskinstance.py:1284} INFO - 
--------------------------------------------------------------------------------
[2023-03-27T23:27:42.914+0000] {taskinstance.py:1303} INFO - Executing <Task(_PythonDecoratedOperator): write_genes> on 2023-03-27 23:27:36.266456+00:00
[2023-03-27T23:27:42.923+0000] {standard_task_runner.py:55} INFO - Started process 1522 to run task
[2023-03-27T23:27:42.930+0000] {standard_task_runner.py:82} INFO - Running: ['***', 'tasks', 'run', 'etl_uniprot_Q9Y261', 'write_genes', 'manual__2023-03-27T23:27:36.266456+00:00', '--job-id', '23', '--raw', '--subdir', 'DAGS_FOLDER/uniprot_Q9Y261/main.py', '--cfg-path', '/tmp/tmpt8fjki7j']
[2023-03-27T23:27:42.932+0000] {standard_task_runner.py:83} INFO - Job 23: Subtask write_genes
[2023-03-27T23:27:43.110+0000] {task_command.py:388} INFO - Running <TaskInstance: etl_uniprot_Q9Y261.write_genes manual__2023-03-27T23:27:36.266456+00:00 [running]> on host 6cb4855fbc69
[2023-03-27T23:27:43.365+0000] {taskinstance.py:1511} INFO - Exporting the following env vars:
AIRFLOW_CTX_DAG_OWNER=***
AIRFLOW_CTX_DAG_ID=etl_uniprot_Q9Y261
AIRFLOW_CTX_TASK_ID=write_genes
AIRFLOW_CTX_EXECUTION_DATE=2023-03-27T23:27:36.266456+00:00
AIRFLOW_CTX_TRY_NUMBER=1
AIRFLOW_CTX_DAG_RUN_ID=manual__2023-03-27T23:27:36.266456+00:00
[2023-03-27T23:27:43.431+0000] {python.py:177} INFO - Done. Returned value was: None
[2023-03-27T23:27:43.457+0000] {taskinstance.py:1326} INFO - Marking task as SUCCESS. dag_id=etl_uniprot_Q9Y261, task_id=write_genes, execution_date=20230327T232736, start_date=20230327T232742, end_date=20230327T232743
[2023-03-27T23:27:43.505+0000] {local_task_job.py:212} INFO - Task exited with return code 0
[2023-03-27T23:27:43.579+0000] {taskinstance.py:2585} INFO - 0 downstream tasks scheduled from follow-on schedule check
