[2023-03-27T13:00:10.652+0000] {taskinstance.py:1084} INFO - Dependencies all met for dep_context=non-requeueable deps ti=<TaskInstance: etl_uniprot_Q9Y261.write_evidences manual__2023-03-27T13:00:02.574722+00:00 [queued]>
[2023-03-27T13:00:10.694+0000] {taskinstance.py:1084} INFO - Dependencies all met for dep_context=requeueable deps ti=<TaskInstance: etl_uniprot_Q9Y261.write_evidences manual__2023-03-27T13:00:02.574722+00:00 [queued]>
[2023-03-27T13:00:10.695+0000] {taskinstance.py:1282} INFO - 
--------------------------------------------------------------------------------
[2023-03-27T13:00:10.698+0000] {taskinstance.py:1283} INFO - Starting attempt 1 of 1
[2023-03-27T13:00:10.699+0000] {taskinstance.py:1284} INFO - 
--------------------------------------------------------------------------------
[2023-03-27T13:00:10.787+0000] {taskinstance.py:1303} INFO - Executing <Task(_PythonDecoratedOperator): write_evidences> on 2023-03-27 13:00:02.574722+00:00
[2023-03-27T13:00:10.802+0000] {standard_task_runner.py:55} INFO - Started process 430 to run task
[2023-03-27T13:00:10.814+0000] {standard_task_runner.py:82} INFO - Running: ['***', 'tasks', 'run', 'etl_uniprot_Q9Y261', 'write_evidences', 'manual__2023-03-27T13:00:02.574722+00:00', '--job-id', '34', '--raw', '--subdir', 'DAGS_FOLDER/uniprot_Q9Y261/main.py', '--cfg-path', '/tmp/tmp2u17arj7']
[2023-03-27T13:00:10.816+0000] {standard_task_runner.py:83} INFO - Job 34: Subtask write_evidences
[2023-03-27T13:00:11.147+0000] {task_command.py:388} INFO - Running <TaskInstance: etl_uniprot_Q9Y261.write_evidences manual__2023-03-27T13:00:02.574722+00:00 [running]> on host 5da03bdb1b9e
[2023-03-27T13:00:11.555+0000] {taskinstance.py:1511} INFO - Exporting the following env vars:
AIRFLOW_CTX_DAG_OWNER=***
AIRFLOW_CTX_DAG_ID=etl_uniprot_Q9Y261
AIRFLOW_CTX_TASK_ID=write_evidences
AIRFLOW_CTX_EXECUTION_DATE=2023-03-27T13:00:02.574722+00:00
AIRFLOW_CTX_TRY_NUMBER=1
AIRFLOW_CTX_DAG_RUN_ID=manual__2023-03-27T13:00:02.574722+00:00
[2023-03-27T13:00:11.744+0000] {python.py:177} INFO - Done. Returned value was: None
[2023-03-27T13:00:11.806+0000] {taskinstance.py:1326} INFO - Marking task as SUCCESS. dag_id=etl_uniprot_Q9Y261, task_id=write_evidences, execution_date=20230327T130002, start_date=20230327T130010, end_date=20230327T130011
[2023-03-27T13:00:11.892+0000] {local_task_job.py:212} INFO - Task exited with return code 0
[2023-03-27T13:00:11.988+0000] {taskinstance.py:2585} INFO - 0 downstream tasks scheduled from follow-on schedule check
