[2023-03-28T23:31:44.679+0000] {taskinstance.py:1084} INFO - Dependencies all met for dep_context=non-requeueable deps ti=<TaskInstance: etl_uniprot_Q9Y261.write_full_name__1 scheduled__2023-03-27T00:00:00+00:00 [queued]>
[2023-03-28T23:31:44.706+0000] {taskinstance.py:1084} INFO - Dependencies all met for dep_context=requeueable deps ti=<TaskInstance: etl_uniprot_Q9Y261.write_full_name__1 scheduled__2023-03-27T00:00:00+00:00 [queued]>
[2023-03-28T23:31:44.708+0000] {taskinstance.py:1282} INFO - 
--------------------------------------------------------------------------------
[2023-03-28T23:31:44.709+0000] {taskinstance.py:1283} INFO - Starting attempt 1 of 1
[2023-03-28T23:31:44.710+0000] {taskinstance.py:1284} INFO - 
--------------------------------------------------------------------------------
[2023-03-28T23:31:44.749+0000] {taskinstance.py:1303} INFO - Executing <Task(_PythonDecoratedOperator): write_full_name__1> on 2023-03-27 00:00:00+00:00
[2023-03-28T23:31:44.762+0000] {standard_task_runner.py:55} INFO - Started process 4051 to run task
[2023-03-28T23:31:44.777+0000] {standard_task_runner.py:82} INFO - Running: ['***', 'tasks', 'run', 'etl_uniprot_Q9Y261', 'write_full_name__1', 'scheduled__2023-03-27T00:00:00+00:00', '--job-id', '270', '--raw', '--subdir', 'DAGS_FOLDER/uniprot_Q9Y261/main.py', '--cfg-path', '/tmp/tmpy4s7s_y5']
[2023-03-28T23:31:44.779+0000] {standard_task_runner.py:83} INFO - Job 270: Subtask write_full_name__1
[2023-03-28T23:31:44.958+0000] {task_command.py:388} INFO - Running <TaskInstance: etl_uniprot_Q9Y261.write_full_name__1 scheduled__2023-03-27T00:00:00+00:00 [running]> on host 147865a62ab8
[2023-03-28T23:31:45.224+0000] {taskinstance.py:1511} INFO - Exporting the following env vars:
AIRFLOW_CTX_DAG_OWNER=***
AIRFLOW_CTX_DAG_ID=etl_uniprot_Q9Y261
AIRFLOW_CTX_TASK_ID=write_full_name__1
AIRFLOW_CTX_EXECUTION_DATE=2023-03-27T00:00:00+00:00
AIRFLOW_CTX_TRY_NUMBER=1
AIRFLOW_CTX_DAG_RUN_ID=scheduled__2023-03-27T00:00:00+00:00
[2023-03-28T23:31:45.276+0000] {python.py:177} INFO - Done. Returned value was: None
[2023-03-28T23:31:45.322+0000] {taskinstance.py:1326} INFO - Marking task as SUCCESS. dag_id=etl_uniprot_Q9Y261, task_id=write_full_name__1, execution_date=20230327T000000, start_date=20230328T233144, end_date=20230328T233145
[2023-03-28T23:31:45.397+0000] {local_task_job.py:212} INFO - Task exited with return code 0
[2023-03-28T23:31:45.494+0000] {taskinstance.py:2585} INFO - 0 downstream tasks scheduled from follow-on schedule check
