[2023-03-28T21:41:10.850+0000] {taskinstance.py:1084} INFO - Dependencies all met for dep_context=non-requeueable deps ti=<TaskInstance: etl_uniprot_Q9Y261.write_lineages_of_organisms manual__2023-03-28T21:41:00.970517+00:00 [queued]>
[2023-03-28T21:41:10.869+0000] {taskinstance.py:1084} INFO - Dependencies all met for dep_context=requeueable deps ti=<TaskInstance: etl_uniprot_Q9Y261.write_lineages_of_organisms manual__2023-03-28T21:41:00.970517+00:00 [queued]>
[2023-03-28T21:41:10.870+0000] {taskinstance.py:1282} INFO - 
--------------------------------------------------------------------------------
[2023-03-28T21:41:10.871+0000] {taskinstance.py:1283} INFO - Starting attempt 1 of 1
[2023-03-28T21:41:10.872+0000] {taskinstance.py:1284} INFO - 
--------------------------------------------------------------------------------
[2023-03-28T21:41:10.895+0000] {taskinstance.py:1303} INFO - Executing <Task(_PythonDecoratedOperator): write_lineages_of_organisms> on 2023-03-28 21:41:00.970517+00:00
[2023-03-28T21:41:10.904+0000] {standard_task_runner.py:55} INFO - Started process 19508 to run task
[2023-03-28T21:41:10.908+0000] {standard_task_runner.py:82} INFO - Running: ['***', 'tasks', 'run', 'etl_uniprot_Q9Y261', 'write_lineages_of_organisms', 'manual__2023-03-28T21:41:00.970517+00:00', '--job-id', '135', '--raw', '--subdir', 'DAGS_FOLDER/uniprot_Q9Y261/main.py', '--cfg-path', '/tmp/tmp4s27rgol']
[2023-03-28T21:41:10.910+0000] {standard_task_runner.py:83} INFO - Job 135: Subtask write_lineages_of_organisms
[2023-03-28T21:41:11.021+0000] {task_command.py:388} INFO - Running <TaskInstance: etl_uniprot_Q9Y261.write_lineages_of_organisms manual__2023-03-28T21:41:00.970517+00:00 [running]> on host 8482e168b99d
[2023-03-28T21:41:11.161+0000] {taskinstance.py:1511} INFO - Exporting the following env vars:
AIRFLOW_CTX_DAG_OWNER=***
AIRFLOW_CTX_DAG_ID=etl_uniprot_Q9Y261
AIRFLOW_CTX_TASK_ID=write_lineages_of_organisms
AIRFLOW_CTX_EXECUTION_DATE=2023-03-28T21:41:00.970517+00:00
AIRFLOW_CTX_TRY_NUMBER=1
AIRFLOW_CTX_DAG_RUN_ID=manual__2023-03-28T21:41:00.970517+00:00
[2023-03-28T21:41:11.202+0000] {python.py:177} INFO - Done. Returned value was: None
[2023-03-28T21:41:11.232+0000] {taskinstance.py:1326} INFO - Marking task as SUCCESS. dag_id=etl_uniprot_Q9Y261, task_id=write_lineages_of_organisms, execution_date=20230328T214100, start_date=20230328T214110, end_date=20230328T214111
[2023-03-28T21:41:11.283+0000] {local_task_job.py:212} INFO - Task exited with return code 0
[2023-03-28T21:41:11.317+0000] {taskinstance.py:2585} INFO - 0 downstream tasks scheduled from follow-on schedule check
