[2023-03-27T13:00:10.589+0000] {taskinstance.py:1084} INFO - Dependencies all met for dep_context=non-requeueable deps ti=<TaskInstance: etl_uniprot_Q9Y261.write_features manual__2023-03-27T13:00:02.574722+00:00 [queued]>
[2023-03-27T13:00:10.619+0000] {taskinstance.py:1084} INFO - Dependencies all met for dep_context=requeueable deps ti=<TaskInstance: etl_uniprot_Q9Y261.write_features manual__2023-03-27T13:00:02.574722+00:00 [queued]>
[2023-03-27T13:00:10.621+0000] {taskinstance.py:1282} INFO - 
--------------------------------------------------------------------------------
[2023-03-27T13:00:10.622+0000] {taskinstance.py:1283} INFO - Starting attempt 1 of 1
[2023-03-27T13:00:10.624+0000] {taskinstance.py:1284} INFO - 
--------------------------------------------------------------------------------
[2023-03-27T13:00:10.666+0000] {taskinstance.py:1303} INFO - Executing <Task(_PythonDecoratedOperator): write_features> on 2023-03-27 13:00:02.574722+00:00
[2023-03-27T13:00:10.676+0000] {standard_task_runner.py:55} INFO - Started process 428 to run task
[2023-03-27T13:00:10.689+0000] {standard_task_runner.py:82} INFO - Running: ['***', 'tasks', 'run', 'etl_uniprot_Q9Y261', 'write_features', 'manual__2023-03-27T13:00:02.574722+00:00', '--job-id', '33', '--raw', '--subdir', 'DAGS_FOLDER/uniprot_Q9Y261/main.py', '--cfg-path', '/tmp/tmpyyy5zqth']
[2023-03-27T13:00:10.692+0000] {standard_task_runner.py:83} INFO - Job 33: Subtask write_features
[2023-03-27T13:00:11.026+0000] {task_command.py:388} INFO - Running <TaskInstance: etl_uniprot_Q9Y261.write_features manual__2023-03-27T13:00:02.574722+00:00 [running]> on host 5da03bdb1b9e
[2023-03-27T13:00:11.419+0000] {taskinstance.py:1511} INFO - Exporting the following env vars:
AIRFLOW_CTX_DAG_OWNER=***
AIRFLOW_CTX_DAG_ID=etl_uniprot_Q9Y261
AIRFLOW_CTX_TASK_ID=write_features
AIRFLOW_CTX_EXECUTION_DATE=2023-03-27T13:00:02.574722+00:00
AIRFLOW_CTX_TRY_NUMBER=1
AIRFLOW_CTX_DAG_RUN_ID=manual__2023-03-27T13:00:02.574722+00:00
[2023-03-27T13:00:11.632+0000] {python.py:177} INFO - Done. Returned value was: None
[2023-03-27T13:00:11.701+0000] {taskinstance.py:1326} INFO - Marking task as SUCCESS. dag_id=etl_uniprot_Q9Y261, task_id=write_features, execution_date=20230327T130002, start_date=20230327T130010, end_date=20230327T130011
[2023-03-27T13:00:11.774+0000] {local_task_job.py:212} INFO - Task exited with return code 0
[2023-03-27T13:00:11.894+0000] {taskinstance.py:2585} INFO - 0 downstream tasks scheduled from follow-on schedule check
