[2023-03-27T13:00:07.180+0000] {taskinstance.py:1084} INFO - Dependencies all met for dep_context=non-requeueable deps ti=<TaskInstance: etl_uniprot_Q9Y261.write_accession manual__2023-03-27T13:00:02.574722+00:00 [queued]>
[2023-03-27T13:00:07.207+0000] {taskinstance.py:1084} INFO - Dependencies all met for dep_context=requeueable deps ti=<TaskInstance: etl_uniprot_Q9Y261.write_accession manual__2023-03-27T13:00:02.574722+00:00 [queued]>
[2023-03-27T13:00:07.208+0000] {taskinstance.py:1282} INFO - 
--------------------------------------------------------------------------------
[2023-03-27T13:00:07.209+0000] {taskinstance.py:1283} INFO - Starting attempt 1 of 1
[2023-03-27T13:00:07.210+0000] {taskinstance.py:1284} INFO - 
--------------------------------------------------------------------------------
[2023-03-27T13:00:07.243+0000] {taskinstance.py:1303} INFO - Executing <Task(_PythonDecoratedOperator): write_accession> on 2023-03-27 13:00:02.574722+00:00
[2023-03-27T13:00:07.252+0000] {standard_task_runner.py:55} INFO - Started process 411 to run task
[2023-03-27T13:00:07.258+0000] {standard_task_runner.py:82} INFO - Running: ['***', 'tasks', 'run', 'etl_uniprot_Q9Y261', 'write_accession', 'manual__2023-03-27T13:00:02.574722+00:00', '--job-id', '30', '--raw', '--subdir', 'DAGS_FOLDER/uniprot_Q9Y261/main.py', '--cfg-path', '/tmp/tmp4dph0eun']
[2023-03-27T13:00:07.260+0000] {standard_task_runner.py:83} INFO - Job 30: Subtask write_accession
[2023-03-27T13:00:07.409+0000] {task_command.py:388} INFO - Running <TaskInstance: etl_uniprot_Q9Y261.write_accession manual__2023-03-27T13:00:02.574722+00:00 [running]> on host 5da03bdb1b9e
[2023-03-27T13:00:07.581+0000] {taskinstance.py:1511} INFO - Exporting the following env vars:
AIRFLOW_CTX_DAG_OWNER=***
AIRFLOW_CTX_DAG_ID=etl_uniprot_Q9Y261
AIRFLOW_CTX_TASK_ID=write_accession
AIRFLOW_CTX_EXECUTION_DATE=2023-03-27T13:00:02.574722+00:00
AIRFLOW_CTX_TRY_NUMBER=1
AIRFLOW_CTX_DAG_RUN_ID=manual__2023-03-27T13:00:02.574722+00:00
[2023-03-27T13:00:07.646+0000] {python.py:177} INFO - Done. Returned value was: Q9Y261
[2023-03-27T13:00:07.700+0000] {taskinstance.py:1326} INFO - Marking task as SUCCESS. dag_id=etl_uniprot_Q9Y261, task_id=write_accession, execution_date=20230327T130002, start_date=20230327T130007, end_date=20230327T130007
[2023-03-27T13:00:07.754+0000] {local_task_job.py:212} INFO - Task exited with return code 0
[2023-03-27T13:00:07.837+0000] {taskinstance.py:2585} INFO - 7 downstream tasks scheduled from follow-on schedule check
