[2023-03-27T20:58:46.636+0000] {taskinstance.py:1084} INFO - Dependencies all met for dep_context=non-requeueable deps ti=<TaskInstance: etl_uniprot_Q9Y261.write_sequences manual__2023-03-27T20:58:39.652591+00:00 [queued]>
[2023-03-27T20:58:46.659+0000] {taskinstance.py:1084} INFO - Dependencies all met for dep_context=requeueable deps ti=<TaskInstance: etl_uniprot_Q9Y261.write_sequences manual__2023-03-27T20:58:39.652591+00:00 [queued]>
[2023-03-27T20:58:46.660+0000] {taskinstance.py:1282} INFO - 
--------------------------------------------------------------------------------
[2023-03-27T20:58:46.661+0000] {taskinstance.py:1283} INFO - Starting attempt 1 of 1
[2023-03-27T20:58:46.663+0000] {taskinstance.py:1284} INFO - 
--------------------------------------------------------------------------------
[2023-03-27T20:58:46.682+0000] {taskinstance.py:1303} INFO - Executing <Task(_PythonDecoratedOperator): write_sequences> on 2023-03-27 20:58:39.652591+00:00
[2023-03-27T20:58:46.692+0000] {standard_task_runner.py:55} INFO - Started process 756 to run task
[2023-03-27T20:58:46.696+0000] {standard_task_runner.py:82} INFO - Running: ['***', 'tasks', 'run', 'etl_uniprot_Q9Y261', 'write_sequences', 'manual__2023-03-27T20:58:39.652591+00:00', '--job-id', '21', '--raw', '--subdir', 'DAGS_FOLDER/uniprot_Q9Y261/main.py', '--cfg-path', '/tmp/tmpwptbt_ex']
[2023-03-27T20:58:46.697+0000] {standard_task_runner.py:83} INFO - Job 21: Subtask write_sequences
[2023-03-27T20:58:46.816+0000] {task_command.py:388} INFO - Running <TaskInstance: etl_uniprot_Q9Y261.write_sequences manual__2023-03-27T20:58:39.652591+00:00 [running]> on host 1cde6c6ea984
[2023-03-27T20:58:46.978+0000] {taskinstance.py:1511} INFO - Exporting the following env vars:
AIRFLOW_CTX_DAG_OWNER=***
AIRFLOW_CTX_DAG_ID=etl_uniprot_Q9Y261
AIRFLOW_CTX_TASK_ID=write_sequences
AIRFLOW_CTX_EXECUTION_DATE=2023-03-27T20:58:39.652591+00:00
AIRFLOW_CTX_TRY_NUMBER=1
AIRFLOW_CTX_DAG_RUN_ID=manual__2023-03-27T20:58:39.652591+00:00
[2023-03-27T20:58:47.670+0000] {python.py:177} INFO - Done. Returned value was: None
[2023-03-27T20:58:47.691+0000] {taskinstance.py:1326} INFO - Marking task as SUCCESS. dag_id=etl_uniprot_Q9Y261, task_id=write_sequences, execution_date=20230327T205839, start_date=20230327T205846, end_date=20230327T205847
[2023-03-27T20:58:47.754+0000] {local_task_job.py:212} INFO - Task exited with return code 0
[2023-03-27T20:58:47.808+0000] {taskinstance.py:2585} INFO - 0 downstream tasks scheduled from follow-on schedule check
