[2023-03-27T13:00:47.564+0000] {taskinstance.py:1084} INFO - Dependencies all met for dep_context=non-requeueable deps ti=<TaskInstance: etl_uniprot_Q9Y261.write_authors_of_references manual__2023-03-27T13:00:35.521014+00:00 [queued]>
[2023-03-27T13:00:47.587+0000] {taskinstance.py:1084} INFO - Dependencies all met for dep_context=requeueable deps ti=<TaskInstance: etl_uniprot_Q9Y261.write_authors_of_references manual__2023-03-27T13:00:35.521014+00:00 [queued]>
[2023-03-27T13:00:47.588+0000] {taskinstance.py:1282} INFO - 
--------------------------------------------------------------------------------
[2023-03-27T13:00:47.589+0000] {taskinstance.py:1283} INFO - Starting attempt 1 of 1
[2023-03-27T13:00:47.590+0000] {taskinstance.py:1284} INFO - 
--------------------------------------------------------------------------------
[2023-03-27T13:00:47.625+0000] {taskinstance.py:1303} INFO - Executing <Task(_PythonDecoratedOperator): write_authors_of_references> on 2023-03-27 13:00:35.521014+00:00
[2023-03-27T13:00:47.641+0000] {standard_task_runner.py:55} INFO - Started process 506 to run task
[2023-03-27T13:00:47.649+0000] {standard_task_runner.py:82} INFO - Running: ['***', 'tasks', 'run', 'etl_uniprot_Q9Y261', 'write_authors_of_references', 'manual__2023-03-27T13:00:35.521014+00:00', '--job-id', '53', '--raw', '--subdir', 'DAGS_FOLDER/uniprot_Q9Y261/main.py', '--cfg-path', '/tmp/tmpjmq5zkuo']
[2023-03-27T13:00:47.650+0000] {standard_task_runner.py:83} INFO - Job 53: Subtask write_authors_of_references
[2023-03-27T13:00:47.859+0000] {task_command.py:388} INFO - Running <TaskInstance: etl_uniprot_Q9Y261.write_authors_of_references manual__2023-03-27T13:00:35.521014+00:00 [running]> on host 5da03bdb1b9e
[2023-03-27T13:00:48.066+0000] {taskinstance.py:1511} INFO - Exporting the following env vars:
AIRFLOW_CTX_DAG_OWNER=***
AIRFLOW_CTX_DAG_ID=etl_uniprot_Q9Y261
AIRFLOW_CTX_TASK_ID=write_authors_of_references
AIRFLOW_CTX_EXECUTION_DATE=2023-03-27T13:00:35.521014+00:00
AIRFLOW_CTX_TRY_NUMBER=1
AIRFLOW_CTX_DAG_RUN_ID=manual__2023-03-27T13:00:35.521014+00:00
[2023-03-27T13:00:48.324+0000] {python.py:177} INFO - Done. Returned value was: None
[2023-03-27T13:00:48.359+0000] {taskinstance.py:1326} INFO - Marking task as SUCCESS. dag_id=etl_uniprot_Q9Y261, task_id=write_authors_of_references, execution_date=20230327T130035, start_date=20230327T130047, end_date=20230327T130048
[2023-03-27T13:00:48.426+0000] {local_task_job.py:212} INFO - Task exited with return code 0
[2023-03-27T13:00:48.461+0000] {taskinstance.py:2585} INFO - 0 downstream tasks scheduled from follow-on schedule check
