[2023-03-29T00:00:07.643+0000] {taskinstance.py:1084} INFO - Dependencies all met for dep_context=non-requeueable deps ti=<TaskInstance: etl_uniprot_Q9Y261.get_organisms scheduled__2023-03-28T00:00:00+00:00 [queued]>
[2023-03-29T00:00:07.676+0000] {taskinstance.py:1084} INFO - Dependencies all met for dep_context=requeueable deps ti=<TaskInstance: etl_uniprot_Q9Y261.get_organisms scheduled__2023-03-28T00:00:00+00:00 [queued]>
[2023-03-29T00:00:07.678+0000] {taskinstance.py:1282} INFO - 
--------------------------------------------------------------------------------
[2023-03-29T00:00:07.680+0000] {taskinstance.py:1283} INFO - Starting attempt 1 of 1
[2023-03-29T00:00:07.681+0000] {taskinstance.py:1284} INFO - 
--------------------------------------------------------------------------------
[2023-03-29T00:00:07.717+0000] {taskinstance.py:1303} INFO - Executing <Task(_PythonDecoratedOperator): get_organisms> on 2023-03-28 00:00:00+00:00
[2023-03-29T00:00:07.728+0000] {standard_task_runner.py:55} INFO - Started process 452 to run task
[2023-03-29T00:00:07.735+0000] {standard_task_runner.py:82} INFO - Running: ['***', 'tasks', 'run', 'etl_uniprot_Q9Y261', 'get_organisms', 'scheduled__2023-03-28T00:00:00+00:00', '--job-id', '19', '--raw', '--subdir', 'DAGS_FOLDER/uniprot_Q9Y261/main.py', '--cfg-path', '/tmp/tmpntbqicve']
[2023-03-29T00:00:07.738+0000] {standard_task_runner.py:83} INFO - Job 19: Subtask get_organisms
[2023-03-29T00:00:07.932+0000] {task_command.py:388} INFO - Running <TaskInstance: etl_uniprot_Q9Y261.get_organisms scheduled__2023-03-28T00:00:00+00:00 [running]> on host f360a468cd4e
[2023-03-29T00:00:08.182+0000] {taskinstance.py:1511} INFO - Exporting the following env vars:
AIRFLOW_CTX_DAG_OWNER=***
AIRFLOW_CTX_DAG_ID=etl_uniprot_Q9Y261
AIRFLOW_CTX_TASK_ID=get_organisms
AIRFLOW_CTX_EXECUTION_DATE=2023-03-28T00:00:00+00:00
AIRFLOW_CTX_TRY_NUMBER=1
AIRFLOW_CTX_DAG_RUN_ID=scheduled__2023-03-28T00:00:00+00:00
[2023-03-29T00:00:08.188+0000] {python.py:177} INFO - Done. Returned value was: [{'id': 'Q9Y261', 'organism_name': 'Homo sapiens', 'organism_common': 'Human', 'taxonomy_id': '9606', 'lineages': ['Eukaryota', 'Metazoa', 'Chordata', 'Craniata', 'Vertebrata', 'Euteleostomi', 'Mammalia', 'Eutheria', 'Euarchontoglires', 'Primates', 'Haplorrhini', 'Catarrhini', 'Hominidae', 'Homo']}]
[2023-03-29T00:00:08.257+0000] {taskinstance.py:1326} INFO - Marking task as SUCCESS. dag_id=etl_uniprot_Q9Y261, task_id=get_organisms, execution_date=20230328T000000, start_date=20230329T000007, end_date=20230329T000008
[2023-03-29T00:00:08.311+0000] {local_task_job.py:212} INFO - Task exited with return code 0
[2023-03-29T00:00:08.373+0000] {taskinstance.py:2585} INFO - 2 downstream tasks scheduled from follow-on schedule check
