[2023-03-27T13:00:41.250+0000] {taskinstance.py:1084} INFO - Dependencies all met for dep_context=non-requeueable deps ti=<TaskInstance: etl_uniprot_Q9Y261.write_accession manual__2023-03-27T13:00:35.521014+00:00 [queued]>
[2023-03-27T13:00:41.262+0000] {taskinstance.py:1084} INFO - Dependencies all met for dep_context=requeueable deps ti=<TaskInstance: etl_uniprot_Q9Y261.write_accession manual__2023-03-27T13:00:35.521014+00:00 [queued]>
[2023-03-27T13:00:41.263+0000] {taskinstance.py:1282} INFO - 
--------------------------------------------------------------------------------
[2023-03-27T13:00:41.264+0000] {taskinstance.py:1283} INFO - Starting attempt 1 of 1
[2023-03-27T13:00:41.265+0000] {taskinstance.py:1284} INFO - 
--------------------------------------------------------------------------------
[2023-03-27T13:00:41.281+0000] {taskinstance.py:1303} INFO - Executing <Task(_PythonDecoratedOperator): write_accession> on 2023-03-27 13:00:35.521014+00:00
[2023-03-27T13:00:41.287+0000] {standard_task_runner.py:55} INFO - Started process 474 to run task
[2023-03-27T13:00:41.290+0000] {standard_task_runner.py:82} INFO - Running: ['***', 'tasks', 'run', 'etl_uniprot_Q9Y261', 'write_accession', 'manual__2023-03-27T13:00:35.521014+00:00', '--job-id', '43', '--raw', '--subdir', 'DAGS_FOLDER/uniprot_Q9Y261/main.py', '--cfg-path', '/tmp/tmp7gtpmt0p']
[2023-03-27T13:00:41.291+0000] {standard_task_runner.py:83} INFO - Job 43: Subtask write_accession
[2023-03-27T13:00:41.420+0000] {task_command.py:388} INFO - Running <TaskInstance: etl_uniprot_Q9Y261.write_accession manual__2023-03-27T13:00:35.521014+00:00 [running]> on host 5da03bdb1b9e
[2023-03-27T13:00:41.518+0000] {taskinstance.py:1511} INFO - Exporting the following env vars:
AIRFLOW_CTX_DAG_OWNER=***
AIRFLOW_CTX_DAG_ID=etl_uniprot_Q9Y261
AIRFLOW_CTX_TASK_ID=write_accession
AIRFLOW_CTX_EXECUTION_DATE=2023-03-27T13:00:35.521014+00:00
AIRFLOW_CTX_TRY_NUMBER=1
AIRFLOW_CTX_DAG_RUN_ID=manual__2023-03-27T13:00:35.521014+00:00
[2023-03-27T13:00:41.535+0000] {python.py:177} INFO - Done. Returned value was: Q9Y261
[2023-03-27T13:00:41.565+0000] {taskinstance.py:1326} INFO - Marking task as SUCCESS. dag_id=etl_uniprot_Q9Y261, task_id=write_accession, execution_date=20230327T130035, start_date=20230327T130041, end_date=20230327T130041
[2023-03-27T13:00:41.584+0000] {local_task_job.py:212} INFO - Task exited with return code 0
[2023-03-27T13:00:41.625+0000] {taskinstance.py:2585} INFO - 7 downstream tasks scheduled from follow-on schedule check
