[2023-03-28T23:31:44.653+0000] {taskinstance.py:1084} INFO - Dependencies all met for dep_context=non-requeueable deps ti=<TaskInstance: etl_uniprot_Q9Y261.write_genes__1 scheduled__2023-03-27T00:00:00+00:00 [queued]>
[2023-03-28T23:31:44.684+0000] {taskinstance.py:1084} INFO - Dependencies all met for dep_context=requeueable deps ti=<TaskInstance: etl_uniprot_Q9Y261.write_genes__1 scheduled__2023-03-27T00:00:00+00:00 [queued]>
[2023-03-28T23:31:44.685+0000] {taskinstance.py:1282} INFO - 
--------------------------------------------------------------------------------
[2023-03-28T23:31:44.687+0000] {taskinstance.py:1283} INFO - Starting attempt 1 of 1
[2023-03-28T23:31:44.688+0000] {taskinstance.py:1284} INFO - 
--------------------------------------------------------------------------------
[2023-03-28T23:31:44.732+0000] {taskinstance.py:1303} INFO - Executing <Task(_PythonDecoratedOperator): write_genes__1> on 2023-03-27 00:00:00+00:00
[2023-03-28T23:31:44.742+0000] {standard_task_runner.py:55} INFO - Started process 4049 to run task
[2023-03-28T23:31:44.751+0000] {standard_task_runner.py:82} INFO - Running: ['***', 'tasks', 'run', 'etl_uniprot_Q9Y261', 'write_genes__1', 'scheduled__2023-03-27T00:00:00+00:00', '--job-id', '268', '--raw', '--subdir', 'DAGS_FOLDER/uniprot_Q9Y261/main.py', '--cfg-path', '/tmp/tmpc5qtwrxt']
[2023-03-28T23:31:44.753+0000] {standard_task_runner.py:83} INFO - Job 268: Subtask write_genes__1
[2023-03-28T23:31:44.951+0000] {task_command.py:388} INFO - Running <TaskInstance: etl_uniprot_Q9Y261.write_genes__1 scheduled__2023-03-27T00:00:00+00:00 [running]> on host 147865a62ab8
[2023-03-28T23:31:45.184+0000] {taskinstance.py:1511} INFO - Exporting the following env vars:
AIRFLOW_CTX_DAG_OWNER=***
AIRFLOW_CTX_DAG_ID=etl_uniprot_Q9Y261
AIRFLOW_CTX_TASK_ID=write_genes__1
AIRFLOW_CTX_EXECUTION_DATE=2023-03-27T00:00:00+00:00
AIRFLOW_CTX_TRY_NUMBER=1
AIRFLOW_CTX_DAG_RUN_ID=scheduled__2023-03-27T00:00:00+00:00
[2023-03-28T23:31:45.233+0000] {python.py:177} INFO - Done. Returned value was: None
[2023-03-28T23:31:45.262+0000] {taskinstance.py:1326} INFO - Marking task as SUCCESS. dag_id=etl_uniprot_Q9Y261, task_id=write_genes__1, execution_date=20230327T000000, start_date=20230328T233144, end_date=20230328T233145
[2023-03-28T23:31:45.328+0000] {local_task_job.py:212} INFO - Task exited with return code 0
[2023-03-28T23:31:45.422+0000] {taskinstance.py:2585} INFO - 0 downstream tasks scheduled from follow-on schedule check
