[2023-03-28T22:20:01.436+0000] {taskinstance.py:1084} INFO - Dependencies all met for dep_context=non-requeueable deps ti=<TaskInstance: etl_uniprot_Q9Y261.write_sequences scheduled__2023-03-27T00:00:00+00:00 [queued]>
[2023-03-28T22:20:01.467+0000] {taskinstance.py:1084} INFO - Dependencies all met for dep_context=requeueable deps ti=<TaskInstance: etl_uniprot_Q9Y261.write_sequences scheduled__2023-03-27T00:00:00+00:00 [queued]>
[2023-03-28T22:20:01.468+0000] {taskinstance.py:1282} INFO - 
--------------------------------------------------------------------------------
[2023-03-28T22:20:01.470+0000] {taskinstance.py:1283} INFO - Starting attempt 1 of 1
[2023-03-28T22:20:01.471+0000] {taskinstance.py:1284} INFO - 
--------------------------------------------------------------------------------
[2023-03-28T22:20:01.505+0000] {taskinstance.py:1303} INFO - Executing <Task(_PythonDecoratedOperator): write_sequences> on 2023-03-27 00:00:00+00:00
[2023-03-28T22:20:01.520+0000] {standard_task_runner.py:55} INFO - Started process 142 to run task
[2023-03-28T22:20:01.532+0000] {standard_task_runner.py:82} INFO - Running: ['***', 'tasks', 'run', 'etl_uniprot_Q9Y261', 'write_sequences', 'scheduled__2023-03-27T00:00:00+00:00', '--job-id', '10', '--raw', '--subdir', 'DAGS_FOLDER/uniprot_Q9Y261/main.py', '--cfg-path', '/tmp/tmpv1oklzno']
[2023-03-28T22:20:01.534+0000] {standard_task_runner.py:83} INFO - Job 10: Subtask write_sequences
[2023-03-28T22:20:01.722+0000] {task_command.py:388} INFO - Running <TaskInstance: etl_uniprot_Q9Y261.write_sequences scheduled__2023-03-27T00:00:00+00:00 [running]> on host 147865a62ab8
[2023-03-28T22:20:01.957+0000] {taskinstance.py:1511} INFO - Exporting the following env vars:
AIRFLOW_CTX_DAG_OWNER=***
AIRFLOW_CTX_DAG_ID=etl_uniprot_Q9Y261
AIRFLOW_CTX_TASK_ID=write_sequences
AIRFLOW_CTX_EXECUTION_DATE=2023-03-27T00:00:00+00:00
AIRFLOW_CTX_TRY_NUMBER=1
AIRFLOW_CTX_DAG_RUN_ID=scheduled__2023-03-27T00:00:00+00:00
[2023-03-28T22:20:02.575+0000] {python.py:177} INFO - Done. Returned value was: None
[2023-03-28T22:20:02.596+0000] {taskinstance.py:1326} INFO - Marking task as SUCCESS. dag_id=etl_uniprot_Q9Y261, task_id=write_sequences, execution_date=20230327T000000, start_date=20230328T222001, end_date=20230328T222002
[2023-03-28T22:20:02.669+0000] {local_task_job.py:212} INFO - Task exited with return code 0
[2023-03-28T22:20:02.710+0000] {taskinstance.py:2585} INFO - 0 downstream tasks scheduled from follow-on schedule check
[2023-03-28T22:23:19.617+0000] {taskinstance.py:1084} INFO - Dependencies all met for dep_context=non-requeueable deps ti=<TaskInstance: etl_uniprot_Q9Y261.write_sequences scheduled__2023-03-27T00:00:00+00:00 [queued]>
[2023-03-28T22:23:19.645+0000] {taskinstance.py:1084} INFO - Dependencies all met for dep_context=requeueable deps ti=<TaskInstance: etl_uniprot_Q9Y261.write_sequences scheduled__2023-03-27T00:00:00+00:00 [queued]>
[2023-03-28T22:23:19.646+0000] {taskinstance.py:1282} INFO - 
--------------------------------------------------------------------------------
[2023-03-28T22:23:19.647+0000] {taskinstance.py:1283} INFO - Starting attempt 1 of 1
[2023-03-28T22:23:19.648+0000] {taskinstance.py:1284} INFO - 
--------------------------------------------------------------------------------
[2023-03-28T22:23:19.675+0000] {taskinstance.py:1303} INFO - Executing <Task(_PythonDecoratedOperator): write_sequences> on 2023-03-27 00:00:00+00:00
[2023-03-28T22:23:19.695+0000] {standard_task_runner.py:55} INFO - Started process 324 to run task
[2023-03-28T22:23:19.708+0000] {standard_task_runner.py:82} INFO - Running: ['***', 'tasks', 'run', 'etl_uniprot_Q9Y261', 'write_sequences', 'scheduled__2023-03-27T00:00:00+00:00', '--job-id', '21', '--raw', '--subdir', 'DAGS_FOLDER/uniprot_Q9Y261/main.py', '--cfg-path', '/tmp/tmphx2g9g3n']
[2023-03-28T22:23:19.713+0000] {standard_task_runner.py:83} INFO - Job 21: Subtask write_sequences
[2023-03-28T22:23:19.918+0000] {task_command.py:388} INFO - Running <TaskInstance: etl_uniprot_Q9Y261.write_sequences scheduled__2023-03-27T00:00:00+00:00 [running]> on host 147865a62ab8
[2023-03-28T22:23:20.177+0000] {taskinstance.py:1511} INFO - Exporting the following env vars:
AIRFLOW_CTX_DAG_OWNER=***
AIRFLOW_CTX_DAG_ID=etl_uniprot_Q9Y261
AIRFLOW_CTX_TASK_ID=write_sequences
AIRFLOW_CTX_EXECUTION_DATE=2023-03-27T00:00:00+00:00
AIRFLOW_CTX_TRY_NUMBER=1
AIRFLOW_CTX_DAG_RUN_ID=scheduled__2023-03-27T00:00:00+00:00
[2023-03-28T22:23:20.370+0000] {python.py:177} INFO - Done. Returned value was: None
[2023-03-28T22:23:20.406+0000] {taskinstance.py:1326} INFO - Marking task as SUCCESS. dag_id=etl_uniprot_Q9Y261, task_id=write_sequences, execution_date=20230327T000000, start_date=20230328T222319, end_date=20230328T222320
[2023-03-28T22:23:20.497+0000] {local_task_job.py:212} INFO - Task exited with return code 0
[2023-03-28T22:23:20.621+0000] {taskinstance.py:2585} INFO - 0 downstream tasks scheduled from follow-on schedule check
[2023-03-28T22:36:14.165+0000] {taskinstance.py:1084} INFO - Dependencies all met for dep_context=non-requeueable deps ti=<TaskInstance: etl_uniprot_Q9Y261.write_sequences scheduled__2023-03-27T00:00:00+00:00 [queued]>
[2023-03-28T22:36:14.193+0000] {taskinstance.py:1084} INFO - Dependencies all met for dep_context=requeueable deps ti=<TaskInstance: etl_uniprot_Q9Y261.write_sequences scheduled__2023-03-27T00:00:00+00:00 [queued]>
[2023-03-28T22:36:14.196+0000] {taskinstance.py:1282} INFO - 
--------------------------------------------------------------------------------
[2023-03-28T22:36:14.197+0000] {taskinstance.py:1283} INFO - Starting attempt 1 of 1
[2023-03-28T22:36:14.198+0000] {taskinstance.py:1284} INFO - 
--------------------------------------------------------------------------------
[2023-03-28T22:36:14.235+0000] {taskinstance.py:1303} INFO - Executing <Task(_PythonDecoratedOperator): write_sequences> on 2023-03-27 00:00:00+00:00
[2023-03-28T22:36:14.246+0000] {standard_task_runner.py:55} INFO - Started process 1140 to run task
[2023-03-28T22:36:14.255+0000] {standard_task_runner.py:82} INFO - Running: ['***', 'tasks', 'run', 'etl_uniprot_Q9Y261', 'write_sequences', 'scheduled__2023-03-27T00:00:00+00:00', '--job-id', '105', '--raw', '--subdir', 'DAGS_FOLDER/uniprot_Q9Y261/main.py', '--cfg-path', '/tmp/tmpjt_rhzu6']
[2023-03-28T22:36:14.256+0000] {standard_task_runner.py:83} INFO - Job 105: Subtask write_sequences
[2023-03-28T22:36:14.427+0000] {task_command.py:388} INFO - Running <TaskInstance: etl_uniprot_Q9Y261.write_sequences scheduled__2023-03-27T00:00:00+00:00 [running]> on host 147865a62ab8
[2023-03-28T22:36:14.683+0000] {taskinstance.py:1511} INFO - Exporting the following env vars:
AIRFLOW_CTX_DAG_OWNER=***
AIRFLOW_CTX_DAG_ID=etl_uniprot_Q9Y261
AIRFLOW_CTX_TASK_ID=write_sequences
AIRFLOW_CTX_EXECUTION_DATE=2023-03-27T00:00:00+00:00
AIRFLOW_CTX_TRY_NUMBER=1
AIRFLOW_CTX_DAG_RUN_ID=scheduled__2023-03-27T00:00:00+00:00
[2023-03-28T22:36:14.753+0000] {python.py:177} INFO - Done. Returned value was: None
[2023-03-28T22:36:14.786+0000] {taskinstance.py:1326} INFO - Marking task as SUCCESS. dag_id=etl_uniprot_Q9Y261, task_id=write_sequences, execution_date=20230327T000000, start_date=20230328T223614, end_date=20230328T223614
[2023-03-28T22:36:14.835+0000] {local_task_job.py:212} INFO - Task exited with return code 0
[2023-03-28T22:36:14.965+0000] {taskinstance.py:2585} INFO - 0 downstream tasks scheduled from follow-on schedule check
[2023-03-28T22:39:28.167+0000] {taskinstance.py:1084} INFO - Dependencies all met for dep_context=non-requeueable deps ti=<TaskInstance: etl_uniprot_Q9Y261.write_sequences scheduled__2023-03-27T00:00:00+00:00 [queued]>
[2023-03-28T22:39:28.188+0000] {taskinstance.py:1084} INFO - Dependencies all met for dep_context=requeueable deps ti=<TaskInstance: etl_uniprot_Q9Y261.write_sequences scheduled__2023-03-27T00:00:00+00:00 [queued]>
[2023-03-28T22:39:28.190+0000] {taskinstance.py:1282} INFO - 
--------------------------------------------------------------------------------
[2023-03-28T22:39:28.191+0000] {taskinstance.py:1283} INFO - Starting attempt 1 of 1
[2023-03-28T22:39:28.192+0000] {taskinstance.py:1284} INFO - 
--------------------------------------------------------------------------------
[2023-03-28T22:39:28.220+0000] {taskinstance.py:1303} INFO - Executing <Task(_PythonDecoratedOperator): write_sequences> on 2023-03-27 00:00:00+00:00
[2023-03-28T22:39:28.229+0000] {standard_task_runner.py:55} INFO - Started process 1328 to run task
[2023-03-28T22:39:28.236+0000] {standard_task_runner.py:82} INFO - Running: ['***', 'tasks', 'run', 'etl_uniprot_Q9Y261', 'write_sequences', 'scheduled__2023-03-27T00:00:00+00:00', '--job-id', '117', '--raw', '--subdir', 'DAGS_FOLDER/uniprot_Q9Y261/main.py', '--cfg-path', '/tmp/tmpk6hqis4x']
[2023-03-28T22:39:28.238+0000] {standard_task_runner.py:83} INFO - Job 117: Subtask write_sequences
[2023-03-28T22:39:28.356+0000] {task_command.py:388} INFO - Running <TaskInstance: etl_uniprot_Q9Y261.write_sequences scheduled__2023-03-27T00:00:00+00:00 [running]> on host 147865a62ab8
[2023-03-28T22:39:28.590+0000] {taskinstance.py:1511} INFO - Exporting the following env vars:
AIRFLOW_CTX_DAG_OWNER=***
AIRFLOW_CTX_DAG_ID=etl_uniprot_Q9Y261
AIRFLOW_CTX_TASK_ID=write_sequences
AIRFLOW_CTX_EXECUTION_DATE=2023-03-27T00:00:00+00:00
AIRFLOW_CTX_TRY_NUMBER=1
AIRFLOW_CTX_DAG_RUN_ID=scheduled__2023-03-27T00:00:00+00:00
[2023-03-28T22:39:28.620+0000] {python.py:177} INFO - Done. Returned value was: None
[2023-03-28T22:39:28.641+0000] {taskinstance.py:1326} INFO - Marking task as SUCCESS. dag_id=etl_uniprot_Q9Y261, task_id=write_sequences, execution_date=20230327T000000, start_date=20230328T223928, end_date=20230328T223928
[2023-03-28T22:39:28.688+0000] {local_task_job.py:212} INFO - Task exited with return code 0
[2023-03-28T22:39:28.761+0000] {taskinstance.py:2585} INFO - 0 downstream tasks scheduled from follow-on schedule check
[2023-03-28T22:42:13.839+0000] {taskinstance.py:1084} INFO - Dependencies all met for dep_context=non-requeueable deps ti=<TaskInstance: etl_uniprot_Q9Y261.write_sequences scheduled__2023-03-27T00:00:00+00:00 [queued]>
[2023-03-28T22:42:13.875+0000] {taskinstance.py:1084} INFO - Dependencies all met for dep_context=requeueable deps ti=<TaskInstance: etl_uniprot_Q9Y261.write_sequences scheduled__2023-03-27T00:00:00+00:00 [queued]>
[2023-03-28T22:42:13.877+0000] {taskinstance.py:1282} INFO - 
--------------------------------------------------------------------------------
[2023-03-28T22:42:13.878+0000] {taskinstance.py:1283} INFO - Starting attempt 1 of 1
[2023-03-28T22:42:13.879+0000] {taskinstance.py:1284} INFO - 
--------------------------------------------------------------------------------
[2023-03-28T22:42:13.918+0000] {taskinstance.py:1303} INFO - Executing <Task(_PythonDecoratedOperator): write_sequences> on 2023-03-27 00:00:00+00:00
[2023-03-28T22:42:13.931+0000] {standard_task_runner.py:55} INFO - Started process 1544 to run task
[2023-03-28T22:42:13.939+0000] {standard_task_runner.py:82} INFO - Running: ['***', 'tasks', 'run', 'etl_uniprot_Q9Y261', 'write_sequences', 'scheduled__2023-03-27T00:00:00+00:00', '--job-id', '148', '--raw', '--subdir', 'DAGS_FOLDER/uniprot_Q9Y261/main.py', '--cfg-path', '/tmp/tmpw79fznq_']
[2023-03-28T22:42:13.942+0000] {standard_task_runner.py:83} INFO - Job 148: Subtask write_sequences
[2023-03-28T22:42:14.168+0000] {task_command.py:388} INFO - Running <TaskInstance: etl_uniprot_Q9Y261.write_sequences scheduled__2023-03-27T00:00:00+00:00 [running]> on host 147865a62ab8
[2023-03-28T22:42:14.442+0000] {taskinstance.py:1511} INFO - Exporting the following env vars:
AIRFLOW_CTX_DAG_OWNER=***
AIRFLOW_CTX_DAG_ID=etl_uniprot_Q9Y261
AIRFLOW_CTX_TASK_ID=write_sequences
AIRFLOW_CTX_EXECUTION_DATE=2023-03-27T00:00:00+00:00
AIRFLOW_CTX_TRY_NUMBER=1
AIRFLOW_CTX_DAG_RUN_ID=scheduled__2023-03-27T00:00:00+00:00
[2023-03-28T22:42:14.634+0000] {python.py:177} INFO - Done. Returned value was: None
[2023-03-28T22:42:14.682+0000] {taskinstance.py:1326} INFO - Marking task as SUCCESS. dag_id=etl_uniprot_Q9Y261, task_id=write_sequences, execution_date=20230327T000000, start_date=20230328T224213, end_date=20230328T224214
[2023-03-28T22:42:14.730+0000] {local_task_job.py:212} INFO - Task exited with return code 0
[2023-03-28T22:42:14.862+0000] {taskinstance.py:2585} INFO - 0 downstream tasks scheduled from follow-on schedule check
[2023-03-28T22:46:43.684+0000] {taskinstance.py:1084} INFO - Dependencies all met for dep_context=non-requeueable deps ti=<TaskInstance: etl_uniprot_Q9Y261.write_sequences scheduled__2023-03-27T00:00:00+00:00 [queued]>
[2023-03-28T22:46:43.747+0000] {taskinstance.py:1084} INFO - Dependencies all met for dep_context=requeueable deps ti=<TaskInstance: etl_uniprot_Q9Y261.write_sequences scheduled__2023-03-27T00:00:00+00:00 [queued]>
[2023-03-28T22:46:43.768+0000] {taskinstance.py:1282} INFO - 
--------------------------------------------------------------------------------
[2023-03-28T22:46:43.769+0000] {taskinstance.py:1283} INFO - Starting attempt 1 of 1
[2023-03-28T22:46:43.771+0000] {taskinstance.py:1284} INFO - 
--------------------------------------------------------------------------------
[2023-03-28T22:46:43.890+0000] {taskinstance.py:1303} INFO - Executing <Task(_PythonDecoratedOperator): write_sequences> on 2023-03-27 00:00:00+00:00
[2023-03-28T22:46:43.907+0000] {standard_task_runner.py:55} INFO - Started process 1781 to run task
[2023-03-28T22:46:43.917+0000] {standard_task_runner.py:82} INFO - Running: ['***', 'tasks', 'run', 'etl_uniprot_Q9Y261', 'write_sequences', 'scheduled__2023-03-27T00:00:00+00:00', '--job-id', '161', '--raw', '--subdir', 'DAGS_FOLDER/uniprot_Q9Y261/main.py', '--cfg-path', '/tmp/tmp4iwnwv2g']
[2023-03-28T22:46:43.919+0000] {standard_task_runner.py:83} INFO - Job 161: Subtask write_sequences
[2023-03-28T22:46:44.180+0000] {task_command.py:388} INFO - Running <TaskInstance: etl_uniprot_Q9Y261.write_sequences scheduled__2023-03-27T00:00:00+00:00 [running]> on host 147865a62ab8
[2023-03-28T22:46:44.423+0000] {taskinstance.py:1511} INFO - Exporting the following env vars:
AIRFLOW_CTX_DAG_OWNER=***
AIRFLOW_CTX_DAG_ID=etl_uniprot_Q9Y261
AIRFLOW_CTX_TASK_ID=write_sequences
AIRFLOW_CTX_EXECUTION_DATE=2023-03-27T00:00:00+00:00
AIRFLOW_CTX_TRY_NUMBER=1
AIRFLOW_CTX_DAG_RUN_ID=scheduled__2023-03-27T00:00:00+00:00
[2023-03-28T22:46:44.458+0000] {python.py:177} INFO - Done. Returned value was: None
[2023-03-28T22:46:44.486+0000] {taskinstance.py:1326} INFO - Marking task as SUCCESS. dag_id=etl_uniprot_Q9Y261, task_id=write_sequences, execution_date=20230327T000000, start_date=20230328T224643, end_date=20230328T224644
[2023-03-28T22:46:44.558+0000] {local_task_job.py:212} INFO - Task exited with return code 0
[2023-03-28T22:46:44.602+0000] {taskinstance.py:2585} INFO - 0 downstream tasks scheduled from follow-on schedule check
[2023-03-28T23:13:06.485+0000] {taskinstance.py:1084} INFO - Dependencies all met for dep_context=non-requeueable deps ti=<TaskInstance: etl_uniprot_Q9Y261.write_sequences scheduled__2023-03-27T00:00:00+00:00 [queued]>
[2023-03-28T23:13:06.508+0000] {taskinstance.py:1084} INFO - Dependencies all met for dep_context=requeueable deps ti=<TaskInstance: etl_uniprot_Q9Y261.write_sequences scheduled__2023-03-27T00:00:00+00:00 [queued]>
[2023-03-28T23:13:06.510+0000] {taskinstance.py:1282} INFO - 
--------------------------------------------------------------------------------
[2023-03-28T23:13:06.511+0000] {taskinstance.py:1283} INFO - Starting attempt 1 of 1
[2023-03-28T23:13:06.513+0000] {taskinstance.py:1284} INFO - 
--------------------------------------------------------------------------------
[2023-03-28T23:13:06.544+0000] {taskinstance.py:1303} INFO - Executing <Task(_PythonDecoratedOperator): write_sequences> on 2023-03-27 00:00:00+00:00
[2023-03-28T23:13:06.554+0000] {standard_task_runner.py:55} INFO - Started process 3123 to run task
[2023-03-28T23:13:06.561+0000] {standard_task_runner.py:82} INFO - Running: ['***', 'tasks', 'run', 'etl_uniprot_Q9Y261', 'write_sequences', 'scheduled__2023-03-27T00:00:00+00:00', '--job-id', '225', '--raw', '--subdir', 'DAGS_FOLDER/uniprot_Q9Y261/main.py', '--cfg-path', '/tmp/tmple1ta85l']
[2023-03-28T23:13:06.566+0000] {standard_task_runner.py:83} INFO - Job 225: Subtask write_sequences
[2023-03-28T23:13:06.747+0000] {task_command.py:388} INFO - Running <TaskInstance: etl_uniprot_Q9Y261.write_sequences scheduled__2023-03-27T00:00:00+00:00 [running]> on host 147865a62ab8
[2023-03-28T23:13:06.968+0000] {taskinstance.py:1511} INFO - Exporting the following env vars:
AIRFLOW_CTX_DAG_OWNER=***
AIRFLOW_CTX_DAG_ID=etl_uniprot_Q9Y261
AIRFLOW_CTX_TASK_ID=write_sequences
AIRFLOW_CTX_EXECUTION_DATE=2023-03-27T00:00:00+00:00
AIRFLOW_CTX_TRY_NUMBER=1
AIRFLOW_CTX_DAG_RUN_ID=scheduled__2023-03-27T00:00:00+00:00
[2023-03-28T23:13:06.999+0000] {python.py:177} INFO - Done. Returned value was: None
[2023-03-28T23:13:07.024+0000] {taskinstance.py:1326} INFO - Marking task as SUCCESS. dag_id=etl_uniprot_Q9Y261, task_id=write_sequences, execution_date=20230327T000000, start_date=20230328T231306, end_date=20230328T231307
[2023-03-28T23:13:07.097+0000] {local_task_job.py:212} INFO - Task exited with return code 0
[2023-03-28T23:13:07.143+0000] {taskinstance.py:2585} INFO - 0 downstream tasks scheduled from follow-on schedule check
[2023-03-28T23:31:44.604+0000] {taskinstance.py:1084} INFO - Dependencies all met for dep_context=non-requeueable deps ti=<TaskInstance: etl_uniprot_Q9Y261.write_sequences scheduled__2023-03-27T00:00:00+00:00 [queued]>
[2023-03-28T23:31:44.633+0000] {taskinstance.py:1084} INFO - Dependencies all met for dep_context=requeueable deps ti=<TaskInstance: etl_uniprot_Q9Y261.write_sequences scheduled__2023-03-27T00:00:00+00:00 [queued]>
[2023-03-28T23:31:44.635+0000] {taskinstance.py:1282} INFO - 
--------------------------------------------------------------------------------
[2023-03-28T23:31:44.636+0000] {taskinstance.py:1283} INFO - Starting attempt 1 of 1
[2023-03-28T23:31:44.637+0000] {taskinstance.py:1284} INFO - 
--------------------------------------------------------------------------------
[2023-03-28T23:31:44.676+0000] {taskinstance.py:1303} INFO - Executing <Task(_PythonDecoratedOperator): write_sequences> on 2023-03-27 00:00:00+00:00
[2023-03-28T23:31:44.686+0000] {standard_task_runner.py:55} INFO - Started process 4046 to run task
[2023-03-28T23:31:44.696+0000] {standard_task_runner.py:82} INFO - Running: ['***', 'tasks', 'run', 'etl_uniprot_Q9Y261', 'write_sequences', 'scheduled__2023-03-27T00:00:00+00:00', '--job-id', '266', '--raw', '--subdir', 'DAGS_FOLDER/uniprot_Q9Y261/main.py', '--cfg-path', '/tmp/tmpsc5cxfx1']
[2023-03-28T23:31:44.698+0000] {standard_task_runner.py:83} INFO - Job 266: Subtask write_sequences
[2023-03-28T23:31:44.899+0000] {task_command.py:388} INFO - Running <TaskInstance: etl_uniprot_Q9Y261.write_sequences scheduled__2023-03-27T00:00:00+00:00 [running]> on host 147865a62ab8
[2023-03-28T23:31:45.143+0000] {taskinstance.py:1511} INFO - Exporting the following env vars:
AIRFLOW_CTX_DAG_OWNER=***
AIRFLOW_CTX_DAG_ID=etl_uniprot_Q9Y261
AIRFLOW_CTX_TASK_ID=write_sequences
AIRFLOW_CTX_EXECUTION_DATE=2023-03-27T00:00:00+00:00
AIRFLOW_CTX_TRY_NUMBER=1
AIRFLOW_CTX_DAG_RUN_ID=scheduled__2023-03-27T00:00:00+00:00
[2023-03-28T23:31:45.180+0000] {python.py:177} INFO - Done. Returned value was: None
[2023-03-28T23:31:45.211+0000] {taskinstance.py:1326} INFO - Marking task as SUCCESS. dag_id=etl_uniprot_Q9Y261, task_id=write_sequences, execution_date=20230327T000000, start_date=20230328T233144, end_date=20230328T233145
[2023-03-28T23:31:45.270+0000] {local_task_job.py:212} INFO - Task exited with return code 0
[2023-03-28T23:31:45.325+0000] {taskinstance.py:2585} INFO - 0 downstream tasks scheduled from follow-on schedule check
[2023-03-28T23:35:19.458+0000] {taskinstance.py:1084} INFO - Dependencies all met for dep_context=non-requeueable deps ti=<TaskInstance: etl_uniprot_Q9Y261.write_sequences scheduled__2023-03-27T00:00:00+00:00 [queued]>
[2023-03-28T23:35:19.488+0000] {taskinstance.py:1084} INFO - Dependencies all met for dep_context=requeueable deps ti=<TaskInstance: etl_uniprot_Q9Y261.write_sequences scheduled__2023-03-27T00:00:00+00:00 [queued]>
[2023-03-28T23:35:19.489+0000] {taskinstance.py:1282} INFO - 
--------------------------------------------------------------------------------
[2023-03-28T23:35:19.490+0000] {taskinstance.py:1283} INFO - Starting attempt 1 of 1
[2023-03-28T23:35:19.491+0000] {taskinstance.py:1284} INFO - 
--------------------------------------------------------------------------------
[2023-03-28T23:35:19.529+0000] {taskinstance.py:1303} INFO - Executing <Task(_PythonDecoratedOperator): write_sequences> on 2023-03-27 00:00:00+00:00
[2023-03-28T23:35:19.541+0000] {standard_task_runner.py:55} INFO - Started process 4259 to run task
[2023-03-28T23:35:19.554+0000] {standard_task_runner.py:82} INFO - Running: ['***', 'tasks', 'run', 'etl_uniprot_Q9Y261', 'write_sequences', 'scheduled__2023-03-27T00:00:00+00:00', '--job-id', '283', '--raw', '--subdir', 'DAGS_FOLDER/uniprot_Q9Y261/main.py', '--cfg-path', '/tmp/tmp44tuqcko']
[2023-03-28T23:35:19.556+0000] {standard_task_runner.py:83} INFO - Job 283: Subtask write_sequences
[2023-03-28T23:35:19.784+0000] {task_command.py:388} INFO - Running <TaskInstance: etl_uniprot_Q9Y261.write_sequences scheduled__2023-03-27T00:00:00+00:00 [running]> on host 147865a62ab8
[2023-03-28T23:35:20.052+0000] {taskinstance.py:1511} INFO - Exporting the following env vars:
AIRFLOW_CTX_DAG_OWNER=***
AIRFLOW_CTX_DAG_ID=etl_uniprot_Q9Y261
AIRFLOW_CTX_TASK_ID=write_sequences
AIRFLOW_CTX_EXECUTION_DATE=2023-03-27T00:00:00+00:00
AIRFLOW_CTX_TRY_NUMBER=1
AIRFLOW_CTX_DAG_RUN_ID=scheduled__2023-03-27T00:00:00+00:00
[2023-03-28T23:35:20.141+0000] {python.py:177} INFO - Done. Returned value was: None
[2023-03-28T23:35:20.185+0000] {taskinstance.py:1326} INFO - Marking task as SUCCESS. dag_id=etl_uniprot_Q9Y261, task_id=write_sequences, execution_date=20230327T000000, start_date=20230328T233519, end_date=20230328T233520
[2023-03-28T23:35:20.252+0000] {local_task_job.py:212} INFO - Task exited with return code 0
[2023-03-28T23:35:20.355+0000] {taskinstance.py:2585} INFO - 0 downstream tasks scheduled from follow-on schedule check
[2023-03-28T23:48:59.047+0000] {taskinstance.py:1084} INFO - Dependencies all met for dep_context=non-requeueable deps ti=<TaskInstance: etl_uniprot_Q9Y261.write_sequences scheduled__2023-03-27T00:00:00+00:00 [queued]>
[2023-03-28T23:48:59.099+0000] {taskinstance.py:1084} INFO - Dependencies all met for dep_context=requeueable deps ti=<TaskInstance: etl_uniprot_Q9Y261.write_sequences scheduled__2023-03-27T00:00:00+00:00 [queued]>
[2023-03-28T23:48:59.101+0000] {taskinstance.py:1282} INFO - 
--------------------------------------------------------------------------------
[2023-03-28T23:48:59.116+0000] {taskinstance.py:1283} INFO - Starting attempt 1 of 1
[2023-03-28T23:48:59.120+0000] {taskinstance.py:1284} INFO - 
--------------------------------------------------------------------------------
[2023-03-28T23:48:59.222+0000] {taskinstance.py:1303} INFO - Executing <Task(_PythonDecoratedOperator): write_sequences> on 2023-03-27 00:00:00+00:00
[2023-03-28T23:48:59.245+0000] {standard_task_runner.py:55} INFO - Started process 4935 to run task
[2023-03-28T23:48:59.262+0000] {standard_task_runner.py:82} INFO - Running: ['***', 'tasks', 'run', 'etl_uniprot_Q9Y261', 'write_sequences', 'scheduled__2023-03-27T00:00:00+00:00', '--job-id', '311', '--raw', '--subdir', 'DAGS_FOLDER/uniprot_Q9Y261/main.py', '--cfg-path', '/tmp/tmpovg01piq']
[2023-03-28T23:48:59.270+0000] {standard_task_runner.py:83} INFO - Job 311: Subtask write_sequences
[2023-03-28T23:48:59.774+0000] {task_command.py:388} INFO - Running <TaskInstance: etl_uniprot_Q9Y261.write_sequences scheduled__2023-03-27T00:00:00+00:00 [running]> on host 147865a62ab8
[2023-03-28T23:49:00.384+0000] {taskinstance.py:1511} INFO - Exporting the following env vars:
AIRFLOW_CTX_DAG_OWNER=***
AIRFLOW_CTX_DAG_ID=etl_uniprot_Q9Y261
AIRFLOW_CTX_TASK_ID=write_sequences
AIRFLOW_CTX_EXECUTION_DATE=2023-03-27T00:00:00+00:00
AIRFLOW_CTX_TRY_NUMBER=1
AIRFLOW_CTX_DAG_RUN_ID=scheduled__2023-03-27T00:00:00+00:00
[2023-03-28T23:49:00.448+0000] {python.py:177} INFO - Done. Returned value was: None
[2023-03-28T23:49:00.501+0000] {taskinstance.py:1326} INFO - Marking task as SUCCESS. dag_id=etl_uniprot_Q9Y261, task_id=write_sequences, execution_date=20230327T000000, start_date=20230328T234859, end_date=20230328T234900
[2023-03-28T23:49:00.616+0000] {local_task_job.py:212} INFO - Task exited with return code 0
[2023-03-28T23:49:00.726+0000] {taskinstance.py:2585} INFO - 0 downstream tasks scheduled from follow-on schedule check
[2023-03-28T23:59:46.015+0000] {taskinstance.py:1084} INFO - Dependencies all met for dep_context=non-requeueable deps ti=<TaskInstance: etl_uniprot_Q9Y261.write_sequences scheduled__2023-03-27T00:00:00+00:00 [queued]>
[2023-03-28T23:59:46.039+0000] {taskinstance.py:1084} INFO - Dependencies all met for dep_context=requeueable deps ti=<TaskInstance: etl_uniprot_Q9Y261.write_sequences scheduled__2023-03-27T00:00:00+00:00 [queued]>
[2023-03-28T23:59:46.039+0000] {taskinstance.py:1282} INFO - 
--------------------------------------------------------------------------------
[2023-03-28T23:59:46.041+0000] {taskinstance.py:1283} INFO - Starting attempt 1 of 1
[2023-03-28T23:59:46.042+0000] {taskinstance.py:1284} INFO - 
--------------------------------------------------------------------------------
[2023-03-28T23:59:46.065+0000] {taskinstance.py:1303} INFO - Executing <Task(_PythonDecoratedOperator): write_sequences> on 2023-03-27 00:00:00+00:00
[2023-03-28T23:59:46.073+0000] {standard_task_runner.py:55} INFO - Started process 402 to run task
[2023-03-28T23:59:46.080+0000] {standard_task_runner.py:82} INFO - Running: ['***', 'tasks', 'run', 'etl_uniprot_Q9Y261', 'write_sequences', 'scheduled__2023-03-27T00:00:00+00:00', '--job-id', '6', '--raw', '--subdir', 'DAGS_FOLDER/uniprot_Q9Y261/main.py', '--cfg-path', '/tmp/tmpsfeibj8_']
[2023-03-28T23:59:46.081+0000] {standard_task_runner.py:83} INFO - Job 6: Subtask write_sequences
[2023-03-28T23:59:46.213+0000] {task_command.py:388} INFO - Running <TaskInstance: etl_uniprot_Q9Y261.write_sequences scheduled__2023-03-27T00:00:00+00:00 [running]> on host f360a468cd4e
[2023-03-28T23:59:46.369+0000] {taskinstance.py:1511} INFO - Exporting the following env vars:
AIRFLOW_CTX_DAG_OWNER=***
AIRFLOW_CTX_DAG_ID=etl_uniprot_Q9Y261
AIRFLOW_CTX_TASK_ID=write_sequences
AIRFLOW_CTX_EXECUTION_DATE=2023-03-27T00:00:00+00:00
AIRFLOW_CTX_TRY_NUMBER=1
AIRFLOW_CTX_DAG_RUN_ID=scheduled__2023-03-27T00:00:00+00:00
[2023-03-28T23:59:47.632+0000] {python.py:177} INFO - Done. Returned value was: None
[2023-03-28T23:59:47.665+0000] {taskinstance.py:1326} INFO - Marking task as SUCCESS. dag_id=etl_uniprot_Q9Y261, task_id=write_sequences, execution_date=20230327T000000, start_date=20230328T235946, end_date=20230328T235947
[2023-03-28T23:59:47.700+0000] {local_task_job.py:212} INFO - Task exited with return code 0
[2023-03-28T23:59:47.769+0000] {taskinstance.py:2585} INFO - 0 downstream tasks scheduled from follow-on schedule check
