[2023-03-28T22:20:04.381+0000] {taskinstance.py:1084} INFO - Dependencies all met for dep_context=non-requeueable deps ti=<TaskInstance: etl_uniprot_Q9Y261.write_authors_of_references scheduled__2023-03-27T00:00:00+00:00 [queued]>
[2023-03-28T22:20:04.400+0000] {taskinstance.py:1084} INFO - Dependencies all met for dep_context=requeueable deps ti=<TaskInstance: etl_uniprot_Q9Y261.write_authors_of_references scheduled__2023-03-27T00:00:00+00:00 [queued]>
[2023-03-28T22:20:04.401+0000] {taskinstance.py:1282} INFO - 
--------------------------------------------------------------------------------
[2023-03-28T22:20:04.402+0000] {taskinstance.py:1283} INFO - Starting attempt 1 of 1
[2023-03-28T22:20:04.403+0000] {taskinstance.py:1284} INFO - 
--------------------------------------------------------------------------------
[2023-03-28T22:20:04.428+0000] {taskinstance.py:1303} INFO - Executing <Task(_PythonDecoratedOperator): write_authors_of_references> on 2023-03-27 00:00:00+00:00
[2023-03-28T22:20:04.436+0000] {standard_task_runner.py:55} INFO - Started process 152 to run task
[2023-03-28T22:20:04.441+0000] {standard_task_runner.py:82} INFO - Running: ['***', 'tasks', 'run', 'etl_uniprot_Q9Y261', 'write_authors_of_references', 'scheduled__2023-03-27T00:00:00+00:00', '--job-id', '14', '--raw', '--subdir', 'DAGS_FOLDER/uniprot_Q9Y261/main.py', '--cfg-path', '/tmp/tmp718fbk1j']
[2023-03-28T22:20:04.442+0000] {standard_task_runner.py:83} INFO - Job 14: Subtask write_authors_of_references
[2023-03-28T22:20:04.564+0000] {task_command.py:388} INFO - Running <TaskInstance: etl_uniprot_Q9Y261.write_authors_of_references scheduled__2023-03-27T00:00:00+00:00 [running]> on host 147865a62ab8
[2023-03-28T22:20:04.704+0000] {taskinstance.py:1511} INFO - Exporting the following env vars:
AIRFLOW_CTX_DAG_OWNER=***
AIRFLOW_CTX_DAG_ID=etl_uniprot_Q9Y261
AIRFLOW_CTX_TASK_ID=write_authors_of_references
AIRFLOW_CTX_EXECUTION_DATE=2023-03-27T00:00:00+00:00
AIRFLOW_CTX_TRY_NUMBER=1
AIRFLOW_CTX_DAG_RUN_ID=scheduled__2023-03-27T00:00:00+00:00
[2023-03-28T22:20:04.901+0000] {python.py:177} INFO - Done. Returned value was: None
[2023-03-28T22:20:04.927+0000] {taskinstance.py:1326} INFO - Marking task as SUCCESS. dag_id=etl_uniprot_Q9Y261, task_id=write_authors_of_references, execution_date=20230327T000000, start_date=20230328T222004, end_date=20230328T222004
[2023-03-28T22:20:04.980+0000] {local_task_job.py:212} INFO - Task exited with return code 0
[2023-03-28T22:20:05.014+0000] {taskinstance.py:2585} INFO - 0 downstream tasks scheduled from follow-on schedule check
[2023-03-28T22:23:22.951+0000] {taskinstance.py:1084} INFO - Dependencies all met for dep_context=non-requeueable deps ti=<TaskInstance: etl_uniprot_Q9Y261.write_authors_of_references scheduled__2023-03-27T00:00:00+00:00 [queued]>
[2023-03-28T22:23:22.974+0000] {taskinstance.py:1084} INFO - Dependencies all met for dep_context=requeueable deps ti=<TaskInstance: etl_uniprot_Q9Y261.write_authors_of_references scheduled__2023-03-27T00:00:00+00:00 [queued]>
[2023-03-28T22:23:22.975+0000] {taskinstance.py:1282} INFO - 
--------------------------------------------------------------------------------
[2023-03-28T22:23:22.976+0000] {taskinstance.py:1283} INFO - Starting attempt 1 of 1
[2023-03-28T22:23:22.976+0000] {taskinstance.py:1284} INFO - 
--------------------------------------------------------------------------------
[2023-03-28T22:23:23.001+0000] {taskinstance.py:1303} INFO - Executing <Task(_PythonDecoratedOperator): write_authors_of_references> on 2023-03-27 00:00:00+00:00
[2023-03-28T22:23:23.009+0000] {standard_task_runner.py:55} INFO - Started process 340 to run task
[2023-03-28T22:23:23.015+0000] {standard_task_runner.py:82} INFO - Running: ['***', 'tasks', 'run', 'etl_uniprot_Q9Y261', 'write_authors_of_references', 'scheduled__2023-03-27T00:00:00+00:00', '--job-id', '29', '--raw', '--subdir', 'DAGS_FOLDER/uniprot_Q9Y261/main.py', '--cfg-path', '/tmp/tmp25ij4mwc']
[2023-03-28T22:23:23.016+0000] {standard_task_runner.py:83} INFO - Job 29: Subtask write_authors_of_references
[2023-03-28T22:23:23.152+0000] {task_command.py:388} INFO - Running <TaskInstance: etl_uniprot_Q9Y261.write_authors_of_references scheduled__2023-03-27T00:00:00+00:00 [running]> on host 147865a62ab8
[2023-03-28T22:23:23.321+0000] {taskinstance.py:1511} INFO - Exporting the following env vars:
AIRFLOW_CTX_DAG_OWNER=***
AIRFLOW_CTX_DAG_ID=etl_uniprot_Q9Y261
AIRFLOW_CTX_TASK_ID=write_authors_of_references
AIRFLOW_CTX_EXECUTION_DATE=2023-03-27T00:00:00+00:00
AIRFLOW_CTX_TRY_NUMBER=1
AIRFLOW_CTX_DAG_RUN_ID=scheduled__2023-03-27T00:00:00+00:00
[2023-03-28T22:23:23.371+0000] {python.py:177} INFO - Done. Returned value was: None
[2023-03-28T22:23:23.393+0000] {taskinstance.py:1326} INFO - Marking task as SUCCESS. dag_id=etl_uniprot_Q9Y261, task_id=write_authors_of_references, execution_date=20230327T000000, start_date=20230328T222322, end_date=20230328T222323
[2023-03-28T22:23:23.430+0000] {local_task_job.py:212} INFO - Task exited with return code 0
[2023-03-28T22:23:23.477+0000] {taskinstance.py:2585} INFO - 0 downstream tasks scheduled from follow-on schedule check
[2023-03-28T22:36:16.916+0000] {taskinstance.py:1084} INFO - Dependencies all met for dep_context=non-requeueable deps ti=<TaskInstance: etl_uniprot_Q9Y261.write_authors_of_references scheduled__2023-03-27T00:00:00+00:00 [queued]>
[2023-03-28T22:36:16.933+0000] {taskinstance.py:1084} INFO - Dependencies all met for dep_context=requeueable deps ti=<TaskInstance: etl_uniprot_Q9Y261.write_authors_of_references scheduled__2023-03-27T00:00:00+00:00 [queued]>
[2023-03-28T22:36:16.935+0000] {taskinstance.py:1282} INFO - 
--------------------------------------------------------------------------------
[2023-03-28T22:36:16.936+0000] {taskinstance.py:1283} INFO - Starting attempt 1 of 1
[2023-03-28T22:36:16.937+0000] {taskinstance.py:1284} INFO - 
--------------------------------------------------------------------------------
[2023-03-28T22:36:16.959+0000] {taskinstance.py:1303} INFO - Executing <Task(_PythonDecoratedOperator): write_authors_of_references> on 2023-03-27 00:00:00+00:00
[2023-03-28T22:36:16.967+0000] {standard_task_runner.py:55} INFO - Started process 1152 to run task
[2023-03-28T22:36:16.972+0000] {standard_task_runner.py:82} INFO - Running: ['***', 'tasks', 'run', 'etl_uniprot_Q9Y261', 'write_authors_of_references', 'scheduled__2023-03-27T00:00:00+00:00', '--job-id', '109', '--raw', '--subdir', 'DAGS_FOLDER/uniprot_Q9Y261/main.py', '--cfg-path', '/tmp/tmpp9ucxswp']
[2023-03-28T22:36:16.973+0000] {standard_task_runner.py:83} INFO - Job 109: Subtask write_authors_of_references
[2023-03-28T22:36:17.090+0000] {task_command.py:388} INFO - Running <TaskInstance: etl_uniprot_Q9Y261.write_authors_of_references scheduled__2023-03-27T00:00:00+00:00 [running]> on host 147865a62ab8
[2023-03-28T22:36:17.250+0000] {taskinstance.py:1511} INFO - Exporting the following env vars:
AIRFLOW_CTX_DAG_OWNER=***
AIRFLOW_CTX_DAG_ID=etl_uniprot_Q9Y261
AIRFLOW_CTX_TASK_ID=write_authors_of_references
AIRFLOW_CTX_EXECUTION_DATE=2023-03-27T00:00:00+00:00
AIRFLOW_CTX_TRY_NUMBER=1
AIRFLOW_CTX_DAG_RUN_ID=scheduled__2023-03-27T00:00:00+00:00
[2023-03-28T22:36:17.281+0000] {python.py:177} INFO - Done. Returned value was: None
[2023-03-28T22:36:17.303+0000] {taskinstance.py:1326} INFO - Marking task as SUCCESS. dag_id=etl_uniprot_Q9Y261, task_id=write_authors_of_references, execution_date=20230327T000000, start_date=20230328T223616, end_date=20230328T223617
[2023-03-28T22:36:17.350+0000] {local_task_job.py:212} INFO - Task exited with return code 0
[2023-03-28T22:36:17.379+0000] {taskinstance.py:2585} INFO - 0 downstream tasks scheduled from follow-on schedule check
[2023-03-28T22:39:30.014+0000] {taskinstance.py:1084} INFO - Dependencies all met for dep_context=non-requeueable deps ti=<TaskInstance: etl_uniprot_Q9Y261.write_authors_of_references scheduled__2023-03-27T00:00:00+00:00 [queued]>
[2023-03-28T22:39:30.027+0000] {taskinstance.py:1084} INFO - Dependencies all met for dep_context=requeueable deps ti=<TaskInstance: etl_uniprot_Q9Y261.write_authors_of_references scheduled__2023-03-27T00:00:00+00:00 [queued]>
[2023-03-28T22:39:30.028+0000] {taskinstance.py:1282} INFO - 
--------------------------------------------------------------------------------
[2023-03-28T22:39:30.029+0000] {taskinstance.py:1283} INFO - Starting attempt 1 of 1
[2023-03-28T22:39:30.030+0000] {taskinstance.py:1284} INFO - 
--------------------------------------------------------------------------------
[2023-03-28T22:39:30.045+0000] {taskinstance.py:1303} INFO - Executing <Task(_PythonDecoratedOperator): write_authors_of_references> on 2023-03-27 00:00:00+00:00
[2023-03-28T22:39:30.051+0000] {standard_task_runner.py:55} INFO - Started process 1341 to run task
[2023-03-28T22:39:30.056+0000] {standard_task_runner.py:82} INFO - Running: ['***', 'tasks', 'run', 'etl_uniprot_Q9Y261', 'write_authors_of_references', 'scheduled__2023-03-27T00:00:00+00:00', '--job-id', '122', '--raw', '--subdir', 'DAGS_FOLDER/uniprot_Q9Y261/main.py', '--cfg-path', '/tmp/tmph3qnq4sv']
[2023-03-28T22:39:30.057+0000] {standard_task_runner.py:83} INFO - Job 122: Subtask write_authors_of_references
[2023-03-28T22:39:30.136+0000] {task_command.py:388} INFO - Running <TaskInstance: etl_uniprot_Q9Y261.write_authors_of_references scheduled__2023-03-27T00:00:00+00:00 [running]> on host 147865a62ab8
[2023-03-28T22:39:30.264+0000] {taskinstance.py:1511} INFO - Exporting the following env vars:
AIRFLOW_CTX_DAG_OWNER=***
AIRFLOW_CTX_DAG_ID=etl_uniprot_Q9Y261
AIRFLOW_CTX_TASK_ID=write_authors_of_references
AIRFLOW_CTX_EXECUTION_DATE=2023-03-27T00:00:00+00:00
AIRFLOW_CTX_TRY_NUMBER=1
AIRFLOW_CTX_DAG_RUN_ID=scheduled__2023-03-27T00:00:00+00:00
[2023-03-28T22:39:30.286+0000] {python.py:177} INFO - Done. Returned value was: None
[2023-03-28T22:39:30.300+0000] {taskinstance.py:1326} INFO - Marking task as SUCCESS. dag_id=etl_uniprot_Q9Y261, task_id=write_authors_of_references, execution_date=20230327T000000, start_date=20230328T223930, end_date=20230328T223930
[2023-03-28T22:39:30.349+0000] {local_task_job.py:212} INFO - Task exited with return code 0
[2023-03-28T22:39:30.371+0000] {taskinstance.py:2585} INFO - 0 downstream tasks scheduled from follow-on schedule check
[2023-03-28T22:42:17.482+0000] {taskinstance.py:1084} INFO - Dependencies all met for dep_context=non-requeueable deps ti=<TaskInstance: etl_uniprot_Q9Y261.write_authors_of_references scheduled__2023-03-27T00:00:00+00:00 [queued]>
[2023-03-28T22:42:17.513+0000] {taskinstance.py:1084} INFO - Dependencies all met for dep_context=requeueable deps ti=<TaskInstance: etl_uniprot_Q9Y261.write_authors_of_references scheduled__2023-03-27T00:00:00+00:00 [queued]>
[2023-03-28T22:42:17.514+0000] {taskinstance.py:1282} INFO - 
--------------------------------------------------------------------------------
[2023-03-28T22:42:17.515+0000] {taskinstance.py:1283} INFO - Starting attempt 1 of 1
[2023-03-28T22:42:17.516+0000] {taskinstance.py:1284} INFO - 
--------------------------------------------------------------------------------
[2023-03-28T22:42:17.548+0000] {taskinstance.py:1303} INFO - Executing <Task(_PythonDecoratedOperator): write_authors_of_references> on 2023-03-27 00:00:00+00:00
[2023-03-28T22:42:17.556+0000] {standard_task_runner.py:55} INFO - Started process 1559 to run task
[2023-03-28T22:42:17.562+0000] {standard_task_runner.py:82} INFO - Running: ['***', 'tasks', 'run', 'etl_uniprot_Q9Y261', 'write_authors_of_references', 'scheduled__2023-03-27T00:00:00+00:00', '--job-id', '156', '--raw', '--subdir', 'DAGS_FOLDER/uniprot_Q9Y261/main.py', '--cfg-path', '/tmp/tmpde0vzmdb']
[2023-03-28T22:42:17.564+0000] {standard_task_runner.py:83} INFO - Job 156: Subtask write_authors_of_references
[2023-03-28T22:42:17.691+0000] {task_command.py:388} INFO - Running <TaskInstance: etl_uniprot_Q9Y261.write_authors_of_references scheduled__2023-03-27T00:00:00+00:00 [running]> on host 147865a62ab8
[2023-03-28T22:42:17.851+0000] {taskinstance.py:1511} INFO - Exporting the following env vars:
AIRFLOW_CTX_DAG_OWNER=***
AIRFLOW_CTX_DAG_ID=etl_uniprot_Q9Y261
AIRFLOW_CTX_TASK_ID=write_authors_of_references
AIRFLOW_CTX_EXECUTION_DATE=2023-03-27T00:00:00+00:00
AIRFLOW_CTX_TRY_NUMBER=1
AIRFLOW_CTX_DAG_RUN_ID=scheduled__2023-03-27T00:00:00+00:00
[2023-03-28T22:42:17.984+0000] {python.py:177} INFO - Done. Returned value was: None
[2023-03-28T22:42:18.005+0000] {taskinstance.py:1326} INFO - Marking task as SUCCESS. dag_id=etl_uniprot_Q9Y261, task_id=write_authors_of_references, execution_date=20230327T000000, start_date=20230328T224217, end_date=20230328T224218
[2023-03-28T22:42:18.056+0000] {local_task_job.py:212} INFO - Task exited with return code 0
[2023-03-28T22:42:18.098+0000] {taskinstance.py:2585} INFO - 0 downstream tasks scheduled from follow-on schedule check
[2023-03-28T22:46:47.395+0000] {taskinstance.py:1084} INFO - Dependencies all met for dep_context=non-requeueable deps ti=<TaskInstance: etl_uniprot_Q9Y261.write_authors_of_references scheduled__2023-03-27T00:00:00+00:00 [queued]>
[2023-03-28T22:46:47.422+0000] {taskinstance.py:1084} INFO - Dependencies all met for dep_context=requeueable deps ti=<TaskInstance: etl_uniprot_Q9Y261.write_authors_of_references scheduled__2023-03-27T00:00:00+00:00 [queued]>
[2023-03-28T22:46:47.423+0000] {taskinstance.py:1282} INFO - 
--------------------------------------------------------------------------------
[2023-03-28T22:46:47.425+0000] {taskinstance.py:1283} INFO - Starting attempt 1 of 1
[2023-03-28T22:46:47.426+0000] {taskinstance.py:1284} INFO - 
--------------------------------------------------------------------------------
[2023-03-28T22:46:47.464+0000] {taskinstance.py:1303} INFO - Executing <Task(_PythonDecoratedOperator): write_authors_of_references> on 2023-03-27 00:00:00+00:00
[2023-03-28T22:46:47.473+0000] {standard_task_runner.py:55} INFO - Started process 1801 to run task
[2023-03-28T22:46:47.486+0000] {standard_task_runner.py:82} INFO - Running: ['***', 'tasks', 'run', 'etl_uniprot_Q9Y261', 'write_authors_of_references', 'scheduled__2023-03-27T00:00:00+00:00', '--job-id', '171', '--raw', '--subdir', 'DAGS_FOLDER/uniprot_Q9Y261/main.py', '--cfg-path', '/tmp/tmpv5l3a64i']
[2023-03-28T22:46:47.488+0000] {standard_task_runner.py:83} INFO - Job 171: Subtask write_authors_of_references
[2023-03-28T22:46:47.661+0000] {task_command.py:388} INFO - Running <TaskInstance: etl_uniprot_Q9Y261.write_authors_of_references scheduled__2023-03-27T00:00:00+00:00 [running]> on host 147865a62ab8
[2023-03-28T22:46:47.839+0000] {taskinstance.py:1511} INFO - Exporting the following env vars:
AIRFLOW_CTX_DAG_OWNER=***
AIRFLOW_CTX_DAG_ID=etl_uniprot_Q9Y261
AIRFLOW_CTX_TASK_ID=write_authors_of_references
AIRFLOW_CTX_EXECUTION_DATE=2023-03-27T00:00:00+00:00
AIRFLOW_CTX_TRY_NUMBER=1
AIRFLOW_CTX_DAG_RUN_ID=scheduled__2023-03-27T00:00:00+00:00
[2023-03-28T22:46:47.877+0000] {python.py:177} INFO - Done. Returned value was: None
[2023-03-28T22:46:47.898+0000] {taskinstance.py:1326} INFO - Marking task as SUCCESS. dag_id=etl_uniprot_Q9Y261, task_id=write_authors_of_references, execution_date=20230327T000000, start_date=20230328T224647, end_date=20230328T224647
[2023-03-28T22:46:47.978+0000] {local_task_job.py:212} INFO - Task exited with return code 0
[2023-03-28T22:46:48.047+0000] {taskinstance.py:2585} INFO - 0 downstream tasks scheduled from follow-on schedule check
[2023-03-28T23:13:09.099+0000] {taskinstance.py:1084} INFO - Dependencies all met for dep_context=non-requeueable deps ti=<TaskInstance: etl_uniprot_Q9Y261.write_authors_of_references scheduled__2023-03-27T00:00:00+00:00 [queued]>
[2023-03-28T23:13:09.118+0000] {taskinstance.py:1084} INFO - Dependencies all met for dep_context=requeueable deps ti=<TaskInstance: etl_uniprot_Q9Y261.write_authors_of_references scheduled__2023-03-27T00:00:00+00:00 [queued]>
[2023-03-28T23:13:09.119+0000] {taskinstance.py:1282} INFO - 
--------------------------------------------------------------------------------
[2023-03-28T23:13:09.120+0000] {taskinstance.py:1283} INFO - Starting attempt 1 of 1
[2023-03-28T23:13:09.121+0000] {taskinstance.py:1284} INFO - 
--------------------------------------------------------------------------------
[2023-03-28T23:13:09.145+0000] {taskinstance.py:1303} INFO - Executing <Task(_PythonDecoratedOperator): write_authors_of_references> on 2023-03-27 00:00:00+00:00
[2023-03-28T23:13:09.153+0000] {standard_task_runner.py:55} INFO - Started process 3141 to run task
[2023-03-28T23:13:09.158+0000] {standard_task_runner.py:82} INFO - Running: ['***', 'tasks', 'run', 'etl_uniprot_Q9Y261', 'write_authors_of_references', 'scheduled__2023-03-27T00:00:00+00:00', '--job-id', '234', '--raw', '--subdir', 'DAGS_FOLDER/uniprot_Q9Y261/main.py', '--cfg-path', '/tmp/tmpx2h5pb1z']
[2023-03-28T23:13:09.159+0000] {standard_task_runner.py:83} INFO - Job 234: Subtask write_authors_of_references
[2023-03-28T23:13:09.305+0000] {task_command.py:388} INFO - Running <TaskInstance: etl_uniprot_Q9Y261.write_authors_of_references scheduled__2023-03-27T00:00:00+00:00 [running]> on host 147865a62ab8
[2023-03-28T23:13:09.452+0000] {taskinstance.py:1511} INFO - Exporting the following env vars:
AIRFLOW_CTX_DAG_OWNER=***
AIRFLOW_CTX_DAG_ID=etl_uniprot_Q9Y261
AIRFLOW_CTX_TASK_ID=write_authors_of_references
AIRFLOW_CTX_EXECUTION_DATE=2023-03-27T00:00:00+00:00
AIRFLOW_CTX_TRY_NUMBER=1
AIRFLOW_CTX_DAG_RUN_ID=scheduled__2023-03-27T00:00:00+00:00
[2023-03-28T23:13:09.474+0000] {python.py:177} INFO - Done. Returned value was: None
[2023-03-28T23:13:09.492+0000] {taskinstance.py:1326} INFO - Marking task as SUCCESS. dag_id=etl_uniprot_Q9Y261, task_id=write_authors_of_references, execution_date=20230327T000000, start_date=20230328T231309, end_date=20230328T231309
[2023-03-28T23:13:09.532+0000] {local_task_job.py:212} INFO - Task exited with return code 0
[2023-03-28T23:13:09.571+0000] {taskinstance.py:2585} INFO - 0 downstream tasks scheduled from follow-on schedule check
[2023-03-28T23:31:47.300+0000] {taskinstance.py:1084} INFO - Dependencies all met for dep_context=non-requeueable deps ti=<TaskInstance: etl_uniprot_Q9Y261.write_authors_of_references scheduled__2023-03-27T00:00:00+00:00 [queued]>
[2023-03-28T23:31:47.319+0000] {taskinstance.py:1084} INFO - Dependencies all met for dep_context=requeueable deps ti=<TaskInstance: etl_uniprot_Q9Y261.write_authors_of_references scheduled__2023-03-27T00:00:00+00:00 [queued]>
[2023-03-28T23:31:47.320+0000] {taskinstance.py:1282} INFO - 
--------------------------------------------------------------------------------
[2023-03-28T23:31:47.320+0000] {taskinstance.py:1283} INFO - Starting attempt 1 of 1
[2023-03-28T23:31:47.321+0000] {taskinstance.py:1284} INFO - 
--------------------------------------------------------------------------------
[2023-03-28T23:31:47.347+0000] {taskinstance.py:1303} INFO - Executing <Task(_PythonDecoratedOperator): write_authors_of_references> on 2023-03-27 00:00:00+00:00
[2023-03-28T23:31:47.356+0000] {standard_task_runner.py:55} INFO - Started process 4064 to run task
[2023-03-28T23:31:47.361+0000] {standard_task_runner.py:82} INFO - Running: ['***', 'tasks', 'run', 'etl_uniprot_Q9Y261', 'write_authors_of_references', 'scheduled__2023-03-27T00:00:00+00:00', '--job-id', '276', '--raw', '--subdir', 'DAGS_FOLDER/uniprot_Q9Y261/main.py', '--cfg-path', '/tmp/tmp9e461f9q']
[2023-03-28T23:31:47.363+0000] {standard_task_runner.py:83} INFO - Job 276: Subtask write_authors_of_references
[2023-03-28T23:31:47.476+0000] {task_command.py:388} INFO - Running <TaskInstance: etl_uniprot_Q9Y261.write_authors_of_references scheduled__2023-03-27T00:00:00+00:00 [running]> on host 147865a62ab8
[2023-03-28T23:31:47.618+0000] {taskinstance.py:1511} INFO - Exporting the following env vars:
AIRFLOW_CTX_DAG_OWNER=***
AIRFLOW_CTX_DAG_ID=etl_uniprot_Q9Y261
AIRFLOW_CTX_TASK_ID=write_authors_of_references
AIRFLOW_CTX_EXECUTION_DATE=2023-03-27T00:00:00+00:00
AIRFLOW_CTX_TRY_NUMBER=1
AIRFLOW_CTX_DAG_RUN_ID=scheduled__2023-03-27T00:00:00+00:00
[2023-03-28T23:31:47.644+0000] {python.py:177} INFO - Done. Returned value was: None
[2023-03-28T23:31:47.662+0000] {taskinstance.py:1326} INFO - Marking task as SUCCESS. dag_id=etl_uniprot_Q9Y261, task_id=write_authors_of_references, execution_date=20230327T000000, start_date=20230328T233147, end_date=20230328T233147
[2023-03-28T23:31:47.694+0000] {local_task_job.py:212} INFO - Task exited with return code 0
[2023-03-28T23:31:47.732+0000] {taskinstance.py:2585} INFO - 0 downstream tasks scheduled from follow-on schedule check
[2023-03-28T23:35:22.641+0000] {taskinstance.py:1084} INFO - Dependencies all met for dep_context=non-requeueable deps ti=<TaskInstance: etl_uniprot_Q9Y261.write_authors_of_references scheduled__2023-03-27T00:00:00+00:00 [queued]>
[2023-03-28T23:35:22.682+0000] {taskinstance.py:1084} INFO - Dependencies all met for dep_context=requeueable deps ti=<TaskInstance: etl_uniprot_Q9Y261.write_authors_of_references scheduled__2023-03-27T00:00:00+00:00 [queued]>
[2023-03-28T23:35:22.683+0000] {taskinstance.py:1282} INFO - 
--------------------------------------------------------------------------------
[2023-03-28T23:35:22.685+0000] {taskinstance.py:1283} INFO - Starting attempt 1 of 1
[2023-03-28T23:35:22.686+0000] {taskinstance.py:1284} INFO - 
--------------------------------------------------------------------------------
[2023-03-28T23:35:22.741+0000] {taskinstance.py:1303} INFO - Executing <Task(_PythonDecoratedOperator): write_authors_of_references> on 2023-03-27 00:00:00+00:00
[2023-03-28T23:35:22.756+0000] {standard_task_runner.py:55} INFO - Started process 4277 to run task
[2023-03-28T23:35:22.767+0000] {standard_task_runner.py:82} INFO - Running: ['***', 'tasks', 'run', 'etl_uniprot_Q9Y261', 'write_authors_of_references', 'scheduled__2023-03-27T00:00:00+00:00', '--job-id', '293', '--raw', '--subdir', 'DAGS_FOLDER/uniprot_Q9Y261/main.py', '--cfg-path', '/tmp/tmpacmwrqjz']
[2023-03-28T23:35:22.770+0000] {standard_task_runner.py:83} INFO - Job 293: Subtask write_authors_of_references
[2023-03-28T23:35:22.980+0000] {task_command.py:388} INFO - Running <TaskInstance: etl_uniprot_Q9Y261.write_authors_of_references scheduled__2023-03-27T00:00:00+00:00 [running]> on host 147865a62ab8
[2023-03-28T23:35:23.176+0000] {taskinstance.py:1511} INFO - Exporting the following env vars:
AIRFLOW_CTX_DAG_OWNER=***
AIRFLOW_CTX_DAG_ID=etl_uniprot_Q9Y261
AIRFLOW_CTX_TASK_ID=write_authors_of_references
AIRFLOW_CTX_EXECUTION_DATE=2023-03-27T00:00:00+00:00
AIRFLOW_CTX_TRY_NUMBER=1
AIRFLOW_CTX_DAG_RUN_ID=scheduled__2023-03-27T00:00:00+00:00
[2023-03-28T23:35:23.223+0000] {python.py:177} INFO - Done. Returned value was: None
[2023-03-28T23:35:23.245+0000] {taskinstance.py:1326} INFO - Marking task as SUCCESS. dag_id=etl_uniprot_Q9Y261, task_id=write_authors_of_references, execution_date=20230327T000000, start_date=20230328T233522, end_date=20230328T233523
[2023-03-28T23:35:23.311+0000] {local_task_job.py:212} INFO - Task exited with return code 0
[2023-03-28T23:35:23.348+0000] {taskinstance.py:2585} INFO - 0 downstream tasks scheduled from follow-on schedule check
[2023-03-28T23:49:05.405+0000] {taskinstance.py:1084} INFO - Dependencies all met for dep_context=non-requeueable deps ti=<TaskInstance: etl_uniprot_Q9Y261.write_authors_of_references scheduled__2023-03-27T00:00:00+00:00 [queued]>
[2023-03-28T23:49:05.466+0000] {taskinstance.py:1084} INFO - Dependencies all met for dep_context=requeueable deps ti=<TaskInstance: etl_uniprot_Q9Y261.write_authors_of_references scheduled__2023-03-27T00:00:00+00:00 [queued]>
[2023-03-28T23:49:05.468+0000] {taskinstance.py:1282} INFO - 
--------------------------------------------------------------------------------
[2023-03-28T23:49:05.470+0000] {taskinstance.py:1283} INFO - Starting attempt 1 of 1
[2023-03-28T23:49:05.476+0000] {taskinstance.py:1284} INFO - 
--------------------------------------------------------------------------------
[2023-03-28T23:49:05.538+0000] {taskinstance.py:1303} INFO - Executing <Task(_PythonDecoratedOperator): write_authors_of_references> on 2023-03-27 00:00:00+00:00
[2023-03-28T23:49:05.558+0000] {standard_task_runner.py:55} INFO - Started process 4961 to run task
[2023-03-28T23:49:05.565+0000] {standard_task_runner.py:82} INFO - Running: ['***', 'tasks', 'run', 'etl_uniprot_Q9Y261', 'write_authors_of_references', 'scheduled__2023-03-27T00:00:00+00:00', '--job-id', '320', '--raw', '--subdir', 'DAGS_FOLDER/uniprot_Q9Y261/main.py', '--cfg-path', '/tmp/tmp46gq2x1q']
[2023-03-28T23:49:05.570+0000] {standard_task_runner.py:83} INFO - Job 320: Subtask write_authors_of_references
[2023-03-28T23:49:05.921+0000] {task_command.py:388} INFO - Running <TaskInstance: etl_uniprot_Q9Y261.write_authors_of_references scheduled__2023-03-27T00:00:00+00:00 [running]> on host 147865a62ab8
[2023-03-28T23:49:06.590+0000] {taskinstance.py:1511} INFO - Exporting the following env vars:
AIRFLOW_CTX_DAG_OWNER=***
AIRFLOW_CTX_DAG_ID=etl_uniprot_Q9Y261
AIRFLOW_CTX_TASK_ID=write_authors_of_references
AIRFLOW_CTX_EXECUTION_DATE=2023-03-27T00:00:00+00:00
AIRFLOW_CTX_TRY_NUMBER=1
AIRFLOW_CTX_DAG_RUN_ID=scheduled__2023-03-27T00:00:00+00:00
[2023-03-28T23:49:07.473+0000] {python.py:177} INFO - Done. Returned value was: None
[2023-03-28T23:49:07.560+0000] {taskinstance.py:1326} INFO - Marking task as SUCCESS. dag_id=etl_uniprot_Q9Y261, task_id=write_authors_of_references, execution_date=20230327T000000, start_date=20230328T234905, end_date=20230328T234907
[2023-03-28T23:49:07.650+0000] {local_task_job.py:212} INFO - Task exited with return code 0
[2023-03-28T23:49:07.762+0000] {taskinstance.py:2585} INFO - 0 downstream tasks scheduled from follow-on schedule check
[2023-03-28T23:59:50.776+0000] {taskinstance.py:1084} INFO - Dependencies all met for dep_context=non-requeueable deps ti=<TaskInstance: etl_uniprot_Q9Y261.write_authors_of_references scheduled__2023-03-27T00:00:00+00:00 [queued]>
[2023-03-28T23:59:50.793+0000] {taskinstance.py:1084} INFO - Dependencies all met for dep_context=requeueable deps ti=<TaskInstance: etl_uniprot_Q9Y261.write_authors_of_references scheduled__2023-03-27T00:00:00+00:00 [queued]>
[2023-03-28T23:59:50.794+0000] {taskinstance.py:1282} INFO - 
--------------------------------------------------------------------------------
[2023-03-28T23:59:50.795+0000] {taskinstance.py:1283} INFO - Starting attempt 1 of 1
[2023-03-28T23:59:50.797+0000] {taskinstance.py:1284} INFO - 
--------------------------------------------------------------------------------
[2023-03-28T23:59:50.817+0000] {taskinstance.py:1303} INFO - Executing <Task(_PythonDecoratedOperator): write_authors_of_references> on 2023-03-27 00:00:00+00:00
[2023-03-28T23:59:50.825+0000] {standard_task_runner.py:55} INFO - Started process 418 to run task
[2023-03-28T23:59:50.830+0000] {standard_task_runner.py:82} INFO - Running: ['***', 'tasks', 'run', 'etl_uniprot_Q9Y261', 'write_authors_of_references', 'scheduled__2023-03-27T00:00:00+00:00', '--job-id', '15', '--raw', '--subdir', 'DAGS_FOLDER/uniprot_Q9Y261/main.py', '--cfg-path', '/tmp/tmp0ylsq7i3']
[2023-03-28T23:59:50.832+0000] {standard_task_runner.py:83} INFO - Job 15: Subtask write_authors_of_references
[2023-03-28T23:59:50.940+0000] {task_command.py:388} INFO - Running <TaskInstance: etl_uniprot_Q9Y261.write_authors_of_references scheduled__2023-03-27T00:00:00+00:00 [running]> on host f360a468cd4e
[2023-03-28T23:59:51.078+0000] {taskinstance.py:1511} INFO - Exporting the following env vars:
AIRFLOW_CTX_DAG_OWNER=***
AIRFLOW_CTX_DAG_ID=etl_uniprot_Q9Y261
AIRFLOW_CTX_TASK_ID=write_authors_of_references
AIRFLOW_CTX_EXECUTION_DATE=2023-03-27T00:00:00+00:00
AIRFLOW_CTX_TRY_NUMBER=1
AIRFLOW_CTX_DAG_RUN_ID=scheduled__2023-03-27T00:00:00+00:00
[2023-03-28T23:59:52.591+0000] {python.py:177} INFO - Done. Returned value was: None
[2023-03-28T23:59:52.700+0000] {taskinstance.py:1326} INFO - Marking task as SUCCESS. dag_id=etl_uniprot_Q9Y261, task_id=write_authors_of_references, execution_date=20230327T000000, start_date=20230328T235950, end_date=20230328T235952
[2023-03-28T23:59:52.791+0000] {local_task_job.py:212} INFO - Task exited with return code 0
[2023-03-28T23:59:52.862+0000] {taskinstance.py:2585} INFO - 0 downstream tasks scheduled from follow-on schedule check
