[2023-03-28T23:23:32.753+0000] {taskinstance.py:1084} INFO - Dependencies all met for dep_context=non-requeueable deps ti=<TaskInstance: etl_uniprot_Q9Y261.write_accession manual__2023-03-28T23:23:27.805686+00:00 [queued]>
[2023-03-28T23:23:32.773+0000] {taskinstance.py:1084} INFO - Dependencies all met for dep_context=requeueable deps ti=<TaskInstance: etl_uniprot_Q9Y261.write_accession manual__2023-03-28T23:23:27.805686+00:00 [queued]>
[2023-03-28T23:23:32.774+0000] {taskinstance.py:1282} INFO - 
--------------------------------------------------------------------------------
[2023-03-28T23:23:32.775+0000] {taskinstance.py:1283} INFO - Starting attempt 1 of 1
[2023-03-28T23:23:32.776+0000] {taskinstance.py:1284} INFO - 
--------------------------------------------------------------------------------
[2023-03-28T23:23:32.804+0000] {taskinstance.py:1303} INFO - Executing <Task(_PythonDecoratedOperator): write_accession> on 2023-03-28 23:23:27.805686+00:00
[2023-03-28T23:23:32.812+0000] {standard_task_runner.py:55} INFO - Started process 3647 to run task
[2023-03-28T23:23:32.819+0000] {standard_task_runner.py:82} INFO - Running: ['***', 'tasks', 'run', 'etl_uniprot_Q9Y261', 'write_accession', 'manual__2023-03-28T23:23:27.805686+00:00', '--job-id', '251', '--raw', '--subdir', 'DAGS_FOLDER/uniprot_Q9Y261/main.py', '--cfg-path', '/tmp/tmpigw7f2ho']
[2023-03-28T23:23:32.820+0000] {standard_task_runner.py:83} INFO - Job 251: Subtask write_accession
[2023-03-28T23:23:32.969+0000] {task_command.py:388} INFO - Running <TaskInstance: etl_uniprot_Q9Y261.write_accession manual__2023-03-28T23:23:27.805686+00:00 [running]> on host 147865a62ab8
[2023-03-28T23:23:33.160+0000] {taskinstance.py:1511} INFO - Exporting the following env vars:
AIRFLOW_CTX_DAG_OWNER=***
AIRFLOW_CTX_DAG_ID=etl_uniprot_Q9Y261
AIRFLOW_CTX_TASK_ID=write_accession
AIRFLOW_CTX_EXECUTION_DATE=2023-03-28T23:23:27.805686+00:00
AIRFLOW_CTX_TRY_NUMBER=1
AIRFLOW_CTX_DAG_RUN_ID=manual__2023-03-28T23:23:27.805686+00:00
[2023-03-28T23:23:33.187+0000] {python.py:177} INFO - Done. Returned value was: Q9Y261
[2023-03-28T23:23:33.235+0000] {taskinstance.py:1326} INFO - Marking task as SUCCESS. dag_id=etl_uniprot_Q9Y261, task_id=write_accession, execution_date=20230328T232327, start_date=20230328T232332, end_date=20230328T232333
[2023-03-28T23:23:33.273+0000] {local_task_job.py:212} INFO - Task exited with return code 0
[2023-03-28T23:23:33.329+0000] {taskinstance.py:2585} INFO - 8 downstream tasks scheduled from follow-on schedule check
