[2023-03-28T22:28:19.182+0000] {taskinstance.py:1084} INFO - Dependencies all met for dep_context=non-requeueable deps ti=<TaskInstance: etl_uniprot_Q9Y261.write_organisms manual__2023-03-28T22:28:08.494448+00:00 [queued]>
[2023-03-28T22:28:19.202+0000] {taskinstance.py:1084} INFO - Dependencies all met for dep_context=requeueable deps ti=<TaskInstance: etl_uniprot_Q9Y261.write_organisms manual__2023-03-28T22:28:08.494448+00:00 [queued]>
[2023-03-28T22:28:19.203+0000] {taskinstance.py:1282} INFO - 
--------------------------------------------------------------------------------
[2023-03-28T22:28:19.205+0000] {taskinstance.py:1283} INFO - Starting attempt 1 of 1
[2023-03-28T22:28:19.206+0000] {taskinstance.py:1284} INFO - 
--------------------------------------------------------------------------------
[2023-03-28T22:28:19.236+0000] {taskinstance.py:1303} INFO - Executing <Task(_PythonDecoratedOperator): write_organisms> on 2023-03-28 22:28:08.494448+00:00
[2023-03-28T22:28:19.288+0000] {standard_task_runner.py:55} INFO - Started process 692 to run task
[2023-03-28T22:28:19.302+0000] {standard_task_runner.py:82} INFO - Running: ['***', 'tasks', 'run', 'etl_uniprot_Q9Y261', 'write_organisms', 'manual__2023-03-28T22:28:08.494448+00:00', '--job-id', '74', '--raw', '--subdir', 'DAGS_FOLDER/uniprot_Q9Y261/main.py', '--cfg-path', '/tmp/tmprkxtr_39']
[2023-03-28T22:28:19.307+0000] {standard_task_runner.py:83} INFO - Job 74: Subtask write_organisms
[2023-03-28T22:28:19.472+0000] {task_command.py:388} INFO - Running <TaskInstance: etl_uniprot_Q9Y261.write_organisms manual__2023-03-28T22:28:08.494448+00:00 [running]> on host 147865a62ab8
[2023-03-28T22:28:19.627+0000] {taskinstance.py:1511} INFO - Exporting the following env vars:
AIRFLOW_CTX_DAG_OWNER=***
AIRFLOW_CTX_DAG_ID=etl_uniprot_Q9Y261
AIRFLOW_CTX_TASK_ID=write_organisms
AIRFLOW_CTX_EXECUTION_DATE=2023-03-28T22:28:08.494448+00:00
AIRFLOW_CTX_TRY_NUMBER=1
AIRFLOW_CTX_DAG_RUN_ID=manual__2023-03-28T22:28:08.494448+00:00
[2023-03-28T22:28:19.648+0000] {python.py:177} INFO - Done. Returned value was: None
[2023-03-28T22:28:19.675+0000] {taskinstance.py:1326} INFO - Marking task as SUCCESS. dag_id=etl_uniprot_Q9Y261, task_id=write_organisms, execution_date=20230328T222808, start_date=20230328T222819, end_date=20230328T222819
[2023-03-28T22:28:19.732+0000] {local_task_job.py:212} INFO - Task exited with return code 0
[2023-03-28T22:28:19.807+0000] {taskinstance.py:2585} INFO - 0 downstream tasks scheduled from follow-on schedule check
