[2023-03-28T22:24:35.648+0000] {taskinstance.py:1084} INFO - Dependencies all met for dep_context=non-requeueable deps ti=<TaskInstance: etl_uniprot_Q9Y261.write_full_name manual__2023-03-28T22:24:29.281131+00:00 [queued]>
[2023-03-28T22:24:35.670+0000] {taskinstance.py:1084} INFO - Dependencies all met for dep_context=requeueable deps ti=<TaskInstance: etl_uniprot_Q9Y261.write_full_name manual__2023-03-28T22:24:29.281131+00:00 [queued]>
[2023-03-28T22:24:35.671+0000] {taskinstance.py:1282} INFO - 
--------------------------------------------------------------------------------
[2023-03-28T22:24:35.672+0000] {taskinstance.py:1283} INFO - Starting attempt 1 of 1
[2023-03-28T22:24:35.673+0000] {taskinstance.py:1284} INFO - 
--------------------------------------------------------------------------------
[2023-03-28T22:24:35.692+0000] {taskinstance.py:1303} INFO - Executing <Task(_PythonDecoratedOperator): write_full_name> on 2023-03-28 22:24:29.281131+00:00
[2023-03-28T22:24:35.700+0000] {standard_task_runner.py:55} INFO - Started process 418 to run task
[2023-03-28T22:24:35.704+0000] {standard_task_runner.py:82} INFO - Running: ['***', 'tasks', 'run', 'etl_uniprot_Q9Y261', 'write_full_name', 'manual__2023-03-28T22:24:29.281131+00:00', '--job-id', '37', '--raw', '--subdir', 'DAGS_FOLDER/uniprot_Q9Y261/main.py', '--cfg-path', '/tmp/tmpazatrfdi']
[2023-03-28T22:24:35.705+0000] {standard_task_runner.py:83} INFO - Job 37: Subtask write_full_name
[2023-03-28T22:24:35.824+0000] {task_command.py:388} INFO - Running <TaskInstance: etl_uniprot_Q9Y261.write_full_name manual__2023-03-28T22:24:29.281131+00:00 [running]> on host 147865a62ab8
[2023-03-28T22:24:36.016+0000] {taskinstance.py:1511} INFO - Exporting the following env vars:
AIRFLOW_CTX_DAG_OWNER=***
AIRFLOW_CTX_DAG_ID=etl_uniprot_Q9Y261
AIRFLOW_CTX_TASK_ID=write_full_name
AIRFLOW_CTX_EXECUTION_DATE=2023-03-28T22:24:29.281131+00:00
AIRFLOW_CTX_TRY_NUMBER=1
AIRFLOW_CTX_DAG_RUN_ID=manual__2023-03-28T22:24:29.281131+00:00
[2023-03-28T22:24:36.078+0000] {python.py:177} INFO - Done. Returned value was: None
[2023-03-28T22:24:36.095+0000] {taskinstance.py:1326} INFO - Marking task as SUCCESS. dag_id=etl_uniprot_Q9Y261, task_id=write_full_name, execution_date=20230328T222429, start_date=20230328T222435, end_date=20230328T222436
[2023-03-28T22:24:36.163+0000] {local_task_job.py:212} INFO - Task exited with return code 0
[2023-03-28T22:24:36.194+0000] {taskinstance.py:2585} INFO - 0 downstream tasks scheduled from follow-on schedule check
