[2023-03-27T13:00:10.842+0000] {taskinstance.py:1084} INFO - Dependencies all met for dep_context=non-requeueable deps ti=<TaskInstance: etl_uniprot_Q9Y261.write_sequences manual__2023-03-27T13:00:02.574722+00:00 [queued]>
[2023-03-27T13:00:10.880+0000] {taskinstance.py:1084} INFO - Dependencies all met for dep_context=requeueable deps ti=<TaskInstance: etl_uniprot_Q9Y261.write_sequences manual__2023-03-27T13:00:02.574722+00:00 [queued]>
[2023-03-27T13:00:10.883+0000] {taskinstance.py:1282} INFO - 
--------------------------------------------------------------------------------
[2023-03-27T13:00:10.886+0000] {taskinstance.py:1283} INFO - Starting attempt 1 of 1
[2023-03-27T13:00:10.889+0000] {taskinstance.py:1284} INFO - 
--------------------------------------------------------------------------------
[2023-03-27T13:00:10.956+0000] {taskinstance.py:1303} INFO - Executing <Task(_PythonDecoratedOperator): write_sequences> on 2023-03-27 13:00:02.574722+00:00
[2023-03-27T13:00:10.970+0000] {standard_task_runner.py:55} INFO - Started process 432 to run task
[2023-03-27T13:00:10.982+0000] {standard_task_runner.py:82} INFO - Running: ['***', 'tasks', 'run', 'etl_uniprot_Q9Y261', 'write_sequences', 'manual__2023-03-27T13:00:02.574722+00:00', '--job-id', '37', '--raw', '--subdir', 'DAGS_FOLDER/uniprot_Q9Y261/main.py', '--cfg-path', '/tmp/tmpf5o6bs9o']
[2023-03-27T13:00:10.986+0000] {standard_task_runner.py:83} INFO - Job 37: Subtask write_sequences
[2023-03-27T13:00:11.209+0000] {task_command.py:388} INFO - Running <TaskInstance: etl_uniprot_Q9Y261.write_sequences manual__2023-03-27T13:00:02.574722+00:00 [running]> on host 5da03bdb1b9e
[2023-03-27T13:00:11.620+0000] {taskinstance.py:1511} INFO - Exporting the following env vars:
AIRFLOW_CTX_DAG_OWNER=***
AIRFLOW_CTX_DAG_ID=etl_uniprot_Q9Y261
AIRFLOW_CTX_TASK_ID=write_sequences
AIRFLOW_CTX_EXECUTION_DATE=2023-03-27T13:00:02.574722+00:00
AIRFLOW_CTX_TRY_NUMBER=1
AIRFLOW_CTX_DAG_RUN_ID=manual__2023-03-27T13:00:02.574722+00:00
[2023-03-27T13:00:11.790+0000] {python.py:177} INFO - Done. Returned value was: None
[2023-03-27T13:00:11.840+0000] {taskinstance.py:1326} INFO - Marking task as SUCCESS. dag_id=etl_uniprot_Q9Y261, task_id=write_sequences, execution_date=20230327T130002, start_date=20230327T130010, end_date=20230327T130011
[2023-03-27T13:00:11.977+0000] {local_task_job.py:212} INFO - Task exited with return code 0
[2023-03-27T13:00:12.056+0000] {taskinstance.py:2585} INFO - 0 downstream tasks scheduled from follow-on schedule check
