[2023-03-28T22:46:54.286+0000] {taskinstance.py:1084} INFO - Dependencies all met for dep_context=non-requeueable deps ti=<TaskInstance: etl_uniprot_Q9Y261.write_subcellular_locations manual__2023-03-28T22:46:42.898107+00:00 [queued]>
[2023-03-28T22:46:54.342+0000] {taskinstance.py:1084} INFO - Dependencies all met for dep_context=requeueable deps ti=<TaskInstance: etl_uniprot_Q9Y261.write_subcellular_locations manual__2023-03-28T22:46:42.898107+00:00 [queued]>
[2023-03-28T22:46:54.343+0000] {taskinstance.py:1282} INFO - 
--------------------------------------------------------------------------------
[2023-03-28T22:46:54.346+0000] {taskinstance.py:1283} INFO - Starting attempt 1 of 1
[2023-03-28T22:46:54.348+0000] {taskinstance.py:1284} INFO - 
--------------------------------------------------------------------------------
[2023-03-28T22:46:54.421+0000] {taskinstance.py:1303} INFO - Executing <Task(_PythonDecoratedOperator): write_subcellular_locations> on 2023-03-28 22:46:42.898107+00:00
[2023-03-28T22:46:54.433+0000] {standard_task_runner.py:55} INFO - Started process 1829 to run task
[2023-03-28T22:46:54.443+0000] {standard_task_runner.py:82} INFO - Running: ['***', 'tasks', 'run', 'etl_uniprot_Q9Y261', 'write_subcellular_locations', 'manual__2023-03-28T22:46:42.898107+00:00', '--job-id', '176', '--raw', '--subdir', 'DAGS_FOLDER/uniprot_Q9Y261/main.py', '--cfg-path', '/tmp/tmphwg5qdll']
[2023-03-28T22:46:54.445+0000] {standard_task_runner.py:83} INFO - Job 176: Subtask write_subcellular_locations
[2023-03-28T22:46:54.697+0000] {task_command.py:388} INFO - Running <TaskInstance: etl_uniprot_Q9Y261.write_subcellular_locations manual__2023-03-28T22:46:42.898107+00:00 [running]> on host 147865a62ab8
[2023-03-28T22:46:55.061+0000] {taskinstance.py:1511} INFO - Exporting the following env vars:
AIRFLOW_CTX_DAG_OWNER=***
AIRFLOW_CTX_DAG_ID=etl_uniprot_Q9Y261
AIRFLOW_CTX_TASK_ID=write_subcellular_locations
AIRFLOW_CTX_EXECUTION_DATE=2023-03-28T22:46:42.898107+00:00
AIRFLOW_CTX_TRY_NUMBER=1
AIRFLOW_CTX_DAG_RUN_ID=manual__2023-03-28T22:46:42.898107+00:00
[2023-03-28T22:46:55.067+0000] {python.py:177} INFO - Done. Returned value was: None
[2023-03-28T22:46:55.108+0000] {taskinstance.py:1326} INFO - Marking task as SUCCESS. dag_id=etl_uniprot_Q9Y261, task_id=write_subcellular_locations, execution_date=20230328T224642, start_date=20230328T224654, end_date=20230328T224655
[2023-03-28T22:46:55.198+0000] {local_task_job.py:212} INFO - Task exited with return code 0
[2023-03-28T22:46:55.314+0000] {taskinstance.py:2585} INFO - 0 downstream tasks scheduled from follow-on schedule check
