[2023-03-28T22:27:04.904+0000] {taskinstance.py:1084} INFO - Dependencies all met for dep_context=non-requeueable deps ti=<TaskInstance: etl_uniprot_Q9Y261.write_short_names manual__2023-03-28T22:26:58.406570+00:00 [queued]>
[2023-03-28T22:27:04.930+0000] {taskinstance.py:1084} INFO - Dependencies all met for dep_context=requeueable deps ti=<TaskInstance: etl_uniprot_Q9Y261.write_short_names manual__2023-03-28T22:26:58.406570+00:00 [queued]>
[2023-03-28T22:27:04.931+0000] {taskinstance.py:1282} INFO - 
--------------------------------------------------------------------------------
[2023-03-28T22:27:04.933+0000] {taskinstance.py:1283} INFO - Starting attempt 1 of 1
[2023-03-28T22:27:04.934+0000] {taskinstance.py:1284} INFO - 
--------------------------------------------------------------------------------
[2023-03-28T22:27:04.977+0000] {taskinstance.py:1303} INFO - Executing <Task(_PythonDecoratedOperator): write_short_names> on 2023-03-28 22:26:58.406570+00:00
[2023-03-28T22:27:04.993+0000] {standard_task_runner.py:55} INFO - Started process 589 to run task
[2023-03-28T22:27:05.005+0000] {standard_task_runner.py:82} INFO - Running: ['***', 'tasks', 'run', 'etl_uniprot_Q9Y261', 'write_short_names', 'manual__2023-03-28T22:26:58.406570+00:00', '--job-id', '58', '--raw', '--subdir', 'DAGS_FOLDER/uniprot_Q9Y261/main.py', '--cfg-path', '/tmp/tmpvjdznmlx']
[2023-03-28T22:27:05.007+0000] {standard_task_runner.py:83} INFO - Job 58: Subtask write_short_names
[2023-03-28T22:27:05.196+0000] {task_command.py:388} INFO - Running <TaskInstance: etl_uniprot_Q9Y261.write_short_names manual__2023-03-28T22:26:58.406570+00:00 [running]> on host 147865a62ab8
[2023-03-28T22:27:05.560+0000] {taskinstance.py:1511} INFO - Exporting the following env vars:
AIRFLOW_CTX_DAG_OWNER=***
AIRFLOW_CTX_DAG_ID=etl_uniprot_Q9Y261
AIRFLOW_CTX_TASK_ID=write_short_names
AIRFLOW_CTX_EXECUTION_DATE=2023-03-28T22:26:58.406570+00:00
AIRFLOW_CTX_TRY_NUMBER=1
AIRFLOW_CTX_DAG_RUN_ID=manual__2023-03-28T22:26:58.406570+00:00
[2023-03-28T22:27:05.624+0000] {python.py:177} INFO - Done. Returned value was: None
[2023-03-28T22:27:05.654+0000] {taskinstance.py:1326} INFO - Marking task as SUCCESS. dag_id=etl_uniprot_Q9Y261, task_id=write_short_names, execution_date=20230328T222658, start_date=20230328T222704, end_date=20230328T222705
[2023-03-28T22:27:05.711+0000] {local_task_job.py:212} INFO - Task exited with return code 0
[2023-03-28T22:27:05.772+0000] {taskinstance.py:2585} INFO - 0 downstream tasks scheduled from follow-on schedule check
