[2023-03-28T22:02:39.369+0000] {taskinstance.py:1084} INFO - Dependencies all met for dep_context=non-requeueable deps ti=<TaskInstance: etl_uniprot_Q9Y261.write_citations_of_references manual__2023-03-28T22:02:30.016152+00:00 [queued]>
[2023-03-28T22:02:39.382+0000] {taskinstance.py:1084} INFO - Dependencies all met for dep_context=requeueable deps ti=<TaskInstance: etl_uniprot_Q9Y261.write_citations_of_references manual__2023-03-28T22:02:30.016152+00:00 [queued]>
[2023-03-28T22:02:39.383+0000] {taskinstance.py:1282} INFO - 
--------------------------------------------------------------------------------
[2023-03-28T22:02:39.384+0000] {taskinstance.py:1283} INFO - Starting attempt 1 of 1
[2023-03-28T22:02:39.385+0000] {taskinstance.py:1284} INFO - 
--------------------------------------------------------------------------------
[2023-03-28T22:02:39.404+0000] {taskinstance.py:1303} INFO - Executing <Task(_PythonDecoratedOperator): write_citations_of_references> on 2023-03-28 22:02:30.016152+00:00
[2023-03-28T22:02:39.410+0000] {standard_task_runner.py:55} INFO - Started process 20605 to run task
[2023-03-28T22:02:39.414+0000] {standard_task_runner.py:82} INFO - Running: ['***', 'tasks', 'run', 'etl_uniprot_Q9Y261', 'write_citations_of_references', 'manual__2023-03-28T22:02:30.016152+00:00', '--job-id', '182', '--raw', '--subdir', 'DAGS_FOLDER/uniprot_Q9Y261/main.py', '--cfg-path', '/tmp/tmprhs_xhmt']
[2023-03-28T22:02:39.416+0000] {standard_task_runner.py:83} INFO - Job 182: Subtask write_citations_of_references
[2023-03-28T22:02:39.505+0000] {task_command.py:388} INFO - Running <TaskInstance: etl_uniprot_Q9Y261.write_citations_of_references manual__2023-03-28T22:02:30.016152+00:00 [running]> on host 8482e168b99d
[2023-03-28T22:02:39.604+0000] {taskinstance.py:1511} INFO - Exporting the following env vars:
AIRFLOW_CTX_DAG_OWNER=***
AIRFLOW_CTX_DAG_ID=etl_uniprot_Q9Y261
AIRFLOW_CTX_TASK_ID=write_citations_of_references
AIRFLOW_CTX_EXECUTION_DATE=2023-03-28T22:02:30.016152+00:00
AIRFLOW_CTX_TRY_NUMBER=1
AIRFLOW_CTX_DAG_RUN_ID=manual__2023-03-28T22:02:30.016152+00:00
[2023-03-28T22:02:39.626+0000] {python.py:177} INFO - Done. Returned value was: None
[2023-03-28T22:02:39.640+0000] {taskinstance.py:1326} INFO - Marking task as SUCCESS. dag_id=etl_uniprot_Q9Y261, task_id=write_citations_of_references, execution_date=20230328T220230, start_date=20230328T220239, end_date=20230328T220239
[2023-03-28T22:02:39.667+0000] {local_task_job.py:212} INFO - Task exited with return code 0
[2023-03-28T22:02:39.723+0000] {taskinstance.py:2585} INFO - 0 downstream tasks scheduled from follow-on schedule check
