[2023-03-28T22:46:54.712+0000] {taskinstance.py:1084} INFO - Dependencies all met for dep_context=non-requeueable deps ti=<TaskInstance: etl_uniprot_Q9Y261.get_organisms manual__2023-03-28T22:46:42.898107+00:00 [queued]>
[2023-03-28T22:46:54.745+0000] {taskinstance.py:1084} INFO - Dependencies all met for dep_context=requeueable deps ti=<TaskInstance: etl_uniprot_Q9Y261.get_organisms manual__2023-03-28T22:46:42.898107+00:00 [queued]>
[2023-03-28T22:46:54.746+0000] {taskinstance.py:1282} INFO - 
--------------------------------------------------------------------------------
[2023-03-28T22:46:54.748+0000] {taskinstance.py:1283} INFO - Starting attempt 1 of 1
[2023-03-28T22:46:54.750+0000] {taskinstance.py:1284} INFO - 
--------------------------------------------------------------------------------
[2023-03-28T22:46:54.806+0000] {taskinstance.py:1303} INFO - Executing <Task(_PythonDecoratedOperator): get_organisms> on 2023-03-28 22:46:42.898107+00:00
[2023-03-28T22:46:54.818+0000] {standard_task_runner.py:55} INFO - Started process 1833 to run task
[2023-03-28T22:46:54.826+0000] {standard_task_runner.py:82} INFO - Running: ['***', 'tasks', 'run', 'etl_uniprot_Q9Y261', 'get_organisms', 'manual__2023-03-28T22:46:42.898107+00:00', '--job-id', '182', '--raw', '--subdir', 'DAGS_FOLDER/uniprot_Q9Y261/main.py', '--cfg-path', '/tmp/tmpaq2xcz2n']
[2023-03-28T22:46:54.829+0000] {standard_task_runner.py:83} INFO - Job 182: Subtask get_organisms
[2023-03-28T22:46:55.097+0000] {task_command.py:388} INFO - Running <TaskInstance: etl_uniprot_Q9Y261.get_organisms manual__2023-03-28T22:46:42.898107+00:00 [running]> on host 147865a62ab8
[2023-03-28T22:46:55.451+0000] {taskinstance.py:1511} INFO - Exporting the following env vars:
AIRFLOW_CTX_DAG_OWNER=***
AIRFLOW_CTX_DAG_ID=etl_uniprot_Q9Y261
AIRFLOW_CTX_TASK_ID=get_organisms
AIRFLOW_CTX_EXECUTION_DATE=2023-03-28T22:46:42.898107+00:00
AIRFLOW_CTX_TRY_NUMBER=1
AIRFLOW_CTX_DAG_RUN_ID=manual__2023-03-28T22:46:42.898107+00:00
[2023-03-28T22:46:55.463+0000] {python.py:177} INFO - Done. Returned value was: [{'id': 'Q9Y261', 'organism_name': 'Homo sapiens', 'organism_common': 'Human', 'taxonomy_id': '9606', 'lineages': ['Eukaryota', 'Metazoa', 'Chordata', 'Craniata', 'Vertebrata', 'Euteleostomi', 'Mammalia', 'Eutheria', 'Euarchontoglires', 'Primates', 'Haplorrhini', 'Catarrhini', 'Hominidae', 'Homo']}]
[2023-03-28T22:46:55.550+0000] {taskinstance.py:1326} INFO - Marking task as SUCCESS. dag_id=etl_uniprot_Q9Y261, task_id=get_organisms, execution_date=20230328T224642, start_date=20230328T224654, end_date=20230328T224655
[2023-03-28T22:46:55.618+0000] {local_task_job.py:212} INFO - Task exited with return code 0
[2023-03-28T22:46:55.717+0000] {taskinstance.py:2585} INFO - 2 downstream tasks scheduled from follow-on schedule check
