[2023-03-28T22:19:57.769+0000] {taskinstance.py:1084} INFO - Dependencies all met for dep_context=non-requeueable deps ti=<TaskInstance: etl_uniprot_Q9Y261.write_accession scheduled__2023-03-27T00:00:00+00:00 [queued]>
[2023-03-28T22:19:57.780+0000] {taskinstance.py:1084} INFO - Dependencies all met for dep_context=requeueable deps ti=<TaskInstance: etl_uniprot_Q9Y261.write_accession scheduled__2023-03-27T00:00:00+00:00 [queued]>
[2023-03-28T22:19:57.781+0000] {taskinstance.py:1282} INFO - 
--------------------------------------------------------------------------------
[2023-03-28T22:19:57.783+0000] {taskinstance.py:1283} INFO - Starting attempt 1 of 1
[2023-03-28T22:19:57.784+0000] {taskinstance.py:1284} INFO - 
--------------------------------------------------------------------------------
[2023-03-28T22:19:57.799+0000] {taskinstance.py:1303} INFO - Executing <Task(_PythonDecoratedOperator): write_accession> on 2023-03-27 00:00:00+00:00
[2023-03-28T22:19:57.805+0000] {standard_task_runner.py:55} INFO - Started process 116 to run task
[2023-03-28T22:19:57.809+0000] {standard_task_runner.py:82} INFO - Running: ['***', 'tasks', 'run', 'etl_uniprot_Q9Y261', 'write_accession', 'scheduled__2023-03-27T00:00:00+00:00', '--job-id', '4', '--raw', '--subdir', 'DAGS_FOLDER/uniprot_Q9Y261/main.py', '--cfg-path', '/tmp/tmp7b_zlels']
[2023-03-28T22:19:57.810+0000] {standard_task_runner.py:83} INFO - Job 4: Subtask write_accession
[2023-03-28T22:19:57.909+0000] {task_command.py:388} INFO - Running <TaskInstance: etl_uniprot_Q9Y261.write_accession scheduled__2023-03-27T00:00:00+00:00 [running]> on host 147865a62ab8
[2023-03-28T22:19:58.053+0000] {taskinstance.py:1511} INFO - Exporting the following env vars:
AIRFLOW_CTX_DAG_OWNER=***
AIRFLOW_CTX_DAG_ID=etl_uniprot_Q9Y261
AIRFLOW_CTX_TASK_ID=write_accession
AIRFLOW_CTX_EXECUTION_DATE=2023-03-27T00:00:00+00:00
AIRFLOW_CTX_TRY_NUMBER=1
AIRFLOW_CTX_DAG_RUN_ID=scheduled__2023-03-27T00:00:00+00:00
[2023-03-28T22:19:58.623+0000] {python.py:177} INFO - Done. Returned value was: Q9Y261
[2023-03-28T22:19:58.660+0000] {taskinstance.py:1326} INFO - Marking task as SUCCESS. dag_id=etl_uniprot_Q9Y261, task_id=write_accession, execution_date=20230327T000000, start_date=20230328T221957, end_date=20230328T221958
[2023-03-28T22:19:58.708+0000] {local_task_job.py:212} INFO - Task exited with return code 0
[2023-03-28T22:19:58.754+0000] {taskinstance.py:2585} INFO - 9 downstream tasks scheduled from follow-on schedule check
[2023-03-28T22:23:16.324+0000] {taskinstance.py:1084} INFO - Dependencies all met for dep_context=non-requeueable deps ti=<TaskInstance: etl_uniprot_Q9Y261.write_accession scheduled__2023-03-27T00:00:00+00:00 [queued]>
[2023-03-28T22:23:16.339+0000] {taskinstance.py:1084} INFO - Dependencies all met for dep_context=requeueable deps ti=<TaskInstance: etl_uniprot_Q9Y261.write_accession scheduled__2023-03-27T00:00:00+00:00 [queued]>
[2023-03-28T22:23:16.340+0000] {taskinstance.py:1282} INFO - 
--------------------------------------------------------------------------------
[2023-03-28T22:23:16.340+0000] {taskinstance.py:1283} INFO - Starting attempt 1 of 1
[2023-03-28T22:23:16.341+0000] {taskinstance.py:1284} INFO - 
--------------------------------------------------------------------------------
[2023-03-28T22:23:16.359+0000] {taskinstance.py:1303} INFO - Executing <Task(_PythonDecoratedOperator): write_accession> on 2023-03-27 00:00:00+00:00
[2023-03-28T22:23:16.366+0000] {standard_task_runner.py:55} INFO - Started process 304 to run task
[2023-03-28T22:23:16.369+0000] {standard_task_runner.py:82} INFO - Running: ['***', 'tasks', 'run', 'etl_uniprot_Q9Y261', 'write_accession', 'scheduled__2023-03-27T00:00:00+00:00', '--job-id', '19', '--raw', '--subdir', 'DAGS_FOLDER/uniprot_Q9Y261/main.py', '--cfg-path', '/tmp/tmpzyivn81i']
[2023-03-28T22:23:16.371+0000] {standard_task_runner.py:83} INFO - Job 19: Subtask write_accession
[2023-03-28T22:23:16.461+0000] {task_command.py:388} INFO - Running <TaskInstance: etl_uniprot_Q9Y261.write_accession scheduled__2023-03-27T00:00:00+00:00 [running]> on host 147865a62ab8
[2023-03-28T22:23:16.620+0000] {taskinstance.py:1511} INFO - Exporting the following env vars:
AIRFLOW_CTX_DAG_OWNER=***
AIRFLOW_CTX_DAG_ID=etl_uniprot_Q9Y261
AIRFLOW_CTX_TASK_ID=write_accession
AIRFLOW_CTX_EXECUTION_DATE=2023-03-27T00:00:00+00:00
AIRFLOW_CTX_TRY_NUMBER=1
AIRFLOW_CTX_DAG_RUN_ID=scheduled__2023-03-27T00:00:00+00:00
[2023-03-28T22:23:16.682+0000] {python.py:177} INFO - Done. Returned value was: Q9Y261
[2023-03-28T22:23:16.738+0000] {taskinstance.py:1326} INFO - Marking task as SUCCESS. dag_id=etl_uniprot_Q9Y261, task_id=write_accession, execution_date=20230327T000000, start_date=20230328T222316, end_date=20230328T222316
[2023-03-28T22:23:16.784+0000] {local_task_job.py:212} INFO - Task exited with return code 0
[2023-03-28T22:23:16.856+0000] {taskinstance.py:2585} INFO - 9 downstream tasks scheduled from follow-on schedule check
[2023-03-28T22:36:11.496+0000] {taskinstance.py:1084} INFO - Dependencies all met for dep_context=non-requeueable deps ti=<TaskInstance: etl_uniprot_Q9Y261.write_accession scheduled__2023-03-27T00:00:00+00:00 [queued]>
[2023-03-28T22:36:11.507+0000] {taskinstance.py:1084} INFO - Dependencies all met for dep_context=requeueable deps ti=<TaskInstance: etl_uniprot_Q9Y261.write_accession scheduled__2023-03-27T00:00:00+00:00 [queued]>
[2023-03-28T22:36:11.508+0000] {taskinstance.py:1282} INFO - 
--------------------------------------------------------------------------------
[2023-03-28T22:36:11.509+0000] {taskinstance.py:1283} INFO - Starting attempt 1 of 1
[2023-03-28T22:36:11.509+0000] {taskinstance.py:1284} INFO - 
--------------------------------------------------------------------------------
[2023-03-28T22:36:11.525+0000] {taskinstance.py:1303} INFO - Executing <Task(_PythonDecoratedOperator): write_accession> on 2023-03-27 00:00:00+00:00
[2023-03-28T22:36:11.532+0000] {standard_task_runner.py:55} INFO - Started process 1110 to run task
[2023-03-28T22:36:11.536+0000] {standard_task_runner.py:82} INFO - Running: ['***', 'tasks', 'run', 'etl_uniprot_Q9Y261', 'write_accession', 'scheduled__2023-03-27T00:00:00+00:00', '--job-id', '95', '--raw', '--subdir', 'DAGS_FOLDER/uniprot_Q9Y261/main.py', '--cfg-path', '/tmp/tmp62hod3u1']
[2023-03-28T22:36:11.537+0000] {standard_task_runner.py:83} INFO - Job 95: Subtask write_accession
[2023-03-28T22:36:11.615+0000] {task_command.py:388} INFO - Running <TaskInstance: etl_uniprot_Q9Y261.write_accession scheduled__2023-03-27T00:00:00+00:00 [running]> on host 147865a62ab8
[2023-03-28T22:36:11.704+0000] {taskinstance.py:1511} INFO - Exporting the following env vars:
AIRFLOW_CTX_DAG_OWNER=***
AIRFLOW_CTX_DAG_ID=etl_uniprot_Q9Y261
AIRFLOW_CTX_TASK_ID=write_accession
AIRFLOW_CTX_EXECUTION_DATE=2023-03-27T00:00:00+00:00
AIRFLOW_CTX_TRY_NUMBER=1
AIRFLOW_CTX_DAG_RUN_ID=scheduled__2023-03-27T00:00:00+00:00
[2023-03-28T22:36:11.723+0000] {python.py:177} INFO - Done. Returned value was: Q9Y261
[2023-03-28T22:36:11.747+0000] {taskinstance.py:1326} INFO - Marking task as SUCCESS. dag_id=etl_uniprot_Q9Y261, task_id=write_accession, execution_date=20230327T000000, start_date=20230328T223611, end_date=20230328T223611
[2023-03-28T22:36:11.789+0000] {local_task_job.py:212} INFO - Task exited with return code 0
[2023-03-28T22:36:11.837+0000] {taskinstance.py:2585} INFO - 10 downstream tasks scheduled from follow-on schedule check
[2023-03-28T22:39:25.675+0000] {taskinstance.py:1084} INFO - Dependencies all met for dep_context=non-requeueable deps ti=<TaskInstance: etl_uniprot_Q9Y261.write_accession scheduled__2023-03-27T00:00:00+00:00 [queued]>
[2023-03-28T22:39:25.685+0000] {taskinstance.py:1084} INFO - Dependencies all met for dep_context=requeueable deps ti=<TaskInstance: etl_uniprot_Q9Y261.write_accession scheduled__2023-03-27T00:00:00+00:00 [queued]>
[2023-03-28T22:39:25.687+0000] {taskinstance.py:1282} INFO - 
--------------------------------------------------------------------------------
[2023-03-28T22:39:25.688+0000] {taskinstance.py:1283} INFO - Starting attempt 1 of 1
[2023-03-28T22:39:25.689+0000] {taskinstance.py:1284} INFO - 
--------------------------------------------------------------------------------
[2023-03-28T22:39:25.705+0000] {taskinstance.py:1303} INFO - Executing <Task(_PythonDecoratedOperator): write_accession> on 2023-03-27 00:00:00+00:00
[2023-03-28T22:39:25.711+0000] {standard_task_runner.py:55} INFO - Started process 1302 to run task
[2023-03-28T22:39:25.714+0000] {standard_task_runner.py:82} INFO - Running: ['***', 'tasks', 'run', 'etl_uniprot_Q9Y261', 'write_accession', 'scheduled__2023-03-27T00:00:00+00:00', '--job-id', '111', '--raw', '--subdir', 'DAGS_FOLDER/uniprot_Q9Y261/main.py', '--cfg-path', '/tmp/tmp4jde9_rm']
[2023-03-28T22:39:25.716+0000] {standard_task_runner.py:83} INFO - Job 111: Subtask write_accession
[2023-03-28T22:39:25.816+0000] {task_command.py:388} INFO - Running <TaskInstance: etl_uniprot_Q9Y261.write_accession scheduled__2023-03-27T00:00:00+00:00 [running]> on host 147865a62ab8
[2023-03-28T22:39:25.932+0000] {taskinstance.py:1511} INFO - Exporting the following env vars:
AIRFLOW_CTX_DAG_OWNER=***
AIRFLOW_CTX_DAG_ID=etl_uniprot_Q9Y261
AIRFLOW_CTX_TASK_ID=write_accession
AIRFLOW_CTX_EXECUTION_DATE=2023-03-27T00:00:00+00:00
AIRFLOW_CTX_TRY_NUMBER=1
AIRFLOW_CTX_DAG_RUN_ID=scheduled__2023-03-27T00:00:00+00:00
[2023-03-28T22:39:25.948+0000] {python.py:177} INFO - Done. Returned value was: Q9Y261
[2023-03-28T22:39:25.974+0000] {taskinstance.py:1326} INFO - Marking task as SUCCESS. dag_id=etl_uniprot_Q9Y261, task_id=write_accession, execution_date=20230327T000000, start_date=20230328T223925, end_date=20230328T223925
[2023-03-28T22:39:26.009+0000] {local_task_job.py:212} INFO - Task exited with return code 0
[2023-03-28T22:39:26.060+0000] {taskinstance.py:2585} INFO - 10 downstream tasks scheduled from follow-on schedule check
[2023-03-28T22:42:10.684+0000] {taskinstance.py:1084} INFO - Dependencies all met for dep_context=non-requeueable deps ti=<TaskInstance: etl_uniprot_Q9Y261.write_accession scheduled__2023-03-27T00:00:00+00:00 [queued]>
[2023-03-28T22:42:10.703+0000] {taskinstance.py:1084} INFO - Dependencies all met for dep_context=requeueable deps ti=<TaskInstance: etl_uniprot_Q9Y261.write_accession scheduled__2023-03-27T00:00:00+00:00 [queued]>
[2023-03-28T22:42:10.704+0000] {taskinstance.py:1282} INFO - 
--------------------------------------------------------------------------------
[2023-03-28T22:42:10.705+0000] {taskinstance.py:1283} INFO - Starting attempt 1 of 1
[2023-03-28T22:42:10.707+0000] {taskinstance.py:1284} INFO - 
--------------------------------------------------------------------------------
[2023-03-28T22:42:10.739+0000] {taskinstance.py:1303} INFO - Executing <Task(_PythonDecoratedOperator): write_accession> on 2023-03-27 00:00:00+00:00
[2023-03-28T22:42:10.751+0000] {standard_task_runner.py:55} INFO - Started process 1518 to run task
[2023-03-28T22:42:10.757+0000] {standard_task_runner.py:82} INFO - Running: ['***', 'tasks', 'run', 'etl_uniprot_Q9Y261', 'write_accession', 'scheduled__2023-03-27T00:00:00+00:00', '--job-id', '143', '--raw', '--subdir', 'DAGS_FOLDER/uniprot_Q9Y261/main.py', '--cfg-path', '/tmp/tmp_y4av59q']
[2023-03-28T22:42:10.760+0000] {standard_task_runner.py:83} INFO - Job 143: Subtask write_accession
[2023-03-28T22:42:10.999+0000] {task_command.py:388} INFO - Running <TaskInstance: etl_uniprot_Q9Y261.write_accession scheduled__2023-03-27T00:00:00+00:00 [running]> on host 147865a62ab8
[2023-03-28T22:42:11.187+0000] {taskinstance.py:1511} INFO - Exporting the following env vars:
AIRFLOW_CTX_DAG_OWNER=***
AIRFLOW_CTX_DAG_ID=etl_uniprot_Q9Y261
AIRFLOW_CTX_TASK_ID=write_accession
AIRFLOW_CTX_EXECUTION_DATE=2023-03-27T00:00:00+00:00
AIRFLOW_CTX_TRY_NUMBER=1
AIRFLOW_CTX_DAG_RUN_ID=scheduled__2023-03-27T00:00:00+00:00
[2023-03-28T22:42:11.257+0000] {python.py:177} INFO - Done. Returned value was: Q9Y261
[2023-03-28T22:42:11.323+0000] {taskinstance.py:1326} INFO - Marking task as SUCCESS. dag_id=etl_uniprot_Q9Y261, task_id=write_accession, execution_date=20230327T000000, start_date=20230328T224210, end_date=20230328T224211
[2023-03-28T22:42:11.383+0000] {local_task_job.py:212} INFO - Task exited with return code 0
[2023-03-28T22:42:11.441+0000] {taskinstance.py:2585} INFO - 10 downstream tasks scheduled from follow-on schedule check
[2023-03-28T22:46:39.084+0000] {taskinstance.py:1084} INFO - Dependencies all met for dep_context=non-requeueable deps ti=<TaskInstance: etl_uniprot_Q9Y261.write_accession scheduled__2023-03-27T00:00:00+00:00 [queued]>
[2023-03-28T22:46:39.095+0000] {taskinstance.py:1084} INFO - Dependencies all met for dep_context=requeueable deps ti=<TaskInstance: etl_uniprot_Q9Y261.write_accession scheduled__2023-03-27T00:00:00+00:00 [queued]>
[2023-03-28T22:46:39.096+0000] {taskinstance.py:1282} INFO - 
--------------------------------------------------------------------------------
[2023-03-28T22:46:39.097+0000] {taskinstance.py:1283} INFO - Starting attempt 1 of 1
[2023-03-28T22:46:39.097+0000] {taskinstance.py:1284} INFO - 
--------------------------------------------------------------------------------
[2023-03-28T22:46:39.114+0000] {taskinstance.py:1303} INFO - Executing <Task(_PythonDecoratedOperator): write_accession> on 2023-03-27 00:00:00+00:00
[2023-03-28T22:46:39.120+0000] {standard_task_runner.py:55} INFO - Started process 1742 to run task
[2023-03-28T22:46:39.124+0000] {standard_task_runner.py:82} INFO - Running: ['***', 'tasks', 'run', 'etl_uniprot_Q9Y261', 'write_accession', 'scheduled__2023-03-27T00:00:00+00:00', '--job-id', '159', '--raw', '--subdir', 'DAGS_FOLDER/uniprot_Q9Y261/main.py', '--cfg-path', '/tmp/tmpl4b52s9p']
[2023-03-28T22:46:39.125+0000] {standard_task_runner.py:83} INFO - Job 159: Subtask write_accession
[2023-03-28T22:46:39.203+0000] {task_command.py:388} INFO - Running <TaskInstance: etl_uniprot_Q9Y261.write_accession scheduled__2023-03-27T00:00:00+00:00 [running]> on host 147865a62ab8
[2023-03-28T22:46:39.305+0000] {taskinstance.py:1511} INFO - Exporting the following env vars:
AIRFLOW_CTX_DAG_OWNER=***
AIRFLOW_CTX_DAG_ID=etl_uniprot_Q9Y261
AIRFLOW_CTX_TASK_ID=write_accession
AIRFLOW_CTX_EXECUTION_DATE=2023-03-27T00:00:00+00:00
AIRFLOW_CTX_TRY_NUMBER=1
AIRFLOW_CTX_DAG_RUN_ID=scheduled__2023-03-27T00:00:00+00:00
[2023-03-28T22:46:39.327+0000] {python.py:177} INFO - Done. Returned value was: Q9Y261
[2023-03-28T22:46:39.358+0000] {taskinstance.py:1326} INFO - Marking task as SUCCESS. dag_id=etl_uniprot_Q9Y261, task_id=write_accession, execution_date=20230327T000000, start_date=20230328T224639, end_date=20230328T224639
[2023-03-28T22:46:39.417+0000] {local_task_job.py:212} INFO - Task exited with return code 0
[2023-03-28T22:46:39.473+0000] {taskinstance.py:2585} INFO - 10 downstream tasks scheduled from follow-on schedule check
[2023-03-28T23:13:03.117+0000] {taskinstance.py:1084} INFO - Dependencies all met for dep_context=non-requeueable deps ti=<TaskInstance: etl_uniprot_Q9Y261.write_accession scheduled__2023-03-27T00:00:00+00:00 [queued]>
[2023-03-28T23:13:03.128+0000] {taskinstance.py:1084} INFO - Dependencies all met for dep_context=requeueable deps ti=<TaskInstance: etl_uniprot_Q9Y261.write_accession scheduled__2023-03-27T00:00:00+00:00 [queued]>
[2023-03-28T23:13:03.129+0000] {taskinstance.py:1282} INFO - 
--------------------------------------------------------------------------------
[2023-03-28T23:13:03.130+0000] {taskinstance.py:1283} INFO - Starting attempt 1 of 1
[2023-03-28T23:13:03.130+0000] {taskinstance.py:1284} INFO - 
--------------------------------------------------------------------------------
[2023-03-28T23:13:03.155+0000] {taskinstance.py:1303} INFO - Executing <Task(_PythonDecoratedOperator): write_accession> on 2023-03-27 00:00:00+00:00
[2023-03-28T23:13:03.165+0000] {standard_task_runner.py:55} INFO - Started process 3106 to run task
[2023-03-28T23:13:03.170+0000] {standard_task_runner.py:82} INFO - Running: ['***', 'tasks', 'run', 'etl_uniprot_Q9Y261', 'write_accession', 'scheduled__2023-03-27T00:00:00+00:00', '--job-id', '223', '--raw', '--subdir', 'DAGS_FOLDER/uniprot_Q9Y261/main.py', '--cfg-path', '/tmp/tmpnmb1ec7l']
[2023-03-28T23:13:03.172+0000] {standard_task_runner.py:83} INFO - Job 223: Subtask write_accession
[2023-03-28T23:13:03.300+0000] {task_command.py:388} INFO - Running <TaskInstance: etl_uniprot_Q9Y261.write_accession scheduled__2023-03-27T00:00:00+00:00 [running]> on host 147865a62ab8
[2023-03-28T23:13:03.414+0000] {taskinstance.py:1511} INFO - Exporting the following env vars:
AIRFLOW_CTX_DAG_OWNER=***
AIRFLOW_CTX_DAG_ID=etl_uniprot_Q9Y261
AIRFLOW_CTX_TASK_ID=write_accession
AIRFLOW_CTX_EXECUTION_DATE=2023-03-27T00:00:00+00:00
AIRFLOW_CTX_TRY_NUMBER=1
AIRFLOW_CTX_DAG_RUN_ID=scheduled__2023-03-27T00:00:00+00:00
[2023-03-28T23:13:03.434+0000] {python.py:177} INFO - Done. Returned value was: Q9Y261
[2023-03-28T23:13:03.461+0000] {taskinstance.py:1326} INFO - Marking task as SUCCESS. dag_id=etl_uniprot_Q9Y261, task_id=write_accession, execution_date=20230327T000000, start_date=20230328T231303, end_date=20230328T231303
[2023-03-28T23:13:03.506+0000] {local_task_job.py:212} INFO - Task exited with return code 0
[2023-03-28T23:13:03.570+0000] {taskinstance.py:2585} INFO - 8 downstream tasks scheduled from follow-on schedule check
[2023-03-28T23:31:41.661+0000] {taskinstance.py:1084} INFO - Dependencies all met for dep_context=non-requeueable deps ti=<TaskInstance: etl_uniprot_Q9Y261.write_accession scheduled__2023-03-27T00:00:00+00:00 [queued]>
[2023-03-28T23:31:41.672+0000] {taskinstance.py:1084} INFO - Dependencies all met for dep_context=requeueable deps ti=<TaskInstance: etl_uniprot_Q9Y261.write_accession scheduled__2023-03-27T00:00:00+00:00 [queued]>
[2023-03-28T23:31:41.673+0000] {taskinstance.py:1282} INFO - 
--------------------------------------------------------------------------------
[2023-03-28T23:31:41.673+0000] {taskinstance.py:1283} INFO - Starting attempt 1 of 1
[2023-03-28T23:31:41.674+0000] {taskinstance.py:1284} INFO - 
--------------------------------------------------------------------------------
[2023-03-28T23:31:41.689+0000] {taskinstance.py:1303} INFO - Executing <Task(_PythonDecoratedOperator): write_accession> on 2023-03-27 00:00:00+00:00
[2023-03-28T23:31:41.695+0000] {standard_task_runner.py:55} INFO - Started process 4025 to run task
[2023-03-28T23:31:41.698+0000] {standard_task_runner.py:82} INFO - Running: ['***', 'tasks', 'run', 'etl_uniprot_Q9Y261', 'write_accession', 'scheduled__2023-03-27T00:00:00+00:00', '--job-id', '265', '--raw', '--subdir', 'DAGS_FOLDER/uniprot_Q9Y261/main.py', '--cfg-path', '/tmp/tmp61lfyyo_']
[2023-03-28T23:31:41.699+0000] {standard_task_runner.py:83} INFO - Job 265: Subtask write_accession
[2023-03-28T23:31:41.777+0000] {task_command.py:388} INFO - Running <TaskInstance: etl_uniprot_Q9Y261.write_accession scheduled__2023-03-27T00:00:00+00:00 [running]> on host 147865a62ab8
[2023-03-28T23:31:41.870+0000] {taskinstance.py:1511} INFO - Exporting the following env vars:
AIRFLOW_CTX_DAG_OWNER=***
AIRFLOW_CTX_DAG_ID=etl_uniprot_Q9Y261
AIRFLOW_CTX_TASK_ID=write_accession
AIRFLOW_CTX_EXECUTION_DATE=2023-03-27T00:00:00+00:00
AIRFLOW_CTX_TRY_NUMBER=1
AIRFLOW_CTX_DAG_RUN_ID=scheduled__2023-03-27T00:00:00+00:00
[2023-03-28T23:31:41.886+0000] {python.py:177} INFO - Done. Returned value was: Q9Y261
[2023-03-28T23:31:41.913+0000] {taskinstance.py:1326} INFO - Marking task as SUCCESS. dag_id=etl_uniprot_Q9Y261, task_id=write_accession, execution_date=20230327T000000, start_date=20230328T233141, end_date=20230328T233141
[2023-03-28T23:31:41.952+0000] {local_task_job.py:212} INFO - Task exited with return code 0
[2023-03-28T23:31:41.987+0000] {taskinstance.py:2585} INFO - 10 downstream tasks scheduled from follow-on schedule check
[2023-03-28T23:35:16.786+0000] {taskinstance.py:1084} INFO - Dependencies all met for dep_context=non-requeueable deps ti=<TaskInstance: etl_uniprot_Q9Y261.write_accession scheduled__2023-03-27T00:00:00+00:00 [queued]>
[2023-03-28T23:35:16.798+0000] {taskinstance.py:1084} INFO - Dependencies all met for dep_context=requeueable deps ti=<TaskInstance: etl_uniprot_Q9Y261.write_accession scheduled__2023-03-27T00:00:00+00:00 [queued]>
[2023-03-28T23:35:16.799+0000] {taskinstance.py:1282} INFO - 
--------------------------------------------------------------------------------
[2023-03-28T23:35:16.800+0000] {taskinstance.py:1283} INFO - Starting attempt 1 of 1
[2023-03-28T23:35:16.800+0000] {taskinstance.py:1284} INFO - 
--------------------------------------------------------------------------------
[2023-03-28T23:35:16.824+0000] {taskinstance.py:1303} INFO - Executing <Task(_PythonDecoratedOperator): write_accession> on 2023-03-27 00:00:00+00:00
[2023-03-28T23:35:16.831+0000] {standard_task_runner.py:55} INFO - Started process 4241 to run task
[2023-03-28T23:35:16.834+0000] {standard_task_runner.py:82} INFO - Running: ['***', 'tasks', 'run', 'etl_uniprot_Q9Y261', 'write_accession', 'scheduled__2023-03-27T00:00:00+00:00', '--job-id', '281', '--raw', '--subdir', 'DAGS_FOLDER/uniprot_Q9Y261/main.py', '--cfg-path', '/tmp/tmpftl2_n_i']
[2023-03-28T23:35:16.835+0000] {standard_task_runner.py:83} INFO - Job 281: Subtask write_accession
[2023-03-28T23:35:16.919+0000] {task_command.py:388} INFO - Running <TaskInstance: etl_uniprot_Q9Y261.write_accession scheduled__2023-03-27T00:00:00+00:00 [running]> on host 147865a62ab8
[2023-03-28T23:35:17.035+0000] {taskinstance.py:1511} INFO - Exporting the following env vars:
AIRFLOW_CTX_DAG_OWNER=***
AIRFLOW_CTX_DAG_ID=etl_uniprot_Q9Y261
AIRFLOW_CTX_TASK_ID=write_accession
AIRFLOW_CTX_EXECUTION_DATE=2023-03-27T00:00:00+00:00
AIRFLOW_CTX_TRY_NUMBER=1
AIRFLOW_CTX_DAG_RUN_ID=scheduled__2023-03-27T00:00:00+00:00
[2023-03-28T23:35:17.063+0000] {python.py:177} INFO - Done. Returned value was: Q9Y261
[2023-03-28T23:35:17.096+0000] {taskinstance.py:1326} INFO - Marking task as SUCCESS. dag_id=etl_uniprot_Q9Y261, task_id=write_accession, execution_date=20230327T000000, start_date=20230328T233516, end_date=20230328T233517
[2023-03-28T23:35:17.128+0000] {local_task_job.py:212} INFO - Task exited with return code 0
[2023-03-28T23:35:17.179+0000] {taskinstance.py:2585} INFO - 8 downstream tasks scheduled from follow-on schedule check
[2023-03-28T23:48:53.449+0000] {taskinstance.py:1084} INFO - Dependencies all met for dep_context=non-requeueable deps ti=<TaskInstance: etl_uniprot_Q9Y261.write_accession scheduled__2023-03-27T00:00:00+00:00 [queued]>
[2023-03-28T23:48:53.460+0000] {taskinstance.py:1084} INFO - Dependencies all met for dep_context=requeueable deps ti=<TaskInstance: etl_uniprot_Q9Y261.write_accession scheduled__2023-03-27T00:00:00+00:00 [queued]>
[2023-03-28T23:48:53.461+0000] {taskinstance.py:1282} INFO - 
--------------------------------------------------------------------------------
[2023-03-28T23:48:53.462+0000] {taskinstance.py:1283} INFO - Starting attempt 1 of 1
[2023-03-28T23:48:53.462+0000] {taskinstance.py:1284} INFO - 
--------------------------------------------------------------------------------
[2023-03-28T23:48:53.478+0000] {taskinstance.py:1303} INFO - Executing <Task(_PythonDecoratedOperator): write_accession> on 2023-03-27 00:00:00+00:00
[2023-03-28T23:48:53.484+0000] {standard_task_runner.py:55} INFO - Started process 4890 to run task
[2023-03-28T23:48:53.488+0000] {standard_task_runner.py:82} INFO - Running: ['***', 'tasks', 'run', 'etl_uniprot_Q9Y261', 'write_accession', 'scheduled__2023-03-27T00:00:00+00:00', '--job-id', '297', '--raw', '--subdir', 'DAGS_FOLDER/uniprot_Q9Y261/main.py', '--cfg-path', '/tmp/tmp_6vaazo7']
[2023-03-28T23:48:53.489+0000] {standard_task_runner.py:83} INFO - Job 297: Subtask write_accession
[2023-03-28T23:48:53.559+0000] {task_command.py:388} INFO - Running <TaskInstance: etl_uniprot_Q9Y261.write_accession scheduled__2023-03-27T00:00:00+00:00 [running]> on host 147865a62ab8
[2023-03-28T23:48:53.649+0000] {taskinstance.py:1511} INFO - Exporting the following env vars:
AIRFLOW_CTX_DAG_OWNER=***
AIRFLOW_CTX_DAG_ID=etl_uniprot_Q9Y261
AIRFLOW_CTX_TASK_ID=write_accession
AIRFLOW_CTX_EXECUTION_DATE=2023-03-27T00:00:00+00:00
AIRFLOW_CTX_TRY_NUMBER=1
AIRFLOW_CTX_DAG_RUN_ID=scheduled__2023-03-27T00:00:00+00:00
[2023-03-28T23:48:53.669+0000] {python.py:177} INFO - Done. Returned value was: Q9Y261
[2023-03-28T23:48:53.699+0000] {taskinstance.py:1326} INFO - Marking task as SUCCESS. dag_id=etl_uniprot_Q9Y261, task_id=write_accession, execution_date=20230327T000000, start_date=20230328T234853, end_date=20230328T234853
[2023-03-28T23:48:53.741+0000] {local_task_job.py:212} INFO - Task exited with return code 0
[2023-03-28T23:48:53.775+0000] {taskinstance.py:2585} INFO - 8 downstream tasks scheduled from follow-on schedule check
[2023-03-28T23:59:42.226+0000] {taskinstance.py:1084} INFO - Dependencies all met for dep_context=non-requeueable deps ti=<TaskInstance: etl_uniprot_Q9Y261.write_accession scheduled__2023-03-27T00:00:00+00:00 [queued]>
[2023-03-28T23:59:42.251+0000] {taskinstance.py:1084} INFO - Dependencies all met for dep_context=requeueable deps ti=<TaskInstance: etl_uniprot_Q9Y261.write_accession scheduled__2023-03-27T00:00:00+00:00 [queued]>
[2023-03-28T23:59:42.252+0000] {taskinstance.py:1282} INFO - 
--------------------------------------------------------------------------------
[2023-03-28T23:59:42.253+0000] {taskinstance.py:1283} INFO - Starting attempt 1 of 1
[2023-03-28T23:59:42.254+0000] {taskinstance.py:1284} INFO - 
--------------------------------------------------------------------------------
[2023-03-28T23:59:42.287+0000] {taskinstance.py:1303} INFO - Executing <Task(_PythonDecoratedOperator): write_accession> on 2023-03-27 00:00:00+00:00
[2023-03-28T23:59:42.406+0000] {standard_task_runner.py:55} INFO - Started process 383 to run task
[2023-03-28T23:59:42.412+0000] {standard_task_runner.py:82} INFO - Running: ['***', 'tasks', 'run', 'etl_uniprot_Q9Y261', 'write_accession', 'scheduled__2023-03-27T00:00:00+00:00', '--job-id', '4', '--raw', '--subdir', 'DAGS_FOLDER/uniprot_Q9Y261/main.py', '--cfg-path', '/tmp/tmpp0e2ty2o']
[2023-03-28T23:59:42.414+0000] {standard_task_runner.py:83} INFO - Job 4: Subtask write_accession
[2023-03-28T23:59:42.564+0000] {task_command.py:388} INFO - Running <TaskInstance: etl_uniprot_Q9Y261.write_accession scheduled__2023-03-27T00:00:00+00:00 [running]> on host f360a468cd4e
[2023-03-28T23:59:42.730+0000] {taskinstance.py:1511} INFO - Exporting the following env vars:
AIRFLOW_CTX_DAG_OWNER=***
AIRFLOW_CTX_DAG_ID=etl_uniprot_Q9Y261
AIRFLOW_CTX_TASK_ID=write_accession
AIRFLOW_CTX_EXECUTION_DATE=2023-03-27T00:00:00+00:00
AIRFLOW_CTX_TRY_NUMBER=1
AIRFLOW_CTX_DAG_RUN_ID=scheduled__2023-03-27T00:00:00+00:00
[2023-03-28T23:59:43.893+0000] {python.py:177} INFO - Done. Returned value was: Q9Y261
[2023-03-28T23:59:43.937+0000] {taskinstance.py:1326} INFO - Marking task as SUCCESS. dag_id=etl_uniprot_Q9Y261, task_id=write_accession, execution_date=20230327T000000, start_date=20230328T235942, end_date=20230328T235943
[2023-03-28T23:59:43.995+0000] {local_task_job.py:212} INFO - Task exited with return code 0
[2023-03-28T23:59:44.074+0000] {taskinstance.py:2585} INFO - 8 downstream tasks scheduled from follow-on schedule check
