[2023-03-28T23:23:40.468+0000] {taskinstance.py:1084} INFO - Dependencies all met for dep_context=non-requeueable deps ti=<TaskInstance: etl_uniprot_Q9Y261.write_authors_of_references manual__2023-03-28T23:23:27.805686+00:00 [queued]>
[2023-03-28T23:23:40.492+0000] {taskinstance.py:1084} INFO - Dependencies all met for dep_context=requeueable deps ti=<TaskInstance: etl_uniprot_Q9Y261.write_authors_of_references manual__2023-03-28T23:23:27.805686+00:00 [queued]>
[2023-03-28T23:23:40.493+0000] {taskinstance.py:1282} INFO - 
--------------------------------------------------------------------------------
[2023-03-28T23:23:40.495+0000] {taskinstance.py:1283} INFO - Starting attempt 1 of 1
[2023-03-28T23:23:40.496+0000] {taskinstance.py:1284} INFO - 
--------------------------------------------------------------------------------
[2023-03-28T23:23:40.523+0000] {taskinstance.py:1303} INFO - Executing <Task(_PythonDecoratedOperator): write_authors_of_references> on 2023-03-28 23:23:27.805686+00:00
[2023-03-28T23:23:40.534+0000] {standard_task_runner.py:55} INFO - Started process 3681 to run task
[2023-03-28T23:23:40.549+0000] {standard_task_runner.py:82} INFO - Running: ['***', 'tasks', 'run', 'etl_uniprot_Q9Y261', 'write_authors_of_references', 'manual__2023-03-28T23:23:27.805686+00:00', '--job-id', '260', '--raw', '--subdir', 'DAGS_FOLDER/uniprot_Q9Y261/main.py', '--cfg-path', '/tmp/tmpp686ivym']
[2023-03-28T23:23:40.551+0000] {standard_task_runner.py:83} INFO - Job 260: Subtask write_authors_of_references
[2023-03-28T23:23:40.748+0000] {task_command.py:388} INFO - Running <TaskInstance: etl_uniprot_Q9Y261.write_authors_of_references manual__2023-03-28T23:23:27.805686+00:00 [running]> on host 147865a62ab8
[2023-03-28T23:23:40.910+0000] {taskinstance.py:1511} INFO - Exporting the following env vars:
AIRFLOW_CTX_DAG_OWNER=***
AIRFLOW_CTX_DAG_ID=etl_uniprot_Q9Y261
AIRFLOW_CTX_TASK_ID=write_authors_of_references
AIRFLOW_CTX_EXECUTION_DATE=2023-03-28T23:23:27.805686+00:00
AIRFLOW_CTX_TRY_NUMBER=1
AIRFLOW_CTX_DAG_RUN_ID=manual__2023-03-28T23:23:27.805686+00:00
[2023-03-28T23:23:40.939+0000] {python.py:177} INFO - Done. Returned value was: None
[2023-03-28T23:23:40.962+0000] {taskinstance.py:1326} INFO - Marking task as SUCCESS. dag_id=etl_uniprot_Q9Y261, task_id=write_authors_of_references, execution_date=20230328T232327, start_date=20230328T232340, end_date=20230328T232340
[2023-03-28T23:23:41.006+0000] {local_task_job.py:212} INFO - Task exited with return code 0
[2023-03-28T23:23:41.057+0000] {taskinstance.py:2585} INFO - 0 downstream tasks scheduled from follow-on schedule check
