[2023-03-27T12:56:30.629+0000] {taskinstance.py:1084} INFO - Dependencies all met for dep_context=non-requeueable deps ti=<TaskInstance: etl_uniprot_Q9Y261.write_sequences scheduled__2023-03-26T00:00:00+00:00 [queued]>
[2023-03-27T12:56:30.664+0000] {taskinstance.py:1084} INFO - Dependencies all met for dep_context=requeueable deps ti=<TaskInstance: etl_uniprot_Q9Y261.write_sequences scheduled__2023-03-26T00:00:00+00:00 [queued]>
[2023-03-27T12:56:30.667+0000] {taskinstance.py:1282} INFO - 
--------------------------------------------------------------------------------
[2023-03-27T12:56:30.669+0000] {taskinstance.py:1283} INFO - Starting attempt 1 of 1
[2023-03-27T12:56:30.671+0000] {taskinstance.py:1284} INFO - 
--------------------------------------------------------------------------------
[2023-03-27T12:56:30.724+0000] {taskinstance.py:1303} INFO - Executing <Task(_PythonDecoratedOperator): write_sequences> on 2023-03-26 00:00:00+00:00
[2023-03-27T12:56:30.735+0000] {standard_task_runner.py:55} INFO - Started process 189 to run task
[2023-03-27T12:56:30.748+0000] {standard_task_runner.py:82} INFO - Running: ['***', 'tasks', 'run', 'etl_uniprot_Q9Y261', 'write_sequences', 'scheduled__2023-03-26T00:00:00+00:00', '--job-id', '5', '--raw', '--subdir', 'DAGS_FOLDER/uniprot_Q9Y261/main.py', '--cfg-path', '/tmp/tmpc3ypvdfd']
[2023-03-27T12:56:30.752+0000] {standard_task_runner.py:83} INFO - Job 5: Subtask write_sequences
[2023-03-27T12:56:31.003+0000] {task_command.py:388} INFO - Running <TaskInstance: etl_uniprot_Q9Y261.write_sequences scheduled__2023-03-26T00:00:00+00:00 [running]> on host 5da03bdb1b9e
[2023-03-27T12:56:31.360+0000] {taskinstance.py:1511} INFO - Exporting the following env vars:
AIRFLOW_CTX_DAG_OWNER=***
AIRFLOW_CTX_DAG_ID=etl_uniprot_Q9Y261
AIRFLOW_CTX_TASK_ID=write_sequences
AIRFLOW_CTX_EXECUTION_DATE=2023-03-26T00:00:00+00:00
AIRFLOW_CTX_TRY_NUMBER=1
AIRFLOW_CTX_DAG_RUN_ID=scheduled__2023-03-26T00:00:00+00:00
[2023-03-27T12:56:32.750+0000] {python.py:177} INFO - Done. Returned value was: None
[2023-03-27T12:56:32.820+0000] {taskinstance.py:1326} INFO - Marking task as SUCCESS. dag_id=etl_uniprot_Q9Y261, task_id=write_sequences, execution_date=20230326T000000, start_date=20230327T125630, end_date=20230327T125632
[2023-03-27T12:56:32.920+0000] {local_task_job.py:212} INFO - Task exited with return code 0
[2023-03-27T12:56:33.022+0000] {taskinstance.py:2585} INFO - 0 downstream tasks scheduled from follow-on schedule check
[2023-03-27T13:04:05.468+0000] {taskinstance.py:1084} INFO - Dependencies all met for dep_context=non-requeueable deps ti=<TaskInstance: etl_uniprot_Q9Y261.write_sequences scheduled__2023-03-26T00:00:00+00:00 [queued]>
[2023-03-27T13:04:05.496+0000] {taskinstance.py:1084} INFO - Dependencies all met for dep_context=requeueable deps ti=<TaskInstance: etl_uniprot_Q9Y261.write_sequences scheduled__2023-03-26T00:00:00+00:00 [queued]>
[2023-03-27T13:04:05.498+0000] {taskinstance.py:1282} INFO - 
--------------------------------------------------------------------------------
[2023-03-27T13:04:05.499+0000] {taskinstance.py:1283} INFO - Starting attempt 1 of 1
[2023-03-27T13:04:05.500+0000] {taskinstance.py:1284} INFO - 
--------------------------------------------------------------------------------
[2023-03-27T13:04:05.537+0000] {taskinstance.py:1303} INFO - Executing <Task(_PythonDecoratedOperator): write_sequences> on 2023-03-26 00:00:00+00:00
[2023-03-27T13:04:05.546+0000] {standard_task_runner.py:55} INFO - Started process 750 to run task
[2023-03-27T13:04:05.552+0000] {standard_task_runner.py:82} INFO - Running: ['***', 'tasks', 'run', 'etl_uniprot_Q9Y261', 'write_sequences', 'scheduled__2023-03-26T00:00:00+00:00', '--job-id', '83', '--raw', '--subdir', 'DAGS_FOLDER/uniprot_Q9Y261/main.py', '--cfg-path', '/tmp/tmpxst4lca4']
[2023-03-27T13:04:05.555+0000] {standard_task_runner.py:83} INFO - Job 83: Subtask write_sequences
[2023-03-27T13:04:05.737+0000] {task_command.py:388} INFO - Running <TaskInstance: etl_uniprot_Q9Y261.write_sequences scheduled__2023-03-26T00:00:00+00:00 [running]> on host 5da03bdb1b9e
[2023-03-27T13:04:05.977+0000] {taskinstance.py:1511} INFO - Exporting the following env vars:
AIRFLOW_CTX_DAG_OWNER=***
AIRFLOW_CTX_DAG_ID=etl_uniprot_Q9Y261
AIRFLOW_CTX_TASK_ID=write_sequences
AIRFLOW_CTX_EXECUTION_DATE=2023-03-26T00:00:00+00:00
AIRFLOW_CTX_TRY_NUMBER=1
AIRFLOW_CTX_DAG_RUN_ID=scheduled__2023-03-26T00:00:00+00:00
[2023-03-27T13:04:06.009+0000] {python.py:177} INFO - Done. Returned value was: None
[2023-03-27T13:04:06.041+0000] {taskinstance.py:1326} INFO - Marking task as SUCCESS. dag_id=etl_uniprot_Q9Y261, task_id=write_sequences, execution_date=20230326T000000, start_date=20230327T130405, end_date=20230327T130406
[2023-03-27T13:04:06.087+0000] {local_task_job.py:212} INFO - Task exited with return code 0
[2023-03-27T13:04:06.135+0000] {taskinstance.py:2585} INFO - 0 downstream tasks scheduled from follow-on schedule check
[2023-03-27T13:09:15.496+0000] {taskinstance.py:1084} INFO - Dependencies all met for dep_context=non-requeueable deps ti=<TaskInstance: etl_uniprot_Q9Y261.write_sequences scheduled__2023-03-26T00:00:00+00:00 [queued]>
[2023-03-27T13:09:15.512+0000] {taskinstance.py:1084} INFO - Dependencies all met for dep_context=requeueable deps ti=<TaskInstance: etl_uniprot_Q9Y261.write_sequences scheduled__2023-03-26T00:00:00+00:00 [queued]>
[2023-03-27T13:09:15.513+0000] {taskinstance.py:1282} INFO - 
--------------------------------------------------------------------------------
[2023-03-27T13:09:15.514+0000] {taskinstance.py:1283} INFO - Starting attempt 1 of 1
[2023-03-27T13:09:15.515+0000] {taskinstance.py:1284} INFO - 
--------------------------------------------------------------------------------
[2023-03-27T13:09:15.536+0000] {taskinstance.py:1303} INFO - Executing <Task(_PythonDecoratedOperator): write_sequences> on 2023-03-26 00:00:00+00:00
[2023-03-27T13:09:15.543+0000] {standard_task_runner.py:55} INFO - Started process 1046 to run task
[2023-03-27T13:09:15.547+0000] {standard_task_runner.py:82} INFO - Running: ['***', 'tasks', 'run', 'etl_uniprot_Q9Y261', 'write_sequences', 'scheduled__2023-03-26T00:00:00+00:00', '--job-id', '113', '--raw', '--subdir', 'DAGS_FOLDER/uniprot_Q9Y261/main.py', '--cfg-path', '/tmp/tmp13ot6_v2']
[2023-03-27T13:09:15.548+0000] {standard_task_runner.py:83} INFO - Job 113: Subtask write_sequences
[2023-03-27T13:09:15.657+0000] {task_command.py:388} INFO - Running <TaskInstance: etl_uniprot_Q9Y261.write_sequences scheduled__2023-03-26T00:00:00+00:00 [running]> on host 5da03bdb1b9e
[2023-03-27T13:09:15.793+0000] {taskinstance.py:1511} INFO - Exporting the following env vars:
AIRFLOW_CTX_DAG_OWNER=***
AIRFLOW_CTX_DAG_ID=etl_uniprot_Q9Y261
AIRFLOW_CTX_TASK_ID=write_sequences
AIRFLOW_CTX_EXECUTION_DATE=2023-03-26T00:00:00+00:00
AIRFLOW_CTX_TRY_NUMBER=1
AIRFLOW_CTX_DAG_RUN_ID=scheduled__2023-03-26T00:00:00+00:00
[2023-03-27T13:09:15.825+0000] {python.py:177} INFO - Done. Returned value was: None
[2023-03-27T13:09:15.840+0000] {taskinstance.py:1326} INFO - Marking task as SUCCESS. dag_id=etl_uniprot_Q9Y261, task_id=write_sequences, execution_date=20230326T000000, start_date=20230327T130915, end_date=20230327T130915
[2023-03-27T13:09:15.886+0000] {local_task_job.py:212} INFO - Task exited with return code 0
[2023-03-27T13:09:15.917+0000] {taskinstance.py:2585} INFO - 0 downstream tasks scheduled from follow-on schedule check
[2023-03-27T18:51:41.633+0000] {taskinstance.py:1084} INFO - Dependencies all met for dep_context=non-requeueable deps ti=<TaskInstance: etl_uniprot_Q9Y261.write_sequences scheduled__2023-03-26T00:00:00+00:00 [queued]>
[2023-03-27T18:51:41.651+0000] {taskinstance.py:1084} INFO - Dependencies all met for dep_context=requeueable deps ti=<TaskInstance: etl_uniprot_Q9Y261.write_sequences scheduled__2023-03-26T00:00:00+00:00 [queued]>
[2023-03-27T18:51:41.652+0000] {taskinstance.py:1282} INFO - 
--------------------------------------------------------------------------------
[2023-03-27T18:51:41.653+0000] {taskinstance.py:1283} INFO - Starting attempt 1 of 1
[2023-03-27T18:51:41.654+0000] {taskinstance.py:1284} INFO - 
--------------------------------------------------------------------------------
[2023-03-27T18:51:41.676+0000] {taskinstance.py:1303} INFO - Executing <Task(_PythonDecoratedOperator): write_sequences> on 2023-03-26 00:00:00+00:00
[2023-03-27T18:51:41.682+0000] {standard_task_runner.py:55} INFO - Started process 16204 to run task
[2023-03-27T18:51:41.691+0000] {standard_task_runner.py:82} INFO - Running: ['***', 'tasks', 'run', 'etl_uniprot_Q9Y261', 'write_sequences', 'scheduled__2023-03-26T00:00:00+00:00', '--job-id', '124', '--raw', '--subdir', 'DAGS_FOLDER/uniprot_Q9Y261/main copy.py', '--cfg-path', '/tmp/tmpe8to41i9']
[2023-03-27T18:51:41.692+0000] {standard_task_runner.py:83} INFO - Job 124: Subtask write_sequences
[2023-03-27T18:51:41.800+0000] {task_command.py:388} INFO - Running <TaskInstance: etl_uniprot_Q9Y261.write_sequences scheduled__2023-03-26T00:00:00+00:00 [running]> on host 5da03bdb1b9e
[2023-03-27T18:51:41.948+0000] {taskinstance.py:1511} INFO - Exporting the following env vars:
AIRFLOW_CTX_DAG_OWNER=***
AIRFLOW_CTX_DAG_ID=etl_uniprot_Q9Y261
AIRFLOW_CTX_TASK_ID=write_sequences
AIRFLOW_CTX_EXECUTION_DATE=2023-03-26T00:00:00+00:00
AIRFLOW_CTX_TRY_NUMBER=1
AIRFLOW_CTX_DAG_RUN_ID=scheduled__2023-03-26T00:00:00+00:00
[2023-03-27T18:51:42.005+0000] {python.py:177} INFO - Done. Returned value was: None
[2023-03-27T18:51:42.028+0000] {taskinstance.py:1326} INFO - Marking task as SUCCESS. dag_id=etl_uniprot_Q9Y261, task_id=write_sequences, execution_date=20230326T000000, start_date=20230327T185141, end_date=20230327T185142
[2023-03-27T18:51:42.062+0000] {local_task_job.py:212} INFO - Task exited with return code 0
[2023-03-27T18:51:42.086+0000] {taskinstance.py:2585} INFO - 0 downstream tasks scheduled from follow-on schedule check
[2023-03-27T20:59:31.271+0000] {taskinstance.py:1084} INFO - Dependencies all met for dep_context=non-requeueable deps ti=<TaskInstance: etl_uniprot_Q9Y261.write_sequences scheduled__2023-03-26T00:00:00+00:00 [queued]>
[2023-03-27T20:59:31.298+0000] {taskinstance.py:1084} INFO - Dependencies all met for dep_context=requeueable deps ti=<TaskInstance: etl_uniprot_Q9Y261.write_sequences scheduled__2023-03-26T00:00:00+00:00 [queued]>
[2023-03-27T20:59:31.299+0000] {taskinstance.py:1282} INFO - 
--------------------------------------------------------------------------------
[2023-03-27T20:59:31.300+0000] {taskinstance.py:1283} INFO - Starting attempt 1 of 1
[2023-03-27T20:59:31.301+0000] {taskinstance.py:1284} INFO - 
--------------------------------------------------------------------------------
[2023-03-27T20:59:31.349+0000] {taskinstance.py:1303} INFO - Executing <Task(_PythonDecoratedOperator): write_sequences> on 2023-03-26 00:00:00+00:00
[2023-03-27T20:59:31.357+0000] {standard_task_runner.py:55} INFO - Started process 824 to run task
[2023-03-27T20:59:31.363+0000] {standard_task_runner.py:82} INFO - Running: ['***', 'tasks', 'run', 'etl_uniprot_Q9Y261', 'write_sequences', 'scheduled__2023-03-26T00:00:00+00:00', '--job-id', '39', '--raw', '--subdir', 'DAGS_FOLDER/uniprot_Q9Y261/main.py', '--cfg-path', '/tmp/tmp0oc5qgy9']
[2023-03-27T20:59:31.365+0000] {standard_task_runner.py:83} INFO - Job 39: Subtask write_sequences
[2023-03-27T20:59:31.480+0000] {task_command.py:388} INFO - Running <TaskInstance: etl_uniprot_Q9Y261.write_sequences scheduled__2023-03-26T00:00:00+00:00 [running]> on host 1cde6c6ea984
[2023-03-27T20:59:31.638+0000] {taskinstance.py:1511} INFO - Exporting the following env vars:
AIRFLOW_CTX_DAG_OWNER=***
AIRFLOW_CTX_DAG_ID=etl_uniprot_Q9Y261
AIRFLOW_CTX_TASK_ID=write_sequences
AIRFLOW_CTX_EXECUTION_DATE=2023-03-26T00:00:00+00:00
AIRFLOW_CTX_TRY_NUMBER=1
AIRFLOW_CTX_DAG_RUN_ID=scheduled__2023-03-26T00:00:00+00:00
[2023-03-27T20:59:31.707+0000] {python.py:177} INFO - Done. Returned value was: None
[2023-03-27T20:59:31.735+0000] {taskinstance.py:1326} INFO - Marking task as SUCCESS. dag_id=etl_uniprot_Q9Y261, task_id=write_sequences, execution_date=20230326T000000, start_date=20230327T205931, end_date=20230327T205931
[2023-03-27T20:59:31.779+0000] {local_task_job.py:212} INFO - Task exited with return code 0
[2023-03-27T20:59:31.818+0000] {taskinstance.py:2585} INFO - 0 downstream tasks scheduled from follow-on schedule check
[2023-03-27T21:35:39.628+0000] {taskinstance.py:1084} INFO - Dependencies all met for dep_context=non-requeueable deps ti=<TaskInstance: etl_uniprot_Q9Y261.write_sequences scheduled__2023-03-26T00:00:00+00:00 [queued]>
[2023-03-27T21:35:39.656+0000] {taskinstance.py:1084} INFO - Dependencies all met for dep_context=requeueable deps ti=<TaskInstance: etl_uniprot_Q9Y261.write_sequences scheduled__2023-03-26T00:00:00+00:00 [queued]>
[2023-03-27T21:35:39.657+0000] {taskinstance.py:1282} INFO - 
--------------------------------------------------------------------------------
[2023-03-27T21:35:39.658+0000] {taskinstance.py:1283} INFO - Starting attempt 1 of 1
[2023-03-27T21:35:39.659+0000] {taskinstance.py:1284} INFO - 
--------------------------------------------------------------------------------
[2023-03-27T21:35:39.696+0000] {taskinstance.py:1303} INFO - Executing <Task(_PythonDecoratedOperator): write_sequences> on 2023-03-26 00:00:00+00:00
[2023-03-27T21:35:39.704+0000] {standard_task_runner.py:55} INFO - Started process 2523 to run task
[2023-03-27T21:35:39.710+0000] {standard_task_runner.py:82} INFO - Running: ['***', 'tasks', 'run', 'etl_uniprot_Q9Y261', 'write_sequences', 'scheduled__2023-03-26T00:00:00+00:00', '--job-id', '66', '--raw', '--subdir', 'DAGS_FOLDER/uniprot_Q9Y261/main.py', '--cfg-path', '/tmp/tmp2znkgs3t']
[2023-03-27T21:35:39.712+0000] {standard_task_runner.py:83} INFO - Job 66: Subtask write_sequences
[2023-03-27T21:35:39.883+0000] {task_command.py:388} INFO - Running <TaskInstance: etl_uniprot_Q9Y261.write_sequences scheduled__2023-03-26T00:00:00+00:00 [running]> on host 1cde6c6ea984
[2023-03-27T21:35:40.112+0000] {taskinstance.py:1511} INFO - Exporting the following env vars:
AIRFLOW_CTX_DAG_OWNER=***
AIRFLOW_CTX_DAG_ID=etl_uniprot_Q9Y261
AIRFLOW_CTX_TASK_ID=write_sequences
AIRFLOW_CTX_EXECUTION_DATE=2023-03-26T00:00:00+00:00
AIRFLOW_CTX_TRY_NUMBER=1
AIRFLOW_CTX_DAG_RUN_ID=scheduled__2023-03-26T00:00:00+00:00
[2023-03-27T21:35:40.163+0000] {python.py:177} INFO - Done. Returned value was: None
[2023-03-27T21:35:40.190+0000] {taskinstance.py:1326} INFO - Marking task as SUCCESS. dag_id=etl_uniprot_Q9Y261, task_id=write_sequences, execution_date=20230326T000000, start_date=20230327T213539, end_date=20230327T213540
[2023-03-27T21:35:40.247+0000] {local_task_job.py:212} INFO - Task exited with return code 0
[2023-03-27T21:35:40.361+0000] {taskinstance.py:2585} INFO - 0 downstream tasks scheduled from follow-on schedule check
