[2023-03-28T22:27:04.748+0000] {taskinstance.py:1084} INFO - Dependencies all met for dep_context=non-requeueable deps ti=<TaskInstance: etl_uniprot_Q9Y261.write_sequences manual__2023-03-28T22:26:58.406570+00:00 [queued]>
[2023-03-28T22:27:04.773+0000] {taskinstance.py:1084} INFO - Dependencies all met for dep_context=requeueable deps ti=<TaskInstance: etl_uniprot_Q9Y261.write_sequences manual__2023-03-28T22:26:58.406570+00:00 [queued]>
[2023-03-28T22:27:04.776+0000] {taskinstance.py:1282} INFO - 
--------------------------------------------------------------------------------
[2023-03-28T22:27:04.778+0000] {taskinstance.py:1283} INFO - Starting attempt 1 of 1
[2023-03-28T22:27:04.779+0000] {taskinstance.py:1284} INFO - 
--------------------------------------------------------------------------------
[2023-03-28T22:27:04.813+0000] {taskinstance.py:1303} INFO - Executing <Task(_PythonDecoratedOperator): write_sequences> on 2023-03-28 22:26:58.406570+00:00
[2023-03-28T22:27:04.821+0000] {standard_task_runner.py:55} INFO - Started process 586 to run task
[2023-03-28T22:27:04.831+0000] {standard_task_runner.py:82} INFO - Running: ['***', 'tasks', 'run', 'etl_uniprot_Q9Y261', 'write_sequences', 'manual__2023-03-28T22:26:58.406570+00:00', '--job-id', '56', '--raw', '--subdir', 'DAGS_FOLDER/uniprot_Q9Y261/main.py', '--cfg-path', '/tmp/tmpsx8vytek']
[2023-03-28T22:27:04.832+0000] {standard_task_runner.py:83} INFO - Job 56: Subtask write_sequences
[2023-03-28T22:27:05.024+0000] {task_command.py:388} INFO - Running <TaskInstance: etl_uniprot_Q9Y261.write_sequences manual__2023-03-28T22:26:58.406570+00:00 [running]> on host 147865a62ab8
[2023-03-28T22:27:05.301+0000] {taskinstance.py:1511} INFO - Exporting the following env vars:
AIRFLOW_CTX_DAG_OWNER=***
AIRFLOW_CTX_DAG_ID=etl_uniprot_Q9Y261
AIRFLOW_CTX_TASK_ID=write_sequences
AIRFLOW_CTX_EXECUTION_DATE=2023-03-28T22:26:58.406570+00:00
AIRFLOW_CTX_TRY_NUMBER=1
AIRFLOW_CTX_DAG_RUN_ID=manual__2023-03-28T22:26:58.406570+00:00
[2023-03-28T22:27:05.352+0000] {python.py:177} INFO - Done. Returned value was: None
[2023-03-28T22:27:05.398+0000] {taskinstance.py:1326} INFO - Marking task as SUCCESS. dag_id=etl_uniprot_Q9Y261, task_id=write_sequences, execution_date=20230328T222658, start_date=20230328T222704, end_date=20230328T222705
[2023-03-28T22:27:05.529+0000] {local_task_job.py:212} INFO - Task exited with return code 0
[2023-03-28T22:27:05.657+0000] {taskinstance.py:2585} INFO - 0 downstream tasks scheduled from follow-on schedule check
