[2023-03-28T22:27:08.572+0000] {taskinstance.py:1084} INFO - Dependencies all met for dep_context=non-requeueable deps ti=<TaskInstance: etl_uniprot_Q9Y261.write_authors_of_references manual__2023-03-28T22:26:58.406570+00:00 [queued]>
[2023-03-28T22:27:08.603+0000] {taskinstance.py:1084} INFO - Dependencies all met for dep_context=requeueable deps ti=<TaskInstance: etl_uniprot_Q9Y261.write_authors_of_references manual__2023-03-28T22:26:58.406570+00:00 [queued]>
[2023-03-28T22:27:08.604+0000] {taskinstance.py:1282} INFO - 
--------------------------------------------------------------------------------
[2023-03-28T22:27:08.606+0000] {taskinstance.py:1283} INFO - Starting attempt 1 of 1
[2023-03-28T22:27:08.607+0000] {taskinstance.py:1284} INFO - 
--------------------------------------------------------------------------------
[2023-03-28T22:27:08.646+0000] {taskinstance.py:1303} INFO - Executing <Task(_PythonDecoratedOperator): write_authors_of_references> on 2023-03-28 22:26:58.406570+00:00
[2023-03-28T22:27:08.658+0000] {standard_task_runner.py:55} INFO - Started process 600 to run task
[2023-03-28T22:27:08.665+0000] {standard_task_runner.py:82} INFO - Running: ['***', 'tasks', 'run', 'etl_uniprot_Q9Y261', 'write_authors_of_references', 'manual__2023-03-28T22:26:58.406570+00:00', '--job-id', '60', '--raw', '--subdir', 'DAGS_FOLDER/uniprot_Q9Y261/main.py', '--cfg-path', '/tmp/tmp90umbksn']
[2023-03-28T22:27:08.668+0000] {standard_task_runner.py:83} INFO - Job 60: Subtask write_authors_of_references
[2023-03-28T22:27:08.866+0000] {task_command.py:388} INFO - Running <TaskInstance: etl_uniprot_Q9Y261.write_authors_of_references manual__2023-03-28T22:26:58.406570+00:00 [running]> on host 147865a62ab8
[2023-03-28T22:27:09.087+0000] {taskinstance.py:1511} INFO - Exporting the following env vars:
AIRFLOW_CTX_DAG_OWNER=***
AIRFLOW_CTX_DAG_ID=etl_uniprot_Q9Y261
AIRFLOW_CTX_TASK_ID=write_authors_of_references
AIRFLOW_CTX_EXECUTION_DATE=2023-03-28T22:26:58.406570+00:00
AIRFLOW_CTX_TRY_NUMBER=1
AIRFLOW_CTX_DAG_RUN_ID=manual__2023-03-28T22:26:58.406570+00:00
[2023-03-28T22:27:09.121+0000] {python.py:177} INFO - Done. Returned value was: None
[2023-03-28T22:27:09.142+0000] {taskinstance.py:1326} INFO - Marking task as SUCCESS. dag_id=etl_uniprot_Q9Y261, task_id=write_authors_of_references, execution_date=20230328T222658, start_date=20230328T222708, end_date=20230328T222709
[2023-03-28T22:27:09.233+0000] {local_task_job.py:212} INFO - Task exited with return code 0
[2023-03-28T22:27:09.394+0000] {taskinstance.py:2585} INFO - 0 downstream tasks scheduled from follow-on schedule check
