[2023-03-28T22:02:36.878+0000] {taskinstance.py:1084} INFO - Dependencies all met for dep_context=non-requeueable deps ti=<TaskInstance: etl_uniprot_Q9Y261.write_genes manual__2023-03-28T22:02:30.016152+00:00 [queued]>
[2023-03-28T22:02:36.897+0000] {taskinstance.py:1084} INFO - Dependencies all met for dep_context=requeueable deps ti=<TaskInstance: etl_uniprot_Q9Y261.write_genes manual__2023-03-28T22:02:30.016152+00:00 [queued]>
[2023-03-28T22:02:36.898+0000] {taskinstance.py:1282} INFO - 
--------------------------------------------------------------------------------
[2023-03-28T22:02:36.900+0000] {taskinstance.py:1283} INFO - Starting attempt 1 of 1
[2023-03-28T22:02:36.901+0000] {taskinstance.py:1284} INFO - 
--------------------------------------------------------------------------------
[2023-03-28T22:02:36.932+0000] {taskinstance.py:1303} INFO - Executing <Task(_PythonDecoratedOperator): write_genes> on 2023-03-28 22:02:30.016152+00:00
[2023-03-28T22:02:36.941+0000] {standard_task_runner.py:55} INFO - Started process 20587 to run task
[2023-03-28T22:02:36.946+0000] {standard_task_runner.py:82} INFO - Running: ['***', 'tasks', 'run', 'etl_uniprot_Q9Y261', 'write_genes', 'manual__2023-03-28T22:02:30.016152+00:00', '--job-id', '171', '--raw', '--subdir', 'DAGS_FOLDER/uniprot_Q9Y261/main.py', '--cfg-path', '/tmp/tmpuuciqrta']
[2023-03-28T22:02:36.947+0000] {standard_task_runner.py:83} INFO - Job 171: Subtask write_genes
[2023-03-28T22:02:37.097+0000] {task_command.py:388} INFO - Running <TaskInstance: etl_uniprot_Q9Y261.write_genes manual__2023-03-28T22:02:30.016152+00:00 [running]> on host 8482e168b99d
[2023-03-28T22:02:37.267+0000] {taskinstance.py:1511} INFO - Exporting the following env vars:
AIRFLOW_CTX_DAG_OWNER=***
AIRFLOW_CTX_DAG_ID=etl_uniprot_Q9Y261
AIRFLOW_CTX_TASK_ID=write_genes
AIRFLOW_CTX_EXECUTION_DATE=2023-03-28T22:02:30.016152+00:00
AIRFLOW_CTX_TRY_NUMBER=1
AIRFLOW_CTX_DAG_RUN_ID=manual__2023-03-28T22:02:30.016152+00:00
[2023-03-28T22:02:37.294+0000] {python.py:177} INFO - Done. Returned value was: None
[2023-03-28T22:02:37.310+0000] {taskinstance.py:1326} INFO - Marking task as SUCCESS. dag_id=etl_uniprot_Q9Y261, task_id=write_genes, execution_date=20230328T220230, start_date=20230328T220236, end_date=20230328T220237
[2023-03-28T22:02:37.361+0000] {local_task_job.py:212} INFO - Task exited with return code 0
[2023-03-28T22:02:37.388+0000] {taskinstance.py:2585} INFO - 0 downstream tasks scheduled from follow-on schedule check
