[2023-03-29T00:00:11.065+0000] {taskinstance.py:1084} INFO - Dependencies all met for dep_context=non-requeueable deps ti=<TaskInstance: etl_uniprot_Q9Y261.write_authors_of_references scheduled__2023-03-28T00:00:00+00:00 [queued]>
[2023-03-29T00:00:11.085+0000] {taskinstance.py:1084} INFO - Dependencies all met for dep_context=requeueable deps ti=<TaskInstance: etl_uniprot_Q9Y261.write_authors_of_references scheduled__2023-03-28T00:00:00+00:00 [queued]>
[2023-03-29T00:00:11.086+0000] {taskinstance.py:1282} INFO - 
--------------------------------------------------------------------------------
[2023-03-29T00:00:11.088+0000] {taskinstance.py:1283} INFO - Starting attempt 1 of 1
[2023-03-29T00:00:11.089+0000] {taskinstance.py:1284} INFO - 
--------------------------------------------------------------------------------
[2023-03-29T00:00:11.119+0000] {taskinstance.py:1303} INFO - Executing <Task(_PythonDecoratedOperator): write_authors_of_references> on 2023-03-28 00:00:00+00:00
[2023-03-29T00:00:11.129+0000] {standard_task_runner.py:55} INFO - Started process 484 to run task
[2023-03-29T00:00:11.137+0000] {standard_task_runner.py:82} INFO - Running: ['***', 'tasks', 'run', 'etl_uniprot_Q9Y261', 'write_authors_of_references', 'scheduled__2023-03-28T00:00:00+00:00', '--job-id', '29', '--raw', '--subdir', 'DAGS_FOLDER/uniprot_Q9Y261/main.py', '--cfg-path', '/tmp/tmp5f89makp']
[2023-03-29T00:00:11.139+0000] {standard_task_runner.py:83} INFO - Job 29: Subtask write_authors_of_references
[2023-03-29T00:00:11.291+0000] {task_command.py:388} INFO - Running <TaskInstance: etl_uniprot_Q9Y261.write_authors_of_references scheduled__2023-03-28T00:00:00+00:00 [running]> on host f360a468cd4e
[2023-03-29T00:00:11.477+0000] {taskinstance.py:1511} INFO - Exporting the following env vars:
AIRFLOW_CTX_DAG_OWNER=***
AIRFLOW_CTX_DAG_ID=etl_uniprot_Q9Y261
AIRFLOW_CTX_TASK_ID=write_authors_of_references
AIRFLOW_CTX_EXECUTION_DATE=2023-03-28T00:00:00+00:00
AIRFLOW_CTX_TRY_NUMBER=1
AIRFLOW_CTX_DAG_RUN_ID=scheduled__2023-03-28T00:00:00+00:00
[2023-03-29T00:00:12.227+0000] {python.py:177} INFO - Done. Returned value was: None
[2023-03-29T00:00:12.248+0000] {taskinstance.py:1326} INFO - Marking task as SUCCESS. dag_id=etl_uniprot_Q9Y261, task_id=write_authors_of_references, execution_date=20230328T000000, start_date=20230329T000011, end_date=20230329T000012
[2023-03-29T00:00:12.317+0000] {local_task_job.py:212} INFO - Task exited with return code 0
[2023-03-29T00:00:12.348+0000] {taskinstance.py:2585} INFO - 0 downstream tasks scheduled from follow-on schedule check
