[2023-03-27T23:06:09.991+0000] {taskinstance.py:1084} INFO - Dependencies all met for dep_context=non-requeueable deps ti=<TaskInstance: etl_uniprot_Q9Y261.write_evidences manual__2023-03-27T23:06:02.681852+00:00 [queued]>
[2023-03-27T23:06:10.009+0000] {taskinstance.py:1084} INFO - Dependencies all met for dep_context=requeueable deps ti=<TaskInstance: etl_uniprot_Q9Y261.write_evidences manual__2023-03-27T23:06:02.681852+00:00 [queued]>
[2023-03-27T23:06:10.010+0000] {taskinstance.py:1282} INFO - 
--------------------------------------------------------------------------------
[2023-03-27T23:06:10.011+0000] {taskinstance.py:1283} INFO - Starting attempt 1 of 1
[2023-03-27T23:06:10.012+0000] {taskinstance.py:1284} INFO - 
--------------------------------------------------------------------------------
[2023-03-27T23:06:10.039+0000] {taskinstance.py:1303} INFO - Executing <Task(_PythonDecoratedOperator): write_evidences> on 2023-03-27 23:06:02.681852+00:00
[2023-03-27T23:06:10.047+0000] {standard_task_runner.py:55} INFO - Started process 520 to run task
[2023-03-27T23:06:10.054+0000] {standard_task_runner.py:82} INFO - Running: ['***', 'tasks', 'run', 'etl_uniprot_Q9Y261', 'write_evidences', 'manual__2023-03-27T23:06:02.681852+00:00', '--job-id', '9', '--raw', '--subdir', 'DAGS_FOLDER/uniprot_Q9Y261/main.py', '--cfg-path', '/tmp/tmpmbkz1d5f']
[2023-03-27T23:06:10.056+0000] {standard_task_runner.py:83} INFO - Job 9: Subtask write_evidences
[2023-03-27T23:06:10.173+0000] {task_command.py:388} INFO - Running <TaskInstance: etl_uniprot_Q9Y261.write_evidences manual__2023-03-27T23:06:02.681852+00:00 [running]> on host 6cb4855fbc69
[2023-03-27T23:06:10.325+0000] {taskinstance.py:1511} INFO - Exporting the following env vars:
AIRFLOW_CTX_DAG_OWNER=***
AIRFLOW_CTX_DAG_ID=etl_uniprot_Q9Y261
AIRFLOW_CTX_TASK_ID=write_evidences
AIRFLOW_CTX_EXECUTION_DATE=2023-03-27T23:06:02.681852+00:00
AIRFLOW_CTX_TRY_NUMBER=1
AIRFLOW_CTX_DAG_RUN_ID=manual__2023-03-27T23:06:02.681852+00:00
[2023-03-27T23:06:11.003+0000] {python.py:177} INFO - Done. Returned value was: None
[2023-03-27T23:06:11.018+0000] {taskinstance.py:1326} INFO - Marking task as SUCCESS. dag_id=etl_uniprot_Q9Y261, task_id=write_evidences, execution_date=20230327T230602, start_date=20230327T230609, end_date=20230327T230611
[2023-03-27T23:06:11.070+0000] {local_task_job.py:212} INFO - Task exited with return code 0
[2023-03-27T23:06:11.089+0000] {taskinstance.py:2585} INFO - 0 downstream tasks scheduled from follow-on schedule check
