[2023-03-28T23:48:58.780+0000] {taskinstance.py:1084} INFO - Dependencies all met for dep_context=non-requeueable deps ti=<TaskInstance: etl_uniprot_Q9Y261.write_sequences manual__2023-03-28T23:48:48.692894+00:00 [queued]>
[2023-03-28T23:48:58.858+0000] {taskinstance.py:1084} INFO - Dependencies all met for dep_context=requeueable deps ti=<TaskInstance: etl_uniprot_Q9Y261.write_sequences manual__2023-03-28T23:48:48.692894+00:00 [queued]>
[2023-03-28T23:48:58.859+0000] {taskinstance.py:1282} INFO - 
--------------------------------------------------------------------------------
[2023-03-28T23:48:58.861+0000] {taskinstance.py:1283} INFO - Starting attempt 1 of 1
[2023-03-28T23:48:58.866+0000] {taskinstance.py:1284} INFO - 
--------------------------------------------------------------------------------
[2023-03-28T23:48:58.925+0000] {taskinstance.py:1303} INFO - Executing <Task(_PythonDecoratedOperator): write_sequences> on 2023-03-28 23:48:48.692894+00:00
[2023-03-28T23:48:58.949+0000] {standard_task_runner.py:55} INFO - Started process 4932 to run task
[2023-03-28T23:48:58.973+0000] {standard_task_runner.py:82} INFO - Running: ['***', 'tasks', 'run', 'etl_uniprot_Q9Y261', 'write_sequences', 'manual__2023-03-28T23:48:48.692894+00:00', '--job-id', '307', '--raw', '--subdir', 'DAGS_FOLDER/uniprot_Q9Y261/main.py', '--cfg-path', '/tmp/tmpeqs5kp5d']
[2023-03-28T23:48:58.976+0000] {standard_task_runner.py:83} INFO - Job 307: Subtask write_sequences
[2023-03-28T23:48:59.491+0000] {task_command.py:388} INFO - Running <TaskInstance: etl_uniprot_Q9Y261.write_sequences manual__2023-03-28T23:48:48.692894+00:00 [running]> on host 147865a62ab8
[2023-03-28T23:49:00.042+0000] {taskinstance.py:1511} INFO - Exporting the following env vars:
AIRFLOW_CTX_DAG_OWNER=***
AIRFLOW_CTX_DAG_ID=etl_uniprot_Q9Y261
AIRFLOW_CTX_TASK_ID=write_sequences
AIRFLOW_CTX_EXECUTION_DATE=2023-03-28T23:48:48.692894+00:00
AIRFLOW_CTX_TRY_NUMBER=1
AIRFLOW_CTX_DAG_RUN_ID=manual__2023-03-28T23:48:48.692894+00:00
[2023-03-28T23:49:00.146+0000] {python.py:177} INFO - Done. Returned value was: None
[2023-03-28T23:49:00.257+0000] {taskinstance.py:1326} INFO - Marking task as SUCCESS. dag_id=etl_uniprot_Q9Y261, task_id=write_sequences, execution_date=20230328T234848, start_date=20230328T234858, end_date=20230328T234900
[2023-03-28T23:49:00.356+0000] {local_task_job.py:212} INFO - Task exited with return code 0
[2023-03-28T23:49:00.456+0000] {taskinstance.py:2585} INFO - 0 downstream tasks scheduled from follow-on schedule check
