[2023-03-29T00:00:07.659+0000] {taskinstance.py:1084} INFO - Dependencies all met for dep_context=non-requeueable deps ti=<TaskInstance: etl_uniprot_Q9Y261.write_genes scheduled__2023-03-28T00:00:00+00:00 [queued]>
[2023-03-29T00:00:07.692+0000] {taskinstance.py:1084} INFO - Dependencies all met for dep_context=requeueable deps ti=<TaskInstance: etl_uniprot_Q9Y261.write_genes scheduled__2023-03-28T00:00:00+00:00 [queued]>
[2023-03-29T00:00:07.694+0000] {taskinstance.py:1282} INFO - 
--------------------------------------------------------------------------------
[2023-03-29T00:00:07.695+0000] {taskinstance.py:1283} INFO - Starting attempt 1 of 1
[2023-03-29T00:00:07.697+0000] {taskinstance.py:1284} INFO - 
--------------------------------------------------------------------------------
[2023-03-29T00:00:07.738+0000] {taskinstance.py:1303} INFO - Executing <Task(_PythonDecoratedOperator): write_genes> on 2023-03-28 00:00:00+00:00
[2023-03-29T00:00:07.747+0000] {standard_task_runner.py:55} INFO - Started process 453 to run task
[2023-03-29T00:00:07.756+0000] {standard_task_runner.py:82} INFO - Running: ['***', 'tasks', 'run', 'etl_uniprot_Q9Y261', 'write_genes', 'scheduled__2023-03-28T00:00:00+00:00', '--job-id', '21', '--raw', '--subdir', 'DAGS_FOLDER/uniprot_Q9Y261/main.py', '--cfg-path', '/tmp/tmp0v9dj5o_']
[2023-03-29T00:00:07.759+0000] {standard_task_runner.py:83} INFO - Job 21: Subtask write_genes
[2023-03-29T00:00:07.953+0000] {task_command.py:388} INFO - Running <TaskInstance: etl_uniprot_Q9Y261.write_genes scheduled__2023-03-28T00:00:00+00:00 [running]> on host f360a468cd4e
[2023-03-29T00:00:08.201+0000] {taskinstance.py:1511} INFO - Exporting the following env vars:
AIRFLOW_CTX_DAG_OWNER=***
AIRFLOW_CTX_DAG_ID=etl_uniprot_Q9Y261
AIRFLOW_CTX_TASK_ID=write_genes
AIRFLOW_CTX_EXECUTION_DATE=2023-03-28T00:00:00+00:00
AIRFLOW_CTX_TRY_NUMBER=1
AIRFLOW_CTX_DAG_RUN_ID=scheduled__2023-03-28T00:00:00+00:00
[2023-03-29T00:00:08.311+0000] {python.py:177} INFO - Done. Returned value was: None
[2023-03-29T00:00:08.342+0000] {taskinstance.py:1326} INFO - Marking task as SUCCESS. dag_id=etl_uniprot_Q9Y261, task_id=write_genes, execution_date=20230328T000000, start_date=20230329T000007, end_date=20230329T000008
[2023-03-29T00:00:08.409+0000] {local_task_job.py:212} INFO - Task exited with return code 0
[2023-03-29T00:00:08.505+0000] {taskinstance.py:2585} INFO - 0 downstream tasks scheduled from follow-on schedule check
