[2023-03-27T12:56:25.907+0000] {taskinstance.py:1084} INFO - Dependencies all met for dep_context=non-requeueable deps ti=<TaskInstance: etl_uniprot_Q9Y261.write_accession scheduled__2023-03-26T00:00:00+00:00 [queued]>
[2023-03-27T12:56:25.920+0000] {taskinstance.py:1084} INFO - Dependencies all met for dep_context=requeueable deps ti=<TaskInstance: etl_uniprot_Q9Y261.write_accession scheduled__2023-03-26T00:00:00+00:00 [queued]>
[2023-03-27T12:56:25.921+0000] {taskinstance.py:1282} INFO - 
--------------------------------------------------------------------------------
[2023-03-27T12:56:25.922+0000] {taskinstance.py:1283} INFO - Starting attempt 1 of 1
[2023-03-27T12:56:25.923+0000] {taskinstance.py:1284} INFO - 
--------------------------------------------------------------------------------
[2023-03-27T12:56:25.937+0000] {taskinstance.py:1303} INFO - Executing <Task(_PythonDecoratedOperator): write_accession> on 2023-03-26 00:00:00+00:00
[2023-03-27T12:56:25.942+0000] {standard_task_runner.py:55} INFO - Started process 164 to run task
[2023-03-27T12:56:25.945+0000] {standard_task_runner.py:82} INFO - Running: ['***', 'tasks', 'run', 'etl_uniprot_Q9Y261', 'write_accession', 'scheduled__2023-03-26T00:00:00+00:00', '--job-id', '4', '--raw', '--subdir', 'DAGS_FOLDER/uniprot_Q9Y261/main.py', '--cfg-path', '/tmp/tmpazi8hshb']
[2023-03-27T12:56:25.947+0000] {standard_task_runner.py:83} INFO - Job 4: Subtask write_accession
[2023-03-27T12:56:26.018+0000] {task_command.py:388} INFO - Running <TaskInstance: etl_uniprot_Q9Y261.write_accession scheduled__2023-03-26T00:00:00+00:00 [running]> on host 5da03bdb1b9e
[2023-03-27T12:56:26.113+0000] {taskinstance.py:1511} INFO - Exporting the following env vars:
AIRFLOW_CTX_DAG_OWNER=***
AIRFLOW_CTX_DAG_ID=etl_uniprot_Q9Y261
AIRFLOW_CTX_TASK_ID=write_accession
AIRFLOW_CTX_EXECUTION_DATE=2023-03-26T00:00:00+00:00
AIRFLOW_CTX_TRY_NUMBER=1
AIRFLOW_CTX_DAG_RUN_ID=scheduled__2023-03-26T00:00:00+00:00
[2023-03-27T12:56:26.584+0000] {python.py:177} INFO - Done. Returned value was: Q9Y261
[2023-03-27T12:56:26.648+0000] {taskinstance.py:1326} INFO - Marking task as SUCCESS. dag_id=etl_uniprot_Q9Y261, task_id=write_accession, execution_date=20230326T000000, start_date=20230327T125625, end_date=20230327T125626
[2023-03-27T12:56:26.763+0000] {local_task_job.py:212} INFO - Task exited with return code 0
[2023-03-27T12:56:26.809+0000] {taskinstance.py:2585} INFO - 7 downstream tasks scheduled from follow-on schedule check
[2023-03-27T13:04:02.244+0000] {taskinstance.py:1084} INFO - Dependencies all met for dep_context=non-requeueable deps ti=<TaskInstance: etl_uniprot_Q9Y261.write_accession scheduled__2023-03-26T00:00:00+00:00 [queued]>
[2023-03-27T13:04:02.256+0000] {taskinstance.py:1084} INFO - Dependencies all met for dep_context=requeueable deps ti=<TaskInstance: etl_uniprot_Q9Y261.write_accession scheduled__2023-03-26T00:00:00+00:00 [queued]>
[2023-03-27T13:04:02.257+0000] {taskinstance.py:1282} INFO - 
--------------------------------------------------------------------------------
[2023-03-27T13:04:02.258+0000] {taskinstance.py:1283} INFO - Starting attempt 1 of 1
[2023-03-27T13:04:02.259+0000] {taskinstance.py:1284} INFO - 
--------------------------------------------------------------------------------
[2023-03-27T13:04:02.275+0000] {taskinstance.py:1303} INFO - Executing <Task(_PythonDecoratedOperator): write_accession> on 2023-03-26 00:00:00+00:00
[2023-03-27T13:04:02.280+0000] {standard_task_runner.py:55} INFO - Started process 735 to run task
[2023-03-27T13:04:02.283+0000] {standard_task_runner.py:82} INFO - Running: ['***', 'tasks', 'run', 'etl_uniprot_Q9Y261', 'write_accession', 'scheduled__2023-03-26T00:00:00+00:00', '--job-id', '82', '--raw', '--subdir', 'DAGS_FOLDER/uniprot_Q9Y261/main.py', '--cfg-path', '/tmp/tmppa6453bx']
[2023-03-27T13:04:02.285+0000] {standard_task_runner.py:83} INFO - Job 82: Subtask write_accession
[2023-03-27T13:04:02.362+0000] {task_command.py:388} INFO - Running <TaskInstance: etl_uniprot_Q9Y261.write_accession scheduled__2023-03-26T00:00:00+00:00 [running]> on host 5da03bdb1b9e
[2023-03-27T13:04:02.469+0000] {taskinstance.py:1511} INFO - Exporting the following env vars:
AIRFLOW_CTX_DAG_OWNER=***
AIRFLOW_CTX_DAG_ID=etl_uniprot_Q9Y261
AIRFLOW_CTX_TASK_ID=write_accession
AIRFLOW_CTX_EXECUTION_DATE=2023-03-26T00:00:00+00:00
AIRFLOW_CTX_TRY_NUMBER=1
AIRFLOW_CTX_DAG_RUN_ID=scheduled__2023-03-26T00:00:00+00:00
[2023-03-27T13:04:02.486+0000] {python.py:177} INFO - Done. Returned value was: Q9Y261
[2023-03-27T13:04:02.515+0000] {taskinstance.py:1326} INFO - Marking task as SUCCESS. dag_id=etl_uniprot_Q9Y261, task_id=write_accession, execution_date=20230326T000000, start_date=20230327T130402, end_date=20230327T130402
[2023-03-27T13:04:02.577+0000] {local_task_job.py:212} INFO - Task exited with return code 0
[2023-03-27T13:04:02.613+0000] {taskinstance.py:2585} INFO - 7 downstream tasks scheduled from follow-on schedule check
[2023-03-27T13:09:12.910+0000] {taskinstance.py:1084} INFO - Dependencies all met for dep_context=non-requeueable deps ti=<TaskInstance: etl_uniprot_Q9Y261.write_accession scheduled__2023-03-26T00:00:00+00:00 [queued]>
[2023-03-27T13:09:12.922+0000] {taskinstance.py:1084} INFO - Dependencies all met for dep_context=requeueable deps ti=<TaskInstance: etl_uniprot_Q9Y261.write_accession scheduled__2023-03-26T00:00:00+00:00 [queued]>
[2023-03-27T13:09:12.923+0000] {taskinstance.py:1282} INFO - 
--------------------------------------------------------------------------------
[2023-03-27T13:09:12.923+0000] {taskinstance.py:1283} INFO - Starting attempt 1 of 1
[2023-03-27T13:09:12.924+0000] {taskinstance.py:1284} INFO - 
--------------------------------------------------------------------------------
[2023-03-27T13:09:12.939+0000] {taskinstance.py:1303} INFO - Executing <Task(_PythonDecoratedOperator): write_accession> on 2023-03-26 00:00:00+00:00
[2023-03-27T13:09:12.944+0000] {standard_task_runner.py:55} INFO - Started process 1030 to run task
[2023-03-27T13:09:12.947+0000] {standard_task_runner.py:82} INFO - Running: ['***', 'tasks', 'run', 'etl_uniprot_Q9Y261', 'write_accession', 'scheduled__2023-03-26T00:00:00+00:00', '--job-id', '108', '--raw', '--subdir', 'DAGS_FOLDER/uniprot_Q9Y261/main.py', '--cfg-path', '/tmp/tmp5nsmogdi']
[2023-03-27T13:09:12.948+0000] {standard_task_runner.py:83} INFO - Job 108: Subtask write_accession
[2023-03-27T13:09:13.022+0000] {task_command.py:388} INFO - Running <TaskInstance: etl_uniprot_Q9Y261.write_accession scheduled__2023-03-26T00:00:00+00:00 [running]> on host 5da03bdb1b9e
[2023-03-27T13:09:13.116+0000] {taskinstance.py:1511} INFO - Exporting the following env vars:
AIRFLOW_CTX_DAG_OWNER=***
AIRFLOW_CTX_DAG_ID=etl_uniprot_Q9Y261
AIRFLOW_CTX_TASK_ID=write_accession
AIRFLOW_CTX_EXECUTION_DATE=2023-03-26T00:00:00+00:00
AIRFLOW_CTX_TRY_NUMBER=1
AIRFLOW_CTX_DAG_RUN_ID=scheduled__2023-03-26T00:00:00+00:00
[2023-03-27T13:09:13.136+0000] {python.py:177} INFO - Done. Returned value was: Q9Y261
[2023-03-27T13:09:13.166+0000] {taskinstance.py:1326} INFO - Marking task as SUCCESS. dag_id=etl_uniprot_Q9Y261, task_id=write_accession, execution_date=20230326T000000, start_date=20230327T130912, end_date=20230327T130913
[2023-03-27T13:09:13.201+0000] {local_task_job.py:212} INFO - Task exited with return code 0
[2023-03-27T13:09:13.238+0000] {taskinstance.py:2585} INFO - 7 downstream tasks scheduled from follow-on schedule check
[2023-03-27T18:51:39.006+0000] {taskinstance.py:1084} INFO - Dependencies all met for dep_context=non-requeueable deps ti=<TaskInstance: etl_uniprot_Q9Y261.write_accession scheduled__2023-03-26T00:00:00+00:00 [queued]>
[2023-03-27T18:51:39.018+0000] {taskinstance.py:1084} INFO - Dependencies all met for dep_context=requeueable deps ti=<TaskInstance: etl_uniprot_Q9Y261.write_accession scheduled__2023-03-26T00:00:00+00:00 [queued]>
[2023-03-27T18:51:39.019+0000] {taskinstance.py:1282} INFO - 
--------------------------------------------------------------------------------
[2023-03-27T18:51:39.019+0000] {taskinstance.py:1283} INFO - Starting attempt 1 of 1
[2023-03-27T18:51:39.019+0000] {taskinstance.py:1284} INFO - 
--------------------------------------------------------------------------------
[2023-03-27T18:51:39.035+0000] {taskinstance.py:1303} INFO - Executing <Task(_PythonDecoratedOperator): write_accession> on 2023-03-26 00:00:00+00:00
[2023-03-27T18:51:39.041+0000] {standard_task_runner.py:55} INFO - Started process 16187 to run task
[2023-03-27T18:51:39.045+0000] {standard_task_runner.py:82} INFO - Running: ['***', 'tasks', 'run', 'etl_uniprot_Q9Y261', 'write_accession', 'scheduled__2023-03-26T00:00:00+00:00', '--job-id', '121', '--raw', '--subdir', 'DAGS_FOLDER/uniprot_Q9Y261/main copy.py', '--cfg-path', '/tmp/tmpduv50x7b']
[2023-03-27T18:51:39.046+0000] {standard_task_runner.py:83} INFO - Job 121: Subtask write_accession
[2023-03-27T18:51:39.123+0000] {task_command.py:388} INFO - Running <TaskInstance: etl_uniprot_Q9Y261.write_accession scheduled__2023-03-26T00:00:00+00:00 [running]> on host 5da03bdb1b9e
[2023-03-27T18:51:39.216+0000] {taskinstance.py:1511} INFO - Exporting the following env vars:
AIRFLOW_CTX_DAG_OWNER=***
AIRFLOW_CTX_DAG_ID=etl_uniprot_Q9Y261
AIRFLOW_CTX_TASK_ID=write_accession
AIRFLOW_CTX_EXECUTION_DATE=2023-03-26T00:00:00+00:00
AIRFLOW_CTX_TRY_NUMBER=1
AIRFLOW_CTX_DAG_RUN_ID=scheduled__2023-03-26T00:00:00+00:00
[2023-03-27T18:51:39.241+0000] {python.py:177} INFO - Done. Returned value was: Q9Y261
[2023-03-27T18:51:39.268+0000] {taskinstance.py:1326} INFO - Marking task as SUCCESS. dag_id=etl_uniprot_Q9Y261, task_id=write_accession, execution_date=20230326T000000, start_date=20230327T185139, end_date=20230327T185139
[2023-03-27T18:51:39.298+0000] {local_task_job.py:212} INFO - Task exited with return code 0
[2023-03-27T18:51:39.351+0000] {taskinstance.py:2585} INFO - 7 downstream tasks scheduled from follow-on schedule check
[2023-03-27T20:59:27.927+0000] {taskinstance.py:1084} INFO - Dependencies all met for dep_context=non-requeueable deps ti=<TaskInstance: etl_uniprot_Q9Y261.write_accession scheduled__2023-03-26T00:00:00+00:00 [queued]>
[2023-03-27T20:59:27.940+0000] {taskinstance.py:1084} INFO - Dependencies all met for dep_context=requeueable deps ti=<TaskInstance: etl_uniprot_Q9Y261.write_accession scheduled__2023-03-26T00:00:00+00:00 [queued]>
[2023-03-27T20:59:27.941+0000] {taskinstance.py:1282} INFO - 
--------------------------------------------------------------------------------
[2023-03-27T20:59:27.943+0000] {taskinstance.py:1283} INFO - Starting attempt 1 of 1
[2023-03-27T20:59:27.943+0000] {taskinstance.py:1284} INFO - 
--------------------------------------------------------------------------------
[2023-03-27T20:59:27.962+0000] {taskinstance.py:1303} INFO - Executing <Task(_PythonDecoratedOperator): write_accession> on 2023-03-26 00:00:00+00:00
[2023-03-27T20:59:27.968+0000] {standard_task_runner.py:55} INFO - Started process 804 to run task
[2023-03-27T20:59:27.972+0000] {standard_task_runner.py:82} INFO - Running: ['***', 'tasks', 'run', 'etl_uniprot_Q9Y261', 'write_accession', 'scheduled__2023-03-26T00:00:00+00:00', '--job-id', '33', '--raw', '--subdir', 'DAGS_FOLDER/uniprot_Q9Y261/main.py', '--cfg-path', '/tmp/tmpzv7_xum4']
[2023-03-27T20:59:27.973+0000] {standard_task_runner.py:83} INFO - Job 33: Subtask write_accession
[2023-03-27T20:59:28.060+0000] {task_command.py:388} INFO - Running <TaskInstance: etl_uniprot_Q9Y261.write_accession scheduled__2023-03-26T00:00:00+00:00 [running]> on host 1cde6c6ea984
[2023-03-27T20:59:28.159+0000] {taskinstance.py:1511} INFO - Exporting the following env vars:
AIRFLOW_CTX_DAG_OWNER=***
AIRFLOW_CTX_DAG_ID=etl_uniprot_Q9Y261
AIRFLOW_CTX_TASK_ID=write_accession
AIRFLOW_CTX_EXECUTION_DATE=2023-03-26T00:00:00+00:00
AIRFLOW_CTX_TRY_NUMBER=1
AIRFLOW_CTX_DAG_RUN_ID=scheduled__2023-03-26T00:00:00+00:00
[2023-03-27T20:59:28.186+0000] {python.py:177} INFO - Done. Returned value was: Q9Y261
[2023-03-27T20:59:28.219+0000] {taskinstance.py:1326} INFO - Marking task as SUCCESS. dag_id=etl_uniprot_Q9Y261, task_id=write_accession, execution_date=20230326T000000, start_date=20230327T205927, end_date=20230327T205928
[2023-03-27T20:59:28.266+0000] {local_task_job.py:212} INFO - Task exited with return code 0
[2023-03-27T20:59:28.309+0000] {taskinstance.py:2585} INFO - 7 downstream tasks scheduled from follow-on schedule check
[2023-03-27T21:35:36.772+0000] {taskinstance.py:1084} INFO - Dependencies all met for dep_context=non-requeueable deps ti=<TaskInstance: etl_uniprot_Q9Y261.write_accession scheduled__2023-03-26T00:00:00+00:00 [queued]>
[2023-03-27T21:35:36.784+0000] {taskinstance.py:1084} INFO - Dependencies all met for dep_context=requeueable deps ti=<TaskInstance: etl_uniprot_Q9Y261.write_accession scheduled__2023-03-26T00:00:00+00:00 [queued]>
[2023-03-27T21:35:36.785+0000] {taskinstance.py:1282} INFO - 
--------------------------------------------------------------------------------
[2023-03-27T21:35:36.786+0000] {taskinstance.py:1283} INFO - Starting attempt 1 of 1
[2023-03-27T21:35:36.786+0000] {taskinstance.py:1284} INFO - 
--------------------------------------------------------------------------------
[2023-03-27T21:35:36.801+0000] {taskinstance.py:1303} INFO - Executing <Task(_PythonDecoratedOperator): write_accession> on 2023-03-26 00:00:00+00:00
[2023-03-27T21:35:36.807+0000] {standard_task_runner.py:55} INFO - Started process 2490 to run task
[2023-03-27T21:35:36.810+0000] {standard_task_runner.py:82} INFO - Running: ['***', 'tasks', 'run', 'etl_uniprot_Q9Y261', 'write_accession', 'scheduled__2023-03-26T00:00:00+00:00', '--job-id', '64', '--raw', '--subdir', 'DAGS_FOLDER/uniprot_Q9Y261/main.py', '--cfg-path', '/tmp/tmpr1_bc1r8']
[2023-03-27T21:35:36.811+0000] {standard_task_runner.py:83} INFO - Job 64: Subtask write_accession
[2023-03-27T21:35:36.887+0000] {task_command.py:388} INFO - Running <TaskInstance: etl_uniprot_Q9Y261.write_accession scheduled__2023-03-26T00:00:00+00:00 [running]> on host 1cde6c6ea984
[2023-03-27T21:35:36.980+0000] {taskinstance.py:1511} INFO - Exporting the following env vars:
AIRFLOW_CTX_DAG_OWNER=***
AIRFLOW_CTX_DAG_ID=etl_uniprot_Q9Y261
AIRFLOW_CTX_TASK_ID=write_accession
AIRFLOW_CTX_EXECUTION_DATE=2023-03-26T00:00:00+00:00
AIRFLOW_CTX_TRY_NUMBER=1
AIRFLOW_CTX_DAG_RUN_ID=scheduled__2023-03-26T00:00:00+00:00
[2023-03-27T21:35:36.997+0000] {python.py:177} INFO - Done. Returned value was: Q9Y261
[2023-03-27T21:35:37.024+0000] {taskinstance.py:1326} INFO - Marking task as SUCCESS. dag_id=etl_uniprot_Q9Y261, task_id=write_accession, execution_date=20230326T000000, start_date=20230327T213536, end_date=20230327T213537
[2023-03-27T21:35:37.064+0000] {local_task_job.py:212} INFO - Task exited with return code 0
[2023-03-27T21:35:37.101+0000] {taskinstance.py:2585} INFO - 7 downstream tasks scheduled from follow-on schedule check
