[2023-03-28T22:20:01.343+0000] {taskinstance.py:1084} INFO - Dependencies all met for dep_context=non-requeueable deps ti=<TaskInstance: etl_uniprot_Q9Y261.write_evidences scheduled__2023-03-27T00:00:00+00:00 [queued]>
[2023-03-28T22:20:01.373+0000] {taskinstance.py:1084} INFO - Dependencies all met for dep_context=requeueable deps ti=<TaskInstance: etl_uniprot_Q9Y261.write_evidences scheduled__2023-03-27T00:00:00+00:00 [queued]>
[2023-03-28T22:20:01.375+0000] {taskinstance.py:1282} INFO - 
--------------------------------------------------------------------------------
[2023-03-28T22:20:01.376+0000] {taskinstance.py:1283} INFO - Starting attempt 1 of 1
[2023-03-28T22:20:01.378+0000] {taskinstance.py:1284} INFO - 
--------------------------------------------------------------------------------
[2023-03-28T22:20:01.420+0000] {taskinstance.py:1303} INFO - Executing <Task(_PythonDecoratedOperator): write_evidences> on 2023-03-27 00:00:00+00:00
[2023-03-28T22:20:01.431+0000] {standard_task_runner.py:55} INFO - Started process 136 to run task
[2023-03-28T22:20:01.437+0000] {standard_task_runner.py:82} INFO - Running: ['***', 'tasks', 'run', 'etl_uniprot_Q9Y261', 'write_evidences', 'scheduled__2023-03-27T00:00:00+00:00', '--job-id', '6', '--raw', '--subdir', 'DAGS_FOLDER/uniprot_Q9Y261/main.py', '--cfg-path', '/tmp/tmp_wh9aa38']
[2023-03-28T22:20:01.439+0000] {standard_task_runner.py:83} INFO - Job 6: Subtask write_evidences
[2023-03-28T22:20:01.632+0000] {task_command.py:388} INFO - Running <TaskInstance: etl_uniprot_Q9Y261.write_evidences scheduled__2023-03-27T00:00:00+00:00 [running]> on host 147865a62ab8
[2023-03-28T22:20:01.880+0000] {taskinstance.py:1511} INFO - Exporting the following env vars:
AIRFLOW_CTX_DAG_OWNER=***
AIRFLOW_CTX_DAG_ID=etl_uniprot_Q9Y261
AIRFLOW_CTX_TASK_ID=write_evidences
AIRFLOW_CTX_EXECUTION_DATE=2023-03-27T00:00:00+00:00
AIRFLOW_CTX_TRY_NUMBER=1
AIRFLOW_CTX_DAG_RUN_ID=scheduled__2023-03-27T00:00:00+00:00
[2023-03-28T22:20:02.563+0000] {python.py:177} INFO - Done. Returned value was: None
[2023-03-28T22:20:02.588+0000] {taskinstance.py:1326} INFO - Marking task as SUCCESS. dag_id=etl_uniprot_Q9Y261, task_id=write_evidences, execution_date=20230327T000000, start_date=20230328T222001, end_date=20230328T222002
[2023-03-28T22:20:02.661+0000] {local_task_job.py:212} INFO - Task exited with return code 0
[2023-03-28T22:20:02.692+0000] {taskinstance.py:2585} INFO - 0 downstream tasks scheduled from follow-on schedule check
[2023-03-28T22:23:19.809+0000] {taskinstance.py:1084} INFO - Dependencies all met for dep_context=non-requeueable deps ti=<TaskInstance: etl_uniprot_Q9Y261.write_evidences scheduled__2023-03-27T00:00:00+00:00 [queued]>
[2023-03-28T22:23:19.839+0000] {taskinstance.py:1084} INFO - Dependencies all met for dep_context=requeueable deps ti=<TaskInstance: etl_uniprot_Q9Y261.write_evidences scheduled__2023-03-27T00:00:00+00:00 [queued]>
[2023-03-28T22:23:19.840+0000] {taskinstance.py:1282} INFO - 
--------------------------------------------------------------------------------
[2023-03-28T22:23:19.841+0000] {taskinstance.py:1283} INFO - Starting attempt 1 of 1
[2023-03-28T22:23:19.843+0000] {taskinstance.py:1284} INFO - 
--------------------------------------------------------------------------------
[2023-03-28T22:23:19.910+0000] {taskinstance.py:1303} INFO - Executing <Task(_PythonDecoratedOperator): write_evidences> on 2023-03-27 00:00:00+00:00
[2023-03-28T22:23:19.920+0000] {standard_task_runner.py:55} INFO - Started process 328 to run task
[2023-03-28T22:23:19.929+0000] {standard_task_runner.py:82} INFO - Running: ['***', 'tasks', 'run', 'etl_uniprot_Q9Y261', 'write_evidences', 'scheduled__2023-03-27T00:00:00+00:00', '--job-id', '25', '--raw', '--subdir', 'DAGS_FOLDER/uniprot_Q9Y261/main.py', '--cfg-path', '/tmp/tmprphh8wpz']
[2023-03-28T22:23:19.931+0000] {standard_task_runner.py:83} INFO - Job 25: Subtask write_evidences
[2023-03-28T22:23:20.120+0000] {task_command.py:388} INFO - Running <TaskInstance: etl_uniprot_Q9Y261.write_evidences scheduled__2023-03-27T00:00:00+00:00 [running]> on host 147865a62ab8
[2023-03-28T22:23:20.398+0000] {taskinstance.py:1511} INFO - Exporting the following env vars:
AIRFLOW_CTX_DAG_OWNER=***
AIRFLOW_CTX_DAG_ID=etl_uniprot_Q9Y261
AIRFLOW_CTX_TASK_ID=write_evidences
AIRFLOW_CTX_EXECUTION_DATE=2023-03-27T00:00:00+00:00
AIRFLOW_CTX_TRY_NUMBER=1
AIRFLOW_CTX_DAG_RUN_ID=scheduled__2023-03-27T00:00:00+00:00
[2023-03-28T22:23:20.648+0000] {python.py:177} INFO - Done. Returned value was: None
[2023-03-28T22:23:20.681+0000] {taskinstance.py:1326} INFO - Marking task as SUCCESS. dag_id=etl_uniprot_Q9Y261, task_id=write_evidences, execution_date=20230327T000000, start_date=20230328T222319, end_date=20230328T222320
[2023-03-28T22:23:20.753+0000] {local_task_job.py:212} INFO - Task exited with return code 0
[2023-03-28T22:23:20.804+0000] {taskinstance.py:2585} INFO - 0 downstream tasks scheduled from follow-on schedule check
[2023-03-28T22:36:14.080+0000] {taskinstance.py:1084} INFO - Dependencies all met for dep_context=non-requeueable deps ti=<TaskInstance: etl_uniprot_Q9Y261.write_evidences scheduled__2023-03-27T00:00:00+00:00 [queued]>
[2023-03-28T22:36:14.108+0000] {taskinstance.py:1084} INFO - Dependencies all met for dep_context=requeueable deps ti=<TaskInstance: etl_uniprot_Q9Y261.write_evidences scheduled__2023-03-27T00:00:00+00:00 [queued]>
[2023-03-28T22:36:14.109+0000] {taskinstance.py:1282} INFO - 
--------------------------------------------------------------------------------
[2023-03-28T22:36:14.111+0000] {taskinstance.py:1283} INFO - Starting attempt 1 of 1
[2023-03-28T22:36:14.112+0000] {taskinstance.py:1284} INFO - 
--------------------------------------------------------------------------------
[2023-03-28T22:36:14.167+0000] {taskinstance.py:1303} INFO - Executing <Task(_PythonDecoratedOperator): write_evidences> on 2023-03-27 00:00:00+00:00
[2023-03-28T22:36:14.178+0000] {standard_task_runner.py:55} INFO - Started process 1135 to run task
[2023-03-28T22:36:14.185+0000] {standard_task_runner.py:82} INFO - Running: ['***', 'tasks', 'run', 'etl_uniprot_Q9Y261', 'write_evidences', 'scheduled__2023-03-27T00:00:00+00:00', '--job-id', '101', '--raw', '--subdir', 'DAGS_FOLDER/uniprot_Q9Y261/main.py', '--cfg-path', '/tmp/tmpk_7c2b3t']
[2023-03-28T22:36:14.187+0000] {standard_task_runner.py:83} INFO - Job 101: Subtask write_evidences
[2023-03-28T22:36:14.389+0000] {task_command.py:388} INFO - Running <TaskInstance: etl_uniprot_Q9Y261.write_evidences scheduled__2023-03-27T00:00:00+00:00 [running]> on host 147865a62ab8
[2023-03-28T22:36:14.639+0000] {taskinstance.py:1511} INFO - Exporting the following env vars:
AIRFLOW_CTX_DAG_OWNER=***
AIRFLOW_CTX_DAG_ID=etl_uniprot_Q9Y261
AIRFLOW_CTX_TASK_ID=write_evidences
AIRFLOW_CTX_EXECUTION_DATE=2023-03-27T00:00:00+00:00
AIRFLOW_CTX_TRY_NUMBER=1
AIRFLOW_CTX_DAG_RUN_ID=scheduled__2023-03-27T00:00:00+00:00
[2023-03-28T22:36:14.772+0000] {python.py:177} INFO - Done. Returned value was: None
[2023-03-28T22:36:14.804+0000] {taskinstance.py:1326} INFO - Marking task as SUCCESS. dag_id=etl_uniprot_Q9Y261, task_id=write_evidences, execution_date=20230327T000000, start_date=20230328T223614, end_date=20230328T223614
[2023-03-28T22:36:14.882+0000] {local_task_job.py:212} INFO - Task exited with return code 0
[2023-03-28T22:36:14.984+0000] {taskinstance.py:2585} INFO - 0 downstream tasks scheduled from follow-on schedule check
[2023-03-28T22:39:28.205+0000] {taskinstance.py:1084} INFO - Dependencies all met for dep_context=non-requeueable deps ti=<TaskInstance: etl_uniprot_Q9Y261.write_evidences scheduled__2023-03-27T00:00:00+00:00 [queued]>
[2023-03-28T22:39:28.225+0000] {taskinstance.py:1084} INFO - Dependencies all met for dep_context=requeueable deps ti=<TaskInstance: etl_uniprot_Q9Y261.write_evidences scheduled__2023-03-27T00:00:00+00:00 [queued]>
[2023-03-28T22:39:28.226+0000] {taskinstance.py:1282} INFO - 
--------------------------------------------------------------------------------
[2023-03-28T22:39:28.227+0000] {taskinstance.py:1283} INFO - Starting attempt 1 of 1
[2023-03-28T22:39:28.228+0000] {taskinstance.py:1284} INFO - 
--------------------------------------------------------------------------------
[2023-03-28T22:39:28.258+0000] {taskinstance.py:1303} INFO - Executing <Task(_PythonDecoratedOperator): write_evidences> on 2023-03-27 00:00:00+00:00
[2023-03-28T22:39:28.266+0000] {standard_task_runner.py:55} INFO - Started process 1330 to run task
[2023-03-28T22:39:28.276+0000] {standard_task_runner.py:82} INFO - Running: ['***', 'tasks', 'run', 'etl_uniprot_Q9Y261', 'write_evidences', 'scheduled__2023-03-27T00:00:00+00:00', '--job-id', '119', '--raw', '--subdir', 'DAGS_FOLDER/uniprot_Q9Y261/main.py', '--cfg-path', '/tmp/tmpkp1cq91r']
[2023-03-28T22:39:28.278+0000] {standard_task_runner.py:83} INFO - Job 119: Subtask write_evidences
[2023-03-28T22:39:28.459+0000] {task_command.py:388} INFO - Running <TaskInstance: etl_uniprot_Q9Y261.write_evidences scheduled__2023-03-27T00:00:00+00:00 [running]> on host 147865a62ab8
[2023-03-28T22:39:28.646+0000] {taskinstance.py:1511} INFO - Exporting the following env vars:
AIRFLOW_CTX_DAG_OWNER=***
AIRFLOW_CTX_DAG_ID=etl_uniprot_Q9Y261
AIRFLOW_CTX_TASK_ID=write_evidences
AIRFLOW_CTX_EXECUTION_DATE=2023-03-27T00:00:00+00:00
AIRFLOW_CTX_TRY_NUMBER=1
AIRFLOW_CTX_DAG_RUN_ID=scheduled__2023-03-27T00:00:00+00:00
[2023-03-28T22:39:28.680+0000] {python.py:177} INFO - Done. Returned value was: None
[2023-03-28T22:39:28.709+0000] {taskinstance.py:1326} INFO - Marking task as SUCCESS. dag_id=etl_uniprot_Q9Y261, task_id=write_evidences, execution_date=20230327T000000, start_date=20230328T223928, end_date=20230328T223928
[2023-03-28T22:39:28.768+0000] {local_task_job.py:212} INFO - Task exited with return code 0
[2023-03-28T22:39:28.823+0000] {taskinstance.py:2585} INFO - 0 downstream tasks scheduled from follow-on schedule check
[2023-03-28T22:42:13.834+0000] {taskinstance.py:1084} INFO - Dependencies all met for dep_context=non-requeueable deps ti=<TaskInstance: etl_uniprot_Q9Y261.write_evidences scheduled__2023-03-27T00:00:00+00:00 [queued]>
[2023-03-28T22:42:13.863+0000] {taskinstance.py:1084} INFO - Dependencies all met for dep_context=requeueable deps ti=<TaskInstance: etl_uniprot_Q9Y261.write_evidences scheduled__2023-03-27T00:00:00+00:00 [queued]>
[2023-03-28T22:42:13.865+0000] {taskinstance.py:1282} INFO - 
--------------------------------------------------------------------------------
[2023-03-28T22:42:13.866+0000] {taskinstance.py:1283} INFO - Starting attempt 1 of 1
[2023-03-28T22:42:13.868+0000] {taskinstance.py:1284} INFO - 
--------------------------------------------------------------------------------
[2023-03-28T22:42:13.903+0000] {taskinstance.py:1303} INFO - Executing <Task(_PythonDecoratedOperator): write_evidences> on 2023-03-27 00:00:00+00:00
[2023-03-28T22:42:13.912+0000] {standard_task_runner.py:55} INFO - Started process 1542 to run task
[2023-03-28T22:42:13.923+0000] {standard_task_runner.py:82} INFO - Running: ['***', 'tasks', 'run', 'etl_uniprot_Q9Y261', 'write_evidences', 'scheduled__2023-03-27T00:00:00+00:00', '--job-id', '147', '--raw', '--subdir', 'DAGS_FOLDER/uniprot_Q9Y261/main.py', '--cfg-path', '/tmp/tmpf0l64t46']
[2023-03-28T22:42:13.924+0000] {standard_task_runner.py:83} INFO - Job 147: Subtask write_evidences
[2023-03-28T22:42:14.165+0000] {task_command.py:388} INFO - Running <TaskInstance: etl_uniprot_Q9Y261.write_evidences scheduled__2023-03-27T00:00:00+00:00 [running]> on host 147865a62ab8
[2023-03-28T22:42:14.457+0000] {taskinstance.py:1511} INFO - Exporting the following env vars:
AIRFLOW_CTX_DAG_OWNER=***
AIRFLOW_CTX_DAG_ID=etl_uniprot_Q9Y261
AIRFLOW_CTX_TASK_ID=write_evidences
AIRFLOW_CTX_EXECUTION_DATE=2023-03-27T00:00:00+00:00
AIRFLOW_CTX_TRY_NUMBER=1
AIRFLOW_CTX_DAG_RUN_ID=scheduled__2023-03-27T00:00:00+00:00
[2023-03-28T22:42:14.583+0000] {python.py:177} INFO - Done. Returned value was: None
[2023-03-28T22:42:14.625+0000] {taskinstance.py:1326} INFO - Marking task as SUCCESS. dag_id=etl_uniprot_Q9Y261, task_id=write_evidences, execution_date=20230327T000000, start_date=20230328T224213, end_date=20230328T224214
[2023-03-28T22:42:14.709+0000] {local_task_job.py:212} INFO - Task exited with return code 0
[2023-03-28T22:42:14.783+0000] {taskinstance.py:2585} INFO - 0 downstream tasks scheduled from follow-on schedule check
[2023-03-28T22:46:43.964+0000] {taskinstance.py:1084} INFO - Dependencies all met for dep_context=non-requeueable deps ti=<TaskInstance: etl_uniprot_Q9Y261.write_evidences scheduled__2023-03-27T00:00:00+00:00 [queued]>
[2023-03-28T22:46:44.021+0000] {taskinstance.py:1084} INFO - Dependencies all met for dep_context=requeueable deps ti=<TaskInstance: etl_uniprot_Q9Y261.write_evidences scheduled__2023-03-27T00:00:00+00:00 [queued]>
[2023-03-28T22:46:44.023+0000] {taskinstance.py:1282} INFO - 
--------------------------------------------------------------------------------
[2023-03-28T22:46:44.027+0000] {taskinstance.py:1283} INFO - Starting attempt 1 of 1
[2023-03-28T22:46:44.035+0000] {taskinstance.py:1284} INFO - 
--------------------------------------------------------------------------------
[2023-03-28T22:46:44.107+0000] {taskinstance.py:1303} INFO - Executing <Task(_PythonDecoratedOperator): write_evidences> on 2023-03-27 00:00:00+00:00
[2023-03-28T22:46:44.136+0000] {standard_task_runner.py:55} INFO - Started process 1788 to run task
[2023-03-28T22:46:44.142+0000] {standard_task_runner.py:82} INFO - Running: ['***', 'tasks', 'run', 'etl_uniprot_Q9Y261', 'write_evidences', 'scheduled__2023-03-27T00:00:00+00:00', '--job-id', '166', '--raw', '--subdir', 'DAGS_FOLDER/uniprot_Q9Y261/main.py', '--cfg-path', '/tmp/tmp6riaav_c']
[2023-03-28T22:46:44.144+0000] {standard_task_runner.py:83} INFO - Job 166: Subtask write_evidences
[2023-03-28T22:46:44.343+0000] {task_command.py:388} INFO - Running <TaskInstance: etl_uniprot_Q9Y261.write_evidences scheduled__2023-03-27T00:00:00+00:00 [running]> on host 147865a62ab8
[2023-03-28T22:46:44.607+0000] {taskinstance.py:1511} INFO - Exporting the following env vars:
AIRFLOW_CTX_DAG_OWNER=***
AIRFLOW_CTX_DAG_ID=etl_uniprot_Q9Y261
AIRFLOW_CTX_TASK_ID=write_evidences
AIRFLOW_CTX_EXECUTION_DATE=2023-03-27T00:00:00+00:00
AIRFLOW_CTX_TRY_NUMBER=1
AIRFLOW_CTX_DAG_RUN_ID=scheduled__2023-03-27T00:00:00+00:00
[2023-03-28T22:46:44.705+0000] {python.py:177} INFO - Done. Returned value was: None
[2023-03-28T22:46:44.739+0000] {taskinstance.py:1326} INFO - Marking task as SUCCESS. dag_id=etl_uniprot_Q9Y261, task_id=write_evidences, execution_date=20230327T000000, start_date=20230328T224643, end_date=20230328T224644
[2023-03-28T22:46:44.903+0000] {local_task_job.py:212} INFO - Task exited with return code 0
[2023-03-28T22:46:45.006+0000] {taskinstance.py:2585} INFO - 0 downstream tasks scheduled from follow-on schedule check
[2023-03-28T23:13:06.509+0000] {taskinstance.py:1084} INFO - Dependencies all met for dep_context=non-requeueable deps ti=<TaskInstance: etl_uniprot_Q9Y261.write_evidences scheduled__2023-03-27T00:00:00+00:00 [queued]>
[2023-03-28T23:13:06.532+0000] {taskinstance.py:1084} INFO - Dependencies all met for dep_context=requeueable deps ti=<TaskInstance: etl_uniprot_Q9Y261.write_evidences scheduled__2023-03-27T00:00:00+00:00 [queued]>
[2023-03-28T23:13:06.533+0000] {taskinstance.py:1282} INFO - 
--------------------------------------------------------------------------------
[2023-03-28T23:13:06.534+0000] {taskinstance.py:1283} INFO - Starting attempt 1 of 1
[2023-03-28T23:13:06.535+0000] {taskinstance.py:1284} INFO - 
--------------------------------------------------------------------------------
[2023-03-28T23:13:06.573+0000] {taskinstance.py:1303} INFO - Executing <Task(_PythonDecoratedOperator): write_evidences> on 2023-03-27 00:00:00+00:00
[2023-03-28T23:13:06.585+0000] {standard_task_runner.py:55} INFO - Started process 3125 to run task
[2023-03-28T23:13:06.595+0000] {standard_task_runner.py:82} INFO - Running: ['***', 'tasks', 'run', 'etl_uniprot_Q9Y261', 'write_evidences', 'scheduled__2023-03-27T00:00:00+00:00', '--job-id', '226', '--raw', '--subdir', 'DAGS_FOLDER/uniprot_Q9Y261/main.py', '--cfg-path', '/tmp/tmplwjuaxq4']
[2023-03-28T23:13:06.597+0000] {standard_task_runner.py:83} INFO - Job 226: Subtask write_evidences
[2023-03-28T23:13:06.773+0000] {task_command.py:388} INFO - Running <TaskInstance: etl_uniprot_Q9Y261.write_evidences scheduled__2023-03-27T00:00:00+00:00 [running]> on host 147865a62ab8
[2023-03-28T23:13:06.998+0000] {taskinstance.py:1511} INFO - Exporting the following env vars:
AIRFLOW_CTX_DAG_OWNER=***
AIRFLOW_CTX_DAG_ID=etl_uniprot_Q9Y261
AIRFLOW_CTX_TASK_ID=write_evidences
AIRFLOW_CTX_EXECUTION_DATE=2023-03-27T00:00:00+00:00
AIRFLOW_CTX_TRY_NUMBER=1
AIRFLOW_CTX_DAG_RUN_ID=scheduled__2023-03-27T00:00:00+00:00
[2023-03-28T23:13:07.034+0000] {python.py:177} INFO - Done. Returned value was: None
[2023-03-28T23:13:07.064+0000] {taskinstance.py:1326} INFO - Marking task as SUCCESS. dag_id=etl_uniprot_Q9Y261, task_id=write_evidences, execution_date=20230327T000000, start_date=20230328T231306, end_date=20230328T231307
[2023-03-28T23:13:07.132+0000] {local_task_job.py:212} INFO - Task exited with return code 0
[2023-03-28T23:13:07.197+0000] {taskinstance.py:2585} INFO - 0 downstream tasks scheduled from follow-on schedule check
[2023-03-28T23:31:44.754+0000] {taskinstance.py:1084} INFO - Dependencies all met for dep_context=non-requeueable deps ti=<TaskInstance: etl_uniprot_Q9Y261.write_evidences scheduled__2023-03-27T00:00:00+00:00 [queued]>
[2023-03-28T23:31:44.784+0000] {taskinstance.py:1084} INFO - Dependencies all met for dep_context=requeueable deps ti=<TaskInstance: etl_uniprot_Q9Y261.write_evidences scheduled__2023-03-27T00:00:00+00:00 [queued]>
[2023-03-28T23:31:44.786+0000] {taskinstance.py:1282} INFO - 
--------------------------------------------------------------------------------
[2023-03-28T23:31:44.787+0000] {taskinstance.py:1283} INFO - Starting attempt 1 of 1
[2023-03-28T23:31:44.788+0000] {taskinstance.py:1284} INFO - 
--------------------------------------------------------------------------------
[2023-03-28T23:31:44.827+0000] {taskinstance.py:1303} INFO - Executing <Task(_PythonDecoratedOperator): write_evidences> on 2023-03-27 00:00:00+00:00
[2023-03-28T23:31:44.839+0000] {standard_task_runner.py:55} INFO - Started process 4053 to run task
[2023-03-28T23:31:44.847+0000] {standard_task_runner.py:82} INFO - Running: ['***', 'tasks', 'run', 'etl_uniprot_Q9Y261', 'write_evidences', 'scheduled__2023-03-27T00:00:00+00:00', '--job-id', '273', '--raw', '--subdir', 'DAGS_FOLDER/uniprot_Q9Y261/main.py', '--cfg-path', '/tmp/tmpianjplg_']
[2023-03-28T23:31:44.849+0000] {standard_task_runner.py:83} INFO - Job 273: Subtask write_evidences
[2023-03-28T23:31:45.027+0000] {task_command.py:388} INFO - Running <TaskInstance: etl_uniprot_Q9Y261.write_evidences scheduled__2023-03-27T00:00:00+00:00 [running]> on host 147865a62ab8
[2023-03-28T23:31:45.308+0000] {taskinstance.py:1511} INFO - Exporting the following env vars:
AIRFLOW_CTX_DAG_OWNER=***
AIRFLOW_CTX_DAG_ID=etl_uniprot_Q9Y261
AIRFLOW_CTX_TASK_ID=write_evidences
AIRFLOW_CTX_EXECUTION_DATE=2023-03-27T00:00:00+00:00
AIRFLOW_CTX_TRY_NUMBER=1
AIRFLOW_CTX_DAG_RUN_ID=scheduled__2023-03-27T00:00:00+00:00
[2023-03-28T23:31:45.360+0000] {python.py:177} INFO - Done. Returned value was: None
[2023-03-28T23:31:45.389+0000] {taskinstance.py:1326} INFO - Marking task as SUCCESS. dag_id=etl_uniprot_Q9Y261, task_id=write_evidences, execution_date=20230327T000000, start_date=20230328T233144, end_date=20230328T233145
[2023-03-28T23:31:45.509+0000] {local_task_job.py:212} INFO - Task exited with return code 0
[2023-03-28T23:31:45.693+0000] {taskinstance.py:2585} INFO - 0 downstream tasks scheduled from follow-on schedule check
[2023-03-28T23:35:19.718+0000] {taskinstance.py:1084} INFO - Dependencies all met for dep_context=non-requeueable deps ti=<TaskInstance: etl_uniprot_Q9Y261.write_evidences scheduled__2023-03-27T00:00:00+00:00 [queued]>
[2023-03-28T23:35:19.748+0000] {taskinstance.py:1084} INFO - Dependencies all met for dep_context=requeueable deps ti=<TaskInstance: etl_uniprot_Q9Y261.write_evidences scheduled__2023-03-27T00:00:00+00:00 [queued]>
[2023-03-28T23:35:19.750+0000] {taskinstance.py:1282} INFO - 
--------------------------------------------------------------------------------
[2023-03-28T23:35:19.751+0000] {taskinstance.py:1283} INFO - Starting attempt 1 of 1
[2023-03-28T23:35:19.752+0000] {taskinstance.py:1284} INFO - 
--------------------------------------------------------------------------------
[2023-03-28T23:35:19.788+0000] {taskinstance.py:1303} INFO - Executing <Task(_PythonDecoratedOperator): write_evidences> on 2023-03-27 00:00:00+00:00
[2023-03-28T23:35:19.799+0000] {standard_task_runner.py:55} INFO - Started process 4264 to run task
[2023-03-28T23:35:19.805+0000] {standard_task_runner.py:82} INFO - Running: ['***', 'tasks', 'run', 'etl_uniprot_Q9Y261', 'write_evidences', 'scheduled__2023-03-27T00:00:00+00:00', '--job-id', '288', '--raw', '--subdir', 'DAGS_FOLDER/uniprot_Q9Y261/main.py', '--cfg-path', '/tmp/tmp7pqrm75z']
[2023-03-28T23:35:19.807+0000] {standard_task_runner.py:83} INFO - Job 288: Subtask write_evidences
[2023-03-28T23:35:19.985+0000] {task_command.py:388} INFO - Running <TaskInstance: etl_uniprot_Q9Y261.write_evidences scheduled__2023-03-27T00:00:00+00:00 [running]> on host 147865a62ab8
[2023-03-28T23:35:20.301+0000] {taskinstance.py:1511} INFO - Exporting the following env vars:
AIRFLOW_CTX_DAG_OWNER=***
AIRFLOW_CTX_DAG_ID=etl_uniprot_Q9Y261
AIRFLOW_CTX_TASK_ID=write_evidences
AIRFLOW_CTX_EXECUTION_DATE=2023-03-27T00:00:00+00:00
AIRFLOW_CTX_TRY_NUMBER=1
AIRFLOW_CTX_DAG_RUN_ID=scheduled__2023-03-27T00:00:00+00:00
[2023-03-28T23:35:20.361+0000] {python.py:177} INFO - Done. Returned value was: None
[2023-03-28T23:35:20.397+0000] {taskinstance.py:1326} INFO - Marking task as SUCCESS. dag_id=etl_uniprot_Q9Y261, task_id=write_evidences, execution_date=20230327T000000, start_date=20230328T233519, end_date=20230328T233520
[2023-03-28T23:35:20.469+0000] {local_task_job.py:212} INFO - Task exited with return code 0
[2023-03-28T23:35:20.557+0000] {taskinstance.py:2585} INFO - 0 downstream tasks scheduled from follow-on schedule check
[2023-03-28T23:48:58.116+0000] {taskinstance.py:1084} INFO - Dependencies all met for dep_context=non-requeueable deps ti=<TaskInstance: etl_uniprot_Q9Y261.write_evidences scheduled__2023-03-27T00:00:00+00:00 [queued]>
[2023-03-28T23:48:58.173+0000] {taskinstance.py:1084} INFO - Dependencies all met for dep_context=requeueable deps ti=<TaskInstance: etl_uniprot_Q9Y261.write_evidences scheduled__2023-03-27T00:00:00+00:00 [queued]>
[2023-03-28T23:48:58.174+0000] {taskinstance.py:1282} INFO - 
--------------------------------------------------------------------------------
[2023-03-28T23:48:58.178+0000] {taskinstance.py:1283} INFO - Starting attempt 1 of 1
[2023-03-28T23:48:58.189+0000] {taskinstance.py:1284} INFO - 
--------------------------------------------------------------------------------
[2023-03-28T23:48:58.258+0000] {taskinstance.py:1303} INFO - Executing <Task(_PythonDecoratedOperator): write_evidences> on 2023-03-27 00:00:00+00:00
[2023-03-28T23:48:58.340+0000] {standard_task_runner.py:55} INFO - Started process 4927 to run task
[2023-03-28T23:48:58.360+0000] {standard_task_runner.py:82} INFO - Running: ['***', 'tasks', 'run', 'etl_uniprot_Q9Y261', 'write_evidences', 'scheduled__2023-03-27T00:00:00+00:00', '--job-id', '302', '--raw', '--subdir', 'DAGS_FOLDER/uniprot_Q9Y261/main.py', '--cfg-path', '/tmp/tmpnbhgut2a']
[2023-03-28T23:48:58.372+0000] {standard_task_runner.py:83} INFO - Job 302: Subtask write_evidences
[2023-03-28T23:48:58.788+0000] {task_command.py:388} INFO - Running <TaskInstance: etl_uniprot_Q9Y261.write_evidences scheduled__2023-03-27T00:00:00+00:00 [running]> on host 147865a62ab8
[2023-03-28T23:48:59.339+0000] {taskinstance.py:1511} INFO - Exporting the following env vars:
AIRFLOW_CTX_DAG_OWNER=***
AIRFLOW_CTX_DAG_ID=etl_uniprot_Q9Y261
AIRFLOW_CTX_TASK_ID=write_evidences
AIRFLOW_CTX_EXECUTION_DATE=2023-03-27T00:00:00+00:00
AIRFLOW_CTX_TRY_NUMBER=1
AIRFLOW_CTX_DAG_RUN_ID=scheduled__2023-03-27T00:00:00+00:00
[2023-03-28T23:48:59.528+0000] {python.py:177} INFO - Done. Returned value was: None
[2023-03-28T23:48:59.611+0000] {taskinstance.py:1326} INFO - Marking task as SUCCESS. dag_id=etl_uniprot_Q9Y261, task_id=write_evidences, execution_date=20230327T000000, start_date=20230328T234858, end_date=20230328T234859
[2023-03-28T23:48:59.670+0000] {local_task_job.py:212} INFO - Task exited with return code 0
[2023-03-28T23:48:59.841+0000] {taskinstance.py:2585} INFO - 0 downstream tasks scheduled from follow-on schedule check
[2023-03-28T23:59:46.050+0000] {taskinstance.py:1084} INFO - Dependencies all met for dep_context=non-requeueable deps ti=<TaskInstance: etl_uniprot_Q9Y261.write_evidences scheduled__2023-03-27T00:00:00+00:00 [queued]>
[2023-03-28T23:59:46.072+0000] {taskinstance.py:1084} INFO - Dependencies all met for dep_context=requeueable deps ti=<TaskInstance: etl_uniprot_Q9Y261.write_evidences scheduled__2023-03-27T00:00:00+00:00 [queued]>
[2023-03-28T23:59:46.073+0000] {taskinstance.py:1282} INFO - 
--------------------------------------------------------------------------------
[2023-03-28T23:59:46.073+0000] {taskinstance.py:1283} INFO - Starting attempt 1 of 1
[2023-03-28T23:59:46.074+0000] {taskinstance.py:1284} INFO - 
--------------------------------------------------------------------------------
[2023-03-28T23:59:46.101+0000] {taskinstance.py:1303} INFO - Executing <Task(_PythonDecoratedOperator): write_evidences> on 2023-03-27 00:00:00+00:00
[2023-03-28T23:59:46.109+0000] {standard_task_runner.py:55} INFO - Started process 407 to run task
[2023-03-28T23:59:46.118+0000] {standard_task_runner.py:82} INFO - Running: ['***', 'tasks', 'run', 'etl_uniprot_Q9Y261', 'write_evidences', 'scheduled__2023-03-27T00:00:00+00:00', '--job-id', '12', '--raw', '--subdir', 'DAGS_FOLDER/uniprot_Q9Y261/main.py', '--cfg-path', '/tmp/tmp9u_42qy1']
[2023-03-28T23:59:46.120+0000] {standard_task_runner.py:83} INFO - Job 12: Subtask write_evidences
[2023-03-28T23:59:46.240+0000] {task_command.py:388} INFO - Running <TaskInstance: etl_uniprot_Q9Y261.write_evidences scheduled__2023-03-27T00:00:00+00:00 [running]> on host f360a468cd4e
[2023-03-28T23:59:46.392+0000] {taskinstance.py:1511} INFO - Exporting the following env vars:
AIRFLOW_CTX_DAG_OWNER=***
AIRFLOW_CTX_DAG_ID=etl_uniprot_Q9Y261
AIRFLOW_CTX_TASK_ID=write_evidences
AIRFLOW_CTX_EXECUTION_DATE=2023-03-27T00:00:00+00:00
AIRFLOW_CTX_TRY_NUMBER=1
AIRFLOW_CTX_DAG_RUN_ID=scheduled__2023-03-27T00:00:00+00:00
[2023-03-28T23:59:47.407+0000] {python.py:177} INFO - Done. Returned value was: None
[2023-03-28T23:59:47.433+0000] {taskinstance.py:1326} INFO - Marking task as SUCCESS. dag_id=etl_uniprot_Q9Y261, task_id=write_evidences, execution_date=20230327T000000, start_date=20230328T235946, end_date=20230328T235947
[2023-03-28T23:59:47.497+0000] {local_task_job.py:212} INFO - Task exited with return code 0
[2023-03-28T23:59:47.558+0000] {taskinstance.py:2585} INFO - 0 downstream tasks scheduled from follow-on schedule check
