[2023-03-27T13:02:35.092+0000] {taskinstance.py:1084} INFO - Dependencies all met for dep_context=non-requeueable deps ti=<TaskInstance: etl_uniprot_Q9Y261.get_organisms manual__2023-03-27T13:02:08.821918+00:00 [queued]>
[2023-03-27T13:02:35.134+0000] {taskinstance.py:1084} INFO - Dependencies all met for dep_context=requeueable deps ti=<TaskInstance: etl_uniprot_Q9Y261.get_organisms manual__2023-03-27T13:02:08.821918+00:00 [queued]>
[2023-03-27T13:02:35.136+0000] {taskinstance.py:1282} INFO - 
--------------------------------------------------------------------------------
[2023-03-27T13:02:35.138+0000] {taskinstance.py:1283} INFO - Starting attempt 1 of 1
[2023-03-27T13:02:35.140+0000] {taskinstance.py:1284} INFO - 
--------------------------------------------------------------------------------
[2023-03-27T13:02:35.184+0000] {taskinstance.py:1303} INFO - Executing <Task(_PythonDecoratedOperator): get_organisms> on 2023-03-27 13:02:08.821918+00:00
[2023-03-27T13:02:35.198+0000] {standard_task_runner.py:55} INFO - Started process 639 to run task
[2023-03-27T13:02:35.205+0000] {standard_task_runner.py:82} INFO - Running: ['***', 'tasks', 'run', 'etl_uniprot_Q9Y261', 'get_organisms', 'manual__2023-03-27T13:02:08.821918+00:00', '--job-id', '71', '--raw', '--subdir', 'DAGS_FOLDER/uniprot_Q9Y261/main.py', '--cfg-path', '/tmp/tmpon63yl4b']
[2023-03-27T13:02:35.208+0000] {standard_task_runner.py:83} INFO - Job 71: Subtask get_organisms
[2023-03-27T13:02:35.499+0000] {task_command.py:388} INFO - Running <TaskInstance: etl_uniprot_Q9Y261.get_organisms manual__2023-03-27T13:02:08.821918+00:00 [running]> on host 5da03bdb1b9e
[2023-03-27T13:02:35.859+0000] {taskinstance.py:1511} INFO - Exporting the following env vars:
AIRFLOW_CTX_DAG_OWNER=***
AIRFLOW_CTX_DAG_ID=etl_uniprot_Q9Y261
AIRFLOW_CTX_TASK_ID=get_organisms
AIRFLOW_CTX_EXECUTION_DATE=2023-03-27T13:02:08.821918+00:00
AIRFLOW_CTX_TRY_NUMBER=1
AIRFLOW_CTX_DAG_RUN_ID=manual__2023-03-27T13:02:08.821918+00:00
[2023-03-27T13:02:35.869+0000] {python.py:177} INFO - Done. Returned value was: [{'id': 'Q9Y261', 'organism_name': 'Homo sapiens', 'organism_common': 'Human', 'taxonomy_id': '9606', 'lineages': ['Eukaryota', 'Metazoa', 'Chordata', 'Craniata', 'Vertebrata', 'Euteleostomi', 'Mammalia', 'Eutheria', 'Euarchontoglires', 'Primates', 'Haplorrhini', 'Catarrhini', 'Hominidae', 'Homo']}]
[2023-03-27T13:02:35.943+0000] {taskinstance.py:1326} INFO - Marking task as SUCCESS. dag_id=etl_uniprot_Q9Y261, task_id=get_organisms, execution_date=20230327T130208, start_date=20230327T130235, end_date=20230327T130235
[2023-03-27T13:02:36.029+0000] {local_task_job.py:212} INFO - Task exited with return code 0
[2023-03-27T13:02:36.175+0000] {taskinstance.py:2585} INFO - 2 downstream tasks scheduled from follow-on schedule check
