[2023-03-28T22:31:34.638+0000] {taskinstance.py:1084} INFO - Dependencies all met for dep_context=non-requeueable deps ti=<TaskInstance: etl_uniprot_Q9Y261.get_organisms manual__2023-03-28T22:31:28.454142+00:00 [queued]>
[2023-03-28T22:31:34.656+0000] {taskinstance.py:1084} INFO - Dependencies all met for dep_context=requeueable deps ti=<TaskInstance: etl_uniprot_Q9Y261.get_organisms manual__2023-03-28T22:31:28.454142+00:00 [queued]>
[2023-03-28T22:31:34.658+0000] {taskinstance.py:1282} INFO - 
--------------------------------------------------------------------------------
[2023-03-28T22:31:34.659+0000] {taskinstance.py:1283} INFO - Starting attempt 1 of 1
[2023-03-28T22:31:34.660+0000] {taskinstance.py:1284} INFO - 
--------------------------------------------------------------------------------
[2023-03-28T22:31:34.691+0000] {taskinstance.py:1303} INFO - Executing <Task(_PythonDecoratedOperator): get_organisms> on 2023-03-28 22:31:28.454142+00:00
[2023-03-28T22:31:34.701+0000] {standard_task_runner.py:55} INFO - Started process 869 to run task
[2023-03-28T22:31:34.709+0000] {standard_task_runner.py:82} INFO - Running: ['***', 'tasks', 'run', 'etl_uniprot_Q9Y261', 'get_organisms', 'manual__2023-03-28T22:31:28.454142+00:00', '--job-id', '82', '--raw', '--subdir', 'DAGS_FOLDER/uniprot_Q9Y261/main.py', '--cfg-path', '/tmp/tmp65ngc68w']
[2023-03-28T22:31:34.710+0000] {standard_task_runner.py:83} INFO - Job 82: Subtask get_organisms
[2023-03-28T22:31:34.863+0000] {task_command.py:388} INFO - Running <TaskInstance: etl_uniprot_Q9Y261.get_organisms manual__2023-03-28T22:31:28.454142+00:00 [running]> on host 147865a62ab8
[2023-03-28T22:31:35.070+0000] {taskinstance.py:1511} INFO - Exporting the following env vars:
AIRFLOW_CTX_DAG_OWNER=***
AIRFLOW_CTX_DAG_ID=etl_uniprot_Q9Y261
AIRFLOW_CTX_TASK_ID=get_organisms
AIRFLOW_CTX_EXECUTION_DATE=2023-03-28T22:31:28.454142+00:00
AIRFLOW_CTX_TRY_NUMBER=1
AIRFLOW_CTX_DAG_RUN_ID=manual__2023-03-28T22:31:28.454142+00:00
[2023-03-28T22:31:35.072+0000] {python.py:177} INFO - Done. Returned value was: [{'id': 'Q9Y261', 'organism_name': 'Homo sapiens', 'organism_common': 'Human', 'taxonomy_id': '9606', 'lineages': ['Eukaryota', 'Metazoa', 'Chordata', 'Craniata', 'Vertebrata', 'Euteleostomi', 'Mammalia', 'Eutheria', 'Euarchontoglires', 'Primates', 'Haplorrhini', 'Catarrhini', 'Hominidae', 'Homo']}]
[2023-03-28T22:31:35.163+0000] {taskinstance.py:1326} INFO - Marking task as SUCCESS. dag_id=etl_uniprot_Q9Y261, task_id=get_organisms, execution_date=20230328T223128, start_date=20230328T223134, end_date=20230328T223135
[2023-03-28T22:31:35.250+0000] {local_task_job.py:212} INFO - Task exited with return code 0
[2023-03-28T22:31:35.320+0000] {taskinstance.py:2585} INFO - 2 downstream tasks scheduled from follow-on schedule check
