[2023-03-28T22:20:01.425+0000] {taskinstance.py:1084} INFO - Dependencies all met for dep_context=non-requeueable deps ti=<TaskInstance: etl_uniprot_Q9Y261.write_short_names scheduled__2023-03-27T00:00:00+00:00 [queued]>
[2023-03-28T22:20:01.453+0000] {taskinstance.py:1084} INFO - Dependencies all met for dep_context=requeueable deps ti=<TaskInstance: etl_uniprot_Q9Y261.write_short_names scheduled__2023-03-27T00:00:00+00:00 [queued]>
[2023-03-28T22:20:01.454+0000] {taskinstance.py:1282} INFO - 
--------------------------------------------------------------------------------
[2023-03-28T22:20:01.456+0000] {taskinstance.py:1283} INFO - Starting attempt 1 of 1
[2023-03-28T22:20:01.457+0000] {taskinstance.py:1284} INFO - 
--------------------------------------------------------------------------------
[2023-03-28T22:20:01.493+0000] {taskinstance.py:1303} INFO - Executing <Task(_PythonDecoratedOperator): write_short_names> on 2023-03-27 00:00:00+00:00
[2023-03-28T22:20:01.507+0000] {standard_task_runner.py:55} INFO - Started process 140 to run task
[2023-03-28T22:20:01.517+0000] {standard_task_runner.py:82} INFO - Running: ['***', 'tasks', 'run', 'etl_uniprot_Q9Y261', 'write_short_names', 'scheduled__2023-03-27T00:00:00+00:00', '--job-id', '7', '--raw', '--subdir', 'DAGS_FOLDER/uniprot_Q9Y261/main.py', '--cfg-path', '/tmp/tmp0gd7s61a']
[2023-03-28T22:20:01.520+0000] {standard_task_runner.py:83} INFO - Job 7: Subtask write_short_names
[2023-03-28T22:20:01.715+0000] {task_command.py:388} INFO - Running <TaskInstance: etl_uniprot_Q9Y261.write_short_names scheduled__2023-03-27T00:00:00+00:00 [running]> on host 147865a62ab8
[2023-03-28T22:20:01.962+0000] {taskinstance.py:1511} INFO - Exporting the following env vars:
AIRFLOW_CTX_DAG_OWNER=***
AIRFLOW_CTX_DAG_ID=etl_uniprot_Q9Y261
AIRFLOW_CTX_TASK_ID=write_short_names
AIRFLOW_CTX_EXECUTION_DATE=2023-03-27T00:00:00+00:00
AIRFLOW_CTX_TRY_NUMBER=1
AIRFLOW_CTX_DAG_RUN_ID=scheduled__2023-03-27T00:00:00+00:00
[2023-03-28T22:20:02.395+0000] {python.py:177} INFO - Done. Returned value was: None
[2023-03-28T22:20:02.418+0000] {taskinstance.py:1326} INFO - Marking task as SUCCESS. dag_id=etl_uniprot_Q9Y261, task_id=write_short_names, execution_date=20230327T000000, start_date=20230328T222001, end_date=20230328T222002
[2023-03-28T22:20:02.466+0000] {local_task_job.py:212} INFO - Task exited with return code 0
[2023-03-28T22:20:02.535+0000] {taskinstance.py:2585} INFO - 0 downstream tasks scheduled from follow-on schedule check
[2023-03-28T22:23:19.656+0000] {taskinstance.py:1084} INFO - Dependencies all met for dep_context=non-requeueable deps ti=<TaskInstance: etl_uniprot_Q9Y261.write_short_names scheduled__2023-03-27T00:00:00+00:00 [queued]>
[2023-03-28T22:23:19.677+0000] {taskinstance.py:1084} INFO - Dependencies all met for dep_context=requeueable deps ti=<TaskInstance: etl_uniprot_Q9Y261.write_short_names scheduled__2023-03-27T00:00:00+00:00 [queued]>
[2023-03-28T22:23:19.678+0000] {taskinstance.py:1282} INFO - 
--------------------------------------------------------------------------------
[2023-03-28T22:23:19.680+0000] {taskinstance.py:1283} INFO - Starting attempt 1 of 1
[2023-03-28T22:23:19.681+0000] {taskinstance.py:1284} INFO - 
--------------------------------------------------------------------------------
[2023-03-28T22:23:19.727+0000] {taskinstance.py:1303} INFO - Executing <Task(_PythonDecoratedOperator): write_short_names> on 2023-03-27 00:00:00+00:00
[2023-03-28T22:23:19.741+0000] {standard_task_runner.py:55} INFO - Started process 325 to run task
[2023-03-28T22:23:19.750+0000] {standard_task_runner.py:82} INFO - Running: ['***', 'tasks', 'run', 'etl_uniprot_Q9Y261', 'write_short_names', 'scheduled__2023-03-27T00:00:00+00:00', '--job-id', '22', '--raw', '--subdir', 'DAGS_FOLDER/uniprot_Q9Y261/main.py', '--cfg-path', '/tmp/tmp1n9zc2mb']
[2023-03-28T22:23:19.752+0000] {standard_task_runner.py:83} INFO - Job 22: Subtask write_short_names
[2023-03-28T22:23:19.946+0000] {task_command.py:388} INFO - Running <TaskInstance: etl_uniprot_Q9Y261.write_short_names scheduled__2023-03-27T00:00:00+00:00 [running]> on host 147865a62ab8
[2023-03-28T22:23:20.205+0000] {taskinstance.py:1511} INFO - Exporting the following env vars:
AIRFLOW_CTX_DAG_OWNER=***
AIRFLOW_CTX_DAG_ID=etl_uniprot_Q9Y261
AIRFLOW_CTX_TASK_ID=write_short_names
AIRFLOW_CTX_EXECUTION_DATE=2023-03-27T00:00:00+00:00
AIRFLOW_CTX_TRY_NUMBER=1
AIRFLOW_CTX_DAG_RUN_ID=scheduled__2023-03-27T00:00:00+00:00
[2023-03-28T22:23:20.353+0000] {python.py:177} INFO - Done. Returned value was: None
[2023-03-28T22:23:20.389+0000] {taskinstance.py:1326} INFO - Marking task as SUCCESS. dag_id=etl_uniprot_Q9Y261, task_id=write_short_names, execution_date=20230327T000000, start_date=20230328T222319, end_date=20230328T222320
[2023-03-28T22:23:20.497+0000] {local_task_job.py:212} INFO - Task exited with return code 0
[2023-03-28T22:23:20.584+0000] {taskinstance.py:2585} INFO - 0 downstream tasks scheduled from follow-on schedule check
[2023-03-28T22:36:14.012+0000] {taskinstance.py:1084} INFO - Dependencies all met for dep_context=non-requeueable deps ti=<TaskInstance: etl_uniprot_Q9Y261.write_short_names scheduled__2023-03-27T00:00:00+00:00 [queued]>
[2023-03-28T22:36:14.035+0000] {taskinstance.py:1084} INFO - Dependencies all met for dep_context=requeueable deps ti=<TaskInstance: etl_uniprot_Q9Y261.write_short_names scheduled__2023-03-27T00:00:00+00:00 [queued]>
[2023-03-28T22:36:14.036+0000] {taskinstance.py:1282} INFO - 
--------------------------------------------------------------------------------
[2023-03-28T22:36:14.037+0000] {taskinstance.py:1283} INFO - Starting attempt 1 of 1
[2023-03-28T22:36:14.038+0000] {taskinstance.py:1284} INFO - 
--------------------------------------------------------------------------------
[2023-03-28T22:36:14.081+0000] {taskinstance.py:1303} INFO - Executing <Task(_PythonDecoratedOperator): write_short_names> on 2023-03-27 00:00:00+00:00
[2023-03-28T22:36:14.094+0000] {standard_task_runner.py:55} INFO - Started process 1131 to run task
[2023-03-28T22:36:14.102+0000] {standard_task_runner.py:82} INFO - Running: ['***', 'tasks', 'run', 'etl_uniprot_Q9Y261', 'write_short_names', 'scheduled__2023-03-27T00:00:00+00:00', '--job-id', '96', '--raw', '--subdir', 'DAGS_FOLDER/uniprot_Q9Y261/main.py', '--cfg-path', '/tmp/tmpng6oifu7']
[2023-03-28T22:36:14.103+0000] {standard_task_runner.py:83} INFO - Job 96: Subtask write_short_names
[2023-03-28T22:36:14.285+0000] {task_command.py:388} INFO - Running <TaskInstance: etl_uniprot_Q9Y261.write_short_names scheduled__2023-03-27T00:00:00+00:00 [running]> on host 147865a62ab8
[2023-03-28T22:36:14.537+0000] {taskinstance.py:1511} INFO - Exporting the following env vars:
AIRFLOW_CTX_DAG_OWNER=***
AIRFLOW_CTX_DAG_ID=etl_uniprot_Q9Y261
AIRFLOW_CTX_TASK_ID=write_short_names
AIRFLOW_CTX_EXECUTION_DATE=2023-03-27T00:00:00+00:00
AIRFLOW_CTX_TRY_NUMBER=1
AIRFLOW_CTX_DAG_RUN_ID=scheduled__2023-03-27T00:00:00+00:00
[2023-03-28T22:36:14.569+0000] {python.py:177} INFO - Done. Returned value was: None
[2023-03-28T22:36:14.599+0000] {taskinstance.py:1326} INFO - Marking task as SUCCESS. dag_id=etl_uniprot_Q9Y261, task_id=write_short_names, execution_date=20230327T000000, start_date=20230328T223614, end_date=20230328T223614
[2023-03-28T22:36:14.641+0000] {local_task_job.py:212} INFO - Task exited with return code 0
[2023-03-28T22:36:14.691+0000] {taskinstance.py:2585} INFO - 0 downstream tasks scheduled from follow-on schedule check
[2023-03-28T22:39:28.155+0000] {taskinstance.py:1084} INFO - Dependencies all met for dep_context=non-requeueable deps ti=<TaskInstance: etl_uniprot_Q9Y261.write_short_names scheduled__2023-03-27T00:00:00+00:00 [queued]>
[2023-03-28T22:39:28.172+0000] {taskinstance.py:1084} INFO - Dependencies all met for dep_context=requeueable deps ti=<TaskInstance: etl_uniprot_Q9Y261.write_short_names scheduled__2023-03-27T00:00:00+00:00 [queued]>
[2023-03-28T22:39:28.173+0000] {taskinstance.py:1282} INFO - 
--------------------------------------------------------------------------------
[2023-03-28T22:39:28.174+0000] {taskinstance.py:1283} INFO - Starting attempt 1 of 1
[2023-03-28T22:39:28.175+0000] {taskinstance.py:1284} INFO - 
--------------------------------------------------------------------------------
[2023-03-28T22:39:28.199+0000] {taskinstance.py:1303} INFO - Executing <Task(_PythonDecoratedOperator): write_short_names> on 2023-03-27 00:00:00+00:00
[2023-03-28T22:39:28.207+0000] {standard_task_runner.py:55} INFO - Started process 1326 to run task
[2023-03-28T22:39:28.216+0000] {standard_task_runner.py:82} INFO - Running: ['***', 'tasks', 'run', 'etl_uniprot_Q9Y261', 'write_short_names', 'scheduled__2023-03-27T00:00:00+00:00', '--job-id', '115', '--raw', '--subdir', 'DAGS_FOLDER/uniprot_Q9Y261/main.py', '--cfg-path', '/tmp/tmptky3dpua']
[2023-03-28T22:39:28.217+0000] {standard_task_runner.py:83} INFO - Job 115: Subtask write_short_names
[2023-03-28T22:39:28.340+0000] {task_command.py:388} INFO - Running <TaskInstance: etl_uniprot_Q9Y261.write_short_names scheduled__2023-03-27T00:00:00+00:00 [running]> on host 147865a62ab8
[2023-03-28T22:39:28.597+0000] {taskinstance.py:1511} INFO - Exporting the following env vars:
AIRFLOW_CTX_DAG_OWNER=***
AIRFLOW_CTX_DAG_ID=etl_uniprot_Q9Y261
AIRFLOW_CTX_TASK_ID=write_short_names
AIRFLOW_CTX_EXECUTION_DATE=2023-03-27T00:00:00+00:00
AIRFLOW_CTX_TRY_NUMBER=1
AIRFLOW_CTX_DAG_RUN_ID=scheduled__2023-03-27T00:00:00+00:00
[2023-03-28T22:39:28.640+0000] {python.py:177} INFO - Done. Returned value was: None
[2023-03-28T22:39:28.661+0000] {taskinstance.py:1326} INFO - Marking task as SUCCESS. dag_id=etl_uniprot_Q9Y261, task_id=write_short_names, execution_date=20230327T000000, start_date=20230328T223928, end_date=20230328T223928
[2023-03-28T22:39:28.718+0000] {local_task_job.py:212} INFO - Task exited with return code 0
[2023-03-28T22:39:28.788+0000] {taskinstance.py:2585} INFO - 0 downstream tasks scheduled from follow-on schedule check
[2023-03-28T22:42:13.732+0000] {taskinstance.py:1084} INFO - Dependencies all met for dep_context=non-requeueable deps ti=<TaskInstance: etl_uniprot_Q9Y261.write_short_names scheduled__2023-03-27T00:00:00+00:00 [queued]>
[2023-03-28T22:42:13.763+0000] {taskinstance.py:1084} INFO - Dependencies all met for dep_context=requeueable deps ti=<TaskInstance: etl_uniprot_Q9Y261.write_short_names scheduled__2023-03-27T00:00:00+00:00 [queued]>
[2023-03-28T22:42:13.764+0000] {taskinstance.py:1282} INFO - 
--------------------------------------------------------------------------------
[2023-03-28T22:42:13.765+0000] {taskinstance.py:1283} INFO - Starting attempt 1 of 1
[2023-03-28T22:42:13.767+0000] {taskinstance.py:1284} INFO - 
--------------------------------------------------------------------------------
[2023-03-28T22:42:13.805+0000] {taskinstance.py:1303} INFO - Executing <Task(_PythonDecoratedOperator): write_short_names> on 2023-03-27 00:00:00+00:00
[2023-03-28T22:42:13.815+0000] {standard_task_runner.py:55} INFO - Started process 1539 to run task
[2023-03-28T22:42:13.822+0000] {standard_task_runner.py:82} INFO - Running: ['***', 'tasks', 'run', 'etl_uniprot_Q9Y261', 'write_short_names', 'scheduled__2023-03-27T00:00:00+00:00', '--job-id', '144', '--raw', '--subdir', 'DAGS_FOLDER/uniprot_Q9Y261/main.py', '--cfg-path', '/tmp/tmpp8vuh566']
[2023-03-28T22:42:13.823+0000] {standard_task_runner.py:83} INFO - Job 144: Subtask write_short_names
[2023-03-28T22:42:14.059+0000] {task_command.py:388} INFO - Running <TaskInstance: etl_uniprot_Q9Y261.write_short_names scheduled__2023-03-27T00:00:00+00:00 [running]> on host 147865a62ab8
[2023-03-28T22:42:14.352+0000] {taskinstance.py:1511} INFO - Exporting the following env vars:
AIRFLOW_CTX_DAG_OWNER=***
AIRFLOW_CTX_DAG_ID=etl_uniprot_Q9Y261
AIRFLOW_CTX_TASK_ID=write_short_names
AIRFLOW_CTX_EXECUTION_DATE=2023-03-27T00:00:00+00:00
AIRFLOW_CTX_TRY_NUMBER=1
AIRFLOW_CTX_DAG_RUN_ID=scheduled__2023-03-27T00:00:00+00:00
[2023-03-28T22:42:14.401+0000] {python.py:177} INFO - Done. Returned value was: None
[2023-03-28T22:42:14.433+0000] {taskinstance.py:1326} INFO - Marking task as SUCCESS. dag_id=etl_uniprot_Q9Y261, task_id=write_short_names, execution_date=20230327T000000, start_date=20230328T224213, end_date=20230328T224214
[2023-03-28T22:42:14.486+0000] {local_task_job.py:212} INFO - Task exited with return code 0
[2023-03-28T22:42:14.553+0000] {taskinstance.py:2585} INFO - 0 downstream tasks scheduled from follow-on schedule check
[2023-03-28T22:46:43.706+0000] {taskinstance.py:1084} INFO - Dependencies all met for dep_context=non-requeueable deps ti=<TaskInstance: etl_uniprot_Q9Y261.write_short_names scheduled__2023-03-27T00:00:00+00:00 [queued]>
[2023-03-28T22:46:43.759+0000] {taskinstance.py:1084} INFO - Dependencies all met for dep_context=requeueable deps ti=<TaskInstance: etl_uniprot_Q9Y261.write_short_names scheduled__2023-03-27T00:00:00+00:00 [queued]>
[2023-03-28T22:46:43.766+0000] {taskinstance.py:1282} INFO - 
--------------------------------------------------------------------------------
[2023-03-28T22:46:43.808+0000] {taskinstance.py:1283} INFO - Starting attempt 1 of 1
[2023-03-28T22:46:43.809+0000] {taskinstance.py:1284} INFO - 
--------------------------------------------------------------------------------
[2023-03-28T22:46:43.913+0000] {taskinstance.py:1303} INFO - Executing <Task(_PythonDecoratedOperator): write_short_names> on 2023-03-27 00:00:00+00:00
[2023-03-28T22:46:43.927+0000] {standard_task_runner.py:55} INFO - Started process 1782 to run task
[2023-03-28T22:46:43.953+0000] {standard_task_runner.py:82} INFO - Running: ['***', 'tasks', 'run', 'etl_uniprot_Q9Y261', 'write_short_names', 'scheduled__2023-03-27T00:00:00+00:00', '--job-id', '160', '--raw', '--subdir', 'DAGS_FOLDER/uniprot_Q9Y261/main.py', '--cfg-path', '/tmp/tmpt2fnm1uz']
[2023-03-28T22:46:43.955+0000] {standard_task_runner.py:83} INFO - Job 160: Subtask write_short_names
[2023-03-28T22:46:44.238+0000] {task_command.py:388} INFO - Running <TaskInstance: etl_uniprot_Q9Y261.write_short_names scheduled__2023-03-27T00:00:00+00:00 [running]> on host 147865a62ab8
[2023-03-28T22:46:44.475+0000] {taskinstance.py:1511} INFO - Exporting the following env vars:
AIRFLOW_CTX_DAG_OWNER=***
AIRFLOW_CTX_DAG_ID=etl_uniprot_Q9Y261
AIRFLOW_CTX_TASK_ID=write_short_names
AIRFLOW_CTX_EXECUTION_DATE=2023-03-27T00:00:00+00:00
AIRFLOW_CTX_TRY_NUMBER=1
AIRFLOW_CTX_DAG_RUN_ID=scheduled__2023-03-27T00:00:00+00:00
[2023-03-28T22:46:44.510+0000] {python.py:177} INFO - Done. Returned value was: None
[2023-03-28T22:46:44.540+0000] {taskinstance.py:1326} INFO - Marking task as SUCCESS. dag_id=etl_uniprot_Q9Y261, task_id=write_short_names, execution_date=20230327T000000, start_date=20230328T224643, end_date=20230328T224644
[2023-03-28T22:46:44.612+0000] {local_task_job.py:212} INFO - Task exited with return code 0
[2023-03-28T22:46:44.678+0000] {taskinstance.py:2585} INFO - 0 downstream tasks scheduled from follow-on schedule check
