[2023-03-27T20:58:46.790+0000] {taskinstance.py:1084} INFO - Dependencies all met for dep_context=non-requeueable deps ti=<TaskInstance: etl_uniprot_Q9Y261.write_genes manual__2023-03-27T20:58:39.652591+00:00 [queued]>
[2023-03-27T20:58:46.810+0000] {taskinstance.py:1084} INFO - Dependencies all met for dep_context=requeueable deps ti=<TaskInstance: etl_uniprot_Q9Y261.write_genes manual__2023-03-27T20:58:39.652591+00:00 [queued]>
[2023-03-27T20:58:46.811+0000] {taskinstance.py:1282} INFO - 
--------------------------------------------------------------------------------
[2023-03-27T20:58:46.812+0000] {taskinstance.py:1283} INFO - Starting attempt 1 of 1
[2023-03-27T20:58:46.813+0000] {taskinstance.py:1284} INFO - 
--------------------------------------------------------------------------------
[2023-03-27T20:58:46.841+0000] {taskinstance.py:1303} INFO - Executing <Task(_PythonDecoratedOperator): write_genes> on 2023-03-27 20:58:39.652591+00:00
[2023-03-27T20:58:46.851+0000] {standard_task_runner.py:55} INFO - Started process 760 to run task
[2023-03-27T20:58:46.857+0000] {standard_task_runner.py:82} INFO - Running: ['***', 'tasks', 'run', 'etl_uniprot_Q9Y261', 'write_genes', 'manual__2023-03-27T20:58:39.652591+00:00', '--job-id', '25', '--raw', '--subdir', 'DAGS_FOLDER/uniprot_Q9Y261/main.py', '--cfg-path', '/tmp/tmpgbrqk4d6']
[2023-03-27T20:58:46.859+0000] {standard_task_runner.py:83} INFO - Job 25: Subtask write_genes
[2023-03-27T20:58:46.986+0000] {task_command.py:388} INFO - Running <TaskInstance: etl_uniprot_Q9Y261.write_genes manual__2023-03-27T20:58:39.652591+00:00 [running]> on host 1cde6c6ea984
[2023-03-27T20:58:47.165+0000] {taskinstance.py:1511} INFO - Exporting the following env vars:
AIRFLOW_CTX_DAG_OWNER=***
AIRFLOW_CTX_DAG_ID=etl_uniprot_Q9Y261
AIRFLOW_CTX_TASK_ID=write_genes
AIRFLOW_CTX_EXECUTION_DATE=2023-03-27T20:58:39.652591+00:00
AIRFLOW_CTX_TRY_NUMBER=1
AIRFLOW_CTX_DAG_RUN_ID=manual__2023-03-27T20:58:39.652591+00:00
[2023-03-27T20:58:47.660+0000] {python.py:177} INFO - Done. Returned value was: None
[2023-03-27T20:58:47.679+0000] {taskinstance.py:1326} INFO - Marking task as SUCCESS. dag_id=etl_uniprot_Q9Y261, task_id=write_genes, execution_date=20230327T205839, start_date=20230327T205846, end_date=20230327T205847
[2023-03-27T20:58:47.718+0000] {local_task_job.py:212} INFO - Task exited with return code 0
[2023-03-27T20:58:47.755+0000] {taskinstance.py:2585} INFO - 0 downstream tasks scheduled from follow-on schedule check
