[2023-03-28T22:46:50.475+0000] {taskinstance.py:1084} INFO - Dependencies all met for dep_context=non-requeueable deps ti=<TaskInstance: etl_uniprot_Q9Y261.write_accession manual__2023-03-28T22:46:42.898107+00:00 [queued]>
[2023-03-28T22:46:50.499+0000] {taskinstance.py:1084} INFO - Dependencies all met for dep_context=requeueable deps ti=<TaskInstance: etl_uniprot_Q9Y261.write_accession manual__2023-03-28T22:46:42.898107+00:00 [queued]>
[2023-03-28T22:46:50.500+0000] {taskinstance.py:1282} INFO - 
--------------------------------------------------------------------------------
[2023-03-28T22:46:50.502+0000] {taskinstance.py:1283} INFO - Starting attempt 1 of 1
[2023-03-28T22:46:50.503+0000] {taskinstance.py:1284} INFO - 
--------------------------------------------------------------------------------
[2023-03-28T22:46:50.532+0000] {taskinstance.py:1303} INFO - Executing <Task(_PythonDecoratedOperator): write_accession> on 2023-03-28 22:46:42.898107+00:00
[2023-03-28T22:46:50.543+0000] {standard_task_runner.py:55} INFO - Started process 1807 to run task
[2023-03-28T22:46:50.550+0000] {standard_task_runner.py:82} INFO - Running: ['***', 'tasks', 'run', 'etl_uniprot_Q9Y261', 'write_accession', 'manual__2023-03-28T22:46:42.898107+00:00', '--job-id', '175', '--raw', '--subdir', 'DAGS_FOLDER/uniprot_Q9Y261/main.py', '--cfg-path', '/tmp/tmpdo5no7ta']
[2023-03-28T22:46:50.551+0000] {standard_task_runner.py:83} INFO - Job 175: Subtask write_accession
[2023-03-28T22:46:50.696+0000] {task_command.py:388} INFO - Running <TaskInstance: etl_uniprot_Q9Y261.write_accession manual__2023-03-28T22:46:42.898107+00:00 [running]> on host 147865a62ab8
[2023-03-28T22:46:50.910+0000] {taskinstance.py:1511} INFO - Exporting the following env vars:
AIRFLOW_CTX_DAG_OWNER=***
AIRFLOW_CTX_DAG_ID=etl_uniprot_Q9Y261
AIRFLOW_CTX_TASK_ID=write_accession
AIRFLOW_CTX_EXECUTION_DATE=2023-03-28T22:46:42.898107+00:00
AIRFLOW_CTX_TRY_NUMBER=1
AIRFLOW_CTX_DAG_RUN_ID=manual__2023-03-28T22:46:42.898107+00:00
[2023-03-28T22:46:50.940+0000] {python.py:177} INFO - Done. Returned value was: Q9Y261
[2023-03-28T22:46:51.000+0000] {taskinstance.py:1326} INFO - Marking task as SUCCESS. dag_id=etl_uniprot_Q9Y261, task_id=write_accession, execution_date=20230328T224642, start_date=20230328T224650, end_date=20230328T224650
[2023-03-28T22:46:51.043+0000] {local_task_job.py:212} INFO - Task exited with return code 0
[2023-03-28T22:46:51.127+0000] {taskinstance.py:2585} INFO - 10 downstream tasks scheduled from follow-on schedule check
