[2023-03-28T23:07:40.366+0000] {taskinstance.py:1084} INFO - Dependencies all met for dep_context=non-requeueable deps ti=<TaskInstance: etl_uniprot_Q9Y261.write_lineages_of_organisms manual__2023-03-28T23:07:29.584411+00:00 [queued]>
[2023-03-28T23:07:40.391+0000] {taskinstance.py:1084} INFO - Dependencies all met for dep_context=requeueable deps ti=<TaskInstance: etl_uniprot_Q9Y261.write_lineages_of_organisms manual__2023-03-28T23:07:29.584411+00:00 [queued]>
[2023-03-28T23:07:40.393+0000] {taskinstance.py:1282} INFO - 
--------------------------------------------------------------------------------
[2023-03-28T23:07:40.394+0000] {taskinstance.py:1283} INFO - Starting attempt 1 of 1
[2023-03-28T23:07:40.395+0000] {taskinstance.py:1284} INFO - 
--------------------------------------------------------------------------------
[2023-03-28T23:07:40.430+0000] {taskinstance.py:1303} INFO - Executing <Task(_PythonDecoratedOperator): write_lineages_of_organisms> on 2023-03-28 23:07:29.584411+00:00
[2023-03-28T23:07:40.439+0000] {standard_task_runner.py:55} INFO - Started process 2857 to run task
[2023-03-28T23:07:40.446+0000] {standard_task_runner.py:82} INFO - Running: ['***', 'tasks', 'run', 'etl_uniprot_Q9Y261', 'write_lineages_of_organisms', 'manual__2023-03-28T23:07:29.584411+00:00', '--job-id', '218', '--raw', '--subdir', 'DAGS_FOLDER/uniprot_Q9Y261/main.py', '--cfg-path', '/tmp/tmpm0trje7a']
[2023-03-28T23:07:40.448+0000] {standard_task_runner.py:83} INFO - Job 218: Subtask write_lineages_of_organisms
[2023-03-28T23:07:40.599+0000] {task_command.py:388} INFO - Running <TaskInstance: etl_uniprot_Q9Y261.write_lineages_of_organisms manual__2023-03-28T23:07:29.584411+00:00 [running]> on host 147865a62ab8
[2023-03-28T23:07:40.777+0000] {taskinstance.py:1511} INFO - Exporting the following env vars:
AIRFLOW_CTX_DAG_OWNER=***
AIRFLOW_CTX_DAG_ID=etl_uniprot_Q9Y261
AIRFLOW_CTX_TASK_ID=write_lineages_of_organisms
AIRFLOW_CTX_EXECUTION_DATE=2023-03-28T23:07:29.584411+00:00
AIRFLOW_CTX_TRY_NUMBER=1
AIRFLOW_CTX_DAG_RUN_ID=manual__2023-03-28T23:07:29.584411+00:00
[2023-03-28T23:07:40.847+0000] {python.py:177} INFO - Done. Returned value was: None
[2023-03-28T23:07:40.870+0000] {taskinstance.py:1326} INFO - Marking task as SUCCESS. dag_id=etl_uniprot_Q9Y261, task_id=write_lineages_of_organisms, execution_date=20230328T230729, start_date=20230328T230740, end_date=20230328T230740
[2023-03-28T23:07:40.901+0000] {local_task_job.py:212} INFO - Task exited with return code 0
[2023-03-28T23:07:40.935+0000] {taskinstance.py:2585} INFO - 0 downstream tasks scheduled from follow-on schedule check
