[2023-03-29T00:00:07.682+0000] {taskinstance.py:1084} INFO - Dependencies all met for dep_context=non-requeueable deps ti=<TaskInstance: etl_uniprot_Q9Y261.write_features scheduled__2023-03-28T00:00:00+00:00 [queued]>
[2023-03-29T00:00:07.710+0000] {taskinstance.py:1084} INFO - Dependencies all met for dep_context=requeueable deps ti=<TaskInstance: etl_uniprot_Q9Y261.write_features scheduled__2023-03-28T00:00:00+00:00 [queued]>
[2023-03-29T00:00:07.711+0000] {taskinstance.py:1282} INFO - 
--------------------------------------------------------------------------------
[2023-03-29T00:00:07.713+0000] {taskinstance.py:1283} INFO - Starting attempt 1 of 1
[2023-03-29T00:00:07.714+0000] {taskinstance.py:1284} INFO - 
--------------------------------------------------------------------------------
[2023-03-29T00:00:07.752+0000] {taskinstance.py:1303} INFO - Executing <Task(_PythonDecoratedOperator): write_features> on 2023-03-28 00:00:00+00:00
[2023-03-29T00:00:07.764+0000] {standard_task_runner.py:55} INFO - Started process 455 to run task
[2023-03-29T00:00:07.773+0000] {standard_task_runner.py:82} INFO - Running: ['***', 'tasks', 'run', 'etl_uniprot_Q9Y261', 'write_features', 'scheduled__2023-03-28T00:00:00+00:00', '--job-id', '23', '--raw', '--subdir', 'DAGS_FOLDER/uniprot_Q9Y261/main.py', '--cfg-path', '/tmp/tmpwew1axqe']
[2023-03-29T00:00:07.775+0000] {standard_task_runner.py:83} INFO - Job 23: Subtask write_features
[2023-03-29T00:00:07.952+0000] {task_command.py:388} INFO - Running <TaskInstance: etl_uniprot_Q9Y261.write_features scheduled__2023-03-28T00:00:00+00:00 [running]> on host f360a468cd4e
[2023-03-29T00:00:08.208+0000] {taskinstance.py:1511} INFO - Exporting the following env vars:
AIRFLOW_CTX_DAG_OWNER=***
AIRFLOW_CTX_DAG_ID=etl_uniprot_Q9Y261
AIRFLOW_CTX_TASK_ID=write_features
AIRFLOW_CTX_EXECUTION_DATE=2023-03-28T00:00:00+00:00
AIRFLOW_CTX_TRY_NUMBER=1
AIRFLOW_CTX_DAG_RUN_ID=scheduled__2023-03-28T00:00:00+00:00
[2023-03-29T00:00:08.382+0000] {python.py:177} INFO - Done. Returned value was: None
[2023-03-29T00:00:08.445+0000] {taskinstance.py:1326} INFO - Marking task as SUCCESS. dag_id=etl_uniprot_Q9Y261, task_id=write_features, execution_date=20230328T000000, start_date=20230329T000007, end_date=20230329T000008
[2023-03-29T00:00:08.554+0000] {local_task_job.py:212} INFO - Task exited with return code 0
[2023-03-29T00:00:08.605+0000] {taskinstance.py:2585} INFO - 0 downstream tasks scheduled from follow-on schedule check
