[2023-03-28T22:20:01.429+0000] {taskinstance.py:1084} INFO - Dependencies all met for dep_context=non-requeueable deps ti=<TaskInstance: etl_uniprot_Q9Y261.write_alternate_names scheduled__2023-03-27T00:00:00+00:00 [queued]>
[2023-03-28T22:20:01.458+0000] {taskinstance.py:1084} INFO - Dependencies all met for dep_context=requeueable deps ti=<TaskInstance: etl_uniprot_Q9Y261.write_alternate_names scheduled__2023-03-27T00:00:00+00:00 [queued]>
[2023-03-28T22:20:01.459+0000] {taskinstance.py:1282} INFO - 
--------------------------------------------------------------------------------
[2023-03-28T22:20:01.461+0000] {taskinstance.py:1283} INFO - Starting attempt 1 of 1
[2023-03-28T22:20:01.462+0000] {taskinstance.py:1284} INFO - 
--------------------------------------------------------------------------------
[2023-03-28T22:20:01.490+0000] {taskinstance.py:1303} INFO - Executing <Task(_PythonDecoratedOperator): write_alternate_names> on 2023-03-27 00:00:00+00:00
[2023-03-28T22:20:01.502+0000] {standard_task_runner.py:55} INFO - Started process 139 to run task
[2023-03-28T22:20:01.508+0000] {standard_task_runner.py:82} INFO - Running: ['***', 'tasks', 'run', 'etl_uniprot_Q9Y261', 'write_alternate_names', 'scheduled__2023-03-27T00:00:00+00:00', '--job-id', '8', '--raw', '--subdir', 'DAGS_FOLDER/uniprot_Q9Y261/main.py', '--cfg-path', '/tmp/tmpf2kjdkc0']
[2023-03-28T22:20:01.511+0000] {standard_task_runner.py:83} INFO - Job 8: Subtask write_alternate_names
[2023-03-28T22:20:01.701+0000] {task_command.py:388} INFO - Running <TaskInstance: etl_uniprot_Q9Y261.write_alternate_names scheduled__2023-03-27T00:00:00+00:00 [running]> on host 147865a62ab8
[2023-03-28T22:20:01.944+0000] {taskinstance.py:1511} INFO - Exporting the following env vars:
AIRFLOW_CTX_DAG_OWNER=***
AIRFLOW_CTX_DAG_ID=etl_uniprot_Q9Y261
AIRFLOW_CTX_TASK_ID=write_alternate_names
AIRFLOW_CTX_EXECUTION_DATE=2023-03-27T00:00:00+00:00
AIRFLOW_CTX_TRY_NUMBER=1
AIRFLOW_CTX_DAG_RUN_ID=scheduled__2023-03-27T00:00:00+00:00
[2023-03-28T22:20:02.408+0000] {python.py:177} INFO - Done. Returned value was: None
[2023-03-28T22:20:02.431+0000] {taskinstance.py:1326} INFO - Marking task as SUCCESS. dag_id=etl_uniprot_Q9Y261, task_id=write_alternate_names, execution_date=20230327T000000, start_date=20230328T222001, end_date=20230328T222002
[2023-03-28T22:20:02.489+0000] {local_task_job.py:212} INFO - Task exited with return code 0
[2023-03-28T22:20:02.572+0000] {taskinstance.py:2585} INFO - 0 downstream tasks scheduled from follow-on schedule check
[2023-03-28T22:23:19.826+0000] {taskinstance.py:1084} INFO - Dependencies all met for dep_context=non-requeueable deps ti=<TaskInstance: etl_uniprot_Q9Y261.write_alternate_names scheduled__2023-03-27T00:00:00+00:00 [queued]>
[2023-03-28T22:23:19.858+0000] {taskinstance.py:1084} INFO - Dependencies all met for dep_context=requeueable deps ti=<TaskInstance: etl_uniprot_Q9Y261.write_alternate_names scheduled__2023-03-27T00:00:00+00:00 [queued]>
[2023-03-28T22:23:19.860+0000] {taskinstance.py:1282} INFO - 
--------------------------------------------------------------------------------
[2023-03-28T22:23:19.862+0000] {taskinstance.py:1283} INFO - Starting attempt 1 of 1
[2023-03-28T22:23:19.863+0000] {taskinstance.py:1284} INFO - 
--------------------------------------------------------------------------------
[2023-03-28T22:23:19.942+0000] {taskinstance.py:1303} INFO - Executing <Task(_PythonDecoratedOperator): write_alternate_names> on 2023-03-27 00:00:00+00:00
[2023-03-28T22:23:19.957+0000] {standard_task_runner.py:55} INFO - Started process 330 to run task
[2023-03-28T22:23:19.963+0000] {standard_task_runner.py:82} INFO - Running: ['***', 'tasks', 'run', 'etl_uniprot_Q9Y261', 'write_alternate_names', 'scheduled__2023-03-27T00:00:00+00:00', '--job-id', '26', '--raw', '--subdir', 'DAGS_FOLDER/uniprot_Q9Y261/main.py', '--cfg-path', '/tmp/tmpilpnu63t']
[2023-03-28T22:23:19.965+0000] {standard_task_runner.py:83} INFO - Job 26: Subtask write_alternate_names
[2023-03-28T22:23:20.142+0000] {task_command.py:388} INFO - Running <TaskInstance: etl_uniprot_Q9Y261.write_alternate_names scheduled__2023-03-27T00:00:00+00:00 [running]> on host 147865a62ab8
[2023-03-28T22:23:20.424+0000] {taskinstance.py:1511} INFO - Exporting the following env vars:
AIRFLOW_CTX_DAG_OWNER=***
AIRFLOW_CTX_DAG_ID=etl_uniprot_Q9Y261
AIRFLOW_CTX_TASK_ID=write_alternate_names
AIRFLOW_CTX_EXECUTION_DATE=2023-03-27T00:00:00+00:00
AIRFLOW_CTX_TRY_NUMBER=1
AIRFLOW_CTX_DAG_RUN_ID=scheduled__2023-03-27T00:00:00+00:00
[2023-03-28T22:23:20.568+0000] {python.py:177} INFO - Done. Returned value was: None
[2023-03-28T22:23:20.602+0000] {taskinstance.py:1326} INFO - Marking task as SUCCESS. dag_id=etl_uniprot_Q9Y261, task_id=write_alternate_names, execution_date=20230327T000000, start_date=20230328T222319, end_date=20230328T222320
[2023-03-28T22:23:20.661+0000] {local_task_job.py:212} INFO - Task exited with return code 0
[2023-03-28T22:23:20.748+0000] {taskinstance.py:2585} INFO - 0 downstream tasks scheduled from follow-on schedule check
[2023-03-28T22:36:14.069+0000] {taskinstance.py:1084} INFO - Dependencies all met for dep_context=non-requeueable deps ti=<TaskInstance: etl_uniprot_Q9Y261.write_alternate_names scheduled__2023-03-27T00:00:00+00:00 [queued]>
[2023-03-28T22:36:14.098+0000] {taskinstance.py:1084} INFO - Dependencies all met for dep_context=requeueable deps ti=<TaskInstance: etl_uniprot_Q9Y261.write_alternate_names scheduled__2023-03-27T00:00:00+00:00 [queued]>
[2023-03-28T22:36:14.099+0000] {taskinstance.py:1282} INFO - 
--------------------------------------------------------------------------------
[2023-03-28T22:36:14.100+0000] {taskinstance.py:1283} INFO - Starting attempt 1 of 1
[2023-03-28T22:36:14.102+0000] {taskinstance.py:1284} INFO - 
--------------------------------------------------------------------------------
[2023-03-28T22:36:14.151+0000] {taskinstance.py:1303} INFO - Executing <Task(_PythonDecoratedOperator): write_alternate_names> on 2023-03-27 00:00:00+00:00
[2023-03-28T22:36:14.162+0000] {standard_task_runner.py:55} INFO - Started process 1134 to run task
[2023-03-28T22:36:14.171+0000] {standard_task_runner.py:82} INFO - Running: ['***', 'tasks', 'run', 'etl_uniprot_Q9Y261', 'write_alternate_names', 'scheduled__2023-03-27T00:00:00+00:00', '--job-id', '99', '--raw', '--subdir', 'DAGS_FOLDER/uniprot_Q9Y261/main.py', '--cfg-path', '/tmp/tmp25elwg2x']
[2023-03-28T22:36:14.173+0000] {standard_task_runner.py:83} INFO - Job 99: Subtask write_alternate_names
[2023-03-28T22:36:14.370+0000] {task_command.py:388} INFO - Running <TaskInstance: etl_uniprot_Q9Y261.write_alternate_names scheduled__2023-03-27T00:00:00+00:00 [running]> on host 147865a62ab8
[2023-03-28T22:36:14.626+0000] {taskinstance.py:1511} INFO - Exporting the following env vars:
AIRFLOW_CTX_DAG_OWNER=***
AIRFLOW_CTX_DAG_ID=etl_uniprot_Q9Y261
AIRFLOW_CTX_TASK_ID=write_alternate_names
AIRFLOW_CTX_EXECUTION_DATE=2023-03-27T00:00:00+00:00
AIRFLOW_CTX_TRY_NUMBER=1
AIRFLOW_CTX_DAG_RUN_ID=scheduled__2023-03-27T00:00:00+00:00
[2023-03-28T22:36:14.665+0000] {python.py:177} INFO - Done. Returned value was: None
[2023-03-28T22:36:14.696+0000] {taskinstance.py:1326} INFO - Marking task as SUCCESS. dag_id=etl_uniprot_Q9Y261, task_id=write_alternate_names, execution_date=20230327T000000, start_date=20230328T223614, end_date=20230328T223614
[2023-03-28T22:36:14.747+0000] {local_task_job.py:212} INFO - Task exited with return code 0
[2023-03-28T22:36:14.810+0000] {taskinstance.py:2585} INFO - 0 downstream tasks scheduled from follow-on schedule check
[2023-03-28T22:39:28.217+0000] {taskinstance.py:1084} INFO - Dependencies all met for dep_context=non-requeueable deps ti=<TaskInstance: etl_uniprot_Q9Y261.write_alternate_names scheduled__2023-03-27T00:00:00+00:00 [queued]>
[2023-03-28T22:39:28.233+0000] {taskinstance.py:1084} INFO - Dependencies all met for dep_context=requeueable deps ti=<TaskInstance: etl_uniprot_Q9Y261.write_alternate_names scheduled__2023-03-27T00:00:00+00:00 [queued]>
[2023-03-28T22:39:28.234+0000] {taskinstance.py:1282} INFO - 
--------------------------------------------------------------------------------
[2023-03-28T22:39:28.235+0000] {taskinstance.py:1283} INFO - Starting attempt 1 of 1
[2023-03-28T22:39:28.236+0000] {taskinstance.py:1284} INFO - 
--------------------------------------------------------------------------------
[2023-03-28T22:39:28.261+0000] {taskinstance.py:1303} INFO - Executing <Task(_PythonDecoratedOperator): write_alternate_names> on 2023-03-27 00:00:00+00:00
[2023-03-28T22:39:28.272+0000] {standard_task_runner.py:55} INFO - Started process 1331 to run task
[2023-03-28T22:39:28.278+0000] {standard_task_runner.py:82} INFO - Running: ['***', 'tasks', 'run', 'etl_uniprot_Q9Y261', 'write_alternate_names', 'scheduled__2023-03-27T00:00:00+00:00', '--job-id', '120', '--raw', '--subdir', 'DAGS_FOLDER/uniprot_Q9Y261/main.py', '--cfg-path', '/tmp/tmpq8rvna51']
[2023-03-28T22:39:28.279+0000] {standard_task_runner.py:83} INFO - Job 120: Subtask write_alternate_names
[2023-03-28T22:39:28.461+0000] {task_command.py:388} INFO - Running <TaskInstance: etl_uniprot_Q9Y261.write_alternate_names scheduled__2023-03-27T00:00:00+00:00 [running]> on host 147865a62ab8
[2023-03-28T22:39:28.668+0000] {taskinstance.py:1511} INFO - Exporting the following env vars:
AIRFLOW_CTX_DAG_OWNER=***
AIRFLOW_CTX_DAG_ID=etl_uniprot_Q9Y261
AIRFLOW_CTX_TASK_ID=write_alternate_names
AIRFLOW_CTX_EXECUTION_DATE=2023-03-27T00:00:00+00:00
AIRFLOW_CTX_TRY_NUMBER=1
AIRFLOW_CTX_DAG_RUN_ID=scheduled__2023-03-27T00:00:00+00:00
[2023-03-28T22:39:28.710+0000] {python.py:177} INFO - Done. Returned value was: None
[2023-03-28T22:39:28.730+0000] {taskinstance.py:1326} INFO - Marking task as SUCCESS. dag_id=etl_uniprot_Q9Y261, task_id=write_alternate_names, execution_date=20230327T000000, start_date=20230328T223928, end_date=20230328T223928
[2023-03-28T22:39:28.775+0000] {local_task_job.py:212} INFO - Task exited with return code 0
[2023-03-28T22:39:28.838+0000] {taskinstance.py:2585} INFO - 0 downstream tasks scheduled from follow-on schedule check
[2023-03-28T22:42:13.755+0000] {taskinstance.py:1084} INFO - Dependencies all met for dep_context=non-requeueable deps ti=<TaskInstance: etl_uniprot_Q9Y261.write_alternate_names scheduled__2023-03-27T00:00:00+00:00 [queued]>
[2023-03-28T22:42:13.781+0000] {taskinstance.py:1084} INFO - Dependencies all met for dep_context=requeueable deps ti=<TaskInstance: etl_uniprot_Q9Y261.write_alternate_names scheduled__2023-03-27T00:00:00+00:00 [queued]>
[2023-03-28T22:42:13.782+0000] {taskinstance.py:1282} INFO - 
--------------------------------------------------------------------------------
[2023-03-28T22:42:13.783+0000] {taskinstance.py:1283} INFO - Starting attempt 1 of 1
[2023-03-28T22:42:13.784+0000] {taskinstance.py:1284} INFO - 
--------------------------------------------------------------------------------
[2023-03-28T22:42:13.828+0000] {taskinstance.py:1303} INFO - Executing <Task(_PythonDecoratedOperator): write_alternate_names> on 2023-03-27 00:00:00+00:00
[2023-03-28T22:42:13.840+0000] {standard_task_runner.py:55} INFO - Started process 1541 to run task
[2023-03-28T22:42:13.849+0000] {standard_task_runner.py:82} INFO - Running: ['***', 'tasks', 'run', 'etl_uniprot_Q9Y261', 'write_alternate_names', 'scheduled__2023-03-27T00:00:00+00:00', '--job-id', '146', '--raw', '--subdir', 'DAGS_FOLDER/uniprot_Q9Y261/main.py', '--cfg-path', '/tmp/tmppvhq9rny']
[2023-03-28T22:42:13.851+0000] {standard_task_runner.py:83} INFO - Job 146: Subtask write_alternate_names
[2023-03-28T22:42:14.117+0000] {task_command.py:388} INFO - Running <TaskInstance: etl_uniprot_Q9Y261.write_alternate_names scheduled__2023-03-27T00:00:00+00:00 [running]> on host 147865a62ab8
[2023-03-28T22:42:14.412+0000] {taskinstance.py:1511} INFO - Exporting the following env vars:
AIRFLOW_CTX_DAG_OWNER=***
AIRFLOW_CTX_DAG_ID=etl_uniprot_Q9Y261
AIRFLOW_CTX_TASK_ID=write_alternate_names
AIRFLOW_CTX_EXECUTION_DATE=2023-03-27T00:00:00+00:00
AIRFLOW_CTX_TRY_NUMBER=1
AIRFLOW_CTX_DAG_RUN_ID=scheduled__2023-03-27T00:00:00+00:00
[2023-03-28T22:42:14.590+0000] {python.py:177} INFO - Done. Returned value was: None
[2023-03-28T22:42:14.640+0000] {taskinstance.py:1326} INFO - Marking task as SUCCESS. dag_id=etl_uniprot_Q9Y261, task_id=write_alternate_names, execution_date=20230327T000000, start_date=20230328T224213, end_date=20230328T224214
[2023-03-28T22:42:14.752+0000] {local_task_job.py:212} INFO - Task exited with return code 0
[2023-03-28T22:42:14.887+0000] {taskinstance.py:2585} INFO - 0 downstream tasks scheduled from follow-on schedule check
[2023-03-28T22:46:44.010+0000] {taskinstance.py:1084} INFO - Dependencies all met for dep_context=non-requeueable deps ti=<TaskInstance: etl_uniprot_Q9Y261.write_alternate_names scheduled__2023-03-27T00:00:00+00:00 [queued]>
[2023-03-28T22:46:44.048+0000] {taskinstance.py:1084} INFO - Dependencies all met for dep_context=requeueable deps ti=<TaskInstance: etl_uniprot_Q9Y261.write_alternate_names scheduled__2023-03-27T00:00:00+00:00 [queued]>
[2023-03-28T22:46:44.049+0000] {taskinstance.py:1282} INFO - 
--------------------------------------------------------------------------------
[2023-03-28T22:46:44.050+0000] {taskinstance.py:1283} INFO - Starting attempt 1 of 1
[2023-03-28T22:46:44.051+0000] {taskinstance.py:1284} INFO - 
--------------------------------------------------------------------------------
[2023-03-28T22:46:44.102+0000] {taskinstance.py:1303} INFO - Executing <Task(_PythonDecoratedOperator): write_alternate_names> on 2023-03-27 00:00:00+00:00
[2023-03-28T22:46:44.131+0000] {standard_task_runner.py:55} INFO - Started process 1787 to run task
[2023-03-28T22:46:44.141+0000] {standard_task_runner.py:82} INFO - Running: ['***', 'tasks', 'run', 'etl_uniprot_Q9Y261', 'write_alternate_names', 'scheduled__2023-03-27T00:00:00+00:00', '--job-id', '168', '--raw', '--subdir', 'DAGS_FOLDER/uniprot_Q9Y261/main.py', '--cfg-path', '/tmp/tmplkhlcw77']
[2023-03-28T22:46:44.148+0000] {standard_task_runner.py:83} INFO - Job 168: Subtask write_alternate_names
[2023-03-28T22:46:44.333+0000] {task_command.py:388} INFO - Running <TaskInstance: etl_uniprot_Q9Y261.write_alternate_names scheduled__2023-03-27T00:00:00+00:00 [running]> on host 147865a62ab8
[2023-03-28T22:46:44.556+0000] {taskinstance.py:1511} INFO - Exporting the following env vars:
AIRFLOW_CTX_DAG_OWNER=***
AIRFLOW_CTX_DAG_ID=etl_uniprot_Q9Y261
AIRFLOW_CTX_TASK_ID=write_alternate_names
AIRFLOW_CTX_EXECUTION_DATE=2023-03-27T00:00:00+00:00
AIRFLOW_CTX_TRY_NUMBER=1
AIRFLOW_CTX_DAG_RUN_ID=scheduled__2023-03-27T00:00:00+00:00
[2023-03-28T22:46:44.607+0000] {python.py:177} INFO - Done. Returned value was: None
[2023-03-28T22:46:44.658+0000] {taskinstance.py:1326} INFO - Marking task as SUCCESS. dag_id=etl_uniprot_Q9Y261, task_id=write_alternate_names, execution_date=20230327T000000, start_date=20230328T224644, end_date=20230328T224644
[2023-03-28T22:46:44.738+0000] {local_task_job.py:212} INFO - Task exited with return code 0
[2023-03-28T22:46:44.876+0000] {taskinstance.py:2585} INFO - 0 downstream tasks scheduled from follow-on schedule check
[2023-03-28T23:13:06.490+0000] {taskinstance.py:1084} INFO - Dependencies all met for dep_context=non-requeueable deps ti=<TaskInstance: etl_uniprot_Q9Y261.write_alternate_names scheduled__2023-03-27T00:00:00+00:00 [queued]>
[2023-03-28T23:13:06.512+0000] {taskinstance.py:1084} INFO - Dependencies all met for dep_context=requeueable deps ti=<TaskInstance: etl_uniprot_Q9Y261.write_alternate_names scheduled__2023-03-27T00:00:00+00:00 [queued]>
[2023-03-28T23:13:06.514+0000] {taskinstance.py:1282} INFO - 
--------------------------------------------------------------------------------
[2023-03-28T23:13:06.516+0000] {taskinstance.py:1283} INFO - Starting attempt 1 of 1
[2023-03-28T23:13:06.517+0000] {taskinstance.py:1284} INFO - 
--------------------------------------------------------------------------------
[2023-03-28T23:13:06.551+0000] {taskinstance.py:1303} INFO - Executing <Task(_PythonDecoratedOperator): write_alternate_names> on 2023-03-27 00:00:00+00:00
[2023-03-28T23:13:06.563+0000] {standard_task_runner.py:55} INFO - Started process 3124 to run task
[2023-03-28T23:13:06.573+0000] {standard_task_runner.py:82} INFO - Running: ['***', 'tasks', 'run', 'etl_uniprot_Q9Y261', 'write_alternate_names', 'scheduled__2023-03-27T00:00:00+00:00', '--job-id', '224', '--raw', '--subdir', 'DAGS_FOLDER/uniprot_Q9Y261/main.py', '--cfg-path', '/tmp/tmpsg1xybd_']
[2023-03-28T23:13:06.576+0000] {standard_task_runner.py:83} INFO - Job 224: Subtask write_alternate_names
[2023-03-28T23:13:06.753+0000] {task_command.py:388} INFO - Running <TaskInstance: etl_uniprot_Q9Y261.write_alternate_names scheduled__2023-03-27T00:00:00+00:00 [running]> on host 147865a62ab8
[2023-03-28T23:13:06.972+0000] {taskinstance.py:1511} INFO - Exporting the following env vars:
AIRFLOW_CTX_DAG_OWNER=***
AIRFLOW_CTX_DAG_ID=etl_uniprot_Q9Y261
AIRFLOW_CTX_TASK_ID=write_alternate_names
AIRFLOW_CTX_EXECUTION_DATE=2023-03-27T00:00:00+00:00
AIRFLOW_CTX_TRY_NUMBER=1
AIRFLOW_CTX_DAG_RUN_ID=scheduled__2023-03-27T00:00:00+00:00
[2023-03-28T23:13:07.006+0000] {python.py:177} INFO - Done. Returned value was: None
[2023-03-28T23:13:07.032+0000] {taskinstance.py:1326} INFO - Marking task as SUCCESS. dag_id=etl_uniprot_Q9Y261, task_id=write_alternate_names, execution_date=20230327T000000, start_date=20230328T231306, end_date=20230328T231307
[2023-03-28T23:13:07.107+0000] {local_task_job.py:212} INFO - Task exited with return code 0
[2023-03-28T23:13:07.171+0000] {taskinstance.py:2585} INFO - 0 downstream tasks scheduled from follow-on schedule check
[2023-03-28T23:31:44.791+0000] {taskinstance.py:1084} INFO - Dependencies all met for dep_context=non-requeueable deps ti=<TaskInstance: etl_uniprot_Q9Y261.write_alternate_names scheduled__2023-03-27T00:00:00+00:00 [queued]>
[2023-03-28T23:31:44.825+0000] {taskinstance.py:1084} INFO - Dependencies all met for dep_context=requeueable deps ti=<TaskInstance: etl_uniprot_Q9Y261.write_alternate_names scheduled__2023-03-27T00:00:00+00:00 [queued]>
[2023-03-28T23:31:44.827+0000] {taskinstance.py:1282} INFO - 
--------------------------------------------------------------------------------
[2023-03-28T23:31:44.828+0000] {taskinstance.py:1283} INFO - Starting attempt 1 of 1
[2023-03-28T23:31:44.829+0000] {taskinstance.py:1284} INFO - 
--------------------------------------------------------------------------------
[2023-03-28T23:31:44.866+0000] {taskinstance.py:1303} INFO - Executing <Task(_PythonDecoratedOperator): write_alternate_names> on 2023-03-27 00:00:00+00:00
[2023-03-28T23:31:44.878+0000] {standard_task_runner.py:55} INFO - Started process 4054 to run task
[2023-03-28T23:31:44.885+0000] {standard_task_runner.py:82} INFO - Running: ['***', 'tasks', 'run', 'etl_uniprot_Q9Y261', 'write_alternate_names', 'scheduled__2023-03-27T00:00:00+00:00', '--job-id', '274', '--raw', '--subdir', 'DAGS_FOLDER/uniprot_Q9Y261/main.py', '--cfg-path', '/tmp/tmpsjo37rqd']
[2023-03-28T23:31:44.888+0000] {standard_task_runner.py:83} INFO - Job 274: Subtask write_alternate_names
[2023-03-28T23:31:45.065+0000] {task_command.py:388} INFO - Running <TaskInstance: etl_uniprot_Q9Y261.write_alternate_names scheduled__2023-03-27T00:00:00+00:00 [running]> on host 147865a62ab8
[2023-03-28T23:31:45.351+0000] {taskinstance.py:1511} INFO - Exporting the following env vars:
AIRFLOW_CTX_DAG_OWNER=***
AIRFLOW_CTX_DAG_ID=etl_uniprot_Q9Y261
AIRFLOW_CTX_TASK_ID=write_alternate_names
AIRFLOW_CTX_EXECUTION_DATE=2023-03-27T00:00:00+00:00
AIRFLOW_CTX_TRY_NUMBER=1
AIRFLOW_CTX_DAG_RUN_ID=scheduled__2023-03-27T00:00:00+00:00
[2023-03-28T23:31:45.404+0000] {python.py:177} INFO - Done. Returned value was: None
[2023-03-28T23:31:45.438+0000] {taskinstance.py:1326} INFO - Marking task as SUCCESS. dag_id=etl_uniprot_Q9Y261, task_id=write_alternate_names, execution_date=20230327T000000, start_date=20230328T233144, end_date=20230328T233145
[2023-03-28T23:31:45.508+0000] {local_task_job.py:212} INFO - Task exited with return code 0
[2023-03-28T23:31:45.664+0000] {taskinstance.py:2585} INFO - 0 downstream tasks scheduled from follow-on schedule check
[2023-03-28T23:35:19.471+0000] {taskinstance.py:1084} INFO - Dependencies all met for dep_context=non-requeueable deps ti=<TaskInstance: etl_uniprot_Q9Y261.write_alternate_names scheduled__2023-03-27T00:00:00+00:00 [queued]>
[2023-03-28T23:35:19.497+0000] {taskinstance.py:1084} INFO - Dependencies all met for dep_context=requeueable deps ti=<TaskInstance: etl_uniprot_Q9Y261.write_alternate_names scheduled__2023-03-27T00:00:00+00:00 [queued]>
[2023-03-28T23:35:19.499+0000] {taskinstance.py:1282} INFO - 
--------------------------------------------------------------------------------
[2023-03-28T23:35:19.500+0000] {taskinstance.py:1283} INFO - Starting attempt 1 of 1
[2023-03-28T23:35:19.502+0000] {taskinstance.py:1284} INFO - 
--------------------------------------------------------------------------------
[2023-03-28T23:35:19.537+0000] {taskinstance.py:1303} INFO - Executing <Task(_PythonDecoratedOperator): write_alternate_names> on 2023-03-27 00:00:00+00:00
[2023-03-28T23:35:19.546+0000] {standard_task_runner.py:55} INFO - Started process 4260 to run task
[2023-03-28T23:35:19.555+0000] {standard_task_runner.py:82} INFO - Running: ['***', 'tasks', 'run', 'etl_uniprot_Q9Y261', 'write_alternate_names', 'scheduled__2023-03-27T00:00:00+00:00', '--job-id', '285', '--raw', '--subdir', 'DAGS_FOLDER/uniprot_Q9Y261/main.py', '--cfg-path', '/tmp/tmpph0vwemt']
[2023-03-28T23:35:19.557+0000] {standard_task_runner.py:83} INFO - Job 285: Subtask write_alternate_names
[2023-03-28T23:35:19.770+0000] {task_command.py:388} INFO - Running <TaskInstance: etl_uniprot_Q9Y261.write_alternate_names scheduled__2023-03-27T00:00:00+00:00 [running]> on host 147865a62ab8
[2023-03-28T23:35:20.028+0000] {taskinstance.py:1511} INFO - Exporting the following env vars:
AIRFLOW_CTX_DAG_OWNER=***
AIRFLOW_CTX_DAG_ID=etl_uniprot_Q9Y261
AIRFLOW_CTX_TASK_ID=write_alternate_names
AIRFLOW_CTX_EXECUTION_DATE=2023-03-27T00:00:00+00:00
AIRFLOW_CTX_TRY_NUMBER=1
AIRFLOW_CTX_DAG_RUN_ID=scheduled__2023-03-27T00:00:00+00:00
[2023-03-28T23:35:20.095+0000] {python.py:177} INFO - Done. Returned value was: None
[2023-03-28T23:35:20.131+0000] {taskinstance.py:1326} INFO - Marking task as SUCCESS. dag_id=etl_uniprot_Q9Y261, task_id=write_alternate_names, execution_date=20230327T000000, start_date=20230328T233519, end_date=20230328T233520
[2023-03-28T23:35:20.208+0000] {local_task_job.py:212} INFO - Task exited with return code 0
[2023-03-28T23:35:20.318+0000] {taskinstance.py:2585} INFO - 0 downstream tasks scheduled from follow-on schedule check
[2023-03-28T23:48:58.631+0000] {taskinstance.py:1084} INFO - Dependencies all met for dep_context=non-requeueable deps ti=<TaskInstance: etl_uniprot_Q9Y261.write_alternate_names scheduled__2023-03-27T00:00:00+00:00 [queued]>
[2023-03-28T23:48:58.670+0000] {taskinstance.py:1084} INFO - Dependencies all met for dep_context=requeueable deps ti=<TaskInstance: etl_uniprot_Q9Y261.write_alternate_names scheduled__2023-03-27T00:00:00+00:00 [queued]>
[2023-03-28T23:48:58.674+0000] {taskinstance.py:1282} INFO - 
--------------------------------------------------------------------------------
[2023-03-28T23:48:58.680+0000] {taskinstance.py:1283} INFO - Starting attempt 1 of 1
[2023-03-28T23:48:58.682+0000] {taskinstance.py:1284} INFO - 
--------------------------------------------------------------------------------
[2023-03-28T23:48:58.790+0000] {taskinstance.py:1303} INFO - Executing <Task(_PythonDecoratedOperator): write_alternate_names> on 2023-03-27 00:00:00+00:00
[2023-03-28T23:48:58.808+0000] {standard_task_runner.py:55} INFO - Started process 4929 to run task
[2023-03-28T23:48:58.828+0000] {standard_task_runner.py:82} INFO - Running: ['***', 'tasks', 'run', 'etl_uniprot_Q9Y261', 'write_alternate_names', 'scheduled__2023-03-27T00:00:00+00:00', '--job-id', '304', '--raw', '--subdir', 'DAGS_FOLDER/uniprot_Q9Y261/main.py', '--cfg-path', '/tmp/tmpwpymi17w']
[2023-03-28T23:48:58.830+0000] {standard_task_runner.py:83} INFO - Job 304: Subtask write_alternate_names
[2023-03-28T23:48:59.291+0000] {task_command.py:388} INFO - Running <TaskInstance: etl_uniprot_Q9Y261.write_alternate_names scheduled__2023-03-27T00:00:00+00:00 [running]> on host 147865a62ab8
[2023-03-28T23:48:59.802+0000] {taskinstance.py:1511} INFO - Exporting the following env vars:
AIRFLOW_CTX_DAG_OWNER=***
AIRFLOW_CTX_DAG_ID=etl_uniprot_Q9Y261
AIRFLOW_CTX_TASK_ID=write_alternate_names
AIRFLOW_CTX_EXECUTION_DATE=2023-03-27T00:00:00+00:00
AIRFLOW_CTX_TRY_NUMBER=1
AIRFLOW_CTX_DAG_RUN_ID=scheduled__2023-03-27T00:00:00+00:00
[2023-03-28T23:48:59.900+0000] {python.py:177} INFO - Done. Returned value was: None
[2023-03-28T23:49:00.012+0000] {taskinstance.py:1326} INFO - Marking task as SUCCESS. dag_id=etl_uniprot_Q9Y261, task_id=write_alternate_names, execution_date=20230327T000000, start_date=20230328T234858, end_date=20230328T234900
[2023-03-28T23:49:00.120+0000] {local_task_job.py:212} INFO - Task exited with return code 0
[2023-03-28T23:49:00.336+0000] {taskinstance.py:2585} INFO - 0 downstream tasks scheduled from follow-on schedule check
[2023-03-28T23:59:46.037+0000] {taskinstance.py:1084} INFO - Dependencies all met for dep_context=non-requeueable deps ti=<TaskInstance: etl_uniprot_Q9Y261.write_alternate_names scheduled__2023-03-27T00:00:00+00:00 [queued]>
[2023-03-28T23:59:46.056+0000] {taskinstance.py:1084} INFO - Dependencies all met for dep_context=requeueable deps ti=<TaskInstance: etl_uniprot_Q9Y261.write_alternate_names scheduled__2023-03-27T00:00:00+00:00 [queued]>
[2023-03-28T23:59:46.057+0000] {taskinstance.py:1282} INFO - 
--------------------------------------------------------------------------------
[2023-03-28T23:59:46.058+0000] {taskinstance.py:1283} INFO - Starting attempt 1 of 1
[2023-03-28T23:59:46.059+0000] {taskinstance.py:1284} INFO - 
--------------------------------------------------------------------------------
[2023-03-28T23:59:46.082+0000] {taskinstance.py:1303} INFO - Executing <Task(_PythonDecoratedOperator): write_alternate_names> on 2023-03-27 00:00:00+00:00
[2023-03-28T23:59:46.092+0000] {standard_task_runner.py:55} INFO - Started process 405 to run task
[2023-03-28T23:59:46.097+0000] {standard_task_runner.py:82} INFO - Running: ['***', 'tasks', 'run', 'etl_uniprot_Q9Y261', 'write_alternate_names', 'scheduled__2023-03-27T00:00:00+00:00', '--job-id', '11', '--raw', '--subdir', 'DAGS_FOLDER/uniprot_Q9Y261/main.py', '--cfg-path', '/tmp/tmp9xtzn5rd']
[2023-03-28T23:59:46.100+0000] {standard_task_runner.py:83} INFO - Job 11: Subtask write_alternate_names
[2023-03-28T23:59:46.217+0000] {task_command.py:388} INFO - Running <TaskInstance: etl_uniprot_Q9Y261.write_alternate_names scheduled__2023-03-27T00:00:00+00:00 [running]> on host f360a468cd4e
[2023-03-28T23:59:46.397+0000] {taskinstance.py:1511} INFO - Exporting the following env vars:
AIRFLOW_CTX_DAG_OWNER=***
AIRFLOW_CTX_DAG_ID=etl_uniprot_Q9Y261
AIRFLOW_CTX_TASK_ID=write_alternate_names
AIRFLOW_CTX_EXECUTION_DATE=2023-03-27T00:00:00+00:00
AIRFLOW_CTX_TRY_NUMBER=1
AIRFLOW_CTX_DAG_RUN_ID=scheduled__2023-03-27T00:00:00+00:00
[2023-03-28T23:59:47.075+0000] {python.py:177} INFO - Done. Returned value was: None
[2023-03-28T23:59:47.095+0000] {taskinstance.py:1326} INFO - Marking task as SUCCESS. dag_id=etl_uniprot_Q9Y261, task_id=write_alternate_names, execution_date=20230327T000000, start_date=20230328T235946, end_date=20230328T235947
[2023-03-28T23:59:47.156+0000] {local_task_job.py:212} INFO - Task exited with return code 0
[2023-03-28T23:59:47.206+0000] {taskinstance.py:2585} INFO - 0 downstream tasks scheduled from follow-on schedule check
