[2023-03-27T13:00:44.412+0000] {taskinstance.py:1084} INFO - Dependencies all met for dep_context=non-requeueable deps ti=<TaskInstance: etl_uniprot_Q9Y261.write_evidences manual__2023-03-27T13:00:35.521014+00:00 [queued]>
[2023-03-27T13:00:44.444+0000] {taskinstance.py:1084} INFO - Dependencies all met for dep_context=requeueable deps ti=<TaskInstance: etl_uniprot_Q9Y261.write_evidences manual__2023-03-27T13:00:35.521014+00:00 [queued]>
[2023-03-27T13:00:44.446+0000] {taskinstance.py:1282} INFO - 
--------------------------------------------------------------------------------
[2023-03-27T13:00:44.449+0000] {taskinstance.py:1283} INFO - Starting attempt 1 of 1
[2023-03-27T13:00:44.451+0000] {taskinstance.py:1284} INFO - 
--------------------------------------------------------------------------------
[2023-03-27T13:00:44.485+0000] {taskinstance.py:1303} INFO - Executing <Task(_PythonDecoratedOperator): write_evidences> on 2023-03-27 13:00:35.521014+00:00
[2023-03-27T13:00:44.496+0000] {standard_task_runner.py:55} INFO - Started process 492 to run task
[2023-03-27T13:00:44.512+0000] {standard_task_runner.py:82} INFO - Running: ['***', 'tasks', 'run', 'etl_uniprot_Q9Y261', 'write_evidences', 'manual__2023-03-27T13:00:35.521014+00:00', '--job-id', '47', '--raw', '--subdir', 'DAGS_FOLDER/uniprot_Q9Y261/main.py', '--cfg-path', '/tmp/tmplhbivr53']
[2023-03-27T13:00:44.516+0000] {standard_task_runner.py:83} INFO - Job 47: Subtask write_evidences
[2023-03-27T13:00:44.785+0000] {task_command.py:388} INFO - Running <TaskInstance: etl_uniprot_Q9Y261.write_evidences manual__2023-03-27T13:00:35.521014+00:00 [running]> on host 5da03bdb1b9e
[2023-03-27T13:00:45.048+0000] {taskinstance.py:1511} INFO - Exporting the following env vars:
AIRFLOW_CTX_DAG_OWNER=***
AIRFLOW_CTX_DAG_ID=etl_uniprot_Q9Y261
AIRFLOW_CTX_TASK_ID=write_evidences
AIRFLOW_CTX_EXECUTION_DATE=2023-03-27T13:00:35.521014+00:00
AIRFLOW_CTX_TRY_NUMBER=1
AIRFLOW_CTX_DAG_RUN_ID=manual__2023-03-27T13:00:35.521014+00:00
[2023-03-27T13:00:45.107+0000] {python.py:177} INFO - Done. Returned value was: None
[2023-03-27T13:00:45.142+0000] {taskinstance.py:1326} INFO - Marking task as SUCCESS. dag_id=etl_uniprot_Q9Y261, task_id=write_evidences, execution_date=20230327T130035, start_date=20230327T130044, end_date=20230327T130045
[2023-03-27T13:00:45.214+0000] {local_task_job.py:212} INFO - Task exited with return code 0
[2023-03-27T13:00:45.261+0000] {taskinstance.py:2585} INFO - 0 downstream tasks scheduled from follow-on schedule check
