[2023-03-28T22:20:04.387+0000] {taskinstance.py:1084} INFO - Dependencies all met for dep_context=non-requeueable deps ti=<TaskInstance: etl_uniprot_Q9Y261.write_lineages_of_organisms scheduled__2023-03-27T00:00:00+00:00 [queued]>
[2023-03-28T22:20:04.404+0000] {taskinstance.py:1084} INFO - Dependencies all met for dep_context=requeueable deps ti=<TaskInstance: etl_uniprot_Q9Y261.write_lineages_of_organisms scheduled__2023-03-27T00:00:00+00:00 [queued]>
[2023-03-28T22:20:04.405+0000] {taskinstance.py:1282} INFO - 
--------------------------------------------------------------------------------
[2023-03-28T22:20:04.405+0000] {taskinstance.py:1283} INFO - Starting attempt 1 of 1
[2023-03-28T22:20:04.406+0000] {taskinstance.py:1284} INFO - 
--------------------------------------------------------------------------------
[2023-03-28T22:20:04.437+0000] {taskinstance.py:1303} INFO - Executing <Task(_PythonDecoratedOperator): write_lineages_of_organisms> on 2023-03-27 00:00:00+00:00
[2023-03-28T22:20:04.445+0000] {standard_task_runner.py:55} INFO - Started process 153 to run task
[2023-03-28T22:20:04.450+0000] {standard_task_runner.py:82} INFO - Running: ['***', 'tasks', 'run', 'etl_uniprot_Q9Y261', 'write_lineages_of_organisms', 'scheduled__2023-03-27T00:00:00+00:00', '--job-id', '15', '--raw', '--subdir', 'DAGS_FOLDER/uniprot_Q9Y261/main.py', '--cfg-path', '/tmp/tmpiuh_5l6j']
[2023-03-28T22:20:04.452+0000] {standard_task_runner.py:83} INFO - Job 15: Subtask write_lineages_of_organisms
[2023-03-28T22:20:04.574+0000] {task_command.py:388} INFO - Running <TaskInstance: etl_uniprot_Q9Y261.write_lineages_of_organisms scheduled__2023-03-27T00:00:00+00:00 [running]> on host 147865a62ab8
[2023-03-28T22:20:04.710+0000] {taskinstance.py:1511} INFO - Exporting the following env vars:
AIRFLOW_CTX_DAG_OWNER=***
AIRFLOW_CTX_DAG_ID=etl_uniprot_Q9Y261
AIRFLOW_CTX_TASK_ID=write_lineages_of_organisms
AIRFLOW_CTX_EXECUTION_DATE=2023-03-27T00:00:00+00:00
AIRFLOW_CTX_TRY_NUMBER=1
AIRFLOW_CTX_DAG_RUN_ID=scheduled__2023-03-27T00:00:00+00:00
[2023-03-28T22:20:04.871+0000] {python.py:177} INFO - Done. Returned value was: None
[2023-03-28T22:20:04.899+0000] {taskinstance.py:1326} INFO - Marking task as SUCCESS. dag_id=etl_uniprot_Q9Y261, task_id=write_lineages_of_organisms, execution_date=20230327T000000, start_date=20230328T222004, end_date=20230328T222004
[2023-03-28T22:20:04.944+0000] {local_task_job.py:212} INFO - Task exited with return code 0
[2023-03-28T22:20:04.977+0000] {taskinstance.py:2585} INFO - 0 downstream tasks scheduled from follow-on schedule check
[2023-03-28T22:23:22.956+0000] {taskinstance.py:1084} INFO - Dependencies all met for dep_context=non-requeueable deps ti=<TaskInstance: etl_uniprot_Q9Y261.write_lineages_of_organisms scheduled__2023-03-27T00:00:00+00:00 [queued]>
[2023-03-28T22:23:22.975+0000] {taskinstance.py:1084} INFO - Dependencies all met for dep_context=requeueable deps ti=<TaskInstance: etl_uniprot_Q9Y261.write_lineages_of_organisms scheduled__2023-03-27T00:00:00+00:00 [queued]>
[2023-03-28T22:23:22.976+0000] {taskinstance.py:1282} INFO - 
--------------------------------------------------------------------------------
[2023-03-28T22:23:22.977+0000] {taskinstance.py:1283} INFO - Starting attempt 1 of 1
[2023-03-28T22:23:22.978+0000] {taskinstance.py:1284} INFO - 
--------------------------------------------------------------------------------
[2023-03-28T22:23:23.002+0000] {taskinstance.py:1303} INFO - Executing <Task(_PythonDecoratedOperator): write_lineages_of_organisms> on 2023-03-27 00:00:00+00:00
[2023-03-28T22:23:23.010+0000] {standard_task_runner.py:55} INFO - Started process 341 to run task
[2023-03-28T22:23:23.016+0000] {standard_task_runner.py:82} INFO - Running: ['***', 'tasks', 'run', 'etl_uniprot_Q9Y261', 'write_lineages_of_organisms', 'scheduled__2023-03-27T00:00:00+00:00', '--job-id', '30', '--raw', '--subdir', 'DAGS_FOLDER/uniprot_Q9Y261/main.py', '--cfg-path', '/tmp/tmpn4kafj7v']
[2023-03-28T22:23:23.017+0000] {standard_task_runner.py:83} INFO - Job 30: Subtask write_lineages_of_organisms
[2023-03-28T22:23:23.148+0000] {task_command.py:388} INFO - Running <TaskInstance: etl_uniprot_Q9Y261.write_lineages_of_organisms scheduled__2023-03-27T00:00:00+00:00 [running]> on host 147865a62ab8
[2023-03-28T22:23:23.330+0000] {taskinstance.py:1511} INFO - Exporting the following env vars:
AIRFLOW_CTX_DAG_OWNER=***
AIRFLOW_CTX_DAG_ID=etl_uniprot_Q9Y261
AIRFLOW_CTX_TASK_ID=write_lineages_of_organisms
AIRFLOW_CTX_EXECUTION_DATE=2023-03-27T00:00:00+00:00
AIRFLOW_CTX_TRY_NUMBER=1
AIRFLOW_CTX_DAG_RUN_ID=scheduled__2023-03-27T00:00:00+00:00
[2023-03-28T22:23:23.413+0000] {python.py:177} INFO - Done. Returned value was: None
[2023-03-28T22:23:23.440+0000] {taskinstance.py:1326} INFO - Marking task as SUCCESS. dag_id=etl_uniprot_Q9Y261, task_id=write_lineages_of_organisms, execution_date=20230327T000000, start_date=20230328T222322, end_date=20230328T222323
[2023-03-28T22:23:23.509+0000] {local_task_job.py:212} INFO - Task exited with return code 0
[2023-03-28T22:23:23.549+0000] {taskinstance.py:2585} INFO - 0 downstream tasks scheduled from follow-on schedule check
[2023-03-28T22:36:16.828+0000] {taskinstance.py:1084} INFO - Dependencies all met for dep_context=non-requeueable deps ti=<TaskInstance: etl_uniprot_Q9Y261.write_lineages_of_organisms scheduled__2023-03-27T00:00:00+00:00 [queued]>
[2023-03-28T22:36:16.846+0000] {taskinstance.py:1084} INFO - Dependencies all met for dep_context=requeueable deps ti=<TaskInstance: etl_uniprot_Q9Y261.write_lineages_of_organisms scheduled__2023-03-27T00:00:00+00:00 [queued]>
[2023-03-28T22:36:16.847+0000] {taskinstance.py:1282} INFO - 
--------------------------------------------------------------------------------
[2023-03-28T22:36:16.848+0000] {taskinstance.py:1283} INFO - Starting attempt 1 of 1
[2023-03-28T22:36:16.849+0000] {taskinstance.py:1284} INFO - 
--------------------------------------------------------------------------------
[2023-03-28T22:36:16.873+0000] {taskinstance.py:1303} INFO - Executing <Task(_PythonDecoratedOperator): write_lineages_of_organisms> on 2023-03-27 00:00:00+00:00
[2023-03-28T22:36:16.881+0000] {standard_task_runner.py:55} INFO - Started process 1150 to run task
[2023-03-28T22:36:16.886+0000] {standard_task_runner.py:82} INFO - Running: ['***', 'tasks', 'run', 'etl_uniprot_Q9Y261', 'write_lineages_of_organisms', 'scheduled__2023-03-27T00:00:00+00:00', '--job-id', '107', '--raw', '--subdir', 'DAGS_FOLDER/uniprot_Q9Y261/main.py', '--cfg-path', '/tmp/tmpim3pgrmo']
[2023-03-28T22:36:16.888+0000] {standard_task_runner.py:83} INFO - Job 107: Subtask write_lineages_of_organisms
[2023-03-28T22:36:17.000+0000] {task_command.py:388} INFO - Running <TaskInstance: etl_uniprot_Q9Y261.write_lineages_of_organisms scheduled__2023-03-27T00:00:00+00:00 [running]> on host 147865a62ab8
[2023-03-28T22:36:17.140+0000] {taskinstance.py:1511} INFO - Exporting the following env vars:
AIRFLOW_CTX_DAG_OWNER=***
AIRFLOW_CTX_DAG_ID=etl_uniprot_Q9Y261
AIRFLOW_CTX_TASK_ID=write_lineages_of_organisms
AIRFLOW_CTX_EXECUTION_DATE=2023-03-27T00:00:00+00:00
AIRFLOW_CTX_TRY_NUMBER=1
AIRFLOW_CTX_DAG_RUN_ID=scheduled__2023-03-27T00:00:00+00:00
[2023-03-28T22:36:17.184+0000] {python.py:177} INFO - Done. Returned value was: None
[2023-03-28T22:36:17.211+0000] {taskinstance.py:1326} INFO - Marking task as SUCCESS. dag_id=etl_uniprot_Q9Y261, task_id=write_lineages_of_organisms, execution_date=20230327T000000, start_date=20230328T223616, end_date=20230328T223617
[2023-03-28T22:36:17.264+0000] {local_task_job.py:212} INFO - Task exited with return code 0
[2023-03-28T22:36:17.303+0000] {taskinstance.py:2585} INFO - 0 downstream tasks scheduled from follow-on schedule check
[2023-03-28T22:39:30.069+0000] {taskinstance.py:1084} INFO - Dependencies all met for dep_context=non-requeueable deps ti=<TaskInstance: etl_uniprot_Q9Y261.write_lineages_of_organisms scheduled__2023-03-27T00:00:00+00:00 [queued]>
[2023-03-28T22:39:30.083+0000] {taskinstance.py:1084} INFO - Dependencies all met for dep_context=requeueable deps ti=<TaskInstance: etl_uniprot_Q9Y261.write_lineages_of_organisms scheduled__2023-03-27T00:00:00+00:00 [queued]>
[2023-03-28T22:39:30.084+0000] {taskinstance.py:1282} INFO - 
--------------------------------------------------------------------------------
[2023-03-28T22:39:30.085+0000] {taskinstance.py:1283} INFO - Starting attempt 1 of 1
[2023-03-28T22:39:30.086+0000] {taskinstance.py:1284} INFO - 
--------------------------------------------------------------------------------
[2023-03-28T22:39:30.104+0000] {taskinstance.py:1303} INFO - Executing <Task(_PythonDecoratedOperator): write_lineages_of_organisms> on 2023-03-27 00:00:00+00:00
[2023-03-28T22:39:30.110+0000] {standard_task_runner.py:55} INFO - Started process 1344 to run task
[2023-03-28T22:39:30.113+0000] {standard_task_runner.py:82} INFO - Running: ['***', 'tasks', 'run', 'etl_uniprot_Q9Y261', 'write_lineages_of_organisms', 'scheduled__2023-03-27T00:00:00+00:00', '--job-id', '125', '--raw', '--subdir', 'DAGS_FOLDER/uniprot_Q9Y261/main.py', '--cfg-path', '/tmp/tmpy5lp82uq']
[2023-03-28T22:39:30.114+0000] {standard_task_runner.py:83} INFO - Job 125: Subtask write_lineages_of_organisms
[2023-03-28T22:39:30.206+0000] {task_command.py:388} INFO - Running <TaskInstance: etl_uniprot_Q9Y261.write_lineages_of_organisms scheduled__2023-03-27T00:00:00+00:00 [running]> on host 147865a62ab8
[2023-03-28T22:39:30.318+0000] {taskinstance.py:1511} INFO - Exporting the following env vars:
AIRFLOW_CTX_DAG_OWNER=***
AIRFLOW_CTX_DAG_ID=etl_uniprot_Q9Y261
AIRFLOW_CTX_TASK_ID=write_lineages_of_organisms
AIRFLOW_CTX_EXECUTION_DATE=2023-03-27T00:00:00+00:00
AIRFLOW_CTX_TRY_NUMBER=1
AIRFLOW_CTX_DAG_RUN_ID=scheduled__2023-03-27T00:00:00+00:00
[2023-03-28T22:39:30.344+0000] {python.py:177} INFO - Done. Returned value was: None
[2023-03-28T22:39:30.361+0000] {taskinstance.py:1326} INFO - Marking task as SUCCESS. dag_id=etl_uniprot_Q9Y261, task_id=write_lineages_of_organisms, execution_date=20230327T000000, start_date=20230328T223930, end_date=20230328T223930
[2023-03-28T22:39:30.409+0000] {local_task_job.py:212} INFO - Task exited with return code 0
[2023-03-28T22:39:30.433+0000] {taskinstance.py:2585} INFO - 0 downstream tasks scheduled from follow-on schedule check
[2023-03-28T22:42:17.471+0000] {taskinstance.py:1084} INFO - Dependencies all met for dep_context=non-requeueable deps ti=<TaskInstance: etl_uniprot_Q9Y261.write_lineages_of_organisms scheduled__2023-03-27T00:00:00+00:00 [queued]>
[2023-03-28T22:42:17.492+0000] {taskinstance.py:1084} INFO - Dependencies all met for dep_context=requeueable deps ti=<TaskInstance: etl_uniprot_Q9Y261.write_lineages_of_organisms scheduled__2023-03-27T00:00:00+00:00 [queued]>
[2023-03-28T22:42:17.493+0000] {taskinstance.py:1282} INFO - 
--------------------------------------------------------------------------------
[2023-03-28T22:42:17.494+0000] {taskinstance.py:1283} INFO - Starting attempt 1 of 1
[2023-03-28T22:42:17.495+0000] {taskinstance.py:1284} INFO - 
--------------------------------------------------------------------------------
[2023-03-28T22:42:17.526+0000] {taskinstance.py:1303} INFO - Executing <Task(_PythonDecoratedOperator): write_lineages_of_organisms> on 2023-03-27 00:00:00+00:00
[2023-03-28T22:42:17.535+0000] {standard_task_runner.py:55} INFO - Started process 1558 to run task
[2023-03-28T22:42:17.540+0000] {standard_task_runner.py:82} INFO - Running: ['***', 'tasks', 'run', 'etl_uniprot_Q9Y261', 'write_lineages_of_organisms', 'scheduled__2023-03-27T00:00:00+00:00', '--job-id', '155', '--raw', '--subdir', 'DAGS_FOLDER/uniprot_Q9Y261/main.py', '--cfg-path', '/tmp/tmpk2pfdpxh']
[2023-03-28T22:42:17.541+0000] {standard_task_runner.py:83} INFO - Job 155: Subtask write_lineages_of_organisms
[2023-03-28T22:42:17.675+0000] {task_command.py:388} INFO - Running <TaskInstance: etl_uniprot_Q9Y261.write_lineages_of_organisms scheduled__2023-03-27T00:00:00+00:00 [running]> on host 147865a62ab8
[2023-03-28T22:42:17.828+0000] {taskinstance.py:1511} INFO - Exporting the following env vars:
AIRFLOW_CTX_DAG_OWNER=***
AIRFLOW_CTX_DAG_ID=etl_uniprot_Q9Y261
AIRFLOW_CTX_TASK_ID=write_lineages_of_organisms
AIRFLOW_CTX_EXECUTION_DATE=2023-03-27T00:00:00+00:00
AIRFLOW_CTX_TRY_NUMBER=1
AIRFLOW_CTX_DAG_RUN_ID=scheduled__2023-03-27T00:00:00+00:00
[2023-03-28T22:42:17.909+0000] {python.py:177} INFO - Done. Returned value was: None
[2023-03-28T22:42:17.959+0000] {taskinstance.py:1326} INFO - Marking task as SUCCESS. dag_id=etl_uniprot_Q9Y261, task_id=write_lineages_of_organisms, execution_date=20230327T000000, start_date=20230328T224217, end_date=20230328T224217
[2023-03-28T22:42:18.001+0000] {local_task_job.py:212} INFO - Task exited with return code 0
[2023-03-28T22:42:18.035+0000] {taskinstance.py:2585} INFO - 0 downstream tasks scheduled from follow-on schedule check
[2023-03-28T22:46:47.452+0000] {taskinstance.py:1084} INFO - Dependencies all met for dep_context=non-requeueable deps ti=<TaskInstance: etl_uniprot_Q9Y261.write_lineages_of_organisms scheduled__2023-03-27T00:00:00+00:00 [queued]>
[2023-03-28T22:46:47.480+0000] {taskinstance.py:1084} INFO - Dependencies all met for dep_context=requeueable deps ti=<TaskInstance: etl_uniprot_Q9Y261.write_lineages_of_organisms scheduled__2023-03-27T00:00:00+00:00 [queued]>
[2023-03-28T22:46:47.482+0000] {taskinstance.py:1282} INFO - 
--------------------------------------------------------------------------------
[2023-03-28T22:46:47.483+0000] {taskinstance.py:1283} INFO - Starting attempt 1 of 1
[2023-03-28T22:46:47.484+0000] {taskinstance.py:1284} INFO - 
--------------------------------------------------------------------------------
[2023-03-28T22:46:47.516+0000] {taskinstance.py:1303} INFO - Executing <Task(_PythonDecoratedOperator): write_lineages_of_organisms> on 2023-03-27 00:00:00+00:00
[2023-03-28T22:46:47.527+0000] {standard_task_runner.py:55} INFO - Started process 1803 to run task
[2023-03-28T22:46:47.532+0000] {standard_task_runner.py:82} INFO - Running: ['***', 'tasks', 'run', 'etl_uniprot_Q9Y261', 'write_lineages_of_organisms', 'scheduled__2023-03-27T00:00:00+00:00', '--job-id', '173', '--raw', '--subdir', 'DAGS_FOLDER/uniprot_Q9Y261/main.py', '--cfg-path', '/tmp/tmpc8mrafuc']
[2023-03-28T22:46:47.534+0000] {standard_task_runner.py:83} INFO - Job 173: Subtask write_lineages_of_organisms
[2023-03-28T22:46:47.692+0000] {task_command.py:388} INFO - Running <TaskInstance: etl_uniprot_Q9Y261.write_lineages_of_organisms scheduled__2023-03-27T00:00:00+00:00 [running]> on host 147865a62ab8
[2023-03-28T22:46:47.871+0000] {taskinstance.py:1511} INFO - Exporting the following env vars:
AIRFLOW_CTX_DAG_OWNER=***
AIRFLOW_CTX_DAG_ID=etl_uniprot_Q9Y261
AIRFLOW_CTX_TASK_ID=write_lineages_of_organisms
AIRFLOW_CTX_EXECUTION_DATE=2023-03-27T00:00:00+00:00
AIRFLOW_CTX_TRY_NUMBER=1
AIRFLOW_CTX_DAG_RUN_ID=scheduled__2023-03-27T00:00:00+00:00
[2023-03-28T22:46:47.957+0000] {python.py:177} INFO - Done. Returned value was: None
[2023-03-28T22:46:48.007+0000] {taskinstance.py:1326} INFO - Marking task as SUCCESS. dag_id=etl_uniprot_Q9Y261, task_id=write_lineages_of_organisms, execution_date=20230327T000000, start_date=20230328T224647, end_date=20230328T224648
[2023-03-28T22:46:48.081+0000] {local_task_job.py:212} INFO - Task exited with return code 0
[2023-03-28T22:46:48.159+0000] {taskinstance.py:2585} INFO - 0 downstream tasks scheduled from follow-on schedule check
[2023-03-28T23:13:08.856+0000] {taskinstance.py:1084} INFO - Dependencies all met for dep_context=non-requeueable deps ti=<TaskInstance: etl_uniprot_Q9Y261.write_lineages_of_organisms scheduled__2023-03-27T00:00:00+00:00 [queued]>
[2023-03-28T23:13:08.875+0000] {taskinstance.py:1084} INFO - Dependencies all met for dep_context=requeueable deps ti=<TaskInstance: etl_uniprot_Q9Y261.write_lineages_of_organisms scheduled__2023-03-27T00:00:00+00:00 [queued]>
[2023-03-28T23:13:08.876+0000] {taskinstance.py:1282} INFO - 
--------------------------------------------------------------------------------
[2023-03-28T23:13:08.877+0000] {taskinstance.py:1283} INFO - Starting attempt 1 of 1
[2023-03-28T23:13:08.879+0000] {taskinstance.py:1284} INFO - 
--------------------------------------------------------------------------------
[2023-03-28T23:13:08.901+0000] {taskinstance.py:1303} INFO - Executing <Task(_PythonDecoratedOperator): write_lineages_of_organisms> on 2023-03-27 00:00:00+00:00
[2023-03-28T23:13:08.909+0000] {standard_task_runner.py:55} INFO - Started process 3139 to run task
[2023-03-28T23:13:08.916+0000] {standard_task_runner.py:82} INFO - Running: ['***', 'tasks', 'run', 'etl_uniprot_Q9Y261', 'write_lineages_of_organisms', 'scheduled__2023-03-27T00:00:00+00:00', '--job-id', '232', '--raw', '--subdir', 'DAGS_FOLDER/uniprot_Q9Y261/main.py', '--cfg-path', '/tmp/tmpxv8z0_i_']
[2023-03-28T23:13:08.918+0000] {standard_task_runner.py:83} INFO - Job 232: Subtask write_lineages_of_organisms
[2023-03-28T23:13:09.036+0000] {task_command.py:388} INFO - Running <TaskInstance: etl_uniprot_Q9Y261.write_lineages_of_organisms scheduled__2023-03-27T00:00:00+00:00 [running]> on host 147865a62ab8
[2023-03-28T23:13:09.167+0000] {taskinstance.py:1511} INFO - Exporting the following env vars:
AIRFLOW_CTX_DAG_OWNER=***
AIRFLOW_CTX_DAG_ID=etl_uniprot_Q9Y261
AIRFLOW_CTX_TASK_ID=write_lineages_of_organisms
AIRFLOW_CTX_EXECUTION_DATE=2023-03-27T00:00:00+00:00
AIRFLOW_CTX_TRY_NUMBER=1
AIRFLOW_CTX_DAG_RUN_ID=scheduled__2023-03-27T00:00:00+00:00
[2023-03-28T23:13:09.228+0000] {python.py:177} INFO - Done. Returned value was: None
[2023-03-28T23:13:09.263+0000] {taskinstance.py:1326} INFO - Marking task as SUCCESS. dag_id=etl_uniprot_Q9Y261, task_id=write_lineages_of_organisms, execution_date=20230327T000000, start_date=20230328T231308, end_date=20230328T231309
[2023-03-28T23:13:09.331+0000] {local_task_job.py:212} INFO - Task exited with return code 0
[2023-03-28T23:13:09.362+0000] {taskinstance.py:2585} INFO - 0 downstream tasks scheduled from follow-on schedule check
[2023-03-28T23:31:47.318+0000] {taskinstance.py:1084} INFO - Dependencies all met for dep_context=non-requeueable deps ti=<TaskInstance: etl_uniprot_Q9Y261.write_lineages_of_organisms scheduled__2023-03-27T00:00:00+00:00 [queued]>
[2023-03-28T23:31:47.339+0000] {taskinstance.py:1084} INFO - Dependencies all met for dep_context=requeueable deps ti=<TaskInstance: etl_uniprot_Q9Y261.write_lineages_of_organisms scheduled__2023-03-27T00:00:00+00:00 [queued]>
[2023-03-28T23:31:47.340+0000] {taskinstance.py:1282} INFO - 
--------------------------------------------------------------------------------
[2023-03-28T23:31:47.340+0000] {taskinstance.py:1283} INFO - Starting attempt 1 of 1
[2023-03-28T23:31:47.341+0000] {taskinstance.py:1284} INFO - 
--------------------------------------------------------------------------------
[2023-03-28T23:31:47.368+0000] {taskinstance.py:1303} INFO - Executing <Task(_PythonDecoratedOperator): write_lineages_of_organisms> on 2023-03-27 00:00:00+00:00
[2023-03-28T23:31:47.376+0000] {standard_task_runner.py:55} INFO - Started process 4066 to run task
[2023-03-28T23:31:47.382+0000] {standard_task_runner.py:82} INFO - Running: ['***', 'tasks', 'run', 'etl_uniprot_Q9Y261', 'write_lineages_of_organisms', 'scheduled__2023-03-27T00:00:00+00:00', '--job-id', '278', '--raw', '--subdir', 'DAGS_FOLDER/uniprot_Q9Y261/main.py', '--cfg-path', '/tmp/tmpyk24vnxc']
[2023-03-28T23:31:47.383+0000] {standard_task_runner.py:83} INFO - Job 278: Subtask write_lineages_of_organisms
[2023-03-28T23:31:47.496+0000] {task_command.py:388} INFO - Running <TaskInstance: etl_uniprot_Q9Y261.write_lineages_of_organisms scheduled__2023-03-27T00:00:00+00:00 [running]> on host 147865a62ab8
[2023-03-28T23:31:47.633+0000] {taskinstance.py:1511} INFO - Exporting the following env vars:
AIRFLOW_CTX_DAG_OWNER=***
AIRFLOW_CTX_DAG_ID=etl_uniprot_Q9Y261
AIRFLOW_CTX_TASK_ID=write_lineages_of_organisms
AIRFLOW_CTX_EXECUTION_DATE=2023-03-27T00:00:00+00:00
AIRFLOW_CTX_TRY_NUMBER=1
AIRFLOW_CTX_DAG_RUN_ID=scheduled__2023-03-27T00:00:00+00:00
[2023-03-28T23:31:47.714+0000] {python.py:177} INFO - Done. Returned value was: None
[2023-03-28T23:31:47.749+0000] {taskinstance.py:1326} INFO - Marking task as SUCCESS. dag_id=etl_uniprot_Q9Y261, task_id=write_lineages_of_organisms, execution_date=20230327T000000, start_date=20230328T233147, end_date=20230328T233147
[2023-03-28T23:31:47.796+0000] {local_task_job.py:212} INFO - Task exited with return code 0
[2023-03-28T23:31:47.828+0000] {taskinstance.py:2585} INFO - 0 downstream tasks scheduled from follow-on schedule check
[2023-03-28T23:35:22.123+0000] {taskinstance.py:1084} INFO - Dependencies all met for dep_context=non-requeueable deps ti=<TaskInstance: etl_uniprot_Q9Y261.write_lineages_of_organisms scheduled__2023-03-27T00:00:00+00:00 [queued]>
[2023-03-28T23:35:22.150+0000] {taskinstance.py:1084} INFO - Dependencies all met for dep_context=requeueable deps ti=<TaskInstance: etl_uniprot_Q9Y261.write_lineages_of_organisms scheduled__2023-03-27T00:00:00+00:00 [queued]>
[2023-03-28T23:35:22.151+0000] {taskinstance.py:1282} INFO - 
--------------------------------------------------------------------------------
[2023-03-28T23:35:22.152+0000] {taskinstance.py:1283} INFO - Starting attempt 1 of 1
[2023-03-28T23:35:22.153+0000] {taskinstance.py:1284} INFO - 
--------------------------------------------------------------------------------
[2023-03-28T23:35:22.196+0000] {taskinstance.py:1303} INFO - Executing <Task(_PythonDecoratedOperator): write_lineages_of_organisms> on 2023-03-27 00:00:00+00:00
[2023-03-28T23:35:22.213+0000] {standard_task_runner.py:55} INFO - Started process 4274 to run task
[2023-03-28T23:35:22.218+0000] {standard_task_runner.py:82} INFO - Running: ['***', 'tasks', 'run', 'etl_uniprot_Q9Y261', 'write_lineages_of_organisms', 'scheduled__2023-03-27T00:00:00+00:00', '--job-id', '290', '--raw', '--subdir', 'DAGS_FOLDER/uniprot_Q9Y261/main.py', '--cfg-path', '/tmp/tmpheqvgc2s']
[2023-03-28T23:35:22.221+0000] {standard_task_runner.py:83} INFO - Job 290: Subtask write_lineages_of_organisms
[2023-03-28T23:35:22.388+0000] {task_command.py:388} INFO - Running <TaskInstance: etl_uniprot_Q9Y261.write_lineages_of_organisms scheduled__2023-03-27T00:00:00+00:00 [running]> on host 147865a62ab8
[2023-03-28T23:35:22.594+0000] {taskinstance.py:1511} INFO - Exporting the following env vars:
AIRFLOW_CTX_DAG_OWNER=***
AIRFLOW_CTX_DAG_ID=etl_uniprot_Q9Y261
AIRFLOW_CTX_TASK_ID=write_lineages_of_organisms
AIRFLOW_CTX_EXECUTION_DATE=2023-03-27T00:00:00+00:00
AIRFLOW_CTX_TRY_NUMBER=1
AIRFLOW_CTX_DAG_RUN_ID=scheduled__2023-03-27T00:00:00+00:00
[2023-03-28T23:35:22.836+0000] {python.py:177} INFO - Done. Returned value was: None
[2023-03-28T23:35:22.868+0000] {taskinstance.py:1326} INFO - Marking task as SUCCESS. dag_id=etl_uniprot_Q9Y261, task_id=write_lineages_of_organisms, execution_date=20230327T000000, start_date=20230328T233522, end_date=20230328T233522
[2023-03-28T23:35:22.957+0000] {local_task_job.py:212} INFO - Task exited with return code 0
[2023-03-28T23:35:23.021+0000] {taskinstance.py:2585} INFO - 0 downstream tasks scheduled from follow-on schedule check
[2023-03-28T23:49:05.213+0000] {taskinstance.py:1084} INFO - Dependencies all met for dep_context=non-requeueable deps ti=<TaskInstance: etl_uniprot_Q9Y261.write_lineages_of_organisms scheduled__2023-03-27T00:00:00+00:00 [queued]>
[2023-03-28T23:49:05.256+0000] {taskinstance.py:1084} INFO - Dependencies all met for dep_context=requeueable deps ti=<TaskInstance: etl_uniprot_Q9Y261.write_lineages_of_organisms scheduled__2023-03-27T00:00:00+00:00 [queued]>
[2023-03-28T23:49:05.261+0000] {taskinstance.py:1282} INFO - 
--------------------------------------------------------------------------------
[2023-03-28T23:49:05.265+0000] {taskinstance.py:1283} INFO - Starting attempt 1 of 1
[2023-03-28T23:49:05.275+0000] {taskinstance.py:1284} INFO - 
--------------------------------------------------------------------------------
[2023-03-28T23:49:05.394+0000] {taskinstance.py:1303} INFO - Executing <Task(_PythonDecoratedOperator): write_lineages_of_organisms> on 2023-03-27 00:00:00+00:00
[2023-03-28T23:49:05.422+0000] {standard_task_runner.py:55} INFO - Started process 4960 to run task
[2023-03-28T23:49:05.431+0000] {standard_task_runner.py:82} INFO - Running: ['***', 'tasks', 'run', 'etl_uniprot_Q9Y261', 'write_lineages_of_organisms', 'scheduled__2023-03-27T00:00:00+00:00', '--job-id', '319', '--raw', '--subdir', 'DAGS_FOLDER/uniprot_Q9Y261/main.py', '--cfg-path', '/tmp/tmp4rm68hpz']
[2023-03-28T23:49:05.436+0000] {standard_task_runner.py:83} INFO - Job 319: Subtask write_lineages_of_organisms
[2023-03-28T23:49:05.798+0000] {task_command.py:388} INFO - Running <TaskInstance: etl_uniprot_Q9Y261.write_lineages_of_organisms scheduled__2023-03-27T00:00:00+00:00 [running]> on host 147865a62ab8
[2023-03-28T23:49:06.382+0000] {taskinstance.py:1511} INFO - Exporting the following env vars:
AIRFLOW_CTX_DAG_OWNER=***
AIRFLOW_CTX_DAG_ID=etl_uniprot_Q9Y261
AIRFLOW_CTX_TASK_ID=write_lineages_of_organisms
AIRFLOW_CTX_EXECUTION_DATE=2023-03-27T00:00:00+00:00
AIRFLOW_CTX_TRY_NUMBER=1
AIRFLOW_CTX_DAG_RUN_ID=scheduled__2023-03-27T00:00:00+00:00
[2023-03-28T23:49:06.649+0000] {python.py:177} INFO - Done. Returned value was: None
[2023-03-28T23:49:06.682+0000] {taskinstance.py:1326} INFO - Marking task as SUCCESS. dag_id=etl_uniprot_Q9Y261, task_id=write_lineages_of_organisms, execution_date=20230327T000000, start_date=20230328T234905, end_date=20230328T234906
[2023-03-28T23:49:06.762+0000] {local_task_job.py:212} INFO - Task exited with return code 0
[2023-03-28T23:49:06.828+0000] {taskinstance.py:2585} INFO - 0 downstream tasks scheduled from follow-on schedule check
[2023-03-28T23:59:48.939+0000] {taskinstance.py:1084} INFO - Dependencies all met for dep_context=non-requeueable deps ti=<TaskInstance: etl_uniprot_Q9Y261.write_lineages_of_organisms scheduled__2023-03-27T00:00:00+00:00 [queued]>
[2023-03-28T23:59:48.962+0000] {taskinstance.py:1084} INFO - Dependencies all met for dep_context=requeueable deps ti=<TaskInstance: etl_uniprot_Q9Y261.write_lineages_of_organisms scheduled__2023-03-27T00:00:00+00:00 [queued]>
[2023-03-28T23:59:48.963+0000] {taskinstance.py:1282} INFO - 
--------------------------------------------------------------------------------
[2023-03-28T23:59:48.964+0000] {taskinstance.py:1283} INFO - Starting attempt 1 of 1
[2023-03-28T23:59:48.965+0000] {taskinstance.py:1284} INFO - 
--------------------------------------------------------------------------------
[2023-03-28T23:59:48.997+0000] {taskinstance.py:1303} INFO - Executing <Task(_PythonDecoratedOperator): write_lineages_of_organisms> on 2023-03-27 00:00:00+00:00
[2023-03-28T23:59:49.006+0000] {standard_task_runner.py:55} INFO - Started process 414 to run task
[2023-03-28T23:59:49.012+0000] {standard_task_runner.py:82} INFO - Running: ['***', 'tasks', 'run', 'etl_uniprot_Q9Y261', 'write_lineages_of_organisms', 'scheduled__2023-03-27T00:00:00+00:00', '--job-id', '13', '--raw', '--subdir', 'DAGS_FOLDER/uniprot_Q9Y261/main.py', '--cfg-path', '/tmp/tmpg3fpjqa0']
[2023-03-28T23:59:49.013+0000] {standard_task_runner.py:83} INFO - Job 13: Subtask write_lineages_of_organisms
[2023-03-28T23:59:49.150+0000] {task_command.py:388} INFO - Running <TaskInstance: etl_uniprot_Q9Y261.write_lineages_of_organisms scheduled__2023-03-27T00:00:00+00:00 [running]> on host f360a468cd4e
[2023-03-28T23:59:49.323+0000] {taskinstance.py:1511} INFO - Exporting the following env vars:
AIRFLOW_CTX_DAG_OWNER=***
AIRFLOW_CTX_DAG_ID=etl_uniprot_Q9Y261
AIRFLOW_CTX_TASK_ID=write_lineages_of_organisms
AIRFLOW_CTX_EXECUTION_DATE=2023-03-27T00:00:00+00:00
AIRFLOW_CTX_TRY_NUMBER=1
AIRFLOW_CTX_DAG_RUN_ID=scheduled__2023-03-27T00:00:00+00:00
[2023-03-28T23:59:50.019+0000] {python.py:177} INFO - Done. Returned value was: None
[2023-03-28T23:59:50.044+0000] {taskinstance.py:1326} INFO - Marking task as SUCCESS. dag_id=etl_uniprot_Q9Y261, task_id=write_lineages_of_organisms, execution_date=20230327T000000, start_date=20230328T235948, end_date=20230328T235950
[2023-03-28T23:59:50.116+0000] {local_task_job.py:212} INFO - Task exited with return code 0
[2023-03-28T23:59:50.190+0000] {taskinstance.py:2585} INFO - 0 downstream tasks scheduled from follow-on schedule check
