[2023-03-28T23:23:40.476+0000] {taskinstance.py:1084} INFO - Dependencies all met for dep_context=non-requeueable deps ti=<TaskInstance: etl_uniprot_Q9Y261.write_organisms manual__2023-03-28T23:23:27.805686+00:00 [queued]>
[2023-03-28T23:23:40.505+0000] {taskinstance.py:1084} INFO - Dependencies all met for dep_context=requeueable deps ti=<TaskInstance: etl_uniprot_Q9Y261.write_organisms manual__2023-03-28T23:23:27.805686+00:00 [queued]>
[2023-03-28T23:23:40.506+0000] {taskinstance.py:1282} INFO - 
--------------------------------------------------------------------------------
[2023-03-28T23:23:40.507+0000] {taskinstance.py:1283} INFO - Starting attempt 1 of 1
[2023-03-28T23:23:40.509+0000] {taskinstance.py:1284} INFO - 
--------------------------------------------------------------------------------
[2023-03-28T23:23:40.563+0000] {taskinstance.py:1303} INFO - Executing <Task(_PythonDecoratedOperator): write_organisms> on 2023-03-28 23:23:27.805686+00:00
[2023-03-28T23:23:40.583+0000] {standard_task_runner.py:55} INFO - Started process 3682 to run task
[2023-03-28T23:23:40.595+0000] {standard_task_runner.py:82} INFO - Running: ['***', 'tasks', 'run', 'etl_uniprot_Q9Y261', 'write_organisms', 'manual__2023-03-28T23:23:27.805686+00:00', '--job-id', '261', '--raw', '--subdir', 'DAGS_FOLDER/uniprot_Q9Y261/main.py', '--cfg-path', '/tmp/tmpauyqvu90']
[2023-03-28T23:23:40.603+0000] {standard_task_runner.py:83} INFO - Job 261: Subtask write_organisms
[2023-03-28T23:23:40.763+0000] {task_command.py:388} INFO - Running <TaskInstance: etl_uniprot_Q9Y261.write_organisms manual__2023-03-28T23:23:27.805686+00:00 [running]> on host 147865a62ab8
[2023-03-28T23:23:40.920+0000] {taskinstance.py:1511} INFO - Exporting the following env vars:
AIRFLOW_CTX_DAG_OWNER=***
AIRFLOW_CTX_DAG_ID=etl_uniprot_Q9Y261
AIRFLOW_CTX_TASK_ID=write_organisms
AIRFLOW_CTX_EXECUTION_DATE=2023-03-28T23:23:27.805686+00:00
AIRFLOW_CTX_TRY_NUMBER=1
AIRFLOW_CTX_DAG_RUN_ID=manual__2023-03-28T23:23:27.805686+00:00
[2023-03-28T23:23:40.950+0000] {python.py:177} INFO - Done. Returned value was: None
[2023-03-28T23:23:40.970+0000] {taskinstance.py:1326} INFO - Marking task as SUCCESS. dag_id=etl_uniprot_Q9Y261, task_id=write_organisms, execution_date=20230328T232327, start_date=20230328T232340, end_date=20230328T232340
[2023-03-28T23:23:41.018+0000] {local_task_job.py:212} INFO - Task exited with return code 0
[2023-03-28T23:23:41.083+0000] {taskinstance.py:2585} INFO - 0 downstream tasks scheduled from follow-on schedule check
