[2023-03-28T22:27:04.701+0000] {taskinstance.py:1084} INFO - Dependencies all met for dep_context=non-requeueable deps ti=<TaskInstance: etl_uniprot_Q9Y261.write_genes manual__2023-03-28T22:26:58.406570+00:00 [queued]>
[2023-03-28T22:27:04.722+0000] {taskinstance.py:1084} INFO - Dependencies all met for dep_context=requeueable deps ti=<TaskInstance: etl_uniprot_Q9Y261.write_genes manual__2023-03-28T22:26:58.406570+00:00 [queued]>
[2023-03-28T22:27:04.723+0000] {taskinstance.py:1282} INFO - 
--------------------------------------------------------------------------------
[2023-03-28T22:27:04.724+0000] {taskinstance.py:1283} INFO - Starting attempt 1 of 1
[2023-03-28T22:27:04.725+0000] {taskinstance.py:1284} INFO - 
--------------------------------------------------------------------------------
[2023-03-28T22:27:04.748+0000] {taskinstance.py:1303} INFO - Executing <Task(_PythonDecoratedOperator): write_genes> on 2023-03-28 22:26:58.406570+00:00
[2023-03-28T22:27:04.756+0000] {standard_task_runner.py:55} INFO - Started process 583 to run task
[2023-03-28T22:27:04.760+0000] {standard_task_runner.py:82} INFO - Running: ['***', 'tasks', 'run', 'etl_uniprot_Q9Y261', 'write_genes', 'manual__2023-03-28T22:26:58.406570+00:00', '--job-id', '52', '--raw', '--subdir', 'DAGS_FOLDER/uniprot_Q9Y261/main.py', '--cfg-path', '/tmp/tmpi8wnzc6y']
[2023-03-28T22:27:04.762+0000] {standard_task_runner.py:83} INFO - Job 52: Subtask write_genes
[2023-03-28T22:27:04.929+0000] {task_command.py:388} INFO - Running <TaskInstance: etl_uniprot_Q9Y261.write_genes manual__2023-03-28T22:26:58.406570+00:00 [running]> on host 147865a62ab8
[2023-03-28T22:27:05.208+0000] {taskinstance.py:1511} INFO - Exporting the following env vars:
AIRFLOW_CTX_DAG_OWNER=***
AIRFLOW_CTX_DAG_ID=etl_uniprot_Q9Y261
AIRFLOW_CTX_TASK_ID=write_genes
AIRFLOW_CTX_EXECUTION_DATE=2023-03-28T22:26:58.406570+00:00
AIRFLOW_CTX_TRY_NUMBER=1
AIRFLOW_CTX_DAG_RUN_ID=manual__2023-03-28T22:26:58.406570+00:00
[2023-03-28T22:27:05.301+0000] {python.py:177} INFO - Done. Returned value was: None
[2023-03-28T22:27:05.337+0000] {taskinstance.py:1326} INFO - Marking task as SUCCESS. dag_id=etl_uniprot_Q9Y261, task_id=write_genes, execution_date=20230328T222658, start_date=20230328T222704, end_date=20230328T222705
[2023-03-28T22:27:05.419+0000] {local_task_job.py:212} INFO - Task exited with return code 0
[2023-03-28T22:27:05.571+0000] {taskinstance.py:2585} INFO - 0 downstream tasks scheduled from follow-on schedule check
