[2023-03-28T22:20:01.432+0000] {taskinstance.py:1084} INFO - Dependencies all met for dep_context=non-requeueable deps ti=<TaskInstance: etl_uniprot_Q9Y261.write_genes scheduled__2023-03-27T00:00:00+00:00 [queued]>
[2023-03-28T22:20:01.459+0000] {taskinstance.py:1084} INFO - Dependencies all met for dep_context=requeueable deps ti=<TaskInstance: etl_uniprot_Q9Y261.write_genes scheduled__2023-03-27T00:00:00+00:00 [queued]>
[2023-03-28T22:20:01.460+0000] {taskinstance.py:1282} INFO - 
--------------------------------------------------------------------------------
[2023-03-28T22:20:01.462+0000] {taskinstance.py:1283} INFO - Starting attempt 1 of 1
[2023-03-28T22:20:01.463+0000] {taskinstance.py:1284} INFO - 
--------------------------------------------------------------------------------
[2023-03-28T22:20:01.502+0000] {taskinstance.py:1303} INFO - Executing <Task(_PythonDecoratedOperator): write_genes> on 2023-03-27 00:00:00+00:00
[2023-03-28T22:20:01.512+0000] {standard_task_runner.py:55} INFO - Started process 141 to run task
[2023-03-28T22:20:01.522+0000] {standard_task_runner.py:82} INFO - Running: ['***', 'tasks', 'run', 'etl_uniprot_Q9Y261', 'write_genes', 'scheduled__2023-03-27T00:00:00+00:00', '--job-id', '12', '--raw', '--subdir', 'DAGS_FOLDER/uniprot_Q9Y261/main.py', '--cfg-path', '/tmp/tmp7m7nsf7m']
[2023-03-28T22:20:01.524+0000] {standard_task_runner.py:83} INFO - Job 12: Subtask write_genes
[2023-03-28T22:20:01.714+0000] {task_command.py:388} INFO - Running <TaskInstance: etl_uniprot_Q9Y261.write_genes scheduled__2023-03-27T00:00:00+00:00 [running]> on host 147865a62ab8
[2023-03-28T22:20:01.945+0000] {taskinstance.py:1511} INFO - Exporting the following env vars:
AIRFLOW_CTX_DAG_OWNER=***
AIRFLOW_CTX_DAG_ID=etl_uniprot_Q9Y261
AIRFLOW_CTX_TASK_ID=write_genes
AIRFLOW_CTX_EXECUTION_DATE=2023-03-27T00:00:00+00:00
AIRFLOW_CTX_TRY_NUMBER=1
AIRFLOW_CTX_DAG_RUN_ID=scheduled__2023-03-27T00:00:00+00:00
[2023-03-28T22:20:02.517+0000] {python.py:177} INFO - Done. Returned value was: None
[2023-03-28T22:20:02.543+0000] {taskinstance.py:1326} INFO - Marking task as SUCCESS. dag_id=etl_uniprot_Q9Y261, task_id=write_genes, execution_date=20230327T000000, start_date=20230328T222001, end_date=20230328T222002
[2023-03-28T22:20:02.619+0000] {local_task_job.py:212} INFO - Task exited with return code 0
[2023-03-28T22:20:02.651+0000] {taskinstance.py:2585} INFO - 0 downstream tasks scheduled from follow-on schedule check
[2023-03-28T22:23:19.929+0000] {taskinstance.py:1084} INFO - Dependencies all met for dep_context=non-requeueable deps ti=<TaskInstance: etl_uniprot_Q9Y261.write_genes scheduled__2023-03-27T00:00:00+00:00 [queued]>
[2023-03-28T22:23:19.958+0000] {taskinstance.py:1084} INFO - Dependencies all met for dep_context=requeueable deps ti=<TaskInstance: etl_uniprot_Q9Y261.write_genes scheduled__2023-03-27T00:00:00+00:00 [queued]>
[2023-03-28T22:23:19.959+0000] {taskinstance.py:1282} INFO - 
--------------------------------------------------------------------------------
[2023-03-28T22:23:19.961+0000] {taskinstance.py:1283} INFO - Starting attempt 1 of 1
[2023-03-28T22:23:19.962+0000] {taskinstance.py:1284} INFO - 
--------------------------------------------------------------------------------
[2023-03-28T22:23:20.004+0000] {taskinstance.py:1303} INFO - Executing <Task(_PythonDecoratedOperator): write_genes> on 2023-03-27 00:00:00+00:00
[2023-03-28T22:23:20.015+0000] {standard_task_runner.py:55} INFO - Started process 331 to run task
[2023-03-28T22:23:20.023+0000] {standard_task_runner.py:82} INFO - Running: ['***', 'tasks', 'run', 'etl_uniprot_Q9Y261', 'write_genes', 'scheduled__2023-03-27T00:00:00+00:00', '--job-id', '28', '--raw', '--subdir', 'DAGS_FOLDER/uniprot_Q9Y261/main.py', '--cfg-path', '/tmp/tmpk4ybrrir']
[2023-03-28T22:23:20.025+0000] {standard_task_runner.py:83} INFO - Job 28: Subtask write_genes
[2023-03-28T22:23:20.201+0000] {task_command.py:388} INFO - Running <TaskInstance: etl_uniprot_Q9Y261.write_genes scheduled__2023-03-27T00:00:00+00:00 [running]> on host 147865a62ab8
[2023-03-28T22:23:20.516+0000] {taskinstance.py:1511} INFO - Exporting the following env vars:
AIRFLOW_CTX_DAG_OWNER=***
AIRFLOW_CTX_DAG_ID=etl_uniprot_Q9Y261
AIRFLOW_CTX_TASK_ID=write_genes
AIRFLOW_CTX_EXECUTION_DATE=2023-03-27T00:00:00+00:00
AIRFLOW_CTX_TRY_NUMBER=1
AIRFLOW_CTX_DAG_RUN_ID=scheduled__2023-03-27T00:00:00+00:00
[2023-03-28T22:23:20.787+0000] {python.py:177} INFO - Done. Returned value was: None
[2023-03-28T22:23:20.816+0000] {taskinstance.py:1326} INFO - Marking task as SUCCESS. dag_id=etl_uniprot_Q9Y261, task_id=write_genes, execution_date=20230327T000000, start_date=20230328T222319, end_date=20230328T222320
[2023-03-28T22:23:20.882+0000] {local_task_job.py:212} INFO - Task exited with return code 0
[2023-03-28T22:23:20.915+0000] {taskinstance.py:2585} INFO - 0 downstream tasks scheduled from follow-on schedule check
[2023-03-28T22:36:14.120+0000] {taskinstance.py:1084} INFO - Dependencies all met for dep_context=non-requeueable deps ti=<TaskInstance: etl_uniprot_Q9Y261.write_genes scheduled__2023-03-27T00:00:00+00:00 [queued]>
[2023-03-28T22:36:14.150+0000] {taskinstance.py:1084} INFO - Dependencies all met for dep_context=requeueable deps ti=<TaskInstance: etl_uniprot_Q9Y261.write_genes scheduled__2023-03-27T00:00:00+00:00 [queued]>
[2023-03-28T22:36:14.152+0000] {taskinstance.py:1282} INFO - 
--------------------------------------------------------------------------------
[2023-03-28T22:36:14.153+0000] {taskinstance.py:1283} INFO - Starting attempt 1 of 1
[2023-03-28T22:36:14.154+0000] {taskinstance.py:1284} INFO - 
--------------------------------------------------------------------------------
[2023-03-28T22:36:14.193+0000] {taskinstance.py:1303} INFO - Executing <Task(_PythonDecoratedOperator): write_genes> on 2023-03-27 00:00:00+00:00
[2023-03-28T22:36:14.203+0000] {standard_task_runner.py:55} INFO - Started process 1138 to run task
[2023-03-28T22:36:14.214+0000] {standard_task_runner.py:82} INFO - Running: ['***', 'tasks', 'run', 'etl_uniprot_Q9Y261', 'write_genes', 'scheduled__2023-03-27T00:00:00+00:00', '--job-id', '103', '--raw', '--subdir', 'DAGS_FOLDER/uniprot_Q9Y261/main.py', '--cfg-path', '/tmp/tmpcmwyi339']
[2023-03-28T22:36:14.215+0000] {standard_task_runner.py:83} INFO - Job 103: Subtask write_genes
[2023-03-28T22:36:14.403+0000] {task_command.py:388} INFO - Running <TaskInstance: etl_uniprot_Q9Y261.write_genes scheduled__2023-03-27T00:00:00+00:00 [running]> on host 147865a62ab8
[2023-03-28T22:36:14.635+0000] {taskinstance.py:1511} INFO - Exporting the following env vars:
AIRFLOW_CTX_DAG_OWNER=***
AIRFLOW_CTX_DAG_ID=etl_uniprot_Q9Y261
AIRFLOW_CTX_TASK_ID=write_genes
AIRFLOW_CTX_EXECUTION_DATE=2023-03-27T00:00:00+00:00
AIRFLOW_CTX_TRY_NUMBER=1
AIRFLOW_CTX_DAG_RUN_ID=scheduled__2023-03-27T00:00:00+00:00
[2023-03-28T22:36:14.705+0000] {python.py:177} INFO - Done. Returned value was: None
[2023-03-28T22:36:14.735+0000] {taskinstance.py:1326} INFO - Marking task as SUCCESS. dag_id=etl_uniprot_Q9Y261, task_id=write_genes, execution_date=20230327T000000, start_date=20230328T223614, end_date=20230328T223614
[2023-03-28T22:36:14.787+0000] {local_task_job.py:212} INFO - Task exited with return code 0
[2023-03-28T22:36:14.878+0000] {taskinstance.py:2585} INFO - 0 downstream tasks scheduled from follow-on schedule check
[2023-03-28T22:39:28.110+0000] {taskinstance.py:1084} INFO - Dependencies all met for dep_context=non-requeueable deps ti=<TaskInstance: etl_uniprot_Q9Y261.write_genes scheduled__2023-03-27T00:00:00+00:00 [queued]>
[2023-03-28T22:39:28.128+0000] {taskinstance.py:1084} INFO - Dependencies all met for dep_context=requeueable deps ti=<TaskInstance: etl_uniprot_Q9Y261.write_genes scheduled__2023-03-27T00:00:00+00:00 [queued]>
[2023-03-28T22:39:28.129+0000] {taskinstance.py:1282} INFO - 
--------------------------------------------------------------------------------
[2023-03-28T22:39:28.130+0000] {taskinstance.py:1283} INFO - Starting attempt 1 of 1
[2023-03-28T22:39:28.131+0000] {taskinstance.py:1284} INFO - 
--------------------------------------------------------------------------------
[2023-03-28T22:39:28.156+0000] {taskinstance.py:1303} INFO - Executing <Task(_PythonDecoratedOperator): write_genes> on 2023-03-27 00:00:00+00:00
[2023-03-28T22:39:28.163+0000] {standard_task_runner.py:55} INFO - Started process 1323 to run task
[2023-03-28T22:39:28.170+0000] {standard_task_runner.py:82} INFO - Running: ['***', 'tasks', 'run', 'etl_uniprot_Q9Y261', 'write_genes', 'scheduled__2023-03-27T00:00:00+00:00', '--job-id', '112', '--raw', '--subdir', 'DAGS_FOLDER/uniprot_Q9Y261/main.py', '--cfg-path', '/tmp/tmp6kzn_6xh']
[2023-03-28T22:39:28.172+0000] {standard_task_runner.py:83} INFO - Job 112: Subtask write_genes
[2023-03-28T22:39:28.292+0000] {task_command.py:388} INFO - Running <TaskInstance: etl_uniprot_Q9Y261.write_genes scheduled__2023-03-27T00:00:00+00:00 [running]> on host 147865a62ab8
[2023-03-28T22:39:28.532+0000] {taskinstance.py:1511} INFO - Exporting the following env vars:
AIRFLOW_CTX_DAG_OWNER=***
AIRFLOW_CTX_DAG_ID=etl_uniprot_Q9Y261
AIRFLOW_CTX_TASK_ID=write_genes
AIRFLOW_CTX_EXECUTION_DATE=2023-03-27T00:00:00+00:00
AIRFLOW_CTX_TRY_NUMBER=1
AIRFLOW_CTX_DAG_RUN_ID=scheduled__2023-03-27T00:00:00+00:00
[2023-03-28T22:39:28.559+0000] {python.py:177} INFO - Done. Returned value was: None
[2023-03-28T22:39:28.580+0000] {taskinstance.py:1326} INFO - Marking task as SUCCESS. dag_id=etl_uniprot_Q9Y261, task_id=write_genes, execution_date=20230327T000000, start_date=20230328T223928, end_date=20230328T223928
[2023-03-28T22:39:28.668+0000] {local_task_job.py:212} INFO - Task exited with return code 0
[2023-03-28T22:39:28.700+0000] {taskinstance.py:2585} INFO - 0 downstream tasks scheduled from follow-on schedule check
[2023-03-28T22:42:13.862+0000] {taskinstance.py:1084} INFO - Dependencies all met for dep_context=non-requeueable deps ti=<TaskInstance: etl_uniprot_Q9Y261.write_genes scheduled__2023-03-27T00:00:00+00:00 [queued]>
[2023-03-28T22:42:13.891+0000] {taskinstance.py:1084} INFO - Dependencies all met for dep_context=requeueable deps ti=<TaskInstance: etl_uniprot_Q9Y261.write_genes scheduled__2023-03-27T00:00:00+00:00 [queued]>
[2023-03-28T22:42:13.892+0000] {taskinstance.py:1282} INFO - 
--------------------------------------------------------------------------------
[2023-03-28T22:42:13.894+0000] {taskinstance.py:1283} INFO - Starting attempt 1 of 1
[2023-03-28T22:42:13.895+0000] {taskinstance.py:1284} INFO - 
--------------------------------------------------------------------------------
[2023-03-28T22:42:13.944+0000] {taskinstance.py:1303} INFO - Executing <Task(_PythonDecoratedOperator): write_genes> on 2023-03-27 00:00:00+00:00
[2023-03-28T22:42:13.954+0000] {standard_task_runner.py:55} INFO - Started process 1546 to run task
[2023-03-28T22:42:13.964+0000] {standard_task_runner.py:82} INFO - Running: ['***', 'tasks', 'run', 'etl_uniprot_Q9Y261', 'write_genes', 'scheduled__2023-03-27T00:00:00+00:00', '--job-id', '151', '--raw', '--subdir', 'DAGS_FOLDER/uniprot_Q9Y261/main.py', '--cfg-path', '/tmp/tmpu11_bdzi']
[2023-03-28T22:42:13.969+0000] {standard_task_runner.py:83} INFO - Job 151: Subtask write_genes
[2023-03-28T22:42:14.202+0000] {task_command.py:388} INFO - Running <TaskInstance: etl_uniprot_Q9Y261.write_genes scheduled__2023-03-27T00:00:00+00:00 [running]> on host 147865a62ab8
[2023-03-28T22:42:14.473+0000] {taskinstance.py:1511} INFO - Exporting the following env vars:
AIRFLOW_CTX_DAG_OWNER=***
AIRFLOW_CTX_DAG_ID=etl_uniprot_Q9Y261
AIRFLOW_CTX_TASK_ID=write_genes
AIRFLOW_CTX_EXECUTION_DATE=2023-03-27T00:00:00+00:00
AIRFLOW_CTX_TRY_NUMBER=1
AIRFLOW_CTX_DAG_RUN_ID=scheduled__2023-03-27T00:00:00+00:00
[2023-03-28T22:42:14.616+0000] {python.py:177} INFO - Done. Returned value was: None
[2023-03-28T22:42:14.653+0000] {taskinstance.py:1326} INFO - Marking task as SUCCESS. dag_id=etl_uniprot_Q9Y261, task_id=write_genes, execution_date=20230327T000000, start_date=20230328T224213, end_date=20230328T224214
[2023-03-28T22:42:14.727+0000] {local_task_job.py:212} INFO - Task exited with return code 0
[2023-03-28T22:42:14.839+0000] {taskinstance.py:2585} INFO - 0 downstream tasks scheduled from follow-on schedule check
[2023-03-28T22:46:44.030+0000] {taskinstance.py:1084} INFO - Dependencies all met for dep_context=non-requeueable deps ti=<TaskInstance: etl_uniprot_Q9Y261.write_genes scheduled__2023-03-27T00:00:00+00:00 [queued]>
[2023-03-28T22:46:44.103+0000] {taskinstance.py:1084} INFO - Dependencies all met for dep_context=requeueable deps ti=<TaskInstance: etl_uniprot_Q9Y261.write_genes scheduled__2023-03-27T00:00:00+00:00 [queued]>
[2023-03-28T22:46:44.104+0000] {taskinstance.py:1282} INFO - 
--------------------------------------------------------------------------------
[2023-03-28T22:46:44.105+0000] {taskinstance.py:1283} INFO - Starting attempt 1 of 1
[2023-03-28T22:46:44.107+0000] {taskinstance.py:1284} INFO - 
--------------------------------------------------------------------------------
[2023-03-28T22:46:44.195+0000] {taskinstance.py:1303} INFO - Executing <Task(_PythonDecoratedOperator): write_genes> on 2023-03-27 00:00:00+00:00
[2023-03-28T22:46:44.219+0000] {standard_task_runner.py:55} INFO - Started process 1790 to run task
[2023-03-28T22:46:44.224+0000] {standard_task_runner.py:82} INFO - Running: ['***', 'tasks', 'run', 'etl_uniprot_Q9Y261', 'write_genes', 'scheduled__2023-03-27T00:00:00+00:00', '--job-id', '169', '--raw', '--subdir', 'DAGS_FOLDER/uniprot_Q9Y261/main.py', '--cfg-path', '/tmp/tmpizuab35l']
[2023-03-28T22:46:44.227+0000] {standard_task_runner.py:83} INFO - Job 169: Subtask write_genes
[2023-03-28T22:46:44.405+0000] {task_command.py:388} INFO - Running <TaskInstance: etl_uniprot_Q9Y261.write_genes scheduled__2023-03-27T00:00:00+00:00 [running]> on host 147865a62ab8
[2023-03-28T22:46:44.679+0000] {taskinstance.py:1511} INFO - Exporting the following env vars:
AIRFLOW_CTX_DAG_OWNER=***
AIRFLOW_CTX_DAG_ID=etl_uniprot_Q9Y261
AIRFLOW_CTX_TASK_ID=write_genes
AIRFLOW_CTX_EXECUTION_DATE=2023-03-27T00:00:00+00:00
AIRFLOW_CTX_TRY_NUMBER=1
AIRFLOW_CTX_DAG_RUN_ID=scheduled__2023-03-27T00:00:00+00:00
[2023-03-28T22:46:44.774+0000] {python.py:177} INFO - Done. Returned value was: None
[2023-03-28T22:46:44.817+0000] {taskinstance.py:1326} INFO - Marking task as SUCCESS. dag_id=etl_uniprot_Q9Y261, task_id=write_genes, execution_date=20230327T000000, start_date=20230328T224644, end_date=20230328T224644
[2023-03-28T22:46:44.874+0000] {local_task_job.py:212} INFO - Task exited with return code 0
[2023-03-28T22:46:44.974+0000] {taskinstance.py:2585} INFO - 0 downstream tasks scheduled from follow-on schedule check
[2023-03-28T23:13:06.571+0000] {taskinstance.py:1084} INFO - Dependencies all met for dep_context=non-requeueable deps ti=<TaskInstance: etl_uniprot_Q9Y261.write_genes scheduled__2023-03-27T00:00:00+00:00 [queued]>
[2023-03-28T23:13:06.600+0000] {taskinstance.py:1084} INFO - Dependencies all met for dep_context=requeueable deps ti=<TaskInstance: etl_uniprot_Q9Y261.write_genes scheduled__2023-03-27T00:00:00+00:00 [queued]>
[2023-03-28T23:13:06.602+0000] {taskinstance.py:1282} INFO - 
--------------------------------------------------------------------------------
[2023-03-28T23:13:06.602+0000] {taskinstance.py:1283} INFO - Starting attempt 1 of 1
[2023-03-28T23:13:06.604+0000] {taskinstance.py:1284} INFO - 
--------------------------------------------------------------------------------
[2023-03-28T23:13:06.635+0000] {taskinstance.py:1303} INFO - Executing <Task(_PythonDecoratedOperator): write_genes> on 2023-03-27 00:00:00+00:00
[2023-03-28T23:13:06.646+0000] {standard_task_runner.py:55} INFO - Started process 3126 to run task
[2023-03-28T23:13:06.658+0000] {standard_task_runner.py:82} INFO - Running: ['***', 'tasks', 'run', 'etl_uniprot_Q9Y261', 'write_genes', 'scheduled__2023-03-27T00:00:00+00:00', '--job-id', '229', '--raw', '--subdir', 'DAGS_FOLDER/uniprot_Q9Y261/main.py', '--cfg-path', '/tmp/tmpwkm67ehn']
[2023-03-28T23:13:06.661+0000] {standard_task_runner.py:83} INFO - Job 229: Subtask write_genes
[2023-03-28T23:13:06.839+0000] {task_command.py:388} INFO - Running <TaskInstance: etl_uniprot_Q9Y261.write_genes scheduled__2023-03-27T00:00:00+00:00 [running]> on host 147865a62ab8
[2023-03-28T23:13:07.056+0000] {taskinstance.py:1511} INFO - Exporting the following env vars:
AIRFLOW_CTX_DAG_OWNER=***
AIRFLOW_CTX_DAG_ID=etl_uniprot_Q9Y261
AIRFLOW_CTX_TASK_ID=write_genes
AIRFLOW_CTX_EXECUTION_DATE=2023-03-27T00:00:00+00:00
AIRFLOW_CTX_TRY_NUMBER=1
AIRFLOW_CTX_DAG_RUN_ID=scheduled__2023-03-27T00:00:00+00:00
[2023-03-28T23:13:07.109+0000] {python.py:177} INFO - Done. Returned value was: None
[2023-03-28T23:13:07.139+0000] {taskinstance.py:1326} INFO - Marking task as SUCCESS. dag_id=etl_uniprot_Q9Y261, task_id=write_genes, execution_date=20230327T000000, start_date=20230328T231306, end_date=20230328T231307
[2023-03-28T23:13:07.190+0000] {local_task_job.py:212} INFO - Task exited with return code 0
[2023-03-28T23:13:07.278+0000] {taskinstance.py:2585} INFO - 0 downstream tasks scheduled from follow-on schedule check
[2023-03-28T23:31:44.823+0000] {taskinstance.py:1084} INFO - Dependencies all met for dep_context=non-requeueable deps ti=<TaskInstance: etl_uniprot_Q9Y261.write_genes scheduled__2023-03-27T00:00:00+00:00 [queued]>
[2023-03-28T23:31:44.857+0000] {taskinstance.py:1084} INFO - Dependencies all met for dep_context=requeueable deps ti=<TaskInstance: etl_uniprot_Q9Y261.write_genes scheduled__2023-03-27T00:00:00+00:00 [queued]>
[2023-03-28T23:31:44.858+0000] {taskinstance.py:1282} INFO - 
--------------------------------------------------------------------------------
[2023-03-28T23:31:44.860+0000] {taskinstance.py:1283} INFO - Starting attempt 1 of 1
[2023-03-28T23:31:44.861+0000] {taskinstance.py:1284} INFO - 
--------------------------------------------------------------------------------
[2023-03-28T23:31:44.904+0000] {taskinstance.py:1303} INFO - Executing <Task(_PythonDecoratedOperator): write_genes> on 2023-03-27 00:00:00+00:00
[2023-03-28T23:31:44.913+0000] {standard_task_runner.py:55} INFO - Started process 4055 to run task
[2023-03-28T23:31:44.920+0000] {standard_task_runner.py:82} INFO - Running: ['***', 'tasks', 'run', 'etl_uniprot_Q9Y261', 'write_genes', 'scheduled__2023-03-27T00:00:00+00:00', '--job-id', '275', '--raw', '--subdir', 'DAGS_FOLDER/uniprot_Q9Y261/main.py', '--cfg-path', '/tmp/tmps3v52jgl']
[2023-03-28T23:31:44.922+0000] {standard_task_runner.py:83} INFO - Job 275: Subtask write_genes
[2023-03-28T23:31:45.098+0000] {task_command.py:388} INFO - Running <TaskInstance: etl_uniprot_Q9Y261.write_genes scheduled__2023-03-27T00:00:00+00:00 [running]> on host 147865a62ab8
[2023-03-28T23:31:45.417+0000] {taskinstance.py:1511} INFO - Exporting the following env vars:
AIRFLOW_CTX_DAG_OWNER=***
AIRFLOW_CTX_DAG_ID=etl_uniprot_Q9Y261
AIRFLOW_CTX_TASK_ID=write_genes
AIRFLOW_CTX_EXECUTION_DATE=2023-03-27T00:00:00+00:00
AIRFLOW_CTX_TRY_NUMBER=1
AIRFLOW_CTX_DAG_RUN_ID=scheduled__2023-03-27T00:00:00+00:00
[2023-03-28T23:31:45.449+0000] {python.py:177} INFO - Done. Returned value was: None
[2023-03-28T23:31:45.483+0000] {taskinstance.py:1326} INFO - Marking task as SUCCESS. dag_id=etl_uniprot_Q9Y261, task_id=write_genes, execution_date=20230327T000000, start_date=20230328T233144, end_date=20230328T233145
[2023-03-28T23:31:45.670+0000] {local_task_job.py:212} INFO - Task exited with return code 0
[2023-03-28T23:31:45.723+0000] {taskinstance.py:2585} INFO - 0 downstream tasks scheduled from follow-on schedule check
[2023-03-28T23:35:19.467+0000] {taskinstance.py:1084} INFO - Dependencies all met for dep_context=non-requeueable deps ti=<TaskInstance: etl_uniprot_Q9Y261.write_genes scheduled__2023-03-27T00:00:00+00:00 [queued]>
[2023-03-28T23:35:19.496+0000] {taskinstance.py:1084} INFO - Dependencies all met for dep_context=requeueable deps ti=<TaskInstance: etl_uniprot_Q9Y261.write_genes scheduled__2023-03-27T00:00:00+00:00 [queued]>
[2023-03-28T23:35:19.498+0000] {taskinstance.py:1282} INFO - 
--------------------------------------------------------------------------------
[2023-03-28T23:35:19.499+0000] {taskinstance.py:1283} INFO - Starting attempt 1 of 1
[2023-03-28T23:35:19.501+0000] {taskinstance.py:1284} INFO - 
--------------------------------------------------------------------------------
[2023-03-28T23:35:19.541+0000] {taskinstance.py:1303} INFO - Executing <Task(_PythonDecoratedOperator): write_genes> on 2023-03-27 00:00:00+00:00
[2023-03-28T23:35:19.556+0000] {standard_task_runner.py:55} INFO - Started process 4261 to run task
[2023-03-28T23:35:19.564+0000] {standard_task_runner.py:82} INFO - Running: ['***', 'tasks', 'run', 'etl_uniprot_Q9Y261', 'write_genes', 'scheduled__2023-03-27T00:00:00+00:00', '--job-id', '284', '--raw', '--subdir', 'DAGS_FOLDER/uniprot_Q9Y261/main.py', '--cfg-path', '/tmp/tmpaomnvgek']
[2023-03-28T23:35:19.566+0000] {standard_task_runner.py:83} INFO - Job 284: Subtask write_genes
[2023-03-28T23:35:19.774+0000] {task_command.py:388} INFO - Running <TaskInstance: etl_uniprot_Q9Y261.write_genes scheduled__2023-03-27T00:00:00+00:00 [running]> on host 147865a62ab8
[2023-03-28T23:35:20.022+0000] {taskinstance.py:1511} INFO - Exporting the following env vars:
AIRFLOW_CTX_DAG_OWNER=***
AIRFLOW_CTX_DAG_ID=etl_uniprot_Q9Y261
AIRFLOW_CTX_TASK_ID=write_genes
AIRFLOW_CTX_EXECUTION_DATE=2023-03-27T00:00:00+00:00
AIRFLOW_CTX_TRY_NUMBER=1
AIRFLOW_CTX_DAG_RUN_ID=scheduled__2023-03-27T00:00:00+00:00
[2023-03-28T23:35:20.061+0000] {python.py:177} INFO - Done. Returned value was: None
[2023-03-28T23:35:20.092+0000] {taskinstance.py:1326} INFO - Marking task as SUCCESS. dag_id=etl_uniprot_Q9Y261, task_id=write_genes, execution_date=20230327T000000, start_date=20230328T233519, end_date=20230328T233520
[2023-03-28T23:35:20.183+0000] {local_task_job.py:212} INFO - Task exited with return code 0
[2023-03-28T23:35:20.281+0000] {taskinstance.py:2585} INFO - 0 downstream tasks scheduled from follow-on schedule check
[2023-03-28T23:48:59.195+0000] {taskinstance.py:1084} INFO - Dependencies all met for dep_context=non-requeueable deps ti=<TaskInstance: etl_uniprot_Q9Y261.write_genes scheduled__2023-03-27T00:00:00+00:00 [queued]>
[2023-03-28T23:48:59.266+0000] {taskinstance.py:1084} INFO - Dependencies all met for dep_context=requeueable deps ti=<TaskInstance: etl_uniprot_Q9Y261.write_genes scheduled__2023-03-27T00:00:00+00:00 [queued]>
[2023-03-28T23:48:59.280+0000] {taskinstance.py:1282} INFO - 
--------------------------------------------------------------------------------
[2023-03-28T23:48:59.285+0000] {taskinstance.py:1283} INFO - Starting attempt 1 of 1
[2023-03-28T23:48:59.292+0000] {taskinstance.py:1284} INFO - 
--------------------------------------------------------------------------------
[2023-03-28T23:48:59.405+0000] {taskinstance.py:1303} INFO - Executing <Task(_PythonDecoratedOperator): write_genes> on 2023-03-27 00:00:00+00:00
[2023-03-28T23:48:59.423+0000] {standard_task_runner.py:55} INFO - Started process 4936 to run task
[2023-03-28T23:48:59.433+0000] {standard_task_runner.py:82} INFO - Running: ['***', 'tasks', 'run', 'etl_uniprot_Q9Y261', 'write_genes', 'scheduled__2023-03-27T00:00:00+00:00', '--job-id', '313', '--raw', '--subdir', 'DAGS_FOLDER/uniprot_Q9Y261/main.py', '--cfg-path', '/tmp/tmpsht0ovmx']
[2023-03-28T23:48:59.436+0000] {standard_task_runner.py:83} INFO - Job 313: Subtask write_genes
[2023-03-28T23:48:59.921+0000] {task_command.py:388} INFO - Running <TaskInstance: etl_uniprot_Q9Y261.write_genes scheduled__2023-03-27T00:00:00+00:00 [running]> on host 147865a62ab8
[2023-03-28T23:49:00.405+0000] {taskinstance.py:1511} INFO - Exporting the following env vars:
AIRFLOW_CTX_DAG_OWNER=***
AIRFLOW_CTX_DAG_ID=etl_uniprot_Q9Y261
AIRFLOW_CTX_TASK_ID=write_genes
AIRFLOW_CTX_EXECUTION_DATE=2023-03-27T00:00:00+00:00
AIRFLOW_CTX_TRY_NUMBER=1
AIRFLOW_CTX_DAG_RUN_ID=scheduled__2023-03-27T00:00:00+00:00
[2023-03-28T23:49:00.478+0000] {python.py:177} INFO - Done. Returned value was: None
[2023-03-28T23:49:00.574+0000] {taskinstance.py:1326} INFO - Marking task as SUCCESS. dag_id=etl_uniprot_Q9Y261, task_id=write_genes, execution_date=20230327T000000, start_date=20230328T234859, end_date=20230328T234900
[2023-03-28T23:49:00.655+0000] {local_task_job.py:212} INFO - Task exited with return code 0
[2023-03-28T23:49:00.771+0000] {taskinstance.py:2585} INFO - 0 downstream tasks scheduled from follow-on schedule check
[2023-03-28T23:59:46.046+0000] {taskinstance.py:1084} INFO - Dependencies all met for dep_context=non-requeueable deps ti=<TaskInstance: etl_uniprot_Q9Y261.write_genes scheduled__2023-03-27T00:00:00+00:00 [queued]>
[2023-03-28T23:59:46.064+0000] {taskinstance.py:1084} INFO - Dependencies all met for dep_context=requeueable deps ti=<TaskInstance: etl_uniprot_Q9Y261.write_genes scheduled__2023-03-27T00:00:00+00:00 [queued]>
[2023-03-28T23:59:46.065+0000] {taskinstance.py:1282} INFO - 
--------------------------------------------------------------------------------
[2023-03-28T23:59:46.066+0000] {taskinstance.py:1283} INFO - Starting attempt 1 of 1
[2023-03-28T23:59:46.067+0000] {taskinstance.py:1284} INFO - 
--------------------------------------------------------------------------------
[2023-03-28T23:59:46.094+0000] {taskinstance.py:1303} INFO - Executing <Task(_PythonDecoratedOperator): write_genes> on 2023-03-27 00:00:00+00:00
[2023-03-28T23:59:46.103+0000] {standard_task_runner.py:55} INFO - Started process 406 to run task
[2023-03-28T23:59:46.109+0000] {standard_task_runner.py:82} INFO - Running: ['***', 'tasks', 'run', 'etl_uniprot_Q9Y261', 'write_genes', 'scheduled__2023-03-27T00:00:00+00:00', '--job-id', '9', '--raw', '--subdir', 'DAGS_FOLDER/uniprot_Q9Y261/main.py', '--cfg-path', '/tmp/tmpcvp_449s']
[2023-03-28T23:59:46.111+0000] {standard_task_runner.py:83} INFO - Job 9: Subtask write_genes
[2023-03-28T23:59:46.224+0000] {task_command.py:388} INFO - Running <TaskInstance: etl_uniprot_Q9Y261.write_genes scheduled__2023-03-27T00:00:00+00:00 [running]> on host f360a468cd4e
[2023-03-28T23:59:46.378+0000] {taskinstance.py:1511} INFO - Exporting the following env vars:
AIRFLOW_CTX_DAG_OWNER=***
AIRFLOW_CTX_DAG_ID=etl_uniprot_Q9Y261
AIRFLOW_CTX_TASK_ID=write_genes
AIRFLOW_CTX_EXECUTION_DATE=2023-03-27T00:00:00+00:00
AIRFLOW_CTX_TRY_NUMBER=1
AIRFLOW_CTX_DAG_RUN_ID=scheduled__2023-03-27T00:00:00+00:00
[2023-03-28T23:59:47.198+0000] {python.py:177} INFO - Done. Returned value was: None
[2023-03-28T23:59:47.229+0000] {taskinstance.py:1326} INFO - Marking task as SUCCESS. dag_id=etl_uniprot_Q9Y261, task_id=write_genes, execution_date=20230327T000000, start_date=20230328T235946, end_date=20230328T235947
[2023-03-28T23:59:47.288+0000] {local_task_job.py:212} INFO - Task exited with return code 0
[2023-03-28T23:59:47.338+0000] {taskinstance.py:2585} INFO - 0 downstream tasks scheduled from follow-on schedule check
