[2023-03-28T23:23:36.945+0000] {taskinstance.py:1084} INFO - Dependencies all met for dep_context=non-requeueable deps ti=<TaskInstance: etl_uniprot_Q9Y261.write_full_name manual__2023-03-28T23:23:27.805686+00:00 [queued]>
[2023-03-28T23:23:36.972+0000] {taskinstance.py:1084} INFO - Dependencies all met for dep_context=requeueable deps ti=<TaskInstance: etl_uniprot_Q9Y261.write_full_name manual__2023-03-28T23:23:27.805686+00:00 [queued]>
[2023-03-28T23:23:36.974+0000] {taskinstance.py:1282} INFO - 
--------------------------------------------------------------------------------
[2023-03-28T23:23:36.975+0000] {taskinstance.py:1283} INFO - Starting attempt 1 of 1
[2023-03-28T23:23:36.976+0000] {taskinstance.py:1284} INFO - 
--------------------------------------------------------------------------------
[2023-03-28T23:23:37.016+0000] {taskinstance.py:1303} INFO - Executing <Task(_PythonDecoratedOperator): write_full_name> on 2023-03-28 23:23:27.805686+00:00
[2023-03-28T23:23:37.029+0000] {standard_task_runner.py:55} INFO - Started process 3668 to run task
[2023-03-28T23:23:37.039+0000] {standard_task_runner.py:82} INFO - Running: ['***', 'tasks', 'run', 'etl_uniprot_Q9Y261', 'write_full_name', 'manual__2023-03-28T23:23:27.805686+00:00', '--job-id', '255', '--raw', '--subdir', 'DAGS_FOLDER/uniprot_Q9Y261/main.py', '--cfg-path', '/tmp/tmpyselaucq']
[2023-03-28T23:23:37.041+0000] {standard_task_runner.py:83} INFO - Job 255: Subtask write_full_name
[2023-03-28T23:23:37.226+0000] {task_command.py:388} INFO - Running <TaskInstance: etl_uniprot_Q9Y261.write_full_name manual__2023-03-28T23:23:27.805686+00:00 [running]> on host 147865a62ab8
[2023-03-28T23:23:37.484+0000] {taskinstance.py:1511} INFO - Exporting the following env vars:
AIRFLOW_CTX_DAG_OWNER=***
AIRFLOW_CTX_DAG_ID=etl_uniprot_Q9Y261
AIRFLOW_CTX_TASK_ID=write_full_name
AIRFLOW_CTX_EXECUTION_DATE=2023-03-28T23:23:27.805686+00:00
AIRFLOW_CTX_TRY_NUMBER=1
AIRFLOW_CTX_DAG_RUN_ID=manual__2023-03-28T23:23:27.805686+00:00
[2023-03-28T23:23:37.518+0000] {python.py:177} INFO - Done. Returned value was: None
[2023-03-28T23:23:37.553+0000] {taskinstance.py:1326} INFO - Marking task as SUCCESS. dag_id=etl_uniprot_Q9Y261, task_id=write_full_name, execution_date=20230328T232327, start_date=20230328T232336, end_date=20230328T232337
[2023-03-28T23:23:37.627+0000] {local_task_job.py:212} INFO - Task exited with return code 0
[2023-03-28T23:23:37.685+0000] {taskinstance.py:2585} INFO - 0 downstream tasks scheduled from follow-on schedule check
