[2023-03-27T13:01:29.482+0000] {taskinstance.py:1084} INFO - Dependencies all met for dep_context=non-requeueable deps ti=<TaskInstance: etl_uniprot_Q9Y261.write_citations_of_references manual__2023-03-27T13:01:17.661312+00:00 [queued]>
[2023-03-27T13:01:29.501+0000] {taskinstance.py:1084} INFO - Dependencies all met for dep_context=requeueable deps ti=<TaskInstance: etl_uniprot_Q9Y261.write_citations_of_references manual__2023-03-27T13:01:17.661312+00:00 [queued]>
[2023-03-27T13:01:29.503+0000] {taskinstance.py:1282} INFO - 
--------------------------------------------------------------------------------
[2023-03-27T13:01:29.504+0000] {taskinstance.py:1283} INFO - Starting attempt 1 of 1
[2023-03-27T13:01:29.505+0000] {taskinstance.py:1284} INFO - 
--------------------------------------------------------------------------------
[2023-03-27T13:01:29.540+0000] {taskinstance.py:1303} INFO - Executing <Task(_PythonDecoratedOperator): write_citations_of_references> on 2023-03-27 13:01:17.661312+00:00
[2023-03-27T13:01:29.550+0000] {standard_task_runner.py:55} INFO - Started process 569 to run task
[2023-03-27T13:01:29.557+0000] {standard_task_runner.py:82} INFO - Running: ['***', 'tasks', 'run', 'etl_uniprot_Q9Y261', 'write_citations_of_references', 'manual__2023-03-27T13:01:17.661312+00:00', '--job-id', '66', '--raw', '--subdir', 'DAGS_FOLDER/uniprot_Q9Y261/main.py', '--cfg-path', '/tmp/tmpd86g7oq0']
[2023-03-27T13:01:29.558+0000] {standard_task_runner.py:83} INFO - Job 66: Subtask write_citations_of_references
[2023-03-27T13:01:29.692+0000] {task_command.py:388} INFO - Running <TaskInstance: etl_uniprot_Q9Y261.write_citations_of_references manual__2023-03-27T13:01:17.661312+00:00 [running]> on host 5da03bdb1b9e
[2023-03-27T13:01:29.857+0000] {taskinstance.py:1511} INFO - Exporting the following env vars:
AIRFLOW_CTX_DAG_OWNER=***
AIRFLOW_CTX_DAG_ID=etl_uniprot_Q9Y261
AIRFLOW_CTX_TASK_ID=write_citations_of_references
AIRFLOW_CTX_EXECUTION_DATE=2023-03-27T13:01:17.661312+00:00
AIRFLOW_CTX_TRY_NUMBER=1
AIRFLOW_CTX_DAG_RUN_ID=manual__2023-03-27T13:01:17.661312+00:00
[2023-03-27T13:01:29.902+0000] {python.py:177} INFO - Done. Returned value was: None
[2023-03-27T13:01:29.933+0000] {taskinstance.py:1326} INFO - Marking task as SUCCESS. dag_id=etl_uniprot_Q9Y261, task_id=write_citations_of_references, execution_date=20230327T130117, start_date=20230327T130129, end_date=20230327T130129
[2023-03-27T13:01:30.011+0000] {local_task_job.py:212} INFO - Task exited with return code 0
[2023-03-27T13:01:30.071+0000] {taskinstance.py:2585} INFO - 0 downstream tasks scheduled from follow-on schedule check
