[2023-03-28T22:02:36.912+0000] {taskinstance.py:1084} INFO - Dependencies all met for dep_context=non-requeueable deps ti=<TaskInstance: etl_uniprot_Q9Y261.write_sequences manual__2023-03-28T22:02:30.016152+00:00 [queued]>
[2023-03-28T22:02:36.931+0000] {taskinstance.py:1084} INFO - Dependencies all met for dep_context=requeueable deps ti=<TaskInstance: etl_uniprot_Q9Y261.write_sequences manual__2023-03-28T22:02:30.016152+00:00 [queued]>
[2023-03-28T22:02:36.932+0000] {taskinstance.py:1282} INFO - 
--------------------------------------------------------------------------------
[2023-03-28T22:02:36.934+0000] {taskinstance.py:1283} INFO - Starting attempt 1 of 1
[2023-03-28T22:02:36.935+0000] {taskinstance.py:1284} INFO - 
--------------------------------------------------------------------------------
[2023-03-28T22:02:36.960+0000] {taskinstance.py:1303} INFO - Executing <Task(_PythonDecoratedOperator): write_sequences> on 2023-03-28 22:02:30.016152+00:00
[2023-03-28T22:02:36.971+0000] {standard_task_runner.py:55} INFO - Started process 20591 to run task
[2023-03-28T22:02:36.975+0000] {standard_task_runner.py:82} INFO - Running: ['***', 'tasks', 'run', 'etl_uniprot_Q9Y261', 'write_sequences', 'manual__2023-03-28T22:02:30.016152+00:00', '--job-id', '175', '--raw', '--subdir', 'DAGS_FOLDER/uniprot_Q9Y261/main.py', '--cfg-path', '/tmp/tmptq3sw817']
[2023-03-28T22:02:36.976+0000] {standard_task_runner.py:83} INFO - Job 175: Subtask write_sequences
[2023-03-28T22:02:37.119+0000] {task_command.py:388} INFO - Running <TaskInstance: etl_uniprot_Q9Y261.write_sequences manual__2023-03-28T22:02:30.016152+00:00 [running]> on host 8482e168b99d
[2023-03-28T22:02:37.284+0000] {taskinstance.py:1511} INFO - Exporting the following env vars:
AIRFLOW_CTX_DAG_OWNER=***
AIRFLOW_CTX_DAG_ID=etl_uniprot_Q9Y261
AIRFLOW_CTX_TASK_ID=write_sequences
AIRFLOW_CTX_EXECUTION_DATE=2023-03-28T22:02:30.016152+00:00
AIRFLOW_CTX_TRY_NUMBER=1
AIRFLOW_CTX_DAG_RUN_ID=manual__2023-03-28T22:02:30.016152+00:00
[2023-03-28T22:02:37.329+0000] {python.py:177} INFO - Done. Returned value was: None
[2023-03-28T22:02:37.354+0000] {taskinstance.py:1326} INFO - Marking task as SUCCESS. dag_id=etl_uniprot_Q9Y261, task_id=write_sequences, execution_date=20230328T220230, start_date=20230328T220236, end_date=20230328T220237
[2023-03-28T22:02:37.390+0000] {local_task_job.py:212} INFO - Task exited with return code 0
[2023-03-28T22:02:37.479+0000] {taskinstance.py:2585} INFO - 0 downstream tasks scheduled from follow-on schedule check
