[2023-03-28T22:28:15.915+0000] {taskinstance.py:1084} INFO - Dependencies all met for dep_context=non-requeueable deps ti=<TaskInstance: etl_uniprot_Q9Y261.write_sequences manual__2023-03-28T22:28:08.494448+00:00 [queued]>
[2023-03-28T22:28:15.941+0000] {taskinstance.py:1084} INFO - Dependencies all met for dep_context=requeueable deps ti=<TaskInstance: etl_uniprot_Q9Y261.write_sequences manual__2023-03-28T22:28:08.494448+00:00 [queued]>
[2023-03-28T22:28:15.942+0000] {taskinstance.py:1282} INFO - 
--------------------------------------------------------------------------------
[2023-03-28T22:28:15.944+0000] {taskinstance.py:1283} INFO - Starting attempt 1 of 1
[2023-03-28T22:28:15.945+0000] {taskinstance.py:1284} INFO - 
--------------------------------------------------------------------------------
[2023-03-28T22:28:15.977+0000] {taskinstance.py:1303} INFO - Executing <Task(_PythonDecoratedOperator): write_sequences> on 2023-03-28 22:28:08.494448+00:00
[2023-03-28T22:28:15.989+0000] {standard_task_runner.py:55} INFO - Started process 676 to run task
[2023-03-28T22:28:15.999+0000] {standard_task_runner.py:82} INFO - Running: ['***', 'tasks', 'run', 'etl_uniprot_Q9Y261', 'write_sequences', 'manual__2023-03-28T22:28:08.494448+00:00', '--job-id', '66', '--raw', '--subdir', 'DAGS_FOLDER/uniprot_Q9Y261/main.py', '--cfg-path', '/tmp/tmpu2n24gen']
[2023-03-28T22:28:16.002+0000] {standard_task_runner.py:83} INFO - Job 66: Subtask write_sequences
[2023-03-28T22:28:16.190+0000] {task_command.py:388} INFO - Running <TaskInstance: etl_uniprot_Q9Y261.write_sequences manual__2023-03-28T22:28:08.494448+00:00 [running]> on host 147865a62ab8
[2023-03-28T22:28:16.429+0000] {taskinstance.py:1511} INFO - Exporting the following env vars:
AIRFLOW_CTX_DAG_OWNER=***
AIRFLOW_CTX_DAG_ID=etl_uniprot_Q9Y261
AIRFLOW_CTX_TASK_ID=write_sequences
AIRFLOW_CTX_EXECUTION_DATE=2023-03-28T22:28:08.494448+00:00
AIRFLOW_CTX_TRY_NUMBER=1
AIRFLOW_CTX_DAG_RUN_ID=manual__2023-03-28T22:28:08.494448+00:00
[2023-03-28T22:28:16.498+0000] {python.py:177} INFO - Done. Returned value was: None
[2023-03-28T22:28:16.532+0000] {taskinstance.py:1326} INFO - Marking task as SUCCESS. dag_id=etl_uniprot_Q9Y261, task_id=write_sequences, execution_date=20230328T222808, start_date=20230328T222815, end_date=20230328T222816
[2023-03-28T22:28:16.615+0000] {local_task_job.py:212} INFO - Task exited with return code 0
[2023-03-28T22:28:16.757+0000] {taskinstance.py:2585} INFO - 0 downstream tasks scheduled from follow-on schedule check
