[2023-03-29T00:00:11.039+0000] {taskinstance.py:1084} INFO - Dependencies all met for dep_context=non-requeueable deps ti=<TaskInstance: etl_uniprot_Q9Y261.write_organisms scheduled__2023-03-28T00:00:00+00:00 [queued]>
[2023-03-29T00:00:11.064+0000] {taskinstance.py:1084} INFO - Dependencies all met for dep_context=requeueable deps ti=<TaskInstance: etl_uniprot_Q9Y261.write_organisms scheduled__2023-03-28T00:00:00+00:00 [queued]>
[2023-03-29T00:00:11.065+0000] {taskinstance.py:1282} INFO - 
--------------------------------------------------------------------------------
[2023-03-29T00:00:11.067+0000] {taskinstance.py:1283} INFO - Starting attempt 1 of 1
[2023-03-29T00:00:11.068+0000] {taskinstance.py:1284} INFO - 
--------------------------------------------------------------------------------
[2023-03-29T00:00:11.101+0000] {taskinstance.py:1303} INFO - Executing <Task(_PythonDecoratedOperator): write_organisms> on 2023-03-28 00:00:00+00:00
[2023-03-29T00:00:11.109+0000] {standard_task_runner.py:55} INFO - Started process 483 to run task
[2023-03-29T00:00:11.115+0000] {standard_task_runner.py:82} INFO - Running: ['***', 'tasks', 'run', 'etl_uniprot_Q9Y261', 'write_organisms', 'scheduled__2023-03-28T00:00:00+00:00', '--job-id', '27', '--raw', '--subdir', 'DAGS_FOLDER/uniprot_Q9Y261/main.py', '--cfg-path', '/tmp/tmp0p4_28cl']
[2023-03-29T00:00:11.117+0000] {standard_task_runner.py:83} INFO - Job 27: Subtask write_organisms
[2023-03-29T00:00:11.267+0000] {task_command.py:388} INFO - Running <TaskInstance: etl_uniprot_Q9Y261.write_organisms scheduled__2023-03-28T00:00:00+00:00 [running]> on host f360a468cd4e
[2023-03-29T00:00:11.430+0000] {taskinstance.py:1511} INFO - Exporting the following env vars:
AIRFLOW_CTX_DAG_OWNER=***
AIRFLOW_CTX_DAG_ID=etl_uniprot_Q9Y261
AIRFLOW_CTX_TASK_ID=write_organisms
AIRFLOW_CTX_EXECUTION_DATE=2023-03-28T00:00:00+00:00
AIRFLOW_CTX_TRY_NUMBER=1
AIRFLOW_CTX_DAG_RUN_ID=scheduled__2023-03-28T00:00:00+00:00
[2023-03-29T00:00:11.490+0000] {python.py:177} INFO - Done. Returned value was: None
[2023-03-29T00:00:11.513+0000] {taskinstance.py:1326} INFO - Marking task as SUCCESS. dag_id=etl_uniprot_Q9Y261, task_id=write_organisms, execution_date=20230328T000000, start_date=20230329T000011, end_date=20230329T000011
[2023-03-29T00:00:11.570+0000] {local_task_job.py:212} INFO - Task exited with return code 0
[2023-03-29T00:00:11.650+0000] {taskinstance.py:2585} INFO - 0 downstream tasks scheduled from follow-on schedule check
