[2023-03-27T23:27:42.832+0000] {taskinstance.py:1084} INFO - Dependencies all met for dep_context=non-requeueable deps ti=<TaskInstance: etl_uniprot_Q9Y261.write_sequences manual__2023-03-27T23:27:36.266456+00:00 [queued]>
[2023-03-27T23:27:42.858+0000] {taskinstance.py:1084} INFO - Dependencies all met for dep_context=requeueable deps ti=<TaskInstance: etl_uniprot_Q9Y261.write_sequences manual__2023-03-27T23:27:36.266456+00:00 [queued]>
[2023-03-27T23:27:42.859+0000] {taskinstance.py:1282} INFO - 
--------------------------------------------------------------------------------
[2023-03-27T23:27:42.861+0000] {taskinstance.py:1283} INFO - Starting attempt 1 of 1
[2023-03-27T23:27:42.862+0000] {taskinstance.py:1284} INFO - 
--------------------------------------------------------------------------------
[2023-03-27T23:27:42.901+0000] {taskinstance.py:1303} INFO - Executing <Task(_PythonDecoratedOperator): write_sequences> on 2023-03-27 23:27:36.266456+00:00
[2023-03-27T23:27:42.912+0000] {standard_task_runner.py:55} INFO - Started process 1521 to run task
[2023-03-27T23:27:42.922+0000] {standard_task_runner.py:82} INFO - Running: ['***', 'tasks', 'run', 'etl_uniprot_Q9Y261', 'write_sequences', 'manual__2023-03-27T23:27:36.266456+00:00', '--job-id', '22', '--raw', '--subdir', 'DAGS_FOLDER/uniprot_Q9Y261/main.py', '--cfg-path', '/tmp/tmpqc898zzb']
[2023-03-27T23:27:42.924+0000] {standard_task_runner.py:83} INFO - Job 22: Subtask write_sequences
[2023-03-27T23:27:43.098+0000] {task_command.py:388} INFO - Running <TaskInstance: etl_uniprot_Q9Y261.write_sequences manual__2023-03-27T23:27:36.266456+00:00 [running]> on host 6cb4855fbc69
[2023-03-27T23:27:43.336+0000] {taskinstance.py:1511} INFO - Exporting the following env vars:
AIRFLOW_CTX_DAG_OWNER=***
AIRFLOW_CTX_DAG_ID=etl_uniprot_Q9Y261
AIRFLOW_CTX_TASK_ID=write_sequences
AIRFLOW_CTX_EXECUTION_DATE=2023-03-27T23:27:36.266456+00:00
AIRFLOW_CTX_TRY_NUMBER=1
AIRFLOW_CTX_DAG_RUN_ID=manual__2023-03-27T23:27:36.266456+00:00
[2023-03-27T23:27:43.421+0000] {python.py:177} INFO - Done. Returned value was: None
[2023-03-27T23:27:43.448+0000] {taskinstance.py:1326} INFO - Marking task as SUCCESS. dag_id=etl_uniprot_Q9Y261, task_id=write_sequences, execution_date=20230327T232736, start_date=20230327T232742, end_date=20230327T232743
[2023-03-27T23:27:43.494+0000] {local_task_job.py:212} INFO - Task exited with return code 0
[2023-03-27T23:27:43.637+0000] {taskinstance.py:2585} INFO - 0 downstream tasks scheduled from follow-on schedule check
