[2023-03-28T22:24:38.199+0000] {taskinstance.py:1084} INFO - Dependencies all met for dep_context=non-requeueable deps ti=<TaskInstance: etl_uniprot_Q9Y261.write_lineages_of_organisms manual__2023-03-28T22:24:29.281131+00:00 [queued]>
[2023-03-28T22:24:38.210+0000] {taskinstance.py:1084} INFO - Dependencies all met for dep_context=requeueable deps ti=<TaskInstance: etl_uniprot_Q9Y261.write_lineages_of_organisms manual__2023-03-28T22:24:29.281131+00:00 [queued]>
[2023-03-28T22:24:38.211+0000] {taskinstance.py:1282} INFO - 
--------------------------------------------------------------------------------
[2023-03-28T22:24:38.212+0000] {taskinstance.py:1283} INFO - Starting attempt 1 of 1
[2023-03-28T22:24:38.212+0000] {taskinstance.py:1284} INFO - 
--------------------------------------------------------------------------------
[2023-03-28T22:24:38.227+0000] {taskinstance.py:1303} INFO - Executing <Task(_PythonDecoratedOperator): write_lineages_of_organisms> on 2023-03-28 22:24:29.281131+00:00
[2023-03-28T22:24:38.233+0000] {standard_task_runner.py:55} INFO - Started process 436 to run task
[2023-03-28T22:24:38.236+0000] {standard_task_runner.py:82} INFO - Running: ['***', 'tasks', 'run', 'etl_uniprot_Q9Y261', 'write_lineages_of_organisms', 'manual__2023-03-28T22:24:29.281131+00:00', '--job-id', '47', '--raw', '--subdir', 'DAGS_FOLDER/uniprot_Q9Y261/main.py', '--cfg-path', '/tmp/tmp1nfn_3km']
[2023-03-28T22:24:38.237+0000] {standard_task_runner.py:83} INFO - Job 47: Subtask write_lineages_of_organisms
[2023-03-28T22:24:38.316+0000] {task_command.py:388} INFO - Running <TaskInstance: etl_uniprot_Q9Y261.write_lineages_of_organisms manual__2023-03-28T22:24:29.281131+00:00 [running]> on host 147865a62ab8
[2023-03-28T22:24:38.418+0000] {taskinstance.py:1511} INFO - Exporting the following env vars:
AIRFLOW_CTX_DAG_OWNER=***
AIRFLOW_CTX_DAG_ID=etl_uniprot_Q9Y261
AIRFLOW_CTX_TASK_ID=write_lineages_of_organisms
AIRFLOW_CTX_EXECUTION_DATE=2023-03-28T22:24:29.281131+00:00
AIRFLOW_CTX_TRY_NUMBER=1
AIRFLOW_CTX_DAG_RUN_ID=manual__2023-03-28T22:24:29.281131+00:00
[2023-03-28T22:24:38.469+0000] {python.py:177} INFO - Done. Returned value was: None
[2023-03-28T22:24:38.481+0000] {taskinstance.py:1326} INFO - Marking task as SUCCESS. dag_id=etl_uniprot_Q9Y261, task_id=write_lineages_of_organisms, execution_date=20230328T222429, start_date=20230328T222438, end_date=20230328T222438
[2023-03-28T22:24:38.529+0000] {local_task_job.py:212} INFO - Task exited with return code 0
[2023-03-28T22:24:38.552+0000] {taskinstance.py:2585} INFO - 0 downstream tasks scheduled from follow-on schedule check
