[2023-03-28T22:24:35.682+0000] {taskinstance.py:1084} INFO - Dependencies all met for dep_context=non-requeueable deps ti=<TaskInstance: etl_uniprot_Q9Y261.write_genes manual__2023-03-28T22:24:29.281131+00:00 [queued]>
[2023-03-28T22:24:35.702+0000] {taskinstance.py:1084} INFO - Dependencies all met for dep_context=requeueable deps ti=<TaskInstance: etl_uniprot_Q9Y261.write_genes manual__2023-03-28T22:24:29.281131+00:00 [queued]>
[2023-03-28T22:24:35.703+0000] {taskinstance.py:1282} INFO - 
--------------------------------------------------------------------------------
[2023-03-28T22:24:35.704+0000] {taskinstance.py:1283} INFO - Starting attempt 1 of 1
[2023-03-28T22:24:35.705+0000] {taskinstance.py:1284} INFO - 
--------------------------------------------------------------------------------
[2023-03-28T22:24:35.726+0000] {taskinstance.py:1303} INFO - Executing <Task(_PythonDecoratedOperator): write_genes> on 2023-03-28 22:24:29.281131+00:00
[2023-03-28T22:24:35.734+0000] {standard_task_runner.py:55} INFO - Started process 420 to run task
[2023-03-28T22:24:35.739+0000] {standard_task_runner.py:82} INFO - Running: ['***', 'tasks', 'run', 'etl_uniprot_Q9Y261', 'write_genes', 'manual__2023-03-28T22:24:29.281131+00:00', '--job-id', '40', '--raw', '--subdir', 'DAGS_FOLDER/uniprot_Q9Y261/main.py', '--cfg-path', '/tmp/tmp36bbupyv']
[2023-03-28T22:24:35.740+0000] {standard_task_runner.py:83} INFO - Job 40: Subtask write_genes
[2023-03-28T22:24:35.859+0000] {task_command.py:388} INFO - Running <TaskInstance: etl_uniprot_Q9Y261.write_genes manual__2023-03-28T22:24:29.281131+00:00 [running]> on host 147865a62ab8
[2023-03-28T22:24:36.049+0000] {taskinstance.py:1511} INFO - Exporting the following env vars:
AIRFLOW_CTX_DAG_OWNER=***
AIRFLOW_CTX_DAG_ID=etl_uniprot_Q9Y261
AIRFLOW_CTX_TASK_ID=write_genes
AIRFLOW_CTX_EXECUTION_DATE=2023-03-28T22:24:29.281131+00:00
AIRFLOW_CTX_TRY_NUMBER=1
AIRFLOW_CTX_DAG_RUN_ID=manual__2023-03-28T22:24:29.281131+00:00
[2023-03-28T22:24:36.096+0000] {python.py:177} INFO - Done. Returned value was: None
[2023-03-28T22:24:36.114+0000] {taskinstance.py:1326} INFO - Marking task as SUCCESS. dag_id=etl_uniprot_Q9Y261, task_id=write_genes, execution_date=20230328T222429, start_date=20230328T222435, end_date=20230328T222436
[2023-03-28T22:24:36.193+0000] {local_task_job.py:212} INFO - Task exited with return code 0
[2023-03-28T22:24:36.273+0000] {taskinstance.py:2585} INFO - 0 downstream tasks scheduled from follow-on schedule check
