[2023-03-27T13:00:44.354+0000] {taskinstance.py:1084} INFO - Dependencies all met for dep_context=non-requeueable deps ti=<TaskInstance: etl_uniprot_Q9Y261.write_features manual__2023-03-27T13:00:35.521014+00:00 [queued]>
[2023-03-27T13:00:44.380+0000] {taskinstance.py:1084} INFO - Dependencies all met for dep_context=requeueable deps ti=<TaskInstance: etl_uniprot_Q9Y261.write_features manual__2023-03-27T13:00:35.521014+00:00 [queued]>
[2023-03-27T13:00:44.382+0000] {taskinstance.py:1282} INFO - 
--------------------------------------------------------------------------------
[2023-03-27T13:00:44.384+0000] {taskinstance.py:1283} INFO - Starting attempt 1 of 1
[2023-03-27T13:00:44.386+0000] {taskinstance.py:1284} INFO - 
--------------------------------------------------------------------------------
[2023-03-27T13:00:44.425+0000] {taskinstance.py:1303} INFO - Executing <Task(_PythonDecoratedOperator): write_features> on 2023-03-27 13:00:35.521014+00:00
[2023-03-27T13:00:44.436+0000] {standard_task_runner.py:55} INFO - Started process 490 to run task
[2023-03-27T13:00:44.445+0000] {standard_task_runner.py:82} INFO - Running: ['***', 'tasks', 'run', 'etl_uniprot_Q9Y261', 'write_features', 'manual__2023-03-27T13:00:35.521014+00:00', '--job-id', '44', '--raw', '--subdir', 'DAGS_FOLDER/uniprot_Q9Y261/main.py', '--cfg-path', '/tmp/tmpy8jozf2b']
[2023-03-27T13:00:44.449+0000] {standard_task_runner.py:83} INFO - Job 44: Subtask write_features
[2023-03-27T13:00:44.728+0000] {task_command.py:388} INFO - Running <TaskInstance: etl_uniprot_Q9Y261.write_features manual__2023-03-27T13:00:35.521014+00:00 [running]> on host 5da03bdb1b9e
[2023-03-27T13:00:44.993+0000] {taskinstance.py:1511} INFO - Exporting the following env vars:
AIRFLOW_CTX_DAG_OWNER=***
AIRFLOW_CTX_DAG_ID=etl_uniprot_Q9Y261
AIRFLOW_CTX_TASK_ID=write_features
AIRFLOW_CTX_EXECUTION_DATE=2023-03-27T13:00:35.521014+00:00
AIRFLOW_CTX_TRY_NUMBER=1
AIRFLOW_CTX_DAG_RUN_ID=manual__2023-03-27T13:00:35.521014+00:00
[2023-03-27T13:00:45.071+0000] {python.py:177} INFO - Done. Returned value was: None
[2023-03-27T13:00:45.111+0000] {taskinstance.py:1326} INFO - Marking task as SUCCESS. dag_id=etl_uniprot_Q9Y261, task_id=write_features, execution_date=20230327T130035, start_date=20230327T130044, end_date=20230327T130045
[2023-03-27T13:00:45.180+0000] {local_task_job.py:212} INFO - Task exited with return code 0
[2023-03-27T13:00:45.240+0000] {taskinstance.py:2585} INFO - 0 downstream tasks scheduled from follow-on schedule check
